Running with width=512, lr=0.00390625
----------------------------------
SLURM_JOB_NODELIST: jrc0329
MASTER_ADDR:MASTER_PORT=10.14.3.19:9469
----------------------------------
[2024-12-10 18:52:33,838] torch.distributed.run: [WARNING] master_addr is only used for static rdzv_backend and when rdzv_endpoint is not specified.
[2024-12-10 18:52:33,838] torch.distributed.run: [WARNING] 
[2024-12-10 18:52:33,838] torch.distributed.run: [WARNING] *****************************************
[2024-12-10 18:52:33,838] torch.distributed.run: [WARNING] Setting OMP_NUM_THREADS environment variable for each process to be 1 in default, to avoid your system being overloaded, please further tune the variable for optimal performance in your application as needed. 
[2024-12-10 18:52:33,838] torch.distributed.run: [WARNING] *****************************************
[W socket.cpp:436] [c10d] The server socket cannot be initialized on [::]:9469 (errno: 97 - Address family not supported by protocol).
[W socket.cpp:663] [c10d] The client socket cannot be initialized to connect to [jrc0329i.jureca]:9469 (errno: 97 - Address family not supported by protocol).
Overriding: out_dir = out/width_512_lr_0.00390625/
Overriding: n_head = 8
Overriding: n_embd = 512
Overriding: learning_rate = 0.00390625
[W socket.cpp:663] [c10d] The client socket cannot be initialized to connect to [jrc0329.jureca]:39221 (errno: 97 - Address family not supported by protocol).
Overriding: out_dir = out/width_512_lr_0.00390625/
Overriding: n_head = 8
Overriding: n_embd = 512
Overriding: learning_rate = 0.00390625
[W socket.cpp:436] [c10d] The server socket cannot be initialized on [::]:39221 (errno: 97 - Address family not supported by protocol).
Overriding: out_dir = out/width_512_lr_0.00390625/
Overriding: n_head = 8
Overriding: n_embd = 512
Overriding: learning_rate = 0.00390625
[W socket.cpp:663] [c10d] The client socket cannot be initialized to connect to [jrc0329.jureca]:39221 (errno: 97 - Address family not supported by protocol).
[W socket.cpp:663] [c10d] The client socket cannot be initialized to connect to [jrc0329.jureca]:39221 (errno: 97 - Address family not supported by protocol).
Overriding: out_dir = out/width_512_lr_0.00390625/
Overriding: n_head = 8
Overriding: n_embd = 512
Overriding: learning_rate = 0.00390625
[W socket.cpp:663] [c10d] The client socket cannot be initialized to connect to [jrc0329.jureca]:39221 (errno: 97 - Address family not supported by protocol).
tokens per iteration will be: 491,520tokens per iteration will be: 491,520

Initializing a new model from scratch
defaulting to vocab_size of GPT-2 to 50304 (50257 rounded up for efficiency)
Initializing a new model from scratch
defaulting to vocab_size of GPT-2 to 50304 (50257 rounded up for efficiency)
tokens per iteration will be: 491,520
Initializing a new model from scratch
defaulting to vocab_size of GPT-2 to 50304 (50257 rounded up for efficiency)
tokens per iteration will be: 491,520
Initializing a new model from scratch
defaulting to vocab_size of GPT-2 to 50304 (50257 rounded up for efficiency)
number of parameters: 63.52M
number of parameters: 63.52M
num decayed parameter tensors: 50, with 64,028,672 parameters
num non-decayed parameter tensors: 25, with 12,800 parameters
using fused AdamW: True
compiling the model... (takes a ~minute)
num decayed parameter tensors: 50, with 64,028,672 parameters
num non-decayed parameter tensors: 25, with 12,800 parameters
using fused AdamW: True
compiling the model... (takes a ~minute)
number of parameters: 63.52M
number of parameters: 63.52M
num decayed parameter tensors: 50, with 64,028,672 parameters
num non-decayed parameter tensors: 25, with 12,800 parameters
using fused AdamW: True
compiling the model... (takes a ~minute)
num decayed parameter tensors: 50, with 64,028,672 parameters
num non-decayed parameter tensors: 25, with 12,800 parameters
using fused AdamW: True
compiling the model... (takes a ~minute)
step 0: train loss 10.8806, val loss 10.8805
iter_num=0: train_lossf=10.8783, dt=86.388s, mfu=0.00%, tokens_per_sec=5,690
iter_num=1: train_lossf=10.8766, dt=0.621s, mfu=0.00%, tokens_per_sec=791,942
iter_num=2: train_lossf=10.8407, dt=0.600s, mfu=0.00%, tokens_per_sec=818,774
iter_num=3: train_lossf=10.7840, dt=0.832s, mfu=0.00%, tokens_per_sec=591,075
iter_num=4: train_lossf=10.7249, dt=0.638s, mfu=0.00%, tokens_per_sec=770,969
iter_num=5: train_lossf=10.6311, dt=0.576s, mfu=0.00%, tokens_per_sec=853,622
iter_num=6: train_lossf=10.5689, dt=0.573s, mfu=0.00%, tokens_per_sec=857,238
iter_num=7: train_lossf=10.4962, dt=0.572s, mfu=0.00%, tokens_per_sec=859,092
iter_num=8: train_lossf=10.4324, dt=0.580s, mfu=0.00%, tokens_per_sec=847,376
iter_num=9: train_lossf=10.3573, dt=0.565s, mfu=0.00%, tokens_per_sec=870,668
iter_num=10: train_lossf=10.2848, dt=0.579s, mfu=0.00%, tokens_per_sec=849,419
iter_num=11: train_lossf=10.2267, dt=0.564s, mfu=31.34%, tokens_per_sec=870,915
iter_num=12: train_lossf=10.2422, dt=0.600s, mfu=31.20%, tokens_per_sec=819,800
iter_num=13: train_lossf=10.2361, dt=0.592s, mfu=31.12%, tokens_per_sec=830,088
iter_num=14: train_lossf=10.0889, dt=0.573s, mfu=31.14%, tokens_per_sec=857,057
iter_num=15: train_lossf=10.0691, dt=0.558s, mfu=31.25%, tokens_per_sec=880,176
iter_num=16: train_lossf=10.1064, dt=0.711s, mfu=30.65%, tokens_per_sec=691,570
iter_num=17: train_lossf=10.0579, dt=0.569s, mfu=30.75%, tokens_per_sec=864,536
iter_num=18: train_lossf=10.0400, dt=0.563s, mfu=30.87%, tokens_per_sec=873,457
iter_num=19: train_lossf=9.9465, dt=0.566s, mfu=30.96%, tokens_per_sec=868,455
iter_num=20: train_lossf=9.9267, dt=0.590s, mfu=30.91%, tokens_per_sec=833,388
iter_num=21: train_lossf=9.8923, dt=0.565s, mfu=31.00%, tokens_per_sec=869,584
iter_num=22: train_lossf=9.8775, dt=0.713s, mfu=30.43%, tokens_per_sec=689,783
iter_num=23: train_lossf=9.8772, dt=0.719s, mfu=29.89%, tokens_per_sec=683,254
iter_num=24: train_lossf=9.8229, dt=0.568s, mfu=30.06%, tokens_per_sec=865,694
iter_num=25: train_lossf=9.8474, dt=0.695s, mfu=29.65%, tokens_per_sec=707,710
iter_num=26: train_lossf=9.8072, dt=0.569s, mfu=29.84%, tokens_per_sec=864,351
iter_num=27: train_lossf=9.7790, dt=0.558s, mfu=30.08%, tokens_per_sec=880,377
iter_num=28: train_lossf=9.7769, dt=0.713s, mfu=29.59%, tokens_per_sec=689,240
iter_num=29: train_lossf=9.6957, dt=0.605s, mfu=29.61%, tokens_per_sec=812,089
iter_num=30: train_lossf=9.7213, dt=0.565s, mfu=29.83%, tokens_per_sec=869,938
iter_num=31: train_lossf=9.6011, dt=0.563s, mfu=30.04%, tokens_per_sec=873,633
iter_num=32: train_lossf=9.7336, dt=0.572s, mfu=30.18%, tokens_per_sec=859,954
iter_num=33: train_lossf=9.7246, dt=0.572s, mfu=30.31%, tokens_per_sec=858,768
iter_num=34: train_lossf=9.4577, dt=0.562s, mfu=30.48%, tokens_per_sec=874,683
iter_num=35: train_lossf=9.6303, dt=0.566s, mfu=30.60%, tokens_per_sec=867,737
iter_num=36: train_lossf=9.5105, dt=0.571s, mfu=30.69%, tokens_per_sec=861,271
iter_num=37: train_lossf=9.4724, dt=0.573s, mfu=30.76%, tokens_per_sec=857,632
iter_num=38: train_lossf=9.5111, dt=0.573s, mfu=30.82%, tokens_per_sec=857,089
iter_num=39: train_lossf=9.4380, dt=0.567s, mfu=30.91%, tokens_per_sec=866,458
iter_num=40: train_lossf=9.4844, dt=1.055s, mfu=29.52%, tokens_per_sec=465,898
iter_num=41: train_lossf=9.3702, dt=0.576s, mfu=29.69%, tokens_per_sec=853,588
iter_num=42: train_lossf=9.3661, dt=0.565s, mfu=29.91%, tokens_per_sec=870,364
iter_num=43: train_lossf=9.1769, dt=0.560s, mfu=30.13%, tokens_per_sec=878,447
iter_num=44: train_lossf=9.2495, dt=0.577s, mfu=30.24%, tokens_per_sec=851,768
iter_num=45: train_lossf=9.3586, dt=0.569s, mfu=30.37%, tokens_per_sec=864,097
iter_num=46: train_lossf=9.1953, dt=0.766s, mfu=29.68%, tokens_per_sec=641,792
iter_num=47: train_lossf=9.2315, dt=0.709s, mfu=29.25%, tokens_per_sec=693,212
iter_num=48: train_lossf=9.2578, dt=0.577s, mfu=29.45%, tokens_per_sec=852,441
iter_num=49: train_lossf=9.0838, dt=0.563s, mfu=29.70%, tokens_per_sec=873,321
iter_num=50: train_lossf=9.0150, dt=0.564s, mfu=29.91%, tokens_per_sec=870,868
iter_num=51: train_lossf=9.0946, dt=0.559s, mfu=30.14%, tokens_per_sec=879,482
iter_num=52: train_lossf=9.1360, dt=0.698s, mfu=29.70%, tokens_per_sec=704,179
iter_num=53: train_lossf=9.0521, dt=0.584s, mfu=29.81%, tokens_per_sec=842,113
iter_num=54: train_lossf=8.8994, dt=0.560s, mfu=30.04%, tokens_per_sec=878,220
iter_num=55: train_lossf=9.0454, dt=0.570s, mfu=30.20%, tokens_per_sec=862,765
iter_num=56: train_lossf=8.8599, dt=0.564s, mfu=30.36%, tokens_per_sec=871,096
iter_num=57: train_lossf=8.9170, dt=0.569s, mfu=30.49%, tokens_per_sec=863,536
iter_num=58: train_lossf=8.8957, dt=0.557s, mfu=30.67%, tokens_per_sec=882,072
iter_num=59: train_lossf=8.7309, dt=0.563s, mfu=30.79%, tokens_per_sec=872,557
iter_num=60: train_lossf=9.0172, dt=0.575s, mfu=30.84%, tokens_per_sec=855,020
iter_num=61: train_lossf=8.7014, dt=0.566s, mfu=30.94%, tokens_per_sec=868,863
iter_num=62: train_lossf=8.7730, dt=0.567s, mfu=31.02%, tokens_per_sec=867,533
iter_num=63: train_lossf=8.6744, dt=0.567s, mfu=31.09%, tokens_per_sec=867,447
iter_num=64: train_lossf=8.6793, dt=0.567s, mfu=31.15%, tokens_per_sec=866,899
iter_num=65: train_lossf=8.6582, dt=0.563s, mfu=31.23%, tokens_per_sec=872,596
iter_num=66: train_lossf=8.5886, dt=0.574s, mfu=31.24%, tokens_per_sec=856,874
iter_num=67: train_lossf=8.4826, dt=0.714s, mfu=30.64%, tokens_per_sec=688,497
iter_num=68: train_lossf=8.6080, dt=0.575s, mfu=30.70%, tokens_per_sec=854,153
iter_num=69: train_lossf=8.6372, dt=0.735s, mfu=30.07%, tokens_per_sec=668,866
iter_num=70: train_lossf=8.4816, dt=0.891s, mfu=29.08%, tokens_per_sec=551,575
iter_num=71: train_lossf=8.5289, dt=0.702s, mfu=28.74%, tokens_per_sec=700,263
iter_num=72: train_lossf=8.3845, dt=0.568s, mfu=29.03%, tokens_per_sec=864,681
iter_num=73: train_lossf=8.3916, dt=0.579s, mfu=29.23%, tokens_per_sec=849,506
iter_num=74: train_lossf=8.3593, dt=0.572s, mfu=29.45%, tokens_per_sec=859,363
iter_num=75: train_lossf=8.3022, dt=0.581s, mfu=29.60%, tokens_per_sec=845,445
iter_num=76: train_lossf=8.0628, dt=0.579s, mfu=29.75%, tokens_per_sec=848,351
iter_num=77: train_lossf=8.3129, dt=0.871s, mfu=28.84%, tokens_per_sec=564,230
iter_num=78: train_lossf=8.1167, dt=0.744s, mfu=28.37%, tokens_per_sec=660,469
iter_num=79: train_lossf=8.1686, dt=0.557s, mfu=28.76%, tokens_per_sec=881,750
iter_num=80: train_lossf=8.1581, dt=0.560s, mfu=29.09%, tokens_per_sec=877,497
iter_num=81: train_lossf=7.9575, dt=0.568s, mfu=29.35%, tokens_per_sec=865,230
iter_num=82: train_lossf=8.1700, dt=0.566s, mfu=29.59%, tokens_per_sec=867,922
iter_num=83: train_lossf=7.9865, dt=0.712s, mfu=29.16%, tokens_per_sec=690,096
iter_num=84: train_lossf=7.9715, dt=0.599s, mfu=29.24%, tokens_per_sec=820,320
iter_num=85: train_lossf=7.9252, dt=0.953s, mfu=28.20%, tokens_per_sec=515,994
iter_num=86: train_lossf=7.9835, dt=0.570s, mfu=28.54%, tokens_per_sec=862,524
iter_num=87: train_lossf=7.9265, dt=0.779s, mfu=27.99%, tokens_per_sec=630,566
iter_num=88: train_lossf=7.9047, dt=0.776s, mfu=27.51%, tokens_per_sec=633,620
iter_num=89: train_lossf=8.0189, dt=0.719s, mfu=27.26%, tokens_per_sec=683,583
iter_num=90: train_lossf=7.7951, dt=0.558s, mfu=27.76%, tokens_per_sec=881,066
iter_num=91: train_lossf=7.7686, dt=0.576s, mfu=28.10%, tokens_per_sec=853,101
iter_num=92: train_lossf=7.6543, dt=0.914s, mfu=27.26%, tokens_per_sec=537,684
iter_num=93: train_lossf=7.6244, dt=0.566s, mfu=27.71%, tokens_per_sec=868,127
iter_num=94: train_lossf=7.7246, dt=0.568s, mfu=28.11%, tokens_per_sec=865,916
iter_num=95: train_lossf=7.5105, dt=0.566s, mfu=28.48%, tokens_per_sec=869,005
iter_num=96: train_lossf=7.5210, dt=0.717s, mfu=28.14%, tokens_per_sec=685,632
iter_num=97: train_lossf=7.3669, dt=0.568s, mfu=28.49%, tokens_per_sec=865,511
iter_num=98: train_lossf=7.8660, dt=0.577s, mfu=28.76%, tokens_per_sec=851,194
iter_num=99: train_lossf=7.5533, dt=0.585s, mfu=28.95%, tokens_per_sec=840,107
iter_num=100: train_lossf=7.4527, dt=0.702s, mfu=28.62%, tokens_per_sec=700,147
iter_num=101: train_lossf=7.4625, dt=0.565s, mfu=28.94%, tokens_per_sec=869,340
iter_num=102: train_lossf=7.8049, dt=0.563s, mfu=29.24%, tokens_per_sec=872,720
iter_num=103: train_lossf=7.4141, dt=0.632s, mfu=29.16%, tokens_per_sec=777,159
iter_num=104: train_lossf=7.4508, dt=0.563s, mfu=29.43%, tokens_per_sec=872,464
iter_num=105: train_lossf=7.3006, dt=0.585s, mfu=29.57%, tokens_per_sec=840,448
iter_num=106: train_lossf=7.3647, dt=0.586s, mfu=29.68%, tokens_per_sec=839,456
iter_num=107: train_lossf=7.5720, dt=0.569s, mfu=29.87%, tokens_per_sec=863,938
iter_num=108: train_lossf=7.2911, dt=0.594s, mfu=29.91%, tokens_per_sec=827,861
iter_num=109: train_lossf=7.1813, dt=0.713s, mfu=29.44%, tokens_per_sec=689,096
iter_num=110: train_lossf=7.2220, dt=0.574s, mfu=29.63%, tokens_per_sec=855,663
iter_num=111: train_lossf=7.4341, dt=0.734s, mfu=29.12%, tokens_per_sec=669,720
iter_num=112: train_lossf=7.4638, dt=0.743s, mfu=28.63%, tokens_per_sec=661,835
iter_num=113: train_lossf=7.2012, dt=0.772s, mfu=28.09%, tokens_per_sec=636,855
iter_num=114: train_lossf=7.1884, dt=0.912s, mfu=27.26%, tokens_per_sec=538,788
iter_num=115: train_lossf=7.1617, dt=0.566s, mfu=27.71%, tokens_per_sec=867,681
iter_num=116: train_lossf=7.2144, dt=0.642s, mfu=27.73%, tokens_per_sec=765,055
iter_num=117: train_lossf=7.2492, dt=0.731s, mfu=27.42%, tokens_per_sec=672,285
iter_num=118: train_lossf=7.1701, dt=0.568s, mfu=27.85%, tokens_per_sec=865,785
iter_num=119: train_lossf=7.1517, dt=0.576s, mfu=28.18%, tokens_per_sec=852,740
iter_num=120: train_lossf=7.2747, dt=0.579s, mfu=28.47%, tokens_per_sec=849,322
iter_num=121: train_lossf=6.9904, dt=0.571s, mfu=28.77%, tokens_per_sec=860,172
iter_num=122: train_lossf=7.3881, dt=0.576s, mfu=29.01%, tokens_per_sec=852,753
iter_num=123: train_lossf=6.8299, dt=0.572s, mfu=29.25%, tokens_per_sec=858,836
iter_num=124: train_lossf=6.9958, dt=0.562s, mfu=29.53%, tokens_per_sec=875,335
iter_num=125: train_lossf=6.9390, dt=0.571s, mfu=29.73%, tokens_per_sec=861,208
iter_num=126: train_lossf=6.8056, dt=0.562s, mfu=29.96%, tokens_per_sec=874,675
iter_num=127: train_lossf=6.7459, dt=0.574s, mfu=30.09%, tokens_per_sec=856,419
iter_num=128: train_lossf=6.9280, dt=0.578s, mfu=30.20%, tokens_per_sec=850,432
iter_num=129: train_lossf=6.8246, dt=0.575s, mfu=30.30%, tokens_per_sec=854,310
iter_num=130: train_lossf=6.8654, dt=0.569s, mfu=30.43%, tokens_per_sec=864,159
iter_num=131: train_lossf=6.7364, dt=0.570s, mfu=30.54%, tokens_per_sec=862,278
iter_num=132: train_lossf=6.8514, dt=0.586s, mfu=30.56%, tokens_per_sec=839,154
iter_num=133: train_lossf=6.8231, dt=0.574s, mfu=30.64%, tokens_per_sec=855,898
iter_num=134: train_lossf=6.9773, dt=0.562s, mfu=30.77%, tokens_per_sec=875,076
iter_num=135: train_lossf=6.6913, dt=0.577s, mfu=30.81%, tokens_per_sec=851,538
iter_num=136: train_lossf=6.8538, dt=0.566s, mfu=30.91%, tokens_per_sec=869,043
iter_num=137: train_lossf=6.7145, dt=0.571s, mfu=30.97%, tokens_per_sec=860,454
iter_num=138: train_lossf=6.8281, dt=0.570s, mfu=31.02%, tokens_per_sec=862,018
iter_num=139: train_lossf=6.7449, dt=0.560s, mfu=31.13%, tokens_per_sec=877,445
iter_num=140: train_lossf=6.6603, dt=0.569s, mfu=31.18%, tokens_per_sec=863,588
iter_num=141: train_lossf=6.9047, dt=0.750s, mfu=30.46%, tokens_per_sec=654,958
iter_num=142: train_lossf=6.8144, dt=0.721s, mfu=29.90%, tokens_per_sec=681,452
iter_num=143: train_lossf=6.6254, dt=0.722s, mfu=29.40%, tokens_per_sec=680,527
iter_num=144: train_lossf=6.7047, dt=0.560s, mfu=29.68%, tokens_per_sec=878,430
iter_num=145: train_lossf=6.7335, dt=0.735s, mfu=29.16%, tokens_per_sec=668,849
iter_num=146: train_lossf=6.7108, dt=0.570s, mfu=29.40%, tokens_per_sec=862,224
iter_num=147: train_lossf=6.7948, dt=0.574s, mfu=29.59%, tokens_per_sec=856,608
iter_num=148: train_lossf=6.7470, dt=0.564s, mfu=29.82%, tokens_per_sec=871,373
iter_num=149: train_lossf=6.7548, dt=0.564s, mfu=30.03%, tokens_per_sec=871,649
iter_num=150: train_lossf=6.4832, dt=0.570s, mfu=30.18%, tokens_per_sec=861,774
iter_num=151: train_lossf=6.6738, dt=0.564s, mfu=30.35%, tokens_per_sec=871,571
iter_num=152: train_lossf=6.8571, dt=0.572s, mfu=30.46%, tokens_per_sec=859,221
iter_num=153: train_lossf=6.4564, dt=0.568s, mfu=30.58%, tokens_per_sec=865,137
iter_num=154: train_lossf=6.4800, dt=0.719s, mfu=30.02%, tokens_per_sec=683,427
iter_num=155: train_lossf=6.5828, dt=0.569s, mfu=30.18%, tokens_per_sec=864,023
iter_num=156: train_lossf=6.5752, dt=0.702s, mfu=29.72%, tokens_per_sec=699,885
iter_num=157: train_lossf=6.4395, dt=0.560s, mfu=29.96%, tokens_per_sec=877,079
iter_num=158: train_lossf=6.4740, dt=0.622s, mfu=29.85%, tokens_per_sec=789,597
iter_num=159: train_lossf=6.3481, dt=0.871s, mfu=28.93%, tokens_per_sec=564,574
iter_num=160: train_lossf=6.7168, dt=0.558s, mfu=29.26%, tokens_per_sec=881,092
iter_num=161: train_lossf=6.7696, dt=0.572s, mfu=29.48%, tokens_per_sec=859,746
iter_num=162: train_lossf=6.4605, dt=0.704s, mfu=29.09%, tokens_per_sec=698,612
iter_num=163: train_lossf=6.5443, dt=0.573s, mfu=29.32%, tokens_per_sec=857,720
iter_num=164: train_lossf=6.3836, dt=0.714s, mfu=28.90%, tokens_per_sec=688,289
iter_num=165: train_lossf=6.2980, dt=0.567s, mfu=29.19%, tokens_per_sec=866,962
iter_num=166: train_lossf=6.5337, dt=0.718s, mfu=28.77%, tokens_per_sec=684,352
iter_num=167: train_lossf=6.5109, dt=0.741s, mfu=28.32%, tokens_per_sec=663,095
iter_num=168: train_lossf=6.5173, dt=0.564s, mfu=28.67%, tokens_per_sec=870,797
iter_num=169: train_lossf=6.5823, dt=0.556s, mfu=29.04%, tokens_per_sec=883,875
iter_num=170: train_lossf=6.5775, dt=0.571s, mfu=29.28%, tokens_per_sec=860,164
iter_num=171: train_lossf=6.5476, dt=0.572s, mfu=29.50%, tokens_per_sec=858,767
iter_num=172: train_lossf=6.4985, dt=0.569s, mfu=29.71%, tokens_per_sec=864,195
iter_num=173: train_lossf=6.5584, dt=0.569s, mfu=29.90%, tokens_per_sec=863,788
iter_num=174: train_lossf=6.5434, dt=0.572s, mfu=30.05%, tokens_per_sec=859,638
iter_num=175: train_lossf=6.4167, dt=0.582s, mfu=30.14%, tokens_per_sec=843,928
iter_num=176: train_lossf=6.2656, dt=0.567s, mfu=30.30%, tokens_per_sec=867,274
iter_num=177: train_lossf=6.4777, dt=0.618s, mfu=30.18%, tokens_per_sec=795,739
iter_num=178: train_lossf=6.5338, dt=0.571s, mfu=30.31%, tokens_per_sec=860,193
iter_num=179: train_lossf=6.1877, dt=0.558s, mfu=30.50%, tokens_per_sec=880,973
iter_num=180: train_lossf=6.4881, dt=0.572s, mfu=30.59%, tokens_per_sec=859,053
iter_num=181: train_lossf=6.2738, dt=0.575s, mfu=30.66%, tokens_per_sec=855,102
iter_num=182: train_lossf=6.3758, dt=0.725s, mfu=30.08%, tokens_per_sec=677,808
iter_num=183: train_lossf=6.8200, dt=0.569s, mfu=30.23%, tokens_per_sec=863,652
iter_num=184: train_lossf=6.2782, dt=0.562s, mfu=30.40%, tokens_per_sec=874,552
iter_num=185: train_lossf=6.2578, dt=0.565s, mfu=30.55%, tokens_per_sec=870,589
iter_num=186: train_lossf=6.5796, dt=0.576s, mfu=30.61%, tokens_per_sec=852,737
iter_num=187: train_lossf=6.4563, dt=0.589s, mfu=30.61%, tokens_per_sec=835,037
iter_num=188: train_lossf=6.2420, dt=0.573s, mfu=30.69%, tokens_per_sec=858,438
iter_num=189: train_lossf=6.5614, dt=0.768s, mfu=29.96%, tokens_per_sec=639,603
iter_num=190: train_lossf=6.3853, dt=0.697s, mfu=29.54%, tokens_per_sec=704,761
iter_num=191: train_lossf=6.7546, dt=0.565s, mfu=29.77%, tokens_per_sec=870,649
iter_num=192: train_lossf=6.4490, dt=0.572s, mfu=29.94%, tokens_per_sec=859,858
iter_num=193: train_lossf=6.2219, dt=0.566s, mfu=30.12%, tokens_per_sec=867,740
iter_num=194: train_lossf=6.1508, dt=0.588s, mfu=30.17%, tokens_per_sec=836,034
iter_num=195: train_lossf=6.1217, dt=0.570s, mfu=30.31%, tokens_per_sec=861,935
iter_num=196: train_lossf=6.2587, dt=0.646s, mfu=30.06%, tokens_per_sec=760,389
iter_num=197: train_lossf=6.2651, dt=0.581s, mfu=30.15%, tokens_per_sec=846,578
iter_num=198: train_lossf=6.2771, dt=0.884s, mfu=29.17%, tokens_per_sec=556,306
iter_num=199: train_lossf=6.1707, dt=0.584s, mfu=29.33%, tokens_per_sec=841,988
iter_num=200: train_lossf=6.2252, dt=0.580s, mfu=29.50%, tokens_per_sec=848,133
iter_num=201: train_lossf=6.2362, dt=0.806s, mfu=28.78%, tokens_per_sec=609,454
iter_num=202: train_lossf=6.1358, dt=0.723s, mfu=28.39%, tokens_per_sec=679,562
iter_num=203: train_lossf=6.3458, dt=0.567s, mfu=28.72%, tokens_per_sec=866,846
iter_num=204: train_lossf=6.1601, dt=0.704s, mfu=28.40%, tokens_per_sec=698,014
iter_num=205: train_lossf=6.3271, dt=0.583s, mfu=28.65%, tokens_per_sec=843,787
iter_num=206: train_lossf=6.1307, dt=0.563s, mfu=28.98%, tokens_per_sec=873,042
iter_num=207: train_lossf=6.0751, dt=0.570s, mfu=29.24%, tokens_per_sec=862,601
iter_num=208: train_lossf=6.2481, dt=0.561s, mfu=29.52%, tokens_per_sec=875,886
iter_num=209: train_lossf=6.0240, dt=0.573s, mfu=29.71%, tokens_per_sec=857,848
iter_num=210: train_lossf=6.3254, dt=0.578s, mfu=29.85%, tokens_per_sec=850,319
iter_num=211: train_lossf=6.3420, dt=0.580s, mfu=29.96%, tokens_per_sec=847,744
iter_num=212: train_lossf=6.3247, dt=0.572s, mfu=30.11%, tokens_per_sec=859,248
iter_num=213: train_lossf=6.2978, dt=0.572s, mfu=30.24%, tokens_per_sec=858,962
iter_num=214: train_lossf=6.2132, dt=0.717s, mfu=29.73%, tokens_per_sec=685,750
iter_num=215: train_lossf=6.2545, dt=0.578s, mfu=29.86%, tokens_per_sec=849,666
iter_num=216: train_lossf=6.3095, dt=0.591s, mfu=29.92%, tokens_per_sec=831,071
iter_num=217: train_lossf=6.2071, dt=0.582s, mfu=30.02%, tokens_per_sec=844,845
iter_num=218: train_lossf=6.2435, dt=0.571s, mfu=30.16%, tokens_per_sec=860,513
iter_num=219: train_lossf=6.2087, dt=0.572s, mfu=30.29%, tokens_per_sec=859,867
iter_num=220: train_lossf=6.0781, dt=0.569s, mfu=30.42%, tokens_per_sec=863,293
iter_num=221: train_lossf=6.1948, dt=0.936s, mfu=29.30%, tokens_per_sec=525,115
iter_num=222: train_lossf=6.0837, dt=0.560s, mfu=29.58%, tokens_per_sec=877,356
iter_num=223: train_lossf=6.2722, dt=0.589s, mfu=29.68%, tokens_per_sec=834,792
iter_num=224: train_lossf=6.2083, dt=0.673s, mfu=29.38%, tokens_per_sec=730,818
iter_num=225: train_lossf=6.1672, dt=0.569s, mfu=29.60%, tokens_per_sec=863,273
iter_num=226: train_lossf=6.2158, dt=0.707s, mfu=29.19%, tokens_per_sec=694,989
iter_num=227: train_lossf=6.1102, dt=0.696s, mfu=28.85%, tokens_per_sec=706,421
iter_num=228: train_lossf=5.9631, dt=0.572s, mfu=29.11%, tokens_per_sec=858,790
iter_num=229: train_lossf=6.2191, dt=0.570s, mfu=29.35%, tokens_per_sec=862,036
iter_num=230: train_lossf=5.9771, dt=0.573s, mfu=29.56%, tokens_per_sec=858,510
iter_num=231: train_lossf=6.3729, dt=0.724s, mfu=29.09%, tokens_per_sec=679,157
iter_num=232: train_lossf=6.3120, dt=0.921s, mfu=28.13%, tokens_per_sec=533,575
iter_num=233: train_lossf=6.1741, dt=0.705s, mfu=27.87%, tokens_per_sec=697,619
iter_num=234: train_lossf=6.0680, dt=0.915s, mfu=27.05%, tokens_per_sec=537,035
iter_num=235: train_lossf=6.1264, dt=0.556s, mfu=27.58%, tokens_per_sec=884,278
iter_num=236: train_lossf=6.0806, dt=0.570s, mfu=27.98%, tokens_per_sec=862,888
iter_num=237: train_lossf=6.1626, dt=0.743s, mfu=27.60%, tokens_per_sec=661,222
iter_num=238: train_lossf=6.2364, dt=0.621s, mfu=27.74%, tokens_per_sec=792,001
iter_num=239: train_lossf=5.9654, dt=0.698s, mfu=27.54%, tokens_per_sec=704,002
iter_num=240: train_lossf=6.1624, dt=0.572s, mfu=27.93%, tokens_per_sec=859,121
iter_num=241: train_lossf=6.1314, dt=0.578s, mfu=28.24%, tokens_per_sec=849,883
iter_num=242: train_lossf=6.1474, dt=0.561s, mfu=28.63%, tokens_per_sec=876,347
iter_num=243: train_lossf=6.0577, dt=0.568s, mfu=28.93%, tokens_per_sec=865,642
iter_num=244: train_lossf=5.9869, dt=0.584s, mfu=29.12%, tokens_per_sec=841,437
iter_num=245: train_lossf=6.0648, dt=0.745s, mfu=28.62%, tokens_per_sec=660,062
iter_num=246: train_lossf=5.9048, dt=0.573s, mfu=28.90%, tokens_per_sec=857,783
iter_num=247: train_lossf=6.2656, dt=0.567s, mfu=29.18%, tokens_per_sec=866,940
iter_num=248: train_lossf=6.2561, dt=0.563s, mfu=29.46%, tokens_per_sec=873,392
iter_num=249: train_lossf=6.3379, dt=0.570s, mfu=29.66%, tokens_per_sec=862,120
iter_num=250: train_lossf=5.9763, dt=0.689s, mfu=29.31%, tokens_per_sec=713,215
iter_num=251: train_lossf=5.8869, dt=0.567s, mfu=29.55%, tokens_per_sec=866,482
iter_num=252: train_lossf=6.0055, dt=0.595s, mfu=29.61%, tokens_per_sec=825,518
iter_num=253: train_lossf=5.8986, dt=0.726s, mfu=29.13%, tokens_per_sec=677,466
iter_num=254: train_lossf=6.0184, dt=0.583s, mfu=29.30%, tokens_per_sec=843,351
iter_num=255: train_lossf=6.1252, dt=0.570s, mfu=29.53%, tokens_per_sec=862,252
iter_num=256: train_lossf=6.3954, dt=0.562s, mfu=29.77%, tokens_per_sec=874,622
iter_num=257: train_lossf=5.7921, dt=0.573s, mfu=29.93%, tokens_per_sec=857,382
iter_num=258: train_lossf=6.2693, dt=0.558s, mfu=30.17%, tokens_per_sec=881,554
iter_num=259: train_lossf=6.1497, dt=0.576s, mfu=30.27%, tokens_per_sec=853,469
iter_num=260: train_lossf=6.1070, dt=0.564s, mfu=30.43%, tokens_per_sec=870,969
iter_num=261: train_lossf=5.9218, dt=0.715s, mfu=29.90%, tokens_per_sec=687,906
iter_num=262: train_lossf=6.0521, dt=0.575s, mfu=30.04%, tokens_per_sec=855,349
iter_num=263: train_lossf=6.1040, dt=0.853s, mfu=29.15%, tokens_per_sec=576,266
iter_num=264: train_lossf=6.2220, dt=0.571s, mfu=29.38%, tokens_per_sec=860,498
iter_num=265: train_lossf=5.9133, dt=0.593s, mfu=29.47%, tokens_per_sec=828,570
iter_num=266: train_lossf=6.0666, dt=0.579s, mfu=29.63%, tokens_per_sec=848,725
iter_num=267: train_lossf=5.9744, dt=0.854s, mfu=28.77%, tokens_per_sec=575,346
iter_num=268: train_lossf=5.9096, dt=0.706s, mfu=28.44%, tokens_per_sec=696,011
iter_num=269: train_lossf=6.0112, dt=0.697s, mfu=28.18%, tokens_per_sec=704,879
iter_num=270: train_lossf=5.9898, dt=0.565s, mfu=28.54%, tokens_per_sec=869,963
iter_num=271: train_lossf=5.7936, dt=0.687s, mfu=28.31%, tokens_per_sec=715,867
iter_num=272: train_lossf=5.9074, dt=0.774s, mfu=27.80%, tokens_per_sec=634,859
iter_num=273: train_lossf=5.8839, dt=0.571s, mfu=28.17%, tokens_per_sec=860,571
iter_num=274: train_lossf=5.9545, dt=0.575s, mfu=28.48%, tokens_per_sec=854,611
iter_num=275: train_lossf=5.9387, dt=0.578s, mfu=28.74%, tokens_per_sec=850,441
iter_num=276: train_lossf=6.0941, dt=0.569s, mfu=29.03%, tokens_per_sec=864,564
iter_num=277: train_lossf=5.9003, dt=0.727s, mfu=28.60%, tokens_per_sec=676,153
iter_num=278: train_lossf=6.1325, dt=0.749s, mfu=28.14%, tokens_per_sec=656,345
iter_num=279: train_lossf=6.0840, dt=0.704s, mfu=27.88%, tokens_per_sec=697,785
iter_num=280: train_lossf=5.9241, dt=0.739s, mfu=27.53%, tokens_per_sec=665,388
iter_num=281: train_lossf=6.0473, dt=0.714s, mfu=27.29%, tokens_per_sec=688,277
iter_num=282: train_lossf=5.9420, dt=0.703s, mfu=27.12%, tokens_per_sec=699,319
iter_num=283: train_lossf=5.9842, dt=0.566s, mfu=27.59%, tokens_per_sec=868,124
iter_num=284: train_lossf=5.8495, dt=0.564s, mfu=28.02%, tokens_per_sec=871,403
iter_num=285: train_lossf=5.9304, dt=0.572s, mfu=28.36%, tokens_per_sec=859,089
iter_num=286: train_lossf=6.1044, dt=0.577s, mfu=28.64%, tokens_per_sec=851,972
iter_num=287: train_lossf=5.8339, dt=0.584s, mfu=28.85%, tokens_per_sec=840,933
iter_num=288: train_lossf=5.8914, dt=0.570s, mfu=29.12%, tokens_per_sec=862,593
iter_num=289: train_lossf=5.7668, dt=0.565s, mfu=29.39%, tokens_per_sec=869,331
iter_num=290: train_lossf=5.9311, dt=0.579s, mfu=29.56%, tokens_per_sec=849,328
iter_num=291: train_lossf=5.9074, dt=0.728s, mfu=29.07%, tokens_per_sec=675,595
iter_num=292: train_lossf=5.9809, dt=0.782s, mfu=28.47%, tokens_per_sec=628,583
iter_num=293: train_lossf=6.0072, dt=0.712s, mfu=28.15%, tokens_per_sec=690,601
iter_num=294: train_lossf=5.8676, dt=0.579s, mfu=28.44%, tokens_per_sec=848,969
iter_num=295: train_lossf=6.1296, dt=0.566s, mfu=28.77%, tokens_per_sec=868,601
iter_num=296: train_lossf=5.9703, dt=0.561s, mfu=29.10%, tokens_per_sec=876,577
iter_num=297: train_lossf=5.9399, dt=0.789s, mfu=28.47%, tokens_per_sec=623,132
iter_num=298: train_lossf=6.0105, dt=0.578s, mfu=28.74%, tokens_per_sec=850,718
iter_num=299: train_lossf=5.9341, dt=0.943s, mfu=27.77%, tokens_per_sec=521,322
iter_num=300: train_lossf=5.8334, dt=0.582s, mfu=28.08%, tokens_per_sec=844,076
iter_num=301: train_lossf=5.8572, dt=0.580s, mfu=28.37%, tokens_per_sec=847,612
iter_num=302: train_lossf=5.8274, dt=0.565s, mfu=28.72%, tokens_per_sec=869,217
iter_num=303: train_lossf=5.9158, dt=0.725s, mfu=28.33%, tokens_per_sec=678,313
iter_num=304: train_lossf=5.8587, dt=0.568s, mfu=28.66%, tokens_per_sec=865,618
iter_num=305: train_lossf=5.7813, dt=0.688s, mfu=28.41%, tokens_per_sec=714,290
iter_num=306: train_lossf=5.8428, dt=0.564s, mfu=28.75%, tokens_per_sec=870,974
iter_num=307: train_lossf=5.9310, dt=0.564s, mfu=29.07%, tokens_per_sec=871,241
iter_num=308: train_lossf=5.8709, dt=0.572s, mfu=29.30%, tokens_per_sec=859,022
iter_num=309: train_lossf=6.0058, dt=0.574s, mfu=29.51%, tokens_per_sec=856,527
iter_num=310: train_lossf=5.6729, dt=0.567s, mfu=29.73%, tokens_per_sec=867,358
iter_num=311: train_lossf=5.6744, dt=0.563s, mfu=29.95%, tokens_per_sec=873,130
iter_num=312: train_lossf=5.8778, dt=0.712s, mfu=29.48%, tokens_per_sec=690,116
iter_num=313: train_lossf=5.7366, dt=0.567s, mfu=29.70%, tokens_per_sec=867,033
iter_num=314: train_lossf=5.7207, dt=0.570s, mfu=29.89%, tokens_per_sec=862,478
iter_num=315: train_lossf=5.9522, dt=0.702s, mfu=29.46%, tokens_per_sec=700,573
iter_num=316: train_lossf=5.8901, dt=0.585s, mfu=29.59%, tokens_per_sec=840,612
iter_num=317: train_lossf=5.8612, dt=0.725s, mfu=29.11%, tokens_per_sec=677,567
iter_num=318: train_lossf=5.9831, dt=0.908s, mfu=28.18%, tokens_per_sec=541,529
iter_num=319: train_lossf=5.7855, dt=0.564s, mfu=28.55%, tokens_per_sec=870,904
iter_num=320: train_lossf=5.9191, dt=0.708s, mfu=28.23%, tokens_per_sec=693,794
iter_num=321: train_lossf=5.7410, dt=0.754s, mfu=27.80%, tokens_per_sec=652,160
iter_num=322: train_lossf=5.7831, dt=0.840s, mfu=27.16%, tokens_per_sec=584,835
iter_num=323: train_lossf=5.9863, dt=0.571s, mfu=27.59%, tokens_per_sec=860,392
iter_num=324: train_lossf=5.8337, dt=0.567s, mfu=28.00%, tokens_per_sec=866,441
iter_num=325: train_lossf=6.0157, dt=0.574s, mfu=28.33%, tokens_per_sec=856,029
iter_num=326: train_lossf=5.8945, dt=0.576s, mfu=28.62%, tokens_per_sec=853,468
iter_num=327: train_lossf=6.2463, dt=0.583s, mfu=28.85%, tokens_per_sec=843,706
iter_num=328: train_lossf=5.8768, dt=0.564s, mfu=29.15%, tokens_per_sec=871,351
iter_num=329: train_lossf=5.6933, dt=0.567s, mfu=29.41%, tokens_per_sec=867,020
iter_num=330: train_lossf=5.6254, dt=0.722s, mfu=28.95%, tokens_per_sec=680,312
iter_num=331: train_lossf=5.7329, dt=0.658s, mfu=28.79%, tokens_per_sec=746,506
iter_num=332: train_lossf=5.6962, dt=0.560s, mfu=29.12%, tokens_per_sec=877,035
iter_num=333: train_lossf=5.7413, dt=0.749s, mfu=28.61%, tokens_per_sec=655,941
iter_num=334: train_lossf=5.9208, dt=0.716s, mfu=28.26%, tokens_per_sec=686,234
iter_num=335: train_lossf=5.6884, dt=0.571s, mfu=28.58%, tokens_per_sec=860,772
iter_num=336: train_lossf=5.7511, dt=0.725s, mfu=28.20%, tokens_per_sec=677,925
iter_num=337: train_lossf=6.0987, dt=0.572s, mfu=28.53%, tokens_per_sec=858,872
iter_num=338: train_lossf=5.6057, dt=0.692s, mfu=28.27%, tokens_per_sec=710,239
iter_num=339: train_lossf=5.4262, dt=0.565s, mfu=28.63%, tokens_per_sec=870,003
iter_num=340: train_lossf=5.8253, dt=0.560s, mfu=28.98%, tokens_per_sec=878,000
iter_num=341: train_lossf=5.6499, dt=0.579s, mfu=29.19%, tokens_per_sec=849,348
iter_num=342: train_lossf=5.7205, dt=0.560s, mfu=29.48%, tokens_per_sec=877,074
iter_num=343: train_lossf=5.7239, dt=0.558s, mfu=29.75%, tokens_per_sec=881,479
iter_num=344: train_lossf=5.6220, dt=0.565s, mfu=29.96%, tokens_per_sec=869,910
iter_num=345: train_lossf=5.6098, dt=0.742s, mfu=29.39%, tokens_per_sec=662,704
iter_num=346: train_lossf=5.7660, dt=0.573s, mfu=29.59%, tokens_per_sec=857,562
iter_num=347: train_lossf=5.7514, dt=0.589s, mfu=29.68%, tokens_per_sec=833,808
iter_num=348: train_lossf=5.8753, dt=0.570s, mfu=29.87%, tokens_per_sec=862,606
iter_num=349: train_lossf=5.6949, dt=0.556s, mfu=30.12%, tokens_per_sec=883,975
iter_num=350: train_lossf=5.6980, dt=0.569s, mfu=30.26%, tokens_per_sec=863,344
iter_num=351: train_lossf=5.9837, dt=0.562s, mfu=30.44%, tokens_per_sec=875,197
iter_num=352: train_lossf=5.7811, dt=0.563s, mfu=30.59%, tokens_per_sec=872,264
iter_num=353: train_lossf=5.9416, dt=0.556s, mfu=30.76%, tokens_per_sec=883,950
iter_num=354: train_lossf=5.7853, dt=0.566s, mfu=30.86%, tokens_per_sec=868,841
iter_num=355: train_lossf=5.5643, dt=0.565s, mfu=30.96%, tokens_per_sec=870,128
iter_num=356: train_lossf=5.8822, dt=0.743s, mfu=30.29%, tokens_per_sec=661,721
iter_num=357: train_lossf=5.6438, dt=0.573s, mfu=30.39%, tokens_per_sec=857,499
iter_num=358: train_lossf=5.5795, dt=0.567s, mfu=30.53%, tokens_per_sec=867,299
iter_num=359: train_lossf=5.7188, dt=0.579s, mfu=30.58%, tokens_per_sec=849,157
iter_num=360: train_lossf=5.5015, dt=0.559s, mfu=30.74%, tokens_per_sec=878,966
iter_num=361: train_lossf=5.7705, dt=0.761s, mfu=30.03%, tokens_per_sec=646,180
iter_num=362: train_lossf=5.8413, dt=0.709s, mfu=29.56%, tokens_per_sec=693,503
iter_num=363: train_lossf=5.4101, dt=0.566s, mfu=29.79%, tokens_per_sec=869,042
iter_num=364: train_lossf=5.4128, dt=0.569s, mfu=29.97%, tokens_per_sec=864,387
iter_num=365: train_lossf=5.8511, dt=0.574s, mfu=30.11%, tokens_per_sec=856,178
iter_num=366: train_lossf=5.5328, dt=0.566s, mfu=30.28%, tokens_per_sec=869,086
iter_num=367: train_lossf=5.7921, dt=0.741s, mfu=29.68%, tokens_per_sec=663,624
iter_num=368: train_lossf=5.6768, dt=0.564s, mfu=29.90%, tokens_per_sec=871,805
iter_num=369: train_lossf=5.6975, dt=0.574s, mfu=30.04%, tokens_per_sec=856,284
iter_num=370: train_lossf=5.5911, dt=0.574s, mfu=30.17%, tokens_per_sec=855,840
iter_num=371: train_lossf=5.7633, dt=0.574s, mfu=30.28%, tokens_per_sec=856,435
iter_num=372: train_lossf=5.6623, dt=0.574s, mfu=30.39%, tokens_per_sec=856,416
iter_num=373: train_lossf=5.7430, dt=0.566s, mfu=30.53%, tokens_per_sec=868,990
iter_num=374: train_lossf=5.7135, dt=0.693s, mfu=30.07%, tokens_per_sec=709,265
iter_num=375: train_lossf=5.5909, dt=0.571s, mfu=30.21%, tokens_per_sec=861,011
iter_num=376: train_lossf=5.9262, dt=0.564s, mfu=30.38%, tokens_per_sec=871,764
iter_num=377: train_lossf=5.7109, dt=0.713s, mfu=29.87%, tokens_per_sec=689,483
iter_num=378: train_lossf=5.6449, dt=0.570s, mfu=30.03%, tokens_per_sec=861,631
iter_num=379: train_lossf=5.5429, dt=0.585s, mfu=30.10%, tokens_per_sec=840,538
iter_num=380: train_lossf=5.6947, dt=0.568s, mfu=30.26%, tokens_per_sec=865,424
iter_num=381: train_lossf=5.6335, dt=0.575s, mfu=30.36%, tokens_per_sec=855,162
iter_num=382: train_lossf=5.7340, dt=0.579s, mfu=30.43%, tokens_per_sec=848,720
iter_num=383: train_lossf=5.7585, dt=0.714s, mfu=29.91%, tokens_per_sec=688,558
iter_num=384: train_lossf=5.8602, dt=0.564s, mfu=30.10%, tokens_per_sec=870,791
iter_num=385: train_lossf=5.4477, dt=0.573s, mfu=30.23%, tokens_per_sec=858,090
iter_num=386: train_lossf=5.7683, dt=0.556s, mfu=30.44%, tokens_per_sec=884,002
iter_num=387: train_lossf=5.8184, dt=0.699s, mfu=29.97%, tokens_per_sec=702,851
iter_num=388: train_lossf=5.7128, dt=0.747s, mfu=29.38%, tokens_per_sec=657,974
iter_num=389: train_lossf=5.6459, dt=0.573s, mfu=29.58%, tokens_per_sec=857,608
iter_num=390: train_lossf=5.5456, dt=0.570s, mfu=29.77%, tokens_per_sec=861,676
iter_num=391: train_lossf=5.7727, dt=0.565s, mfu=29.98%, tokens_per_sec=869,462
iter_num=392: train_lossf=5.6129, dt=0.900s, mfu=28.98%, tokens_per_sec=546,262
iter_num=393: train_lossf=5.8700, dt=0.878s, mfu=28.13%, tokens_per_sec=559,724
iter_num=394: train_lossf=5.7153, dt=0.571s, mfu=28.47%, tokens_per_sec=860,942
iter_num=395: train_lossf=5.6088, dt=0.582s, mfu=28.71%, tokens_per_sec=844,146
iter_num=396: train_lossf=5.5947, dt=0.869s, mfu=27.91%, tokens_per_sec=565,520
iter_num=397: train_lossf=5.6833, dt=0.897s, mfu=27.12%, tokens_per_sec=548,144
iter_num=398: train_lossf=5.5712, dt=0.722s, mfu=26.90%, tokens_per_sec=681,101
iter_num=399: train_lossf=5.9675, dt=0.574s, mfu=27.34%, tokens_per_sec=856,038
iter_num=400: train_lossf=5.6796, dt=0.607s, mfu=27.57%, tokens_per_sec=809,230
iter_num=401: train_lossf=5.5233, dt=0.733s, mfu=27.27%, tokens_per_sec=670,646
iter_num=402: train_lossf=5.4616, dt=0.869s, mfu=26.61%, tokens_per_sec=565,397
iter_num=403: train_lossf=5.6061, dt=0.565s, mfu=27.13%, tokens_per_sec=870,009
iter_num=404: train_lossf=5.4778, dt=0.565s, mfu=27.60%, tokens_per_sec=869,941
iter_num=405: train_lossf=5.4450, dt=0.576s, mfu=27.96%, tokens_per_sec=853,025
iter_num=406: train_lossf=5.5090, dt=0.568s, mfu=28.33%, tokens_per_sec=865,435
iter_num=407: train_lossf=5.6940, dt=0.709s, mfu=28.03%, tokens_per_sec=692,822
iter_num=408: train_lossf=5.7815, dt=0.570s, mfu=28.39%, tokens_per_sec=862,793
iter_num=409: train_lossf=5.6863, dt=0.565s, mfu=28.73%, tokens_per_sec=869,612
iter_num=410: train_lossf=5.6291, dt=0.751s, mfu=28.25%, tokens_per_sec=654,231
iter_num=411: train_lossf=5.4934, dt=0.575s, mfu=28.55%, tokens_per_sec=855,276
iter_num=412: train_lossf=5.5007, dt=0.572s, mfu=28.85%, tokens_per_sec=860,045
iter_num=413: train_lossf=5.5619, dt=0.612s, mfu=28.90%, tokens_per_sec=803,715
iter_num=414: train_lossf=5.5711, dt=0.571s, mfu=29.16%, tokens_per_sec=860,924
iter_num=415: train_lossf=5.6184, dt=0.619s, mfu=29.15%, tokens_per_sec=793,819
iter_num=416: train_lossf=5.6454, dt=0.562s, mfu=29.43%, tokens_per_sec=874,828
iter_num=417: train_lossf=5.4590, dt=0.563s, mfu=29.69%, tokens_per_sec=873,322
iter_num=418: train_lossf=5.7303, dt=0.712s, mfu=29.24%, tokens_per_sec=690,111
iter_num=419: train_lossf=5.6633, dt=0.570s, mfu=29.47%, tokens_per_sec=862,173
iter_num=420: train_lossf=5.5829, dt=0.873s, mfu=28.59%, tokens_per_sec=562,915
iter_num=421: train_lossf=5.6482, dt=0.563s, mfu=28.92%, tokens_per_sec=873,229
iter_num=422: train_lossf=5.7082, dt=0.568s, mfu=29.20%, tokens_per_sec=865,478
iter_num=423: train_lossf=5.5798, dt=0.733s, mfu=28.73%, tokens_per_sec=670,655
iter_num=424: train_lossf=5.5741, dt=0.717s, mfu=28.36%, tokens_per_sec=685,348
iter_num=425: train_lossf=5.4772, dt=0.707s, mfu=28.07%, tokens_per_sec=694,784
iter_num=426: train_lossf=5.5262, dt=0.576s, mfu=28.39%, tokens_per_sec=853,419
iter_num=427: train_lossf=5.4828, dt=0.574s, mfu=28.68%, tokens_per_sec=856,205
iter_num=428: train_lossf=5.6626, dt=0.559s, mfu=29.03%, tokens_per_sec=879,191
iter_num=429: train_lossf=5.4449, dt=0.564s, mfu=29.32%, tokens_per_sec=871,884
iter_num=430: train_lossf=5.4594, dt=0.573s, mfu=29.52%, tokens_per_sec=858,461
iter_num=431: train_lossf=5.5036, dt=0.577s, mfu=29.69%, tokens_per_sec=851,133
iter_num=432: train_lossf=5.3629, dt=0.563s, mfu=29.91%, tokens_per_sec=873,519
iter_num=433: train_lossf=5.4285, dt=0.576s, mfu=30.05%, tokens_per_sec=853,599
iter_num=434: train_lossf=5.4133, dt=0.568s, mfu=30.21%, tokens_per_sec=865,737
iter_num=435: train_lossf=5.4642, dt=0.562s, mfu=30.39%, tokens_per_sec=874,132
iter_num=436: train_lossf=5.4067, dt=0.570s, mfu=30.50%, tokens_per_sec=861,801
iter_num=437: train_lossf=5.5187, dt=0.562s, mfu=30.65%, tokens_per_sec=875,084
iter_num=438: train_lossf=5.2637, dt=0.569s, mfu=30.75%, tokens_per_sec=864,147
iter_num=439: train_lossf=5.6819, dt=0.571s, mfu=30.82%, tokens_per_sec=860,553
iter_num=440: train_lossf=5.4493, dt=0.561s, mfu=30.94%, tokens_per_sec=875,653
iter_num=441: train_lossf=5.4805, dt=0.575s, mfu=30.97%, tokens_per_sec=854,356
iter_num=442: train_lossf=5.4965, dt=0.556s, mfu=31.11%, tokens_per_sec=884,263
iter_num=443: train_lossf=5.5094, dt=0.593s, mfu=31.04%, tokens_per_sec=829,464
iter_num=444: train_lossf=5.4326, dt=0.570s, mfu=31.09%, tokens_per_sec=862,972
iter_num=445: train_lossf=5.5211, dt=0.574s, mfu=31.12%, tokens_per_sec=857,022
iter_num=446: train_lossf=5.5374, dt=0.565s, mfu=31.19%, tokens_per_sec=869,593
iter_num=447: train_lossf=5.3732, dt=0.569s, mfu=31.23%, tokens_per_sec=864,432
iter_num=448: train_lossf=5.4428, dt=0.562s, mfu=31.31%, tokens_per_sec=874,356
iter_num=449: train_lossf=5.4536, dt=0.564s, mfu=31.36%, tokens_per_sec=870,763
iter_num=450: train_lossf=5.3893, dt=0.561s, mfu=31.43%, tokens_per_sec=876,259
iter_num=451: train_lossf=5.5043, dt=0.563s, mfu=31.48%, tokens_per_sec=872,266
iter_num=452: train_lossf=5.4559, dt=0.582s, mfu=31.42%, tokens_per_sec=844,567
iter_num=453: train_lossf=5.3401, dt=0.565s, mfu=31.46%, tokens_per_sec=870,209
iter_num=454: train_lossf=5.6398, dt=0.567s, mfu=31.49%, tokens_per_sec=866,940
iter_num=455: train_lossf=5.5766, dt=0.563s, mfu=31.53%, tokens_per_sec=873,260
iter_num=456: train_lossf=5.3176, dt=0.574s, mfu=31.51%, tokens_per_sec=855,822
iter_num=457: train_lossf=5.1536, dt=0.558s, mfu=31.58%, tokens_per_sec=880,078
iter_num=458: train_lossf=5.7529, dt=0.579s, mfu=31.53%, tokens_per_sec=849,146
iter_num=459: train_lossf=5.6165, dt=0.570s, mfu=31.53%, tokens_per_sec=862,230
iter_num=460: train_lossf=5.3273, dt=0.561s, mfu=31.58%, tokens_per_sec=876,369
iter_num=461: train_lossf=5.3369, dt=0.563s, mfu=31.62%, tokens_per_sec=873,398
iter_num=462: train_lossf=5.7564, dt=0.572s, mfu=31.60%, tokens_per_sec=858,824
iter_num=463: train_lossf=5.2352, dt=0.571s, mfu=31.59%, tokens_per_sec=861,106
iter_num=464: train_lossf=5.5226, dt=0.609s, mfu=31.38%, tokens_per_sec=806,745
iter_num=465: train_lossf=5.5093, dt=0.582s, mfu=31.33%, tokens_per_sec=843,963
iter_num=466: train_lossf=5.7018, dt=0.691s, mfu=30.80%, tokens_per_sec=711,069
iter_num=467: train_lossf=5.2882, dt=0.562s, mfu=30.92%, tokens_per_sec=874,500
iter_num=468: train_lossf=5.3588, dt=0.750s, mfu=30.23%, tokens_per_sec=655,403
iter_num=469: train_lossf=5.3653, dt=0.589s, mfu=30.26%, tokens_per_sec=834,798
iter_num=470: train_lossf=5.4209, dt=0.561s, mfu=30.44%, tokens_per_sec=875,736
iter_num=471: train_lossf=5.7756, dt=0.573s, mfu=30.53%, tokens_per_sec=858,335
iter_num=472: train_lossf=5.2955, dt=0.563s, mfu=30.67%, tokens_per_sec=872,734
iter_num=473: train_lossf=5.4904, dt=0.568s, mfu=30.77%, tokens_per_sec=864,831
iter_num=474: train_lossf=5.4432, dt=0.564s, mfu=30.88%, tokens_per_sec=871,948
iter_num=475: train_lossf=5.3179, dt=0.562s, mfu=31.00%, tokens_per_sec=875,112
iter_num=476: train_lossf=5.3803, dt=0.560s, mfu=31.11%, tokens_per_sec=878,466
iter_num=477: train_lossf=5.1926, dt=0.564s, mfu=31.19%, tokens_per_sec=872,230
iter_num=478: train_lossf=5.4967, dt=0.564s, mfu=31.26%, tokens_per_sec=871,071
iter_num=479: train_lossf=5.4288, dt=0.571s, mfu=31.28%, tokens_per_sec=860,879
iter_num=480: train_lossf=5.2896, dt=0.582s, mfu=31.25%, tokens_per_sec=845,012
iter_num=481: train_lossf=5.6576, dt=0.567s, mfu=31.29%, tokens_per_sec=866,218
iter_num=482: train_lossf=5.2821, dt=0.571s, mfu=31.31%, tokens_per_sec=860,252
iter_num=483: train_lossf=5.4887, dt=0.572s, mfu=31.32%, tokens_per_sec=859,087
iter_num=484: train_lossf=5.2658, dt=0.571s, mfu=31.34%, tokens_per_sec=861,172
iter_num=485: train_lossf=5.3958, dt=0.720s, mfu=30.70%, tokens_per_sec=682,936
iter_num=486: train_lossf=5.2495, dt=0.945s, mfu=29.54%, tokens_per_sec=520,045
iter_num=487: train_lossf=5.3410, dt=0.583s, mfu=29.67%, tokens_per_sec=842,488
iter_num=488: train_lossf=5.4510, dt=0.583s, mfu=29.78%, tokens_per_sec=842,650
iter_num=489: train_lossf=5.2486, dt=0.562s, mfu=30.01%, tokens_per_sec=875,207
iter_num=490: train_lossf=5.2846, dt=0.577s, mfu=30.12%, tokens_per_sec=852,268
iter_num=491: train_lossf=5.2313, dt=0.566s, mfu=30.29%, tokens_per_sec=868,845
iter_num=492: train_lossf=5.4314, dt=0.766s, mfu=29.61%, tokens_per_sec=641,568
iter_num=493: train_lossf=5.4369, dt=0.721s, mfu=29.14%, tokens_per_sec=681,560
iter_num=494: train_lossf=5.4100, dt=0.712s, mfu=28.75%, tokens_per_sec=689,896
iter_num=495: train_lossf=5.3012, dt=0.574s, mfu=29.01%, tokens_per_sec=855,976
iter_num=496: train_lossf=5.3664, dt=0.565s, mfu=29.29%, tokens_per_sec=870,201
iter_num=497: train_lossf=5.2922, dt=0.718s, mfu=28.86%, tokens_per_sec=684,257
iter_num=498: train_lossf=5.3434, dt=0.568s, mfu=29.14%, tokens_per_sec=864,840
iter_num=499: train_lossf=5.4007, dt=0.572s, mfu=29.37%, tokens_per_sec=859,695
iter_num=500: train_lossf=5.4368, dt=0.607s, mfu=29.40%, tokens_per_sec=810,337
iter_num=501: train_lossf=5.3017, dt=0.577s, mfu=29.58%, tokens_per_sec=851,877
iter_num=502: train_lossf=5.3085, dt=0.570s, mfu=29.78%, tokens_per_sec=862,695
iter_num=503: train_lossf=5.2417, dt=0.725s, mfu=29.28%, tokens_per_sec=678,269
iter_num=504: train_lossf=5.4046, dt=0.734s, mfu=28.80%, tokens_per_sec=669,957
iter_num=505: train_lossf=5.2175, dt=0.557s, mfu=29.15%, tokens_per_sec=883,208
iter_num=506: train_lossf=5.1472, dt=0.578s, mfu=29.35%, tokens_per_sec=850,774
iter_num=507: train_lossf=5.4217, dt=0.565s, mfu=29.60%, tokens_per_sec=870,692
iter_num=508: train_lossf=5.3850, dt=0.565s, mfu=29.82%, tokens_per_sec=869,861
iter_num=509: train_lossf=5.1922, dt=0.570s, mfu=30.00%, tokens_per_sec=861,963
iter_num=510: train_lossf=5.2622, dt=0.566s, mfu=30.18%, tokens_per_sec=868,968
iter_num=511: train_lossf=5.0444, dt=0.762s, mfu=29.52%, tokens_per_sec=644,830
iter_num=512: train_lossf=5.3088, dt=0.567s, mfu=29.74%, tokens_per_sec=866,794
iter_num=513: train_lossf=5.2055, dt=0.559s, mfu=29.98%, tokens_per_sec=879,531
iter_num=514: train_lossf=5.3710, dt=0.570s, mfu=30.14%, tokens_per_sec=862,241
iter_num=515: train_lossf=5.3106, dt=0.576s, mfu=30.24%, tokens_per_sec=852,717
iter_num=516: train_lossf=5.3895, dt=0.566s, mfu=30.40%, tokens_per_sec=868,614
iter_num=517: train_lossf=5.2846, dt=0.756s, mfu=29.74%, tokens_per_sec=650,561
iter_num=518: train_lossf=5.2028, dt=0.563s, mfu=29.96%, tokens_per_sec=873,564
iter_num=519: train_lossf=5.2489, dt=0.574s, mfu=30.10%, tokens_per_sec=856,086
iter_num=520: train_lossf=5.4137, dt=0.562s, mfu=30.29%, tokens_per_sec=874,621
iter_num=521: train_lossf=4.9389, dt=0.560s, mfu=30.47%, tokens_per_sec=878,267
iter_num=522: train_lossf=5.3200, dt=0.568s, mfu=30.59%, tokens_per_sec=865,696
iter_num=523: train_lossf=5.1067, dt=0.698s, mfu=30.11%, tokens_per_sec=704,385
iter_num=524: train_lossf=5.2318, dt=0.579s, mfu=30.20%, tokens_per_sec=848,262
iter_num=525: train_lossf=5.2186, dt=0.558s, mfu=30.41%, tokens_per_sec=881,599
iter_num=526: train_lossf=5.2246, dt=0.560s, mfu=30.58%, tokens_per_sec=877,439
iter_num=527: train_lossf=5.1816, dt=0.573s, mfu=30.66%, tokens_per_sec=857,177
iter_num=528: train_lossf=5.1161, dt=0.778s, mfu=29.90%, tokens_per_sec=631,938
iter_num=529: train_lossf=5.1407, dt=0.559s, mfu=30.13%, tokens_per_sec=879,112
iter_num=530: train_lossf=5.3488, dt=0.576s, mfu=30.24%, tokens_per_sec=853,741
iter_num=531: train_lossf=5.2727, dt=0.565s, mfu=30.40%, tokens_per_sec=869,274
iter_num=532: train_lossf=5.1591, dt=0.570s, mfu=30.51%, tokens_per_sec=862,792
iter_num=533: train_lossf=5.0881, dt=0.778s, mfu=29.77%, tokens_per_sec=631,700
iter_num=534: train_lossf=5.2505, dt=0.701s, mfu=29.36%, tokens_per_sec=701,591
iter_num=535: train_lossf=5.3218, dt=0.560s, mfu=29.64%, tokens_per_sec=878,109
iter_num=536: train_lossf=5.2528, dt=0.571s, mfu=29.82%, tokens_per_sec=860,825
iter_num=537: train_lossf=5.3322, dt=0.704s, mfu=29.39%, tokens_per_sec=697,824
iter_num=538: train_lossf=5.1990, dt=0.561s, mfu=29.66%, tokens_per_sec=875,706
iter_num=539: train_lossf=5.1822, dt=0.576s, mfu=29.82%, tokens_per_sec=853,285
iter_num=540: train_lossf=5.4559, dt=0.573s, mfu=29.97%, tokens_per_sec=858,521
iter_num=541: train_lossf=5.2905, dt=0.584s, mfu=30.06%, tokens_per_sec=841,688
iter_num=542: train_lossf=5.1332, dt=0.774s, mfu=29.38%, tokens_per_sec=635,306
iter_num=543: train_lossf=5.3419, dt=0.560s, mfu=29.65%, tokens_per_sec=878,401
iter_num=544: train_lossf=5.2256, dt=0.563s, mfu=29.88%, tokens_per_sec=873,489
iter_num=545: train_lossf=5.1809, dt=0.581s, mfu=29.99%, tokens_per_sec=845,875
iter_num=546: train_lossf=5.3302, dt=0.700s, mfu=29.56%, tokens_per_sec=702,318
iter_num=547: train_lossf=5.3538, dt=0.706s, mfu=29.15%, tokens_per_sec=696,675
iter_num=548: train_lossf=5.3357, dt=0.563s, mfu=29.43%, tokens_per_sec=873,636
iter_num=549: train_lossf=5.2176, dt=0.560s, mfu=29.70%, tokens_per_sec=877,038
iter_num=550: train_lossf=5.2187, dt=0.576s, mfu=29.85%, tokens_per_sec=853,025
iter_num=551: train_lossf=5.2408, dt=0.564s, mfu=30.05%, tokens_per_sec=871,358
iter_num=552: train_lossf=4.9525, dt=0.560s, mfu=30.26%, tokens_per_sec=877,236
iter_num=553: train_lossf=5.2491, dt=0.573s, mfu=30.37%, tokens_per_sec=858,272
iter_num=554: train_lossf=5.0435, dt=0.567s, mfu=30.51%, tokens_per_sec=867,206
iter_num=555: train_lossf=5.1226, dt=0.575s, mfu=30.59%, tokens_per_sec=855,155
iter_num=556: train_lossf=5.2123, dt=0.562s, mfu=30.73%, tokens_per_sec=874,183
iter_num=557: train_lossf=5.1867, dt=0.576s, mfu=30.78%, tokens_per_sec=853,492
iter_num=558: train_lossf=5.1779, dt=0.566s, mfu=30.87%, tokens_per_sec=867,894
iter_num=559: train_lossf=5.2751, dt=0.570s, mfu=30.94%, tokens_per_sec=861,944
iter_num=560: train_lossf=5.3946, dt=0.578s, mfu=30.96%, tokens_per_sec=850,206
iter_num=561: train_lossf=5.0976, dt=0.609s, mfu=30.81%, tokens_per_sec=806,574
iter_num=562: train_lossf=5.1792, dt=0.584s, mfu=30.81%, tokens_per_sec=842,139
iter_num=563: train_lossf=5.1011, dt=0.582s, mfu=30.82%, tokens_per_sec=844,341
iter_num=564: train_lossf=5.0912, dt=0.567s, mfu=30.91%, tokens_per_sec=867,329
iter_num=565: train_lossf=5.1142, dt=0.563s, mfu=31.02%, tokens_per_sec=873,491
iter_num=566: train_lossf=5.2255, dt=0.579s, mfu=31.02%, tokens_per_sec=849,275
iter_num=567: train_lossf=5.2368, dt=0.704s, mfu=30.47%, tokens_per_sec=698,365
iter_num=568: train_lossf=5.1098, dt=0.742s, mfu=29.85%, tokens_per_sec=662,636
iter_num=569: train_lossf=5.1945, dt=0.752s, mfu=29.26%, tokens_per_sec=653,799
iter_num=570: train_lossf=5.1673, dt=0.566s, mfu=29.51%, tokens_per_sec=868,379
iter_num=571: train_lossf=5.0810, dt=0.569s, mfu=29.72%, tokens_per_sec=864,563
iter_num=572: train_lossf=5.0981, dt=0.572s, mfu=29.89%, tokens_per_sec=859,423
iter_num=573: train_lossf=5.0128, dt=0.757s, mfu=29.28%, tokens_per_sec=649,295
iter_num=574: train_lossf=4.9729, dt=0.562s, mfu=29.55%, tokens_per_sec=874,168
iter_num=575: train_lossf=5.0676, dt=0.563s, mfu=29.79%, tokens_per_sec=873,468
iter_num=576: train_lossf=5.0360, dt=0.572s, mfu=29.96%, tokens_per_sec=859,304
iter_num=577: train_lossf=5.1610, dt=0.742s, mfu=29.39%, tokens_per_sec=662,846
iter_num=578: train_lossf=5.1702, dt=0.566s, mfu=29.63%, tokens_per_sec=868,743
iter_num=579: train_lossf=5.0344, dt=0.756s, mfu=29.04%, tokens_per_sec=650,521
iter_num=580: train_lossf=5.1491, dt=0.573s, mfu=29.28%, tokens_per_sec=858,261
iter_num=581: train_lossf=5.1326, dt=0.573s, mfu=29.49%, tokens_per_sec=858,274
iter_num=582: train_lossf=5.1479, dt=0.585s, mfu=29.62%, tokens_per_sec=840,410
iter_num=583: train_lossf=4.9815, dt=0.705s, mfu=29.20%, tokens_per_sec=696,939
iter_num=584: train_lossf=5.2551, dt=0.576s, mfu=29.41%, tokens_per_sec=853,866
iter_num=585: train_lossf=4.9035, dt=0.556s, mfu=29.70%, tokens_per_sec=883,505
iter_num=586: train_lossf=5.1561, dt=0.566s, mfu=29.91%, tokens_per_sec=867,978
iter_num=587: train_lossf=5.3018, dt=0.727s, mfu=29.39%, tokens_per_sec=676,424
iter_num=588: train_lossf=5.0377, dt=0.566s, mfu=29.63%, tokens_per_sec=867,898
iter_num=589: train_lossf=4.9201, dt=0.576s, mfu=29.78%, tokens_per_sec=853,115
iter_num=590: train_lossf=5.1577, dt=0.569s, mfu=29.97%, tokens_per_sec=864,454
iter_num=591: train_lossf=4.9717, dt=0.778s, mfu=29.28%, tokens_per_sec=631,518
iter_num=592: train_lossf=5.3036, dt=0.560s, mfu=29.57%, tokens_per_sec=878,080
iter_num=593: train_lossf=5.0558, dt=0.755s, mfu=28.99%, tokens_per_sec=650,685
iter_num=594: train_lossf=5.0556, dt=0.718s, mfu=28.60%, tokens_per_sec=684,450
iter_num=595: train_lossf=5.0461, dt=0.567s, mfu=28.91%, tokens_per_sec=866,580
iter_num=596: train_lossf=5.0070, dt=0.576s, mfu=29.14%, tokens_per_sec=853,914
iter_num=597: train_lossf=4.8323, dt=0.581s, mfu=29.32%, tokens_per_sec=845,784
iter_num=598: train_lossf=5.1332, dt=0.572s, mfu=29.53%, tokens_per_sec=859,472
iter_num=599: train_lossf=5.3927, dt=0.571s, mfu=29.73%, tokens_per_sec=860,949
iter_num=600: train_lossf=5.2330, dt=0.560s, mfu=29.97%, tokens_per_sec=878,099
iter_num=601: train_lossf=5.1379, dt=0.560s, mfu=30.18%, tokens_per_sec=877,076
iter_num=602: train_lossf=4.9450, dt=0.577s, mfu=30.28%, tokens_per_sec=851,750
iter_num=603: train_lossf=5.0209, dt=0.591s, mfu=30.30%, tokens_per_sec=832,160
iter_num=604: train_lossf=4.9752, dt=0.709s, mfu=29.80%, tokens_per_sec=693,313
iter_num=605: train_lossf=5.0316, dt=0.569s, mfu=29.98%, tokens_per_sec=863,259
iter_num=606: train_lossf=4.9602, dt=0.571s, mfu=30.14%, tokens_per_sec=861,494
iter_num=607: train_lossf=5.1176, dt=0.566s, mfu=30.30%, tokens_per_sec=869,147
iter_num=608: train_lossf=4.9808, dt=0.572s, mfu=30.42%, tokens_per_sec=859,786
iter_num=609: train_lossf=4.8703, dt=0.712s, mfu=29.90%, tokens_per_sec=689,949
iter_num=610: train_lossf=4.9625, dt=0.585s, mfu=29.98%, tokens_per_sec=839,982
iter_num=611: train_lossf=5.0929, dt=0.722s, mfu=29.47%, tokens_per_sec=680,469
iter_num=612: train_lossf=5.0069, dt=0.717s, mfu=29.03%, tokens_per_sec=685,200
iter_num=613: train_lossf=5.2336, dt=0.583s, mfu=29.22%, tokens_per_sec=843,806
iter_num=614: train_lossf=4.8328, dt=0.851s, mfu=28.41%, tokens_per_sec=577,310
iter_num=615: train_lossf=5.0556, dt=0.564s, mfu=28.75%, tokens_per_sec=871,081
iter_num=616: train_lossf=5.1271, dt=0.568s, mfu=29.05%, tokens_per_sec=865,711
iter_num=617: train_lossf=4.9251, dt=0.564s, mfu=29.33%, tokens_per_sec=871,335
iter_num=618: train_lossf=5.2426, dt=0.788s, mfu=28.68%, tokens_per_sec=623,589
iter_num=619: train_lossf=5.1537, dt=0.603s, mfu=28.79%, tokens_per_sec=815,779
iter_num=620: train_lossf=5.4096, dt=0.756s, mfu=28.29%, tokens_per_sec=650,407
iter_num=621: train_lossf=5.1011, dt=0.561s, mfu=28.67%, tokens_per_sec=875,966
iter_num=622: train_lossf=4.9725, dt=0.564s, mfu=28.99%, tokens_per_sec=871,546
iter_num=623: train_lossf=5.3807, dt=0.575s, mfu=29.22%, tokens_per_sec=854,497
iter_num=624: train_lossf=5.0590, dt=0.587s, mfu=29.36%, tokens_per_sec=837,356
iter_num=625: train_lossf=5.0542, dt=0.586s, mfu=29.50%, tokens_per_sec=839,344
iter_num=626: train_lossf=5.3605, dt=0.566s, mfu=29.73%, tokens_per_sec=869,012
iter_num=627: train_lossf=5.0469, dt=0.563s, mfu=29.94%, tokens_per_sec=872,377
iter_num=628: train_lossf=4.8416, dt=0.901s, mfu=28.95%, tokens_per_sec=545,806
iter_num=629: train_lossf=4.9254, dt=0.577s, mfu=29.17%, tokens_per_sec=852,331
iter_num=630: train_lossf=4.8224, dt=0.574s, mfu=29.39%, tokens_per_sec=855,973
iter_num=631: train_lossf=5.0039, dt=0.566s, mfu=29.63%, tokens_per_sec=869,097
iter_num=632: train_lossf=5.0035, dt=0.562s, mfu=29.86%, tokens_per_sec=873,901
iter_num=633: train_lossf=4.8965, dt=0.561s, mfu=30.08%, tokens_per_sec=875,597
iter_num=634: train_lossf=5.0169, dt=0.576s, mfu=30.19%, tokens_per_sec=853,052
iter_num=635: train_lossf=4.9024, dt=0.758s, mfu=29.54%, tokens_per_sec=648,375
iter_num=636: train_lossf=5.0608, dt=0.731s, mfu=29.05%, tokens_per_sec=672,405
iter_num=637: train_lossf=4.7952, dt=0.614s, mfu=29.08%, tokens_per_sec=800,910
iter_num=638: train_lossf=5.0831, dt=0.576s, mfu=29.29%, tokens_per_sec=853,456
iter_num=639: train_lossf=5.0695, dt=0.567s, mfu=29.53%, tokens_per_sec=866,291
iter_num=640: train_lossf=5.0994, dt=0.731s, mfu=29.04%, tokens_per_sec=672,578
iter_num=641: train_lossf=4.9691, dt=0.559s, mfu=29.35%, tokens_per_sec=879,643
iter_num=642: train_lossf=5.1693, dt=0.570s, mfu=29.57%, tokens_per_sec=862,503
iter_num=643: train_lossf=5.0765, dt=0.596s, mfu=29.63%, tokens_per_sec=824,886
iter_num=644: train_lossf=4.6725, dt=0.579s, mfu=29.78%, tokens_per_sec=849,625
iter_num=645: train_lossf=4.8910, dt=0.597s, mfu=29.81%, tokens_per_sec=823,160
iter_num=646: train_lossf=4.9144, dt=0.747s, mfu=29.24%, tokens_per_sec=657,567
iter_num=647: train_lossf=5.0169, dt=0.564s, mfu=29.50%, tokens_per_sec=871,942
iter_num=648: train_lossf=5.2189, dt=0.574s, mfu=29.69%, tokens_per_sec=856,174
iter_num=649: train_lossf=5.0555, dt=0.728s, mfu=29.19%, tokens_per_sec=674,753
iter_num=650: train_lossf=4.9234, dt=0.575s, mfu=29.40%, tokens_per_sec=855,075
iter_num=651: train_lossf=5.0618, dt=0.572s, mfu=29.60%, tokens_per_sec=859,674
iter_num=652: train_lossf=4.8702, dt=0.565s, mfu=29.82%, tokens_per_sec=869,404
iter_num=653: train_lossf=4.9952, dt=0.742s, mfu=29.26%, tokens_per_sec=662,820
iter_num=654: train_lossf=4.7760, dt=0.779s, mfu=28.65%, tokens_per_sec=631,249
iter_num=655: train_lossf=4.8108, dt=0.568s, mfu=28.95%, tokens_per_sec=865,886
iter_num=656: train_lossf=4.9663, dt=0.572s, mfu=29.20%, tokens_per_sec=859,889
iter_num=657: train_lossf=5.0267, dt=0.575s, mfu=29.41%, tokens_per_sec=854,946
iter_num=658: train_lossf=4.9967, dt=0.564s, mfu=29.66%, tokens_per_sec=871,174
iter_num=659: train_lossf=5.0087, dt=0.562s, mfu=29.89%, tokens_per_sec=874,181
iter_num=660: train_lossf=4.9863, dt=0.574s, mfu=30.03%, tokens_per_sec=856,720
iter_num=661: train_lossf=4.8809, dt=0.565s, mfu=30.22%, tokens_per_sec=870,544
iter_num=662: train_lossf=4.9483, dt=0.576s, mfu=30.32%, tokens_per_sec=852,993
iter_num=663: train_lossf=4.8425, dt=0.583s, mfu=30.37%, tokens_per_sec=843,740
iter_num=664: train_lossf=4.8525, dt=0.726s, mfu=29.81%, tokens_per_sec=677,339
iter_num=665: train_lossf=5.1206, dt=0.570s, mfu=29.99%, tokens_per_sec=862,843
iter_num=666: train_lossf=4.9959, dt=0.566s, mfu=30.17%, tokens_per_sec=868,869
iter_num=667: train_lossf=4.7284, dt=0.567s, mfu=30.32%, tokens_per_sec=866,155
iter_num=668: train_lossf=4.8241, dt=0.568s, mfu=30.45%, tokens_per_sec=864,735
iter_num=669: train_lossf=5.0399, dt=0.572s, mfu=30.55%, tokens_per_sec=859,442
iter_num=670: train_lossf=5.0534, dt=0.567s, mfu=30.67%, tokens_per_sec=866,242
iter_num=671: train_lossf=4.8608, dt=0.738s, mfu=30.04%, tokens_per_sec=665,999
iter_num=672: train_lossf=4.8691, dt=0.574s, mfu=30.16%, tokens_per_sec=855,732
iter_num=673: train_lossf=5.0661, dt=0.563s, mfu=30.34%, tokens_per_sec=873,490
iter_num=674: train_lossf=4.9272, dt=0.573s, mfu=30.44%, tokens_per_sec=857,083
iter_num=675: train_lossf=4.9212, dt=0.562s, mfu=30.60%, tokens_per_sec=874,968
iter_num=676: train_lossf=4.8647, dt=0.757s, mfu=29.92%, tokens_per_sec=649,355
iter_num=677: train_lossf=4.9110, dt=0.557s, mfu=30.16%, tokens_per_sec=882,958
iter_num=678: train_lossf=4.9913, dt=0.571s, mfu=30.29%, tokens_per_sec=861,521
iter_num=679: train_lossf=4.7985, dt=0.567s, mfu=30.43%, tokens_per_sec=867,022
iter_num=680: train_lossf=4.9115, dt=0.566s, mfu=30.57%, tokens_per_sec=868,955
iter_num=681: train_lossf=4.9346, dt=0.567s, mfu=30.68%, tokens_per_sec=866,518
iter_num=682: train_lossf=4.7967, dt=0.721s, mfu=30.11%, tokens_per_sec=681,407
iter_num=683: train_lossf=4.9157, dt=0.574s, mfu=30.23%, tokens_per_sec=855,875
iter_num=684: train_lossf=4.8797, dt=0.561s, mfu=30.41%, tokens_per_sec=875,471
iter_num=685: train_lossf=5.0307, dt=0.569s, mfu=30.53%, tokens_per_sec=863,659
iter_num=686: train_lossf=4.9111, dt=0.557s, mfu=30.70%, tokens_per_sec=882,642
iter_num=687: train_lossf=4.7147, dt=0.564s, mfu=30.82%, tokens_per_sec=870,851
iter_num=688: train_lossf=4.9774, dt=0.567s, mfu=30.91%, tokens_per_sec=867,611
iter_num=689: train_lossf=4.6778, dt=0.566s, mfu=31.00%, tokens_per_sec=868,094
iter_num=690: train_lossf=4.7922, dt=0.580s, mfu=31.00%, tokens_per_sec=847,475
iter_num=691: train_lossf=4.9830, dt=0.566s, mfu=31.08%, tokens_per_sec=868,906
iter_num=692: train_lossf=5.0029, dt=0.561s, mfu=31.18%, tokens_per_sec=876,263
iter_num=693: train_lossf=4.8758, dt=0.566s, mfu=31.24%, tokens_per_sec=868,681
iter_num=694: train_lossf=4.8270, dt=0.560s, mfu=31.32%, tokens_per_sec=877,276
iter_num=695: train_lossf=4.9494, dt=0.567s, mfu=31.36%, tokens_per_sec=867,500
iter_num=696: train_lossf=4.7115, dt=0.556s, mfu=31.46%, tokens_per_sec=884,582
iter_num=697: train_lossf=4.8349, dt=0.576s, mfu=31.44%, tokens_per_sec=853,545
iter_num=698: train_lossf=4.8782, dt=0.714s, mfu=30.81%, tokens_per_sec=688,222
iter_num=699: train_lossf=4.9892, dt=0.592s, mfu=30.77%, tokens_per_sec=829,693
iter_num=700: train_lossf=4.7978, dt=0.570s, mfu=30.85%, tokens_per_sec=862,453
iter_num=701: train_lossf=4.8188, dt=0.572s, mfu=30.90%, tokens_per_sec=858,565
iter_num=702: train_lossf=4.7461, dt=0.577s, mfu=30.93%, tokens_per_sec=852,297
iter_num=703: train_lossf=4.7550, dt=0.556s, mfu=31.07%, tokens_per_sec=884,136
iter_num=704: train_lossf=4.8177, dt=0.563s, mfu=31.16%, tokens_per_sec=872,288
iter_num=705: train_lossf=4.7798, dt=0.572s, mfu=31.18%, tokens_per_sec=858,691
iter_num=706: train_lossf=4.9047, dt=0.577s, mfu=31.18%, tokens_per_sec=851,926
iter_num=707: train_lossf=4.8574, dt=1.028s, mfu=29.81%, tokens_per_sec=478,302
iter_num=708: train_lossf=4.8752, dt=0.562s, mfu=30.03%, tokens_per_sec=874,215
iter_num=709: train_lossf=4.7536, dt=0.715s, mfu=29.54%, tokens_per_sec=687,069
iter_num=710: train_lossf=4.8184, dt=0.604s, mfu=29.56%, tokens_per_sec=813,323
iter_num=711: train_lossf=4.8916, dt=0.561s, mfu=29.81%, tokens_per_sec=876,332
iter_num=712: train_lossf=4.7360, dt=0.569s, mfu=29.99%, tokens_per_sec=863,896
iter_num=713: train_lossf=4.6043, dt=0.762s, mfu=29.35%, tokens_per_sec=644,665
iter_num=714: train_lossf=4.8165, dt=0.572s, mfu=29.56%, tokens_per_sec=859,664
iter_num=715: train_lossf=4.8719, dt=0.562s, mfu=29.80%, tokens_per_sec=873,985
iter_num=716: train_lossf=4.8948, dt=0.726s, mfu=29.30%, tokens_per_sec=676,811
iter_num=717: train_lossf=5.0744, dt=0.576s, mfu=29.49%, tokens_per_sec=853,894
iter_num=718: train_lossf=4.8321, dt=0.966s, mfu=28.40%, tokens_per_sec=508,614
iter_num=719: train_lossf=4.7053, dt=0.566s, mfu=28.74%, tokens_per_sec=868,144
iter_num=720: train_lossf=4.8027, dt=0.580s, mfu=28.97%, tokens_per_sec=847,593
iter_num=721: train_lossf=4.8631, dt=0.568s, mfu=29.23%, tokens_per_sec=864,659
iter_num=722: train_lossf=4.8119, dt=0.575s, mfu=29.44%, tokens_per_sec=855,024
iter_num=723: train_lossf=5.0021, dt=0.582s, mfu=29.58%, tokens_per_sec=844,062
iter_num=724: train_lossf=4.7663, dt=0.897s, mfu=28.63%, tokens_per_sec=547,840
iter_num=725: train_lossf=4.7662, dt=0.563s, mfu=28.96%, tokens_per_sec=872,502
iter_num=726: train_lossf=4.7617, dt=0.566s, mfu=29.24%, tokens_per_sec=868,393
iter_num=727: train_lossf=4.7828, dt=0.728s, mfu=28.79%, tokens_per_sec=675,554
iter_num=728: train_lossf=4.8140, dt=0.575s, mfu=29.04%, tokens_per_sec=854,649
iter_num=729: train_lossf=4.8484, dt=0.735s, mfu=28.58%, tokens_per_sec=668,341
iter_num=730: train_lossf=4.9245, dt=1.112s, mfu=27.34%, tokens_per_sec=442,031
iter_num=731: train_lossf=4.8117, dt=0.570s, mfu=27.76%, tokens_per_sec=862,555
iter_num=732: train_lossf=4.8242, dt=0.716s, mfu=27.50%, tokens_per_sec=686,711
iter_num=733: train_lossf=4.6254, dt=0.572s, mfu=27.89%, tokens_per_sec=859,985
iter_num=734: train_lossf=4.5748, dt=0.563s, mfu=28.30%, tokens_per_sec=872,440
iter_num=735: train_lossf=4.7364, dt=0.563s, mfu=28.66%, tokens_per_sec=873,544
iter_num=736: train_lossf=4.8680, dt=0.586s, mfu=28.86%, tokens_per_sec=838,787
iter_num=737: train_lossf=4.7228, dt=0.565s, mfu=29.16%, tokens_per_sec=869,298
iter_num=738: train_lossf=4.9773, dt=0.571s, mfu=29.39%, tokens_per_sec=861,265
iter_num=739: train_lossf=4.6573, dt=0.752s, mfu=28.85%, tokens_per_sec=653,482
iter_num=740: train_lossf=4.4892, dt=0.590s, mfu=29.01%, tokens_per_sec=833,262
iter_num=741: train_lossf=4.8388, dt=0.589s, mfu=29.16%, tokens_per_sec=834,872
iter_num=742: train_lossf=4.7359, dt=0.765s, mfu=28.60%, tokens_per_sec=642,541
iter_num=743: train_lossf=4.7666, dt=0.572s, mfu=28.88%, tokens_per_sec=859,867
iter_num=744: train_lossf=4.8597, dt=0.575s, mfu=29.12%, tokens_per_sec=855,450
iter_num=745: train_lossf=4.8260, dt=0.581s, mfu=29.31%, tokens_per_sec=846,521
iter_num=746: train_lossf=4.6151, dt=0.581s, mfu=29.48%, tokens_per_sec=846,587
iter_num=747: train_lossf=4.7094, dt=0.565s, mfu=29.71%, tokens_per_sec=869,204
iter_num=748: train_lossf=4.7164, dt=0.570s, mfu=29.89%, tokens_per_sec=862,266
iter_num=749: train_lossf=4.8509, dt=0.556s, mfu=30.14%, tokens_per_sec=884,171
iter_num=750: train_lossf=4.8012, dt=0.579s, mfu=30.23%, tokens_per_sec=849,482
iter_num=751: train_lossf=4.9225, dt=0.746s, mfu=29.62%, tokens_per_sec=658,980
iter_num=752: train_lossf=4.8687, dt=0.574s, mfu=29.79%, tokens_per_sec=856,175
iter_num=753: train_lossf=4.7139, dt=0.574s, mfu=29.94%, tokens_per_sec=856,249
iter_num=754: train_lossf=4.6637, dt=0.571s, mfu=30.10%, tokens_per_sec=860,533
iter_num=755: train_lossf=4.7984, dt=0.767s, mfu=29.43%, tokens_per_sec=641,014
iter_num=756: train_lossf=4.6590, dt=0.569s, mfu=29.65%, tokens_per_sec=863,516
iter_num=757: train_lossf=4.5967, dt=0.570s, mfu=29.84%, tokens_per_sec=862,812
iter_num=758: train_lossf=4.7814, dt=0.567s, mfu=30.03%, tokens_per_sec=866,493
iter_num=759: train_lossf=4.6996, dt=0.783s, mfu=29.32%, tokens_per_sec=628,021
iter_num=760: train_lossf=4.7226, dt=0.568s, mfu=29.56%, tokens_per_sec=865,210
iter_num=761: train_lossf=4.5063, dt=0.571s, mfu=29.75%, tokens_per_sec=861,038
iter_num=762: train_lossf=4.7596, dt=0.570s, mfu=29.93%, tokens_per_sec=862,021
iter_num=763: train_lossf=4.7992, dt=0.731s, mfu=29.39%, tokens_per_sec=672,015
iter_num=764: train_lossf=4.7311, dt=0.568s, mfu=29.62%, tokens_per_sec=865,944
iter_num=765: train_lossf=4.6640, dt=0.711s, mfu=29.19%, tokens_per_sec=691,142
iter_num=766: train_lossf=4.7360, dt=0.699s, mfu=28.84%, tokens_per_sec=703,109
iter_num=767: train_lossf=4.8065, dt=0.602s, mfu=28.95%, tokens_per_sec=816,374
iter_num=768: train_lossf=4.8687, dt=0.567s, mfu=29.23%, tokens_per_sec=867,468
iter_num=769: train_lossf=4.7880, dt=0.582s, mfu=29.40%, tokens_per_sec=845,257
iter_num=770: train_lossf=4.7662, dt=0.556s, mfu=29.69%, tokens_per_sec=883,933
iter_num=771: train_lossf=4.6911, dt=0.569s, mfu=29.88%, tokens_per_sec=863,548
iter_num=772: train_lossf=4.5806, dt=0.579s, mfu=30.00%, tokens_per_sec=849,279
iter_num=773: train_lossf=4.8033, dt=0.567s, mfu=30.17%, tokens_per_sec=867,616
iter_num=774: train_lossf=4.5247, dt=0.567s, mfu=30.33%, tokens_per_sec=866,487
iter_num=775: train_lossf=4.6072, dt=0.565s, mfu=30.47%, tokens_per_sec=869,475
iter_num=776: train_lossf=4.6347, dt=0.576s, mfu=30.55%, tokens_per_sec=853,076
iter_num=777: train_lossf=4.8766, dt=0.561s, mfu=30.70%, tokens_per_sec=876,914
iter_num=778: train_lossf=4.7355, dt=0.569s, mfu=30.79%, tokens_per_sec=864,492
iter_num=779: train_lossf=4.5104, dt=0.563s, mfu=30.91%, tokens_per_sec=872,378
iter_num=780: train_lossf=4.5374, dt=0.576s, mfu=30.94%, tokens_per_sec=852,924
iter_num=781: train_lossf=4.7122, dt=0.566s, mfu=31.02%, tokens_per_sec=868,248
iter_num=782: train_lossf=4.6786, dt=0.559s, mfu=31.14%, tokens_per_sec=879,803
iter_num=783: train_lossf=4.7363, dt=0.581s, mfu=31.12%, tokens_per_sec=846,478
iter_num=784: train_lossf=4.6171, dt=0.582s, mfu=31.10%, tokens_per_sec=843,927
iter_num=785: train_lossf=4.8762, dt=0.566s, mfu=31.16%, tokens_per_sec=868,112
iter_num=786: train_lossf=4.5338, dt=0.559s, mfu=31.26%, tokens_per_sec=879,554
iter_num=787: train_lossf=4.6658, dt=0.565s, mfu=31.32%, tokens_per_sec=870,375
iter_num=788: train_lossf=4.6337, dt=0.720s, mfu=30.69%, tokens_per_sec=683,084
iter_num=789: train_lossf=4.7543, dt=0.570s, mfu=30.77%, tokens_per_sec=861,936
iter_num=790: train_lossf=4.4391, dt=0.569s, mfu=30.86%, tokens_per_sec=864,551
iter_num=791: train_lossf=4.6576, dt=0.561s, mfu=30.98%, tokens_per_sec=875,805
iter_num=792: train_lossf=4.5936, dt=0.561s, mfu=31.09%, tokens_per_sec=876,780
iter_num=793: train_lossf=4.6470, dt=0.749s, mfu=30.38%, tokens_per_sec=656,265
iter_num=794: train_lossf=4.4952, dt=0.570s, mfu=30.49%, tokens_per_sec=861,625
iter_num=795: train_lossf=4.6885, dt=0.569s, mfu=30.60%, tokens_per_sec=863,102
iter_num=796: train_lossf=4.7994, dt=0.567s, mfu=30.71%, tokens_per_sec=866,788
iter_num=797: train_lossf=4.5852, dt=0.579s, mfu=30.75%, tokens_per_sec=848,655
iter_num=798: train_lossf=4.5676, dt=0.562s, mfu=30.87%, tokens_per_sec=874,542
iter_num=799: train_lossf=4.6394, dt=0.570s, mfu=30.94%, tokens_per_sec=862,700
iter_num=800: train_lossf=4.6446, dt=0.570s, mfu=31.00%, tokens_per_sec=862,316
iter_num=801: train_lossf=4.4803, dt=0.566s, mfu=31.08%, tokens_per_sec=867,950
iter_num=802: train_lossf=4.7074, dt=0.712s, mfu=30.50%, tokens_per_sec=690,536
iter_num=803: train_lossf=4.5866, dt=0.558s, mfu=30.67%, tokens_per_sec=880,687
iter_num=804: train_lossf=4.6449, dt=0.580s, mfu=30.70%, tokens_per_sec=847,059
iter_num=805: train_lossf=4.6627, dt=0.697s, mfu=30.21%, tokens_per_sec=705,356
iter_num=806: train_lossf=4.5016, dt=0.559s, mfu=30.41%, tokens_per_sec=879,806
iter_num=807: train_lossf=4.7195, dt=0.576s, mfu=30.49%, tokens_per_sec=852,985
iter_num=808: train_lossf=4.4947, dt=0.573s, mfu=30.58%, tokens_per_sec=857,360
iter_num=809: train_lossf=4.6451, dt=0.562s, mfu=30.72%, tokens_per_sec=874,372
iter_num=810: train_lossf=4.5642, dt=0.572s, mfu=30.79%, tokens_per_sec=858,946
iter_num=811: train_lossf=4.4505, dt=0.562s, mfu=30.91%, tokens_per_sec=873,975
iter_num=812: train_lossf=4.5043, dt=0.564s, mfu=31.01%, tokens_per_sec=871,871
iter_num=813: train_lossf=4.4888, dt=0.563s, mfu=31.10%, tokens_per_sec=872,321
iter_num=814: train_lossf=4.6477, dt=0.568s, mfu=31.16%, tokens_per_sec=865,654
iter_num=815: train_lossf=4.6675, dt=0.563s, mfu=31.23%, tokens_per_sec=872,560
iter_num=816: train_lossf=4.6960, dt=0.568s, mfu=31.27%, tokens_per_sec=864,959
iter_num=817: train_lossf=4.5474, dt=0.560s, mfu=31.36%, tokens_per_sec=877,225
iter_num=818: train_lossf=4.5343, dt=0.575s, mfu=31.35%, tokens_per_sec=855,520
iter_num=819: train_lossf=4.4597, dt=0.566s, mfu=31.39%, tokens_per_sec=868,760
iter_num=820: train_lossf=4.6163, dt=0.585s, mfu=31.33%, tokens_per_sec=839,637
iter_num=821: train_lossf=4.5477, dt=0.777s, mfu=30.51%, tokens_per_sec=632,908
iter_num=822: train_lossf=4.6917, dt=0.575s, mfu=30.59%, tokens_per_sec=855,324
iter_num=823: train_lossf=4.4993, dt=0.708s, mfu=30.07%, tokens_per_sec=693,962
iter_num=824: train_lossf=4.5079, dt=0.712s, mfu=29.59%, tokens_per_sec=690,286
iter_num=825: train_lossf=4.6815, dt=0.725s, mfu=29.11%, tokens_per_sec=678,102
iter_num=826: train_lossf=4.9211, dt=0.575s, mfu=29.33%, tokens_per_sec=855,091
iter_num=827: train_lossf=4.5437, dt=0.586s, mfu=29.46%, tokens_per_sec=838,693
iter_num=828: train_lossf=4.6466, dt=0.563s, mfu=29.71%, tokens_per_sec=872,666
iter_num=829: train_lossf=4.5968, dt=0.703s, mfu=29.30%, tokens_per_sec=699,393
iter_num=830: train_lossf=4.3473, dt=0.575s, mfu=29.49%, tokens_per_sec=854,464
iter_num=831: train_lossf=4.5545, dt=0.716s, mfu=29.05%, tokens_per_sec=686,330
iter_num=832: train_lossf=4.3734, dt=0.774s, mfu=28.47%, tokens_per_sec=634,716
iter_num=833: train_lossf=4.5034, dt=0.612s, mfu=28.56%, tokens_per_sec=803,439
iter_num=834: train_lossf=4.6264, dt=0.732s, mfu=28.16%, tokens_per_sec=671,249
iter_num=835: train_lossf=4.5143, dt=0.573s, mfu=28.49%, tokens_per_sec=858,003
iter_num=836: train_lossf=4.3679, dt=0.559s, mfu=28.86%, tokens_per_sec=879,709
iter_num=837: train_lossf=4.6625, dt=0.929s, mfu=27.91%, tokens_per_sec=529,309
iter_num=838: train_lossf=4.3742, dt=0.721s, mfu=27.61%, tokens_per_sec=681,337
iter_num=839: train_lossf=4.4579, dt=0.561s, mfu=28.06%, tokens_per_sec=876,820
iter_num=840: train_lossf=4.5088, dt=0.578s, mfu=28.36%, tokens_per_sec=849,914
iter_num=841: train_lossf=4.2744, dt=0.579s, mfu=28.63%, tokens_per_sec=849,257
iter_num=842: train_lossf=4.3694, dt=0.570s, mfu=28.92%, tokens_per_sec=861,871
iter_num=843: train_lossf=4.4523, dt=0.557s, mfu=29.26%, tokens_per_sec=882,778
iter_num=844: train_lossf=4.7319, dt=0.561s, mfu=29.54%, tokens_per_sec=876,358
iter_num=845: train_lossf=4.6594, dt=0.557s, mfu=29.81%, tokens_per_sec=882,370
iter_num=846: train_lossf=4.5619, dt=0.706s, mfu=29.38%, tokens_per_sec=696,195
iter_num=847: train_lossf=4.5130, dt=0.558s, mfu=29.66%, tokens_per_sec=880,412
iter_num=848: train_lossf=4.5924, dt=0.748s, mfu=29.10%, tokens_per_sec=657,432
iter_num=849: train_lossf=4.2923, dt=0.577s, mfu=29.31%, tokens_per_sec=851,967
iter_num=850: train_lossf=4.5044, dt=0.566s, mfu=29.56%, tokens_per_sec=868,693
iter_num=851: train_lossf=4.4354, dt=0.563s, mfu=29.79%, tokens_per_sec=872,940
iter_num=852: train_lossf=4.6286, dt=0.562s, mfu=30.02%, tokens_per_sec=875,311
iter_num=853: train_lossf=4.4453, dt=0.571s, mfu=30.16%, tokens_per_sec=860,316
iter_num=854: train_lossf=4.5942, dt=0.569s, mfu=30.31%, tokens_per_sec=864,228
iter_num=855: train_lossf=4.5503, dt=0.701s, mfu=29.84%, tokens_per_sec=701,324
iter_num=856: train_lossf=4.5753, dt=0.563s, mfu=30.05%, tokens_per_sec=872,903
iter_num=857: train_lossf=4.5979, dt=0.565s, mfu=30.23%, tokens_per_sec=869,924
iter_num=858: train_lossf=4.4920, dt=0.703s, mfu=29.77%, tokens_per_sec=699,369
iter_num=859: train_lossf=4.6864, dt=0.570s, mfu=29.95%, tokens_per_sec=862,911
iter_num=860: train_lossf=4.6821, dt=0.571s, mfu=30.10%, tokens_per_sec=860,477
iter_num=861: train_lossf=4.4387, dt=0.750s, mfu=29.49%, tokens_per_sec=655,203
iter_num=862: train_lossf=4.4089, dt=0.570s, mfu=29.70%, tokens_per_sec=862,895
iter_num=863: train_lossf=4.3941, dt=0.568s, mfu=29.89%, tokens_per_sec=865,380
iter_num=864: train_lossf=4.4509, dt=0.865s, mfu=28.98%, tokens_per_sec=568,444
iter_num=865: train_lossf=4.5887, dt=0.602s, mfu=29.07%, tokens_per_sec=816,990
iter_num=866: train_lossf=4.6024, dt=0.567s, mfu=29.34%, tokens_per_sec=866,217
iter_num=867: train_lossf=4.5453, dt=0.696s, mfu=28.99%, tokens_per_sec=706,318
iter_num=868: train_lossf=4.3970, dt=0.569s, mfu=29.25%, tokens_per_sec=863,383
iter_num=869: train_lossf=4.5401, dt=0.573s, mfu=29.46%, tokens_per_sec=857,871
iter_num=870: train_lossf=4.4890, dt=0.562s, mfu=29.72%, tokens_per_sec=875,292
iter_num=871: train_lossf=4.4477, dt=0.575s, mfu=29.87%, tokens_per_sec=855,169
iter_num=872: train_lossf=4.3963, dt=0.719s, mfu=29.39%, tokens_per_sec=683,890
iter_num=873: train_lossf=4.4261, dt=0.566s, mfu=29.63%, tokens_per_sec=867,904
iter_num=874: train_lossf=4.3889, dt=0.573s, mfu=29.80%, tokens_per_sec=857,321
iter_num=875: train_lossf=4.3157, dt=0.565s, mfu=30.00%, tokens_per_sec=870,665
iter_num=876: train_lossf=4.3302, dt=0.573s, mfu=30.14%, tokens_per_sec=857,156
iter_num=877: train_lossf=4.5210, dt=0.567s, mfu=30.30%, tokens_per_sec=866,878
iter_num=878: train_lossf=4.4106, dt=0.561s, mfu=30.47%, tokens_per_sec=875,802
iter_num=879: train_lossf=4.4194, dt=0.581s, mfu=30.52%, tokens_per_sec=845,725
iter_num=880: train_lossf=4.5631, dt=0.771s, mfu=29.80%, tokens_per_sec=637,311
iter_num=881: train_lossf=4.4897, dt=0.829s, mfu=28.99%, tokens_per_sec=592,908
iter_num=882: train_lossf=4.5012, dt=0.567s, mfu=29.26%, tokens_per_sec=866,138
iter_num=883: train_lossf=4.4946, dt=0.564s, mfu=29.52%, tokens_per_sec=870,982
iter_num=884: train_lossf=4.3168, dt=0.574s, mfu=29.70%, tokens_per_sec=856,035
iter_num=885: train_lossf=4.5406, dt=0.563s, mfu=29.93%, tokens_per_sec=873,490
iter_num=886: train_lossf=4.4733, dt=0.562s, mfu=30.13%, tokens_per_sec=874,692
iter_num=887: train_lossf=4.4240, dt=0.561s, mfu=30.32%, tokens_per_sec=875,510
iter_num=888: train_lossf=4.2396, dt=0.754s, mfu=29.68%, tokens_per_sec=652,052
iter_num=889: train_lossf=4.4680, dt=0.772s, mfu=29.04%, tokens_per_sec=637,078
iter_num=890: train_lossf=4.2947, dt=0.709s, mfu=28.67%, tokens_per_sec=693,539
iter_num=891: train_lossf=4.4480, dt=0.581s, mfu=28.90%, tokens_per_sec=846,379
iter_num=892: train_lossf=4.4964, dt=0.567s, mfu=29.18%, tokens_per_sec=866,169
iter_num=893: train_lossf=4.4948, dt=0.567s, mfu=29.44%, tokens_per_sec=867,063
iter_num=894: train_lossf=4.4053, dt=0.741s, mfu=28.92%, tokens_per_sec=663,072
iter_num=895: train_lossf=4.3035, dt=0.758s, mfu=28.40%, tokens_per_sec=648,508
iter_num=896: train_lossf=4.4406, dt=0.580s, mfu=28.66%, tokens_per_sec=847,944
iter_num=897: train_lossf=4.5305, dt=0.580s, mfu=28.90%, tokens_per_sec=847,720
iter_num=898: train_lossf=4.4785, dt=0.745s, mfu=28.42%, tokens_per_sec=659,680
iter_num=899: train_lossf=4.5411, dt=0.564s, mfu=28.77%, tokens_per_sec=871,822
iter_num=900: train_lossf=4.3614, dt=0.583s, mfu=28.98%, tokens_per_sec=843,648
iter_num=901: train_lossf=4.4705, dt=0.579s, mfu=29.19%, tokens_per_sec=849,190
iter_num=902: train_lossf=4.4828, dt=0.931s, mfu=28.20%, tokens_per_sec=527,937
iter_num=903: train_lossf=4.4902, dt=0.569s, mfu=28.54%, tokens_per_sec=863,407
iter_num=904: train_lossf=4.4141, dt=0.569s, mfu=28.84%, tokens_per_sec=863,481
iter_num=905: train_lossf=4.3863, dt=0.570s, mfu=29.11%, tokens_per_sec=862,272
iter_num=906: train_lossf=4.2229, dt=0.579s, mfu=29.31%, tokens_per_sec=848,997
iter_num=907: train_lossf=4.4106, dt=0.759s, mfu=28.75%, tokens_per_sec=647,784
iter_num=908: train_lossf=4.5037, dt=0.570s, mfu=29.03%, tokens_per_sec=861,774
iter_num=909: train_lossf=4.3617, dt=0.585s, mfu=29.20%, tokens_per_sec=839,878
iter_num=910: train_lossf=4.4822, dt=0.571s, mfu=29.43%, tokens_per_sec=860,518
iter_num=911: train_lossf=4.2458, dt=0.564s, mfu=29.67%, tokens_per_sec=870,794
iter_num=912: train_lossf=4.2274, dt=0.584s, mfu=29.78%, tokens_per_sec=841,354
iter_num=913: train_lossf=4.4767, dt=0.584s, mfu=29.88%, tokens_per_sec=841,427
iter_num=914: train_lossf=4.3069, dt=0.566s, mfu=30.07%, tokens_per_sec=868,777
iter_num=915: train_lossf=4.3353, dt=0.574s, mfu=30.20%, tokens_per_sec=855,911
iter_num=916: train_lossf=4.3027, dt=0.704s, mfu=29.73%, tokens_per_sec=697,999
iter_num=917: train_lossf=4.4991, dt=0.567s, mfu=29.93%, tokens_per_sec=867,604
iter_num=918: train_lossf=4.2754, dt=0.580s, mfu=30.04%, tokens_per_sec=847,594
iter_num=919: train_lossf=4.6569, dt=0.568s, mfu=30.20%, tokens_per_sec=865,884
iter_num=920: train_lossf=4.4460, dt=0.575s, mfu=30.31%, tokens_per_sec=855,341
iter_num=921: train_lossf=4.3850, dt=0.569s, mfu=30.44%, tokens_per_sec=863,074
iter_num=922: train_lossf=4.4594, dt=0.777s, mfu=29.71%, tokens_per_sec=632,633
iter_num=923: train_lossf=4.2752, dt=0.570s, mfu=29.89%, tokens_per_sec=862,229
iter_num=924: train_lossf=4.4811, dt=0.565s, mfu=30.09%, tokens_per_sec=870,404
iter_num=925: train_lossf=4.2729, dt=0.575s, mfu=30.21%, tokens_per_sec=854,945
iter_num=926: train_lossf=4.2650, dt=0.571s, mfu=30.34%, tokens_per_sec=860,667
iter_num=927: train_lossf=4.1609, dt=0.564s, mfu=30.49%, tokens_per_sec=871,022
iter_num=928: train_lossf=4.3122, dt=0.581s, mfu=30.53%, tokens_per_sec=845,844
iter_num=929: train_lossf=4.4080, dt=0.565s, mfu=30.67%, tokens_per_sec=870,317
iter_num=930: train_lossf=4.3327, dt=0.701s, mfu=30.17%, tokens_per_sec=701,477
iter_num=931: train_lossf=4.5280, dt=0.562s, mfu=30.35%, tokens_per_sec=874,281
iter_num=932: train_lossf=4.4614, dt=0.571s, mfu=30.46%, tokens_per_sec=861,415
iter_num=933: train_lossf=4.5842, dt=0.563s, mfu=30.61%, tokens_per_sec=873,483
iter_num=934: train_lossf=4.3467, dt=0.564s, mfu=30.74%, tokens_per_sec=871,049
iter_num=935: train_lossf=4.5095, dt=0.575s, mfu=30.79%, tokens_per_sec=854,363
iter_num=936: train_lossf=4.0480, dt=0.561s, mfu=30.91%, tokens_per_sec=875,452
iter_num=937: train_lossf=4.4206, dt=0.705s, mfu=30.38%, tokens_per_sec=697,625
iter_num=938: train_lossf=4.2806, dt=0.713s, mfu=29.86%, tokens_per_sec=689,708
iter_num=939: train_lossf=4.5545, dt=0.578s, mfu=29.99%, tokens_per_sec=850,884
iter_num=940: train_lossf=4.4431, dt=0.567s, mfu=30.16%, tokens_per_sec=867,370
iter_num=941: train_lossf=4.3551, dt=0.577s, mfu=30.26%, tokens_per_sec=851,238
iter_num=942: train_lossf=4.2814, dt=0.878s, mfu=29.28%, tokens_per_sec=560,092
iter_num=943: train_lossf=4.4152, dt=0.572s, mfu=29.50%, tokens_per_sec=859,206
iter_num=944: train_lossf=4.3478, dt=0.573s, mfu=29.69%, tokens_per_sec=857,116
iter_num=945: train_lossf=4.3363, dt=0.570s, mfu=29.87%, tokens_per_sec=861,740
iter_num=946: train_lossf=4.2795, dt=0.574s, mfu=30.02%, tokens_per_sec=856,478
iter_num=947: train_lossf=4.3572, dt=0.570s, mfu=30.17%, tokens_per_sec=862,094
iter_num=948: train_lossf=4.0251, dt=0.564s, mfu=30.34%, tokens_per_sec=870,814
iter_num=949: train_lossf=4.3173, dt=0.818s, mfu=29.50%, tokens_per_sec=601,045
iter_num=950: train_lossf=4.0745, dt=0.701s, mfu=29.12%, tokens_per_sec=701,426
iter_num=951: train_lossf=4.0945, dt=0.569s, mfu=29.37%, tokens_per_sec=864,214
iter_num=952: train_lossf=4.2031, dt=0.704s, mfu=28.99%, tokens_per_sec=698,352
iter_num=953: train_lossf=4.1858, dt=0.572s, mfu=29.23%, tokens_per_sec=859,845
iter_num=954: train_lossf=4.3445, dt=0.583s, mfu=29.40%, tokens_per_sec=843,637
iter_num=955: train_lossf=4.4257, dt=0.570s, mfu=29.61%, tokens_per_sec=862,850
iter_num=956: train_lossf=4.2982, dt=0.704s, mfu=29.21%, tokens_per_sec=698,187
iter_num=957: train_lossf=4.3382, dt=0.727s, mfu=28.76%, tokens_per_sec=675,970
iter_num=958: train_lossf=4.3075, dt=0.556s, mfu=29.12%, tokens_per_sec=884,442
iter_num=959: train_lossf=4.3545, dt=0.715s, mfu=28.72%, tokens_per_sec=687,702
iter_num=960: train_lossf=4.3994, dt=0.584s, mfu=28.93%, tokens_per_sec=842,344
iter_num=961: train_lossf=4.5580, dt=0.814s, mfu=28.25%, tokens_per_sec=603,645
iter_num=962: train_lossf=4.5109, dt=0.711s, mfu=27.95%, tokens_per_sec=691,591
iter_num=963: train_lossf=4.4313, dt=0.573s, mfu=28.30%, tokens_per_sec=858,501
iter_num=964: train_lossf=4.2955, dt=0.729s, mfu=27.94%, tokens_per_sec=674,430
iter_num=965: train_lossf=4.2399, dt=0.713s, mfu=27.67%, tokens_per_sec=689,295
iter_num=966: train_lossf=4.1558, dt=0.569s, mfu=28.06%, tokens_per_sec=863,271
iter_num=967: train_lossf=4.3006, dt=0.579s, mfu=28.36%, tokens_per_sec=848,380
iter_num=968: train_lossf=4.3693, dt=0.565s, mfu=28.71%, tokens_per_sec=870,711
iter_num=969: train_lossf=4.2830, dt=0.722s, mfu=28.33%, tokens_per_sec=680,693
iter_num=970: train_lossf=4.0155, dt=0.577s, mfu=28.61%, tokens_per_sec=851,838
iter_num=971: train_lossf=4.2788, dt=0.574s, mfu=28.88%, tokens_per_sec=856,187
iter_num=972: train_lossf=4.3575, dt=0.583s, mfu=29.08%, tokens_per_sec=842,658
iter_num=973: train_lossf=4.2931, dt=0.565s, mfu=29.35%, tokens_per_sec=870,146
iter_num=974: train_lossf=4.2904, dt=0.566s, mfu=29.60%, tokens_per_sec=868,784
iter_num=975: train_lossf=4.2283, dt=0.576s, mfu=29.76%, tokens_per_sec=852,721
iter_num=976: train_lossf=4.1445, dt=0.577s, mfu=29.90%, tokens_per_sec=851,766
iter_num=977: train_lossf=4.2826, dt=0.577s, mfu=30.03%, tokens_per_sec=852,397
iter_num=978: train_lossf=4.2174, dt=0.572s, mfu=30.16%, tokens_per_sec=858,734
iter_num=979: train_lossf=4.3928, dt=0.576s, mfu=30.27%, tokens_per_sec=853,292
iter_num=980: train_lossf=4.0448, dt=0.569s, mfu=30.40%, tokens_per_sec=863,541
iter_num=981: train_lossf=4.2126, dt=0.562s, mfu=30.56%, tokens_per_sec=873,877
iter_num=982: train_lossf=4.2303, dt=0.703s, mfu=30.06%, tokens_per_sec=698,707
iter_num=983: train_lossf=4.2132, dt=0.564s, mfu=30.24%, tokens_per_sec=871,603
iter_num=984: train_lossf=4.2656, dt=0.563s, mfu=30.41%, tokens_per_sec=872,697
iter_num=985: train_lossf=4.2380, dt=0.575s, mfu=30.50%, tokens_per_sec=854,475
iter_num=986: train_lossf=4.3528, dt=0.572s, mfu=30.59%, tokens_per_sec=858,995
iter_num=987: train_lossf=4.2747, dt=0.944s, mfu=29.43%, tokens_per_sec=520,447
iter_num=988: train_lossf=4.3863, dt=0.702s, mfu=29.05%, tokens_per_sec=700,448
iter_num=989: train_lossf=4.3532, dt=0.572s, mfu=29.29%, tokens_per_sec=859,114
iter_num=990: train_lossf=4.2761, dt=0.711s, mfu=28.89%, tokens_per_sec=691,271
iter_num=991: train_lossf=4.1487, dt=0.571s, mfu=29.15%, tokens_per_sec=861,250
iter_num=992: train_lossf=4.3180, dt=0.569s, mfu=29.40%, tokens_per_sec=863,479
iter_num=993: train_lossf=4.3849, dt=0.565s, mfu=29.64%, tokens_per_sec=869,644
iter_num=994: train_lossf=4.1310, dt=0.568s, mfu=29.84%, tokens_per_sec=866,110
iter_num=995: train_lossf=4.4894, dt=0.570s, mfu=30.02%, tokens_per_sec=862,679
iter_num=996: train_lossf=4.1321, dt=0.779s, mfu=29.32%, tokens_per_sec=631,121
iter_num=997: train_lossf=4.2495, dt=0.560s, mfu=29.60%, tokens_per_sec=877,692
iter_num=998: train_lossf=4.0945, dt=0.567s, mfu=29.81%, tokens_per_sec=866,683
iter_num=999: train_lossf=4.1937, dt=0.563s, mfu=30.02%, tokens_per_sec=872,541
iter_num=1000: train_lossf=4.0532, dt=0.577s, mfu=30.14%, tokens_per_sec=851,407
step 1001: train loss 4.2576, val loss 4.2678
saving checkpoint to out/width_512_lr_0.00390625/
iter_num=1001: train_lossf=4.2340, dt=10.851s, mfu=27.29%, tokens_per_sec=45,299
