Running with width=256, lr=0.00390625
----------------------------------
SLURM_JOB_NODELIST: jrc0349
MASTER_ADDR:MASTER_PORT=10.14.3.31:9469
----------------------------------
[2024-12-10 18:50:44,809] torch.distributed.run: [WARNING] master_addr is only used for static rdzv_backend and when rdzv_endpoint is not specified.
[2024-12-10 18:50:44,809] torch.distributed.run: [WARNING] 
[2024-12-10 18:50:44,809] torch.distributed.run: [WARNING] *****************************************
[2024-12-10 18:50:44,809] torch.distributed.run: [WARNING] Setting OMP_NUM_THREADS environment variable for each process to be 1 in default, to avoid your system being overloaded, please further tune the variable for optimal performance in your application as needed. 
[2024-12-10 18:50:44,809] torch.distributed.run: [WARNING] *****************************************
[W socket.cpp:436] [c10d] The server socket cannot be initialized on [::]:9469 (errno: 97 - Address family not supported by protocol).
[W socket.cpp:663] [c10d] The client socket cannot be initialized to connect to [jrc0349i.jureca]:9469 (errno: 97 - Address family not supported by protocol).
Overriding: out_dir = out/width_256_lr_0.00390625/
Overriding: n_head = 4
Overriding: n_embd = 256
Overriding: learning_rate = 0.00390625
[W socket.cpp:663] [c10d] The client socket cannot be initialized to connect to [jrc0349.jureca]:49459 (errno: 97 - Address family not supported by protocol).
Overriding: out_dir = out/width_256_lr_0.00390625/
Overriding: n_head = 4
Overriding: n_embd = 256
Overriding: learning_rate = 0.00390625
Overriding: out_dir = out/width_256_lr_0.00390625/
Overriding: n_head = 4
Overriding: n_embd = 256
Overriding: learning_rate = 0.00390625
[W socket.cpp:663] [c10d] The client socket cannot be initialized to connect to [jrc0349.jureca]:49459 (errno: 97 - Address family not supported by protocol).
[W socket.cpp:663] [c10d] The client socket cannot be initialized to connect to [jrc0349.jureca]:49459 (errno: 97 - Address family not supported by protocol).
Overriding: out_dir = out/width_256_lr_0.00390625/
Overriding: n_head = 4
Overriding: n_embd = 256
Overriding: learning_rate = 0.00390625
[W socket.cpp:436] [c10d] The server socket cannot be initialized on [::]:49459 (errno: 97 - Address family not supported by protocol).
[W socket.cpp:663] [c10d] The client socket cannot be initialized to connect to [jrc0349.jureca]:49459 (errno: 97 - Address family not supported by protocol).
tokens per iteration will be: 491,520
Initializing a new model from scratch
defaulting to vocab_size of GPT-2 to 50304 (50257 rounded up for efficiency)
tokens per iteration will be: 491,520
tokens per iteration will be: 491,520
tokens per iteration will be: 491,520
Initializing a new model from scratch
defaulting to vocab_size of GPT-2 to 50304 (50257 rounded up for efficiency)
Initializing a new model from scratch
defaulting to vocab_size of GPT-2 to 50304 (50257 rounded up for efficiency)
Initializing a new model from scratch
defaulting to vocab_size of GPT-2 to 50304 (50257 rounded up for efficiency)
number of parameters: 22.32M
number of parameters: 22.32M
number of parameters: 22.32M
number of parameters: 22.32M
num decayed parameter tensors: 50, with 22,577,152 parameters
num non-decayed parameter tensors: 25, with 6,400 parameters
using fused AdamW: True
compiling the model... (takes a ~minute)
num decayed parameter tensors: 50, with 22,577,152 parameters
num non-decayed parameter tensors: 25, with 6,400 parameters
using fused AdamW: True
compiling the model... (takes a ~minute)
num decayed parameter tensors: 50, with 22,577,152 parameters
num non-decayed parameter tensors: 25, with 6,400 parameters
using fused AdamW: True
compiling the model... (takes a ~minute)
num decayed parameter tensors: 50, with 22,577,152 parameters
num non-decayed parameter tensors: 25, with 6,400 parameters
using fused AdamW: True
compiling the model... (takes a ~minute)
step 0: train loss 10.8556, val loss 10.8557
iter_num=0: train_lossf=10.8617, dt=118.108s, mfu=0.00%, tokens_per_sec=4,162
iter_num=1: train_lossf=10.8550, dt=3.092s, mfu=0.00%, tokens_per_sec=158,985
iter_num=2: train_lossf=10.8476, dt=2.663s, mfu=0.00%, tokens_per_sec=184,547
iter_num=3: train_lossf=10.8388, dt=2.405s, mfu=0.00%, tokens_per_sec=204,401
iter_num=4: train_lossf=10.8117, dt=2.257s, mfu=0.00%, tokens_per_sec=217,748
iter_num=5: train_lossf=10.7974, dt=2.724s, mfu=0.00%, tokens_per_sec=180,437
iter_num=6: train_lossf=10.7695, dt=2.346s, mfu=0.00%, tokens_per_sec=209,498
iter_num=7: train_lossf=10.7373, dt=2.301s, mfu=0.00%, tokens_per_sec=213,572
iter_num=8: train_lossf=10.7058, dt=2.205s, mfu=0.00%, tokens_per_sec=222,899
iter_num=9: train_lossf=10.6627, dt=1.818s, mfu=0.00%, tokens_per_sec=270,291
iter_num=10: train_lossf=10.6193, dt=1.987s, mfu=0.00%, tokens_per_sec=247,401
iter_num=11: train_lossf=10.6051, dt=1.700s, mfu=2.91%, tokens_per_sec=289,141
iter_num=12: train_lossf=10.5880, dt=1.643s, mfu=3.03%, tokens_per_sec=299,149
iter_num=13: train_lossf=10.5760, dt=1.697s, mfu=3.13%, tokens_per_sec=289,629
iter_num=14: train_lossf=10.5233, dt=1.473s, mfu=3.27%, tokens_per_sec=333,642
iter_num=15: train_lossf=10.5196, dt=1.478s, mfu=3.40%, tokens_per_sec=332,615
iter_num=16: train_lossf=10.4827, dt=1.241s, mfu=3.61%, tokens_per_sec=395,984
iter_num=17: train_lossf=10.4758, dt=1.404s, mfu=3.73%, tokens_per_sec=349,962
iter_num=18: train_lossf=10.4424, dt=1.190s, mfu=3.92%, tokens_per_sec=413,013
iter_num=19: train_lossf=10.4497, dt=1.119s, mfu=4.14%, tokens_per_sec=439,412
iter_num=20: train_lossf=10.4267, dt=1.339s, mfu=4.23%, tokens_per_sec=366,973
iter_num=21: train_lossf=10.4295, dt=0.973s, mfu=4.50%, tokens_per_sec=504,992
iter_num=22: train_lossf=10.4134, dt=1.467s, mfu=4.51%, tokens_per_sec=335,126
iter_num=23: train_lossf=10.4039, dt=1.088s, mfu=4.68%, tokens_per_sec=451,678
iter_num=24: train_lossf=10.3690, dt=0.867s, mfu=4.99%, tokens_per_sec=567,244
iter_num=25: train_lossf=10.3263, dt=0.872s, mfu=5.27%, tokens_per_sec=563,789
iter_num=26: train_lossf=10.3292, dt=0.857s, mfu=5.53%, tokens_per_sec=573,619
iter_num=27: train_lossf=10.3348, dt=0.758s, mfu=5.87%, tokens_per_sec=648,064
iter_num=28: train_lossf=10.3446, dt=0.944s, mfu=6.00%, tokens_per_sec=520,928
iter_num=29: train_lossf=10.3599, dt=1.006s, mfu=6.07%, tokens_per_sec=488,537
iter_num=30: train_lossf=10.2674, dt=0.997s, mfu=6.14%, tokens_per_sec=493,165
iter_num=31: train_lossf=10.2993, dt=0.614s, mfu=6.63%, tokens_per_sec=800,610
iter_num=32: train_lossf=10.2640, dt=0.932s, mfu=6.69%, tokens_per_sec=527,513
iter_num=33: train_lossf=10.2540, dt=0.951s, mfu=6.73%, tokens_per_sec=516,841
iter_num=34: train_lossf=10.2330, dt=0.882s, mfu=6.83%, tokens_per_sec=557,323
iter_num=35: train_lossf=10.2173, dt=1.199s, mfu=6.71%, tokens_per_sec=410,053
iter_num=36: train_lossf=10.2610, dt=0.701s, mfu=7.00%, tokens_per_sec=701,427
iter_num=37: train_lossf=10.2010, dt=0.981s, mfu=6.99%, tokens_per_sec=500,851
iter_num=38: train_lossf=10.1705, dt=1.035s, mfu=6.95%, tokens_per_sec=474,960
iter_num=39: train_lossf=10.1436, dt=0.602s, mfu=7.37%, tokens_per_sec=816,735
iter_num=40: train_lossf=10.1764, dt=0.498s, mfu=8.00%, tokens_per_sec=987,223
iter_num=41: train_lossf=10.1564, dt=0.586s, mfu=8.35%, tokens_per_sec=838,432
iter_num=42: train_lossf=10.1168, dt=0.532s, mfu=8.78%, tokens_per_sec=923,167
iter_num=43: train_lossf=10.1223, dt=0.713s, mfu=8.85%, tokens_per_sec=689,304
iter_num=44: train_lossf=10.1073, dt=0.909s, mfu=8.71%, tokens_per_sec=540,937
iter_num=45: train_lossf=10.0679, dt=0.578s, mfu=9.01%, tokens_per_sec=849,926
iter_num=46: train_lossf=10.1196, dt=0.562s, mfu=9.31%, tokens_per_sec=873,888
iter_num=47: train_lossf=10.0237, dt=0.707s, mfu=9.34%, tokens_per_sec=695,026
iter_num=48: train_lossf=10.0186, dt=0.634s, mfu=9.47%, tokens_per_sec=775,345
iter_num=49: train_lossf=9.9630, dt=0.579s, mfu=9.69%, tokens_per_sec=848,718
iter_num=50: train_lossf=9.9801, dt=0.493s, mfu=10.09%, tokens_per_sec=996,903
iter_num=51: train_lossf=10.0106, dt=0.641s, mfu=10.14%, tokens_per_sec=767,053
iter_num=52: train_lossf=9.9269, dt=0.663s, mfu=10.14%, tokens_per_sec=741,251
iter_num=53: train_lossf=9.9610, dt=0.560s, mfu=10.34%, tokens_per_sec=877,791
iter_num=54: train_lossf=9.9945, dt=0.666s, mfu=10.32%, tokens_per_sec=738,285
iter_num=55: train_lossf=9.8795, dt=0.588s, mfu=10.44%, tokens_per_sec=835,535
iter_num=56: train_lossf=9.9017, dt=0.432s, mfu=10.96%, tokens_per_sec=1,138,303
iter_num=57: train_lossf=9.8994, dt=0.715s, mfu=10.81%, tokens_per_sec=687,540
iter_num=58: train_lossf=9.8185, dt=0.667s, mfu=10.74%, tokens_per_sec=737,094
iter_num=59: train_lossf=9.8607, dt=0.464s, mfu=11.13%, tokens_per_sec=1,059,551
iter_num=60: train_lossf=9.8181, dt=0.466s, mfu=11.46%, tokens_per_sec=1,055,678
iter_num=61: train_lossf=9.7751, dt=0.609s, mfu=11.43%, tokens_per_sec=807,133
iter_num=62: train_lossf=9.7475, dt=0.548s, mfu=11.52%, tokens_per_sec=896,832
iter_num=63: train_lossf=9.7646, dt=0.488s, mfu=11.75%, tokens_per_sec=1,006,191
iter_num=64: train_lossf=9.8052, dt=0.419s, mfu=12.19%, tokens_per_sec=1,173,443
iter_num=65: train_lossf=9.7167, dt=0.620s, mfu=12.06%, tokens_per_sec=793,084
iter_num=66: train_lossf=9.6771, dt=0.675s, mfu=11.86%, tokens_per_sec=728,196
iter_num=67: train_lossf=9.6959, dt=0.716s, mfu=11.62%, tokens_per_sec=686,706
iter_num=68: train_lossf=9.7287, dt=0.603s, mfu=11.58%, tokens_per_sec=815,013
iter_num=69: train_lossf=9.6500, dt=0.585s, mfu=11.57%, tokens_per_sec=840,265
iter_num=70: train_lossf=9.5981, dt=0.460s, mfu=11.89%, tokens_per_sec=1,069,420
iter_num=71: train_lossf=9.6372, dt=0.600s, mfu=11.83%, tokens_per_sec=819,766
iter_num=72: train_lossf=9.5936, dt=0.536s, mfu=11.91%, tokens_per_sec=917,185
iter_num=73: train_lossf=9.6112, dt=0.421s, mfu=12.32%, tokens_per_sec=1,167,959
iter_num=74: train_lossf=9.5357, dt=0.534s, mfu=12.36%, tokens_per_sec=920,028
iter_num=75: train_lossf=9.5701, dt=0.617s, mfu=12.22%, tokens_per_sec=796,374
iter_num=76: train_lossf=9.4881, dt=0.392s, mfu=12.72%, tokens_per_sec=1,252,970
iter_num=77: train_lossf=9.4870, dt=0.415s, mfu=13.08%, tokens_per_sec=1,184,808
iter_num=78: train_lossf=9.4284, dt=0.457s, mfu=13.25%, tokens_per_sec=1,076,695
iter_num=79: train_lossf=9.4872, dt=0.406s, mfu=13.59%, tokens_per_sec=1,210,263
iter_num=80: train_lossf=9.4210, dt=0.372s, mfu=14.05%, tokens_per_sec=1,320,792
iter_num=81: train_lossf=9.3656, dt=0.395s, mfu=14.35%, tokens_per_sec=1,243,289
iter_num=82: train_lossf=9.4337, dt=0.380s, mfu=14.69%, tokens_per_sec=1,292,144
iter_num=83: train_lossf=9.3738, dt=0.443s, mfu=14.75%, tokens_per_sec=1,109,866
iter_num=84: train_lossf=9.2790, dt=0.414s, mfu=14.91%, tokens_per_sec=1,188,348
iter_num=85: train_lossf=9.1833, dt=0.377s, mfu=15.21%, tokens_per_sec=1,302,052
iter_num=86: train_lossf=9.2400, dt=0.374s, mfu=15.50%, tokens_per_sec=1,314,327
iter_num=87: train_lossf=9.2709, dt=0.566s, mfu=15.14%, tokens_per_sec=868,324
iter_num=88: train_lossf=9.2178, dt=0.385s, mfu=15.38%, tokens_per_sec=1,276,110
iter_num=89: train_lossf=9.2219, dt=0.424s, mfu=15.44%, tokens_per_sec=1,159,797
iter_num=90: train_lossf=9.1762, dt=0.380s, mfu=15.68%, tokens_per_sec=1,292,829
iter_num=91: train_lossf=9.1487, dt=0.363s, mfu=15.97%, tokens_per_sec=1,353,434
iter_num=92: train_lossf=9.1265, dt=0.380s, mfu=16.15%, tokens_per_sec=1,293,474
iter_num=93: train_lossf=9.0130, dt=0.408s, mfu=16.19%, tokens_per_sec=1,203,478
iter_num=94: train_lossf=9.0684, dt=0.387s, mfu=16.32%, tokens_per_sec=1,269,423
iter_num=95: train_lossf=9.1668, dt=0.382s, mfu=16.46%, tokens_per_sec=1,285,433
iter_num=96: train_lossf=9.0768, dt=0.386s, mfu=16.56%, tokens_per_sec=1,273,544
iter_num=97: train_lossf=8.9253, dt=0.377s, mfu=16.70%, tokens_per_sec=1,302,546
iter_num=98: train_lossf=9.0466, dt=0.382s, mfu=16.80%, tokens_per_sec=1,285,784
iter_num=99: train_lossf=8.8922, dt=0.389s, mfu=16.86%, tokens_per_sec=1,264,740
iter_num=100: train_lossf=8.9335, dt=0.401s, mfu=16.86%, tokens_per_sec=1,224,276
iter_num=101: train_lossf=8.8886, dt=0.399s, mfu=16.86%, tokens_per_sec=1,230,829
iter_num=102: train_lossf=8.9508, dt=0.402s, mfu=16.86%, tokens_per_sec=1,222,223
iter_num=103: train_lossf=8.8703, dt=0.429s, mfu=16.75%, tokens_per_sec=1,147,011
iter_num=104: train_lossf=8.9121, dt=0.620s, mfu=16.17%, tokens_per_sec=792,386
iter_num=105: train_lossf=8.8094, dt=0.409s, mfu=16.20%, tokens_per_sec=1,201,859
iter_num=106: train_lossf=8.8024, dt=0.380s, mfu=16.36%, tokens_per_sec=1,294,593
iter_num=107: train_lossf=8.8090, dt=0.369s, mfu=16.56%, tokens_per_sec=1,332,585
iter_num=108: train_lossf=8.7405, dt=0.557s, mfu=16.12%, tokens_per_sec=882,530
iter_num=109: train_lossf=8.7140, dt=0.388s, mfu=16.25%, tokens_per_sec=1,266,098
iter_num=110: train_lossf=8.7026, dt=0.586s, mfu=15.78%, tokens_per_sec=838,853
iter_num=111: train_lossf=8.6675, dt=0.550s, mfu=15.43%, tokens_per_sec=894,085
iter_num=112: train_lossf=8.9117, dt=0.359s, mfu=15.77%, tokens_per_sec=1,367,649
iter_num=113: train_lossf=8.5752, dt=0.388s, mfu=15.93%, tokens_per_sec=1,267,172
iter_num=114: train_lossf=8.5828, dt=0.360s, mfu=16.22%, tokens_per_sec=1,363,594
iter_num=115: train_lossf=8.4790, dt=0.394s, mfu=16.31%, tokens_per_sec=1,247,661
iter_num=116: train_lossf=8.4482, dt=0.373s, mfu=16.49%, tokens_per_sec=1,316,495
iter_num=117: train_lossf=8.5331, dt=0.372s, mfu=16.66%, tokens_per_sec=1,320,724
iter_num=118: train_lossf=8.5242, dt=0.373s, mfu=16.81%, tokens_per_sec=1,318,202
iter_num=119: train_lossf=8.5072, dt=0.404s, mfu=16.80%, tokens_per_sec=1,217,907
iter_num=120: train_lossf=8.4619, dt=0.394s, mfu=16.84%, tokens_per_sec=1,246,267
iter_num=121: train_lossf=8.3359, dt=0.382s, mfu=16.92%, tokens_per_sec=1,285,413
iter_num=122: train_lossf=8.4331, dt=0.371s, mfu=17.05%, tokens_per_sec=1,326,117
iter_num=123: train_lossf=8.4794, dt=0.391s, mfu=17.08%, tokens_per_sec=1,257,683
iter_num=124: train_lossf=8.4457, dt=0.403s, mfu=17.05%, tokens_per_sec=1,220,457
iter_num=125: train_lossf=8.4146, dt=0.364s, mfu=17.20%, tokens_per_sec=1,352,143
iter_num=126: train_lossf=8.3070, dt=0.383s, mfu=17.25%, tokens_per_sec=1,283,338
iter_num=127: train_lossf=8.3929, dt=0.379s, mfu=17.31%, tokens_per_sec=1,296,081
iter_num=128: train_lossf=8.3324, dt=0.597s, mfu=16.71%, tokens_per_sec=823,902
iter_num=129: train_lossf=8.1754, dt=0.466s, mfu=16.49%, tokens_per_sec=1,055,724
iter_num=130: train_lossf=8.1704, dt=0.588s, mfu=15.99%, tokens_per_sec=836,316
iter_num=131: train_lossf=8.1408, dt=0.789s, mfu=15.25%, tokens_per_sec=623,208
iter_num=132: train_lossf=8.1809, dt=0.389s, mfu=15.46%, tokens_per_sec=1,262,210
iter_num=133: train_lossf=8.0530, dt=0.391s, mfu=15.65%, tokens_per_sec=1,258,470
iter_num=134: train_lossf=8.2487, dt=0.555s, mfu=15.30%, tokens_per_sec=884,971
iter_num=135: train_lossf=7.9872, dt=0.401s, mfu=15.46%, tokens_per_sec=1,225,753
iter_num=136: train_lossf=8.1985, dt=0.381s, mfu=15.68%, tokens_per_sec=1,289,707
iter_num=137: train_lossf=8.0424, dt=0.360s, mfu=16.00%, tokens_per_sec=1,366,830
iter_num=138: train_lossf=7.9615, dt=0.600s, mfu=15.52%, tokens_per_sec=818,656
iter_num=139: train_lossf=7.9319, dt=0.411s, mfu=15.61%, tokens_per_sec=1,194,963
iter_num=140: train_lossf=7.9503, dt=0.378s, mfu=15.84%, tokens_per_sec=1,301,647
iter_num=141: train_lossf=7.9805, dt=0.367s, mfu=16.10%, tokens_per_sec=1,339,553
iter_num=142: train_lossf=8.0380, dt=0.394s, mfu=16.21%, tokens_per_sec=1,246,240
iter_num=143: train_lossf=7.8959, dt=0.386s, mfu=16.34%, tokens_per_sec=1,274,454
iter_num=144: train_lossf=7.9581, dt=0.610s, mfu=15.81%, tokens_per_sec=805,291
iter_num=145: train_lossf=7.7841, dt=0.378s, mfu=16.02%, tokens_per_sec=1,298,673
iter_num=146: train_lossf=8.0956, dt=0.393s, mfu=16.14%, tokens_per_sec=1,250,056
iter_num=147: train_lossf=7.7935, dt=0.396s, mfu=16.23%, tokens_per_sec=1,241,000
iter_num=148: train_lossf=7.7950, dt=0.422s, mfu=16.21%, tokens_per_sec=1,165,698
iter_num=149: train_lossf=7.7912, dt=0.411s, mfu=16.23%, tokens_per_sec=1,195,872
iter_num=150: train_lossf=7.7277, dt=0.427s, mfu=16.19%, tokens_per_sec=1,149,922
iter_num=151: train_lossf=7.9879, dt=0.421s, mfu=16.18%, tokens_per_sec=1,168,282
iter_num=152: train_lossf=7.8163, dt=0.408s, mfu=16.22%, tokens_per_sec=1,203,787
iter_num=153: train_lossf=7.5011, dt=0.444s, mfu=16.12%, tokens_per_sec=1,107,024
iter_num=154: train_lossf=7.6866, dt=0.455s, mfu=15.99%, tokens_per_sec=1,080,141
iter_num=155: train_lossf=7.6307, dt=0.361s, mfu=16.27%, tokens_per_sec=1,362,402
iter_num=156: train_lossf=7.6960, dt=0.367s, mfu=16.49%, tokens_per_sec=1,340,937
iter_num=157: train_lossf=7.4146, dt=0.367s, mfu=16.68%, tokens_per_sec=1,338,974
iter_num=158: train_lossf=7.5674, dt=0.825s, mfu=15.83%, tokens_per_sec=595,434
iter_num=159: train_lossf=7.6425, dt=0.404s, mfu=15.92%, tokens_per_sec=1,216,695
iter_num=160: train_lossf=7.5338, dt=0.577s, mfu=15.50%, tokens_per_sec=852,318
iter_num=161: train_lossf=7.5961, dt=0.610s, mfu=15.06%, tokens_per_sec=805,562
iter_num=162: train_lossf=7.5468, dt=0.587s, mfu=14.70%, tokens_per_sec=836,871
iter_num=163: train_lossf=7.3611, dt=0.604s, mfu=14.35%, tokens_per_sec=814,360
iter_num=164: train_lossf=7.5789, dt=0.405s, mfu=14.59%, tokens_per_sec=1,213,059
iter_num=165: train_lossf=7.5224, dt=0.390s, mfu=14.86%, tokens_per_sec=1,260,673
iter_num=166: train_lossf=7.4323, dt=0.608s, mfu=14.49%, tokens_per_sec=808,129
iter_num=167: train_lossf=7.5388, dt=0.404s, mfu=14.71%, tokens_per_sec=1,217,417
iter_num=168: train_lossf=7.3047, dt=0.378s, mfu=15.03%, tokens_per_sec=1,299,476
iter_num=169: train_lossf=7.3437, dt=0.650s, mfu=14.57%, tokens_per_sec=755,604
iter_num=170: train_lossf=7.6041, dt=0.667s, mfu=14.12%, tokens_per_sec=736,975
iter_num=171: train_lossf=7.2715, dt=0.654s, mfu=13.74%, tokens_per_sec=751,081
iter_num=172: train_lossf=7.3743, dt=0.603s, mfu=13.49%, tokens_per_sec=814,667
iter_num=173: train_lossf=7.3313, dt=0.403s, mfu=13.82%, tokens_per_sec=1,219,181
iter_num=174: train_lossf=7.5930, dt=0.545s, mfu=13.68%, tokens_per_sec=901,388
iter_num=175: train_lossf=7.3009, dt=0.407s, mfu=13.97%, tokens_per_sec=1,206,318
iter_num=176: train_lossf=7.2337, dt=0.405s, mfu=14.24%, tokens_per_sec=1,213,447
iter_num=177: train_lossf=7.3528, dt=0.464s, mfu=14.27%, tokens_per_sec=1,058,848
iter_num=178: train_lossf=7.3592, dt=0.671s, mfu=13.85%, tokens_per_sec=732,573
iter_num=179: train_lossf=7.1532, dt=0.727s, mfu=13.40%, tokens_per_sec=676,334
iter_num=180: train_lossf=7.0123, dt=0.421s, mfu=13.66%, tokens_per_sec=1,167,330
iter_num=181: train_lossf=7.3180, dt=0.383s, mfu=14.07%, tokens_per_sec=1,284,324
iter_num=182: train_lossf=7.4367, dt=0.366s, mfu=14.51%, tokens_per_sec=1,344,521
iter_num=183: train_lossf=7.1401, dt=0.416s, mfu=14.68%, tokens_per_sec=1,181,141
iter_num=184: train_lossf=6.9266, dt=0.621s, mfu=14.30%, tokens_per_sec=792,058
iter_num=185: train_lossf=7.0217, dt=0.399s, mfu=14.57%, tokens_per_sec=1,232,620
iter_num=186: train_lossf=6.9766, dt=0.481s, mfu=14.52%, tokens_per_sec=1,022,258
iter_num=187: train_lossf=7.2681, dt=0.405s, mfu=14.73%, tokens_per_sec=1,212,371
iter_num=188: train_lossf=6.9570, dt=0.377s, mfu=15.05%, tokens_per_sec=1,302,133
iter_num=189: train_lossf=7.0902, dt=0.445s, mfu=15.07%, tokens_per_sec=1,104,382
iter_num=190: train_lossf=6.8991, dt=0.484s, mfu=14.96%, tokens_per_sec=1,015,840
iter_num=191: train_lossf=7.1385, dt=0.421s, mfu=15.07%, tokens_per_sec=1,168,448
iter_num=192: train_lossf=7.3140, dt=0.397s, mfu=15.26%, tokens_per_sec=1,236,942
iter_num=193: train_lossf=7.3121, dt=0.390s, mfu=15.47%, tokens_per_sec=1,261,439
iter_num=194: train_lossf=6.9281, dt=0.992s, mfu=14.61%, tokens_per_sec=495,316
iter_num=195: train_lossf=6.9942, dt=0.398s, mfu=14.84%, tokens_per_sec=1,234,681
iter_num=196: train_lossf=6.9524, dt=0.396s, mfu=15.07%, tokens_per_sec=1,241,495
iter_num=197: train_lossf=7.1000, dt=0.808s, mfu=14.40%, tokens_per_sec=607,969
iter_num=198: train_lossf=6.9439, dt=0.398s, mfu=14.66%, tokens_per_sec=1,235,729
iter_num=199: train_lossf=7.0485, dt=0.384s, mfu=14.95%, tokens_per_sec=1,279,238
iter_num=200: train_lossf=7.2863, dt=0.371s, mfu=15.28%, tokens_per_sec=1,324,990
iter_num=201: train_lossf=6.7907, dt=0.388s, mfu=15.49%, tokens_per_sec=1,266,417
iter_num=202: train_lossf=6.8189, dt=0.396s, mfu=15.65%, tokens_per_sec=1,239,930
iter_num=203: train_lossf=6.8592, dt=0.399s, mfu=15.78%, tokens_per_sec=1,233,397
iter_num=204: train_lossf=6.8327, dt=0.438s, mfu=15.75%, tokens_per_sec=1,123,356
iter_num=205: train_lossf=6.9596, dt=0.835s, mfu=14.98%, tokens_per_sec=588,696
iter_num=206: train_lossf=6.9570, dt=0.838s, mfu=14.29%, tokens_per_sec=586,445
iter_num=207: train_lossf=6.6196, dt=0.403s, mfu=14.54%, tokens_per_sec=1,220,887
iter_num=208: train_lossf=6.8191, dt=0.423s, mfu=14.69%, tokens_per_sec=1,161,961
iter_num=209: train_lossf=6.8988, dt=0.644s, mfu=14.27%, tokens_per_sec=763,719
iter_num=210: train_lossf=6.8738, dt=0.597s, mfu=13.97%, tokens_per_sec=822,782
iter_num=211: train_lossf=6.8002, dt=0.392s, mfu=14.30%, tokens_per_sec=1,253,366
iter_num=212: train_lossf=6.7433, dt=0.378s, mfu=14.66%, tokens_per_sec=1,300,652
iter_num=213: train_lossf=6.6227, dt=0.654s, mfu=14.23%, tokens_per_sec=751,390
iter_num=214: train_lossf=6.9394, dt=0.454s, mfu=14.29%, tokens_per_sec=1,082,470
iter_num=215: train_lossf=6.7863, dt=0.372s, mfu=14.68%, tokens_per_sec=1,321,559
iter_num=216: train_lossf=6.6280, dt=0.397s, mfu=14.92%, tokens_per_sec=1,238,981
iter_num=217: train_lossf=6.6232, dt=1.295s, mfu=13.95%, tokens_per_sec=379,518
iter_num=218: train_lossf=6.7038, dt=0.794s, mfu=13.40%, tokens_per_sec=618,911
iter_num=219: train_lossf=6.5673, dt=0.583s, mfu=13.22%, tokens_per_sec=843,004
iter_num=220: train_lossf=6.7812, dt=0.426s, mfu=13.49%, tokens_per_sec=1,152,960
iter_num=221: train_lossf=6.7664, dt=0.590s, mfu=13.28%, tokens_per_sec=832,382
iter_num=222: train_lossf=6.6476, dt=0.368s, mfu=13.79%, tokens_per_sec=1,334,287
iter_num=223: train_lossf=6.6249, dt=0.370s, mfu=14.24%, tokens_per_sec=1,326,837
iter_num=224: train_lossf=6.7353, dt=0.360s, mfu=14.69%, tokens_per_sec=1,363,558
iter_num=225: train_lossf=6.5063, dt=0.434s, mfu=14.78%, tokens_per_sec=1,133,116
iter_num=226: train_lossf=6.6388, dt=0.573s, mfu=14.48%, tokens_per_sec=857,293
iter_num=227: train_lossf=6.5213, dt=0.771s, mfu=13.91%, tokens_per_sec=637,422
iter_num=228: train_lossf=6.7541, dt=0.608s, mfu=13.63%, tokens_per_sec=808,952
iter_num=229: train_lossf=6.6268, dt=0.417s, mfu=13.89%, tokens_per_sec=1,178,317
iter_num=230: train_lossf=6.5323, dt=0.379s, mfu=14.28%, tokens_per_sec=1,295,351
iter_num=231: train_lossf=6.5722, dt=0.370s, mfu=14.68%, tokens_per_sec=1,329,073
iter_num=232: train_lossf=6.7951, dt=0.480s, mfu=14.62%, tokens_per_sec=1,023,579
iter_num=233: train_lossf=6.5978, dt=0.373s, mfu=14.97%, tokens_per_sec=1,316,764
iter_num=234: train_lossf=6.7155, dt=0.378s, mfu=15.27%, tokens_per_sec=1,302,023
iter_num=235: train_lossf=6.5842, dt=0.409s, mfu=15.39%, tokens_per_sec=1,202,245
iter_num=236: train_lossf=6.8570, dt=0.409s, mfu=15.51%, tokens_per_sec=1,202,499
iter_num=237: train_lossf=6.7947, dt=0.425s, mfu=15.55%, tokens_per_sec=1,155,198
iter_num=238: train_lossf=6.7171, dt=0.367s, mfu=15.83%, tokens_per_sec=1,337,474
iter_num=239: train_lossf=6.3289, dt=0.562s, mfu=15.45%, tokens_per_sec=873,957
iter_num=240: train_lossf=6.6815, dt=0.369s, mfu=15.74%, tokens_per_sec=1,333,484
iter_num=241: train_lossf=6.4746, dt=0.363s, mfu=16.03%, tokens_per_sec=1,355,529
iter_num=242: train_lossf=6.6042, dt=0.377s, mfu=16.22%, tokens_per_sec=1,302,169
iter_num=243: train_lossf=6.3814, dt=0.394s, mfu=16.31%, tokens_per_sec=1,247,556
iter_num=244: train_lossf=6.6344, dt=0.373s, mfu=16.50%, tokens_per_sec=1,319,284
iter_num=245: train_lossf=6.4944, dt=0.373s, mfu=16.66%, tokens_per_sec=1,319,223
iter_num=246: train_lossf=6.6821, dt=0.367s, mfu=16.84%, tokens_per_sec=1,339,256
iter_num=247: train_lossf=6.5886, dt=0.615s, mfu=16.25%, tokens_per_sec=799,389
iter_num=248: train_lossf=6.6952, dt=0.378s, mfu=16.42%, tokens_per_sec=1,299,792
iter_num=249: train_lossf=6.4318, dt=0.384s, mfu=16.54%, tokens_per_sec=1,280,509
iter_num=250: train_lossf=6.4640, dt=0.375s, mfu=16.69%, tokens_per_sec=1,310,873
iter_num=251: train_lossf=6.4838, dt=0.383s, mfu=16.78%, tokens_per_sec=1,284,791
iter_num=252: train_lossf=6.5534, dt=0.372s, mfu=16.92%, tokens_per_sec=1,319,554
iter_num=253: train_lossf=6.5030, dt=0.552s, mfu=16.45%, tokens_per_sec=890,554
iter_num=254: train_lossf=6.4275, dt=0.382s, mfu=16.58%, tokens_per_sec=1,286,838
iter_num=255: train_lossf=6.3187, dt=0.361s, mfu=16.79%, tokens_per_sec=1,359,787
iter_num=256: train_lossf=6.3955, dt=0.367s, mfu=16.95%, tokens_per_sec=1,338,101
iter_num=257: train_lossf=6.3147, dt=0.386s, mfu=17.01%, tokens_per_sec=1,273,024
iter_num=258: train_lossf=6.5073, dt=0.371s, mfu=17.13%, tokens_per_sec=1,324,106
iter_num=259: train_lossf=6.4602, dt=0.373s, mfu=17.23%, tokens_per_sec=1,319,262
iter_num=260: train_lossf=6.4122, dt=0.371s, mfu=17.33%, tokens_per_sec=1,323,745
iter_num=261: train_lossf=6.4934, dt=0.368s, mfu=17.43%, tokens_per_sec=1,335,304
iter_num=262: train_lossf=6.4492, dt=0.374s, mfu=17.50%, tokens_per_sec=1,312,614
iter_num=263: train_lossf=6.2440, dt=0.373s, mfu=17.56%, tokens_per_sec=1,318,358
iter_num=264: train_lossf=6.3829, dt=0.398s, mfu=17.50%, tokens_per_sec=1,236,240
iter_num=265: train_lossf=6.3775, dt=0.369s, mfu=17.58%, tokens_per_sec=1,331,187
iter_num=266: train_lossf=6.6407, dt=0.591s, mfu=16.97%, tokens_per_sec=831,292
iter_num=267: train_lossf=6.4052, dt=0.359s, mfu=17.16%, tokens_per_sec=1,369,041
iter_num=268: train_lossf=6.5500, dt=0.384s, mfu=17.20%, tokens_per_sec=1,281,156
iter_num=269: train_lossf=6.4743, dt=0.367s, mfu=17.33%, tokens_per_sec=1,340,655
iter_num=270: train_lossf=6.3642, dt=0.378s, mfu=17.38%, tokens_per_sec=1,299,880
iter_num=271: train_lossf=6.1944, dt=0.594s, mfu=16.78%, tokens_per_sec=827,857
iter_num=272: train_lossf=6.2609, dt=0.367s, mfu=16.95%, tokens_per_sec=1,339,211
iter_num=273: train_lossf=6.2961, dt=0.569s, mfu=16.44%, tokens_per_sec=864,287
iter_num=274: train_lossf=6.5907, dt=0.376s, mfu=16.60%, tokens_per_sec=1,308,293
iter_num=275: train_lossf=6.3266, dt=0.367s, mfu=16.78%, tokens_per_sec=1,337,556
iter_num=276: train_lossf=6.3591, dt=0.376s, mfu=16.90%, tokens_per_sec=1,307,380
iter_num=277: train_lossf=6.3627, dt=0.357s, mfu=17.10%, tokens_per_sec=1,375,364
iter_num=278: train_lossf=6.4014, dt=0.370s, mfu=17.22%, tokens_per_sec=1,327,711
iter_num=279: train_lossf=6.4526, dt=0.371s, mfu=17.32%, tokens_per_sec=1,325,455
iter_num=280: train_lossf=6.2561, dt=0.598s, mfu=16.72%, tokens_per_sec=821,670
iter_num=281: train_lossf=6.6514, dt=0.370s, mfu=16.87%, tokens_per_sec=1,326,891
iter_num=282: train_lossf=6.3602, dt=0.357s, mfu=17.08%, tokens_per_sec=1,375,620
iter_num=283: train_lossf=6.4006, dt=0.379s, mfu=17.15%, tokens_per_sec=1,297,505
iter_num=284: train_lossf=6.3445, dt=0.372s, mfu=17.26%, tokens_per_sec=1,321,249
iter_num=285: train_lossf=6.5697, dt=0.612s, mfu=16.63%, tokens_per_sec=802,896
iter_num=286: train_lossf=6.1536, dt=0.369s, mfu=16.80%, tokens_per_sec=1,331,308
iter_num=287: train_lossf=6.3556, dt=0.365s, mfu=16.97%, tokens_per_sec=1,344,789
iter_num=288: train_lossf=6.1807, dt=0.397s, mfu=16.98%, tokens_per_sec=1,237,798
iter_num=289: train_lossf=6.2165, dt=0.374s, mfu=17.09%, tokens_per_sec=1,312,975
iter_num=290: train_lossf=6.1609, dt=0.397s, mfu=17.08%, tokens_per_sec=1,238,314
iter_num=291: train_lossf=6.1426, dt=0.364s, mfu=17.23%, tokens_per_sec=1,349,105
iter_num=292: train_lossf=6.0938, dt=0.392s, mfu=17.23%, tokens_per_sec=1,253,482
iter_num=293: train_lossf=6.5269, dt=0.390s, mfu=17.24%, tokens_per_sec=1,260,613
iter_num=294: train_lossf=6.2099, dt=0.564s, mfu=16.72%, tokens_per_sec=871,000
iter_num=295: train_lossf=6.1585, dt=0.363s, mfu=16.91%, tokens_per_sec=1,355,288
iter_num=296: train_lossf=6.3058, dt=0.366s, mfu=17.06%, tokens_per_sec=1,342,972
iter_num=297: train_lossf=6.3148, dt=0.831s, mfu=16.17%, tokens_per_sec=591,650
iter_num=298: train_lossf=6.2937, dt=0.363s, mfu=16.42%, tokens_per_sec=1,355,699
iter_num=299: train_lossf=6.0839, dt=0.379s, mfu=16.56%, tokens_per_sec=1,295,680
iter_num=300: train_lossf=6.1016, dt=0.378s, mfu=16.69%, tokens_per_sec=1,299,737
iter_num=301: train_lossf=6.2961, dt=0.359s, mfu=16.90%, tokens_per_sec=1,367,626
iter_num=302: train_lossf=6.2962, dt=0.368s, mfu=17.05%, tokens_per_sec=1,336,853
iter_num=303: train_lossf=6.3468, dt=0.367s, mfu=17.19%, tokens_per_sec=1,337,845
iter_num=304: train_lossf=6.1161, dt=0.393s, mfu=17.19%, tokens_per_sec=1,252,069
iter_num=305: train_lossf=6.1847, dt=0.419s, mfu=17.09%, tokens_per_sec=1,173,573
iter_num=306: train_lossf=6.0332, dt=0.627s, mfu=16.46%, tokens_per_sec=784,076
iter_num=307: train_lossf=6.3417, dt=0.399s, mfu=16.51%, tokens_per_sec=1,232,872
iter_num=308: train_lossf=6.2818, dt=0.580s, mfu=16.02%, tokens_per_sec=848,149
iter_num=309: train_lossf=6.1355, dt=0.380s, mfu=16.20%, tokens_per_sec=1,294,503
iter_num=310: train_lossf=6.2179, dt=0.391s, mfu=16.31%, tokens_per_sec=1,256,698
iter_num=311: train_lossf=6.3963, dt=0.392s, mfu=16.40%, tokens_per_sec=1,254,531
iter_num=312: train_lossf=6.2238, dt=0.390s, mfu=16.50%, tokens_per_sec=1,259,828
iter_num=313: train_lossf=6.5474, dt=0.381s, mfu=16.62%, tokens_per_sec=1,289,321
iter_num=314: train_lossf=6.2424, dt=0.367s, mfu=16.80%, tokens_per_sec=1,340,220
iter_num=315: train_lossf=6.1484, dt=0.376s, mfu=16.92%, tokens_per_sec=1,307,490
iter_num=316: train_lossf=6.1239, dt=0.366s, mfu=17.08%, tokens_per_sec=1,343,303
iter_num=317: train_lossf=6.1861, dt=0.418s, mfu=16.99%, tokens_per_sec=1,175,275
iter_num=318: train_lossf=6.1958, dt=0.382s, mfu=17.06%, tokens_per_sec=1,286,444
iter_num=319: train_lossf=6.2905, dt=0.426s, mfu=16.94%, tokens_per_sec=1,152,855
iter_num=320: train_lossf=6.0900, dt=0.420s, mfu=16.85%, tokens_per_sec=1,169,419
iter_num=321: train_lossf=6.1442, dt=0.374s, mfu=16.97%, tokens_per_sec=1,314,364
iter_num=322: train_lossf=6.3008, dt=0.382s, mfu=17.05%, tokens_per_sec=1,286,205
iter_num=323: train_lossf=6.1547, dt=0.583s, mfu=16.50%, tokens_per_sec=843,209
iter_num=324: train_lossf=6.2505, dt=0.413s, mfu=16.49%, tokens_per_sec=1,190,287
iter_num=325: train_lossf=6.1202, dt=0.358s, mfu=16.73%, tokens_per_sec=1,374,213
iter_num=326: train_lossf=6.2337, dt=0.390s, mfu=16.79%, tokens_per_sec=1,261,859
iter_num=327: train_lossf=6.5042, dt=0.365s, mfu=16.97%, tokens_per_sec=1,346,979
iter_num=328: train_lossf=6.3392, dt=0.831s, mfu=16.08%, tokens_per_sec=591,341
iter_num=329: train_lossf=6.1973, dt=0.401s, mfu=16.16%, tokens_per_sec=1,225,347
iter_num=330: train_lossf=6.1682, dt=0.370s, mfu=16.37%, tokens_per_sec=1,328,439
iter_num=331: train_lossf=6.1378, dt=0.361s, mfu=16.61%, tokens_per_sec=1,360,643
iter_num=332: train_lossf=6.1958, dt=0.390s, mfu=16.68%, tokens_per_sec=1,259,206
iter_num=333: train_lossf=6.0712, dt=0.363s, mfu=16.87%, tokens_per_sec=1,352,437
iter_num=334: train_lossf=6.1457, dt=0.369s, mfu=17.01%, tokens_per_sec=1,330,557
iter_num=335: train_lossf=6.2306, dt=0.372s, mfu=17.13%, tokens_per_sec=1,321,800
iter_num=336: train_lossf=6.1352, dt=0.797s, mfu=16.27%, tokens_per_sec=616,620
iter_num=337: train_lossf=6.0324, dt=0.403s, mfu=16.32%, tokens_per_sec=1,219,667
iter_num=338: train_lossf=6.1823, dt=0.439s, mfu=16.22%, tokens_per_sec=1,118,713
iter_num=339: train_lossf=6.1123, dt=0.829s, mfu=15.42%, tokens_per_sec=593,098
iter_num=340: train_lossf=6.0759, dt=0.407s, mfu=15.54%, tokens_per_sec=1,207,631
iter_num=341: train_lossf=6.1123, dt=0.616s, mfu=15.08%, tokens_per_sec=797,389
iter_num=342: train_lossf=6.2141, dt=0.410s, mfu=15.22%, tokens_per_sec=1,198,174
iter_num=343: train_lossf=6.0729, dt=0.587s, mfu=14.85%, tokens_per_sec=836,706
iter_num=344: train_lossf=6.0824, dt=0.419s, mfu=14.98%, tokens_per_sec=1,171,993
iter_num=345: train_lossf=6.0661, dt=0.447s, mfu=14.99%, tokens_per_sec=1,098,916
iter_num=346: train_lossf=6.1133, dt=0.400s, mfu=15.18%, tokens_per_sec=1,227,629
iter_num=347: train_lossf=6.3001, dt=0.397s, mfu=15.37%, tokens_per_sec=1,237,769
iter_num=348: train_lossf=5.8620, dt=0.391s, mfu=15.56%, tokens_per_sec=1,255,974
iter_num=349: train_lossf=6.1550, dt=0.373s, mfu=15.81%, tokens_per_sec=1,317,209
iter_num=350: train_lossf=6.3685, dt=0.390s, mfu=15.97%, tokens_per_sec=1,261,227
iter_num=351: train_lossf=6.0058, dt=0.392s, mfu=16.10%, tokens_per_sec=1,254,311
iter_num=352: train_lossf=6.4278, dt=0.468s, mfu=15.93%, tokens_per_sec=1,051,344
iter_num=353: train_lossf=6.0319, dt=0.413s, mfu=15.98%, tokens_per_sec=1,191,019
iter_num=354: train_lossf=5.9150, dt=0.592s, mfu=15.52%, tokens_per_sec=830,577
iter_num=355: train_lossf=5.9083, dt=0.752s, mfu=14.87%, tokens_per_sec=653,671
iter_num=356: train_lossf=5.8692, dt=0.395s, mfu=15.09%, tokens_per_sec=1,243,966
iter_num=357: train_lossf=5.8956, dt=0.382s, mfu=15.35%, tokens_per_sec=1,285,684
iter_num=358: train_lossf=5.9152, dt=0.427s, mfu=15.40%, tokens_per_sec=1,152,071
iter_num=359: train_lossf=5.9935, dt=0.399s, mfu=15.56%, tokens_per_sec=1,232,664
iter_num=360: train_lossf=6.0809, dt=0.375s, mfu=15.81%, tokens_per_sec=1,310,831
iter_num=361: train_lossf=5.9228, dt=0.383s, mfu=15.99%, tokens_per_sec=1,281,724
iter_num=362: train_lossf=6.1895, dt=0.371s, mfu=16.21%, tokens_per_sec=1,323,366
iter_num=363: train_lossf=5.9437, dt=0.355s, mfu=16.49%, tokens_per_sec=1,383,105
iter_num=364: train_lossf=5.9444, dt=0.387s, mfu=16.59%, tokens_per_sec=1,269,849
iter_num=365: train_lossf=6.1418, dt=0.421s, mfu=16.54%, tokens_per_sec=1,167,021
iter_num=366: train_lossf=6.1641, dt=0.412s, mfu=16.52%, tokens_per_sec=1,193,651
iter_num=367: train_lossf=5.8904, dt=0.380s, mfu=16.65%, tokens_per_sec=1,293,359
iter_num=368: train_lossf=5.8023, dt=0.566s, mfu=16.18%, tokens_per_sec=868,099
iter_num=369: train_lossf=6.2454, dt=0.368s, mfu=16.40%, tokens_per_sec=1,335,212
iter_num=370: train_lossf=6.0472, dt=0.378s, mfu=16.55%, tokens_per_sec=1,301,164
iter_num=371: train_lossf=5.9260, dt=0.355s, mfu=16.80%, tokens_per_sec=1,385,964
iter_num=372: train_lossf=6.0827, dt=0.383s, mfu=16.89%, tokens_per_sec=1,283,085
iter_num=373: train_lossf=5.9092, dt=0.368s, mfu=17.03%, tokens_per_sec=1,335,393
iter_num=374: train_lossf=6.0564, dt=0.365s, mfu=17.19%, tokens_per_sec=1,348,450
iter_num=375: train_lossf=6.1110, dt=0.367s, mfu=17.31%, tokens_per_sec=1,339,598
iter_num=376: train_lossf=6.1575, dt=0.359s, mfu=17.46%, tokens_per_sec=1,368,998
iter_num=377: train_lossf=6.1434, dt=0.366s, mfu=17.56%, tokens_per_sec=1,341,784
iter_num=378: train_lossf=5.9789, dt=0.622s, mfu=16.89%, tokens_per_sec=790,041
iter_num=379: train_lossf=5.9432, dt=0.366s, mfu=17.05%, tokens_per_sec=1,343,743
iter_num=380: train_lossf=5.9270, dt=0.359s, mfu=17.23%, tokens_per_sec=1,367,494
iter_num=381: train_lossf=6.1061, dt=0.379s, mfu=17.29%, tokens_per_sec=1,295,866
iter_num=382: train_lossf=5.9833, dt=0.375s, mfu=17.36%, tokens_per_sec=1,309,060
iter_num=383: train_lossf=6.0876, dt=0.366s, mfu=17.47%, tokens_per_sec=1,342,965
iter_num=384: train_lossf=5.7921, dt=0.645s, mfu=16.77%, tokens_per_sec=761,912
iter_num=385: train_lossf=5.9938, dt=0.369s, mfu=16.92%, tokens_per_sec=1,330,377
iter_num=386: train_lossf=5.9958, dt=0.373s, mfu=17.05%, tokens_per_sec=1,319,365
iter_num=387: train_lossf=5.9180, dt=0.385s, mfu=17.10%, tokens_per_sec=1,275,421
iter_num=388: train_lossf=6.2085, dt=0.384s, mfu=17.15%, tokens_per_sec=1,281,331
iter_num=389: train_lossf=6.0216, dt=0.365s, mfu=17.29%, tokens_per_sec=1,346,715
iter_num=390: train_lossf=5.9484, dt=0.370s, mfu=17.39%, tokens_per_sec=1,328,810
iter_num=391: train_lossf=6.3425, dt=0.367s, mfu=17.49%, tokens_per_sec=1,340,723
iter_num=392: train_lossf=5.8510, dt=0.368s, mfu=17.58%, tokens_per_sec=1,336,076
iter_num=393: train_lossf=5.8466, dt=0.374s, mfu=17.63%, tokens_per_sec=1,312,472
iter_num=394: train_lossf=6.0247, dt=0.360s, mfu=17.74%, tokens_per_sec=1,365,804
iter_num=395: train_lossf=5.9188, dt=0.375s, mfu=17.77%, tokens_per_sec=1,310,099
iter_num=396: train_lossf=6.0062, dt=0.554s, mfu=17.22%, tokens_per_sec=887,672
iter_num=397: train_lossf=6.0446, dt=0.367s, mfu=17.34%, tokens_per_sec=1,338,356
iter_num=398: train_lossf=5.9068, dt=0.371s, mfu=17.42%, tokens_per_sec=1,323,073
iter_num=399: train_lossf=6.1531, dt=0.389s, mfu=17.42%, tokens_per_sec=1,262,112
iter_num=400: train_lossf=6.0603, dt=0.391s, mfu=17.40%, tokens_per_sec=1,255,975
iter_num=401: train_lossf=5.8969, dt=0.414s, mfu=17.30%, tokens_per_sec=1,187,237
iter_num=402: train_lossf=5.9056, dt=0.371s, mfu=17.39%, tokens_per_sec=1,325,543
iter_num=403: train_lossf=5.8600, dt=0.365s, mfu=17.50%, tokens_per_sec=1,346,299
iter_num=404: train_lossf=5.8831, dt=0.360s, mfu=17.63%, tokens_per_sec=1,365,277
iter_num=405: train_lossf=5.7441, dt=0.568s, mfu=17.06%, tokens_per_sec=864,779
iter_num=406: train_lossf=6.0039, dt=0.659s, mfu=16.38%, tokens_per_sec=746,045
iter_num=407: train_lossf=5.7883, dt=0.366s, mfu=16.59%, tokens_per_sec=1,343,665
iter_num=408: train_lossf=5.9373, dt=0.373s, mfu=16.74%, tokens_per_sec=1,317,624
iter_num=409: train_lossf=6.0271, dt=0.372s, mfu=16.89%, tokens_per_sec=1,321,783
iter_num=410: train_lossf=5.6789, dt=0.370s, mfu=17.02%, tokens_per_sec=1,327,709
iter_num=411: train_lossf=5.7038, dt=0.381s, mfu=17.09%, tokens_per_sec=1,289,304
iter_num=412: train_lossf=5.8353, dt=0.397s, mfu=17.09%, tokens_per_sec=1,236,884
iter_num=413: train_lossf=6.0767, dt=0.593s, mfu=16.52%, tokens_per_sec=828,639
iter_num=414: train_lossf=5.9701, dt=0.373s, mfu=16.68%, tokens_per_sec=1,317,538
iter_num=415: train_lossf=5.9995, dt=0.381s, mfu=16.79%, tokens_per_sec=1,291,080
iter_num=416: train_lossf=5.9589, dt=0.375s, mfu=16.91%, tokens_per_sec=1,310,579
iter_num=417: train_lossf=5.8817, dt=0.397s, mfu=16.92%, tokens_per_sec=1,236,700
iter_num=418: train_lossf=5.9908, dt=0.790s, mfu=16.08%, tokens_per_sec=622,000
iter_num=419: train_lossf=5.6284, dt=0.371s, mfu=16.30%, tokens_per_sec=1,326,244
iter_num=420: train_lossf=5.8082, dt=0.351s, mfu=16.60%, tokens_per_sec=1,401,212
iter_num=421: train_lossf=6.1160, dt=0.365s, mfu=16.79%, tokens_per_sec=1,347,830
iter_num=422: train_lossf=5.9811, dt=0.360s, mfu=16.99%, tokens_per_sec=1,366,474
iter_num=423: train_lossf=5.9219, dt=0.389s, mfu=17.03%, tokens_per_sec=1,264,177
iter_num=424: train_lossf=5.8858, dt=0.389s, mfu=17.07%, tokens_per_sec=1,264,935
iter_num=425: train_lossf=5.9434, dt=0.383s, mfu=17.13%, tokens_per_sec=1,283,611
iter_num=426: train_lossf=5.9213, dt=0.364s, mfu=17.27%, tokens_per_sec=1,349,780
iter_num=427: train_lossf=6.0117, dt=0.394s, mfu=17.26%, tokens_per_sec=1,246,371
iter_num=428: train_lossf=6.1169, dt=0.388s, mfu=17.28%, tokens_per_sec=1,267,116
iter_num=429: train_lossf=5.8829, dt=0.602s, mfu=16.67%, tokens_per_sec=816,387
iter_num=430: train_lossf=6.0836, dt=0.385s, mfu=16.76%, tokens_per_sec=1,278,129
iter_num=431: train_lossf=5.9386, dt=0.374s, mfu=16.90%, tokens_per_sec=1,314,559
iter_num=432: train_lossf=5.7935, dt=0.572s, mfu=16.39%, tokens_per_sec=858,700
iter_num=433: train_lossf=5.7743, dt=0.359s, mfu=16.63%, tokens_per_sec=1,368,844
iter_num=434: train_lossf=5.9416, dt=0.363s, mfu=16.83%, tokens_per_sec=1,352,984
iter_num=435: train_lossf=5.7728, dt=0.569s, mfu=16.34%, tokens_per_sec=864,305
iter_num=436: train_lossf=6.3239, dt=0.389s, mfu=16.44%, tokens_per_sec=1,264,283
iter_num=437: train_lossf=6.0120, dt=0.380s, mfu=16.58%, tokens_per_sec=1,293,546
iter_num=438: train_lossf=5.9055, dt=0.390s, mfu=16.65%, tokens_per_sec=1,261,523
iter_num=439: train_lossf=5.8876, dt=0.381s, mfu=16.77%, tokens_per_sec=1,291,711
iter_num=440: train_lossf=5.8001, dt=0.375s, mfu=16.89%, tokens_per_sec=1,311,573
iter_num=441: train_lossf=5.6982, dt=0.545s, mfu=16.44%, tokens_per_sec=901,753
iter_num=442: train_lossf=5.8921, dt=0.591s, mfu=15.94%, tokens_per_sec=831,559
iter_num=443: train_lossf=5.7919, dt=0.581s, mfu=15.51%, tokens_per_sec=845,801
iter_num=444: train_lossf=5.7684, dt=0.380s, mfu=15.74%, tokens_per_sec=1,294,582
iter_num=445: train_lossf=5.7850, dt=0.381s, mfu=15.94%, tokens_per_sec=1,289,180
iter_num=446: train_lossf=5.8777, dt=0.441s, mfu=15.88%, tokens_per_sec=1,115,206
iter_num=447: train_lossf=5.9079, dt=0.413s, mfu=15.93%, tokens_per_sec=1,190,034
iter_num=448: train_lossf=5.8297, dt=0.413s, mfu=15.97%, tokens_per_sec=1,190,159
iter_num=449: train_lossf=5.7359, dt=0.397s, mfu=16.08%, tokens_per_sec=1,238,759
iter_num=450: train_lossf=5.6041, dt=0.391s, mfu=16.20%, tokens_per_sec=1,257,205
iter_num=451: train_lossf=5.8396, dt=0.373s, mfu=16.40%, tokens_per_sec=1,317,988
iter_num=452: train_lossf=5.7844, dt=0.361s, mfu=16.63%, tokens_per_sec=1,361,407
iter_num=453: train_lossf=5.7297, dt=0.388s, mfu=16.71%, tokens_per_sec=1,265,635
iter_num=454: train_lossf=5.6958, dt=0.675s, mfu=16.04%, tokens_per_sec=728,341
iter_num=455: train_lossf=5.6557, dt=0.372s, mfu=16.25%, tokens_per_sec=1,320,975
iter_num=456: train_lossf=5.6679, dt=0.366s, mfu=16.48%, tokens_per_sec=1,344,047
iter_num=457: train_lossf=5.7503, dt=0.544s, mfu=16.07%, tokens_per_sec=904,128
iter_num=458: train_lossf=5.6294, dt=0.417s, mfu=16.08%, tokens_per_sec=1,177,398
iter_num=459: train_lossf=5.9189, dt=0.435s, mfu=16.03%, tokens_per_sec=1,130,775
iter_num=460: train_lossf=5.7381, dt=0.606s, mfu=15.54%, tokens_per_sec=811,179
iter_num=461: train_lossf=5.9329, dt=0.403s, mfu=15.67%, tokens_per_sec=1,219,807
iter_num=462: train_lossf=5.8408, dt=0.377s, mfu=15.89%, tokens_per_sec=1,304,114
iter_num=463: train_lossf=5.8092, dt=0.391s, mfu=16.04%, tokens_per_sec=1,258,667
iter_num=464: train_lossf=5.8701, dt=0.395s, mfu=16.14%, tokens_per_sec=1,243,988
iter_num=465: train_lossf=5.7531, dt=0.380s, mfu=16.31%, tokens_per_sec=1,293,984
iter_num=466: train_lossf=5.8165, dt=0.480s, mfu=16.09%, tokens_per_sec=1,023,852
iter_num=467: train_lossf=5.7408, dt=0.512s, mfu=15.80%, tokens_per_sec=960,073
iter_num=468: train_lossf=5.7701, dt=0.428s, mfu=15.80%, tokens_per_sec=1,147,334
iter_num=469: train_lossf=5.6862, dt=0.407s, mfu=15.88%, tokens_per_sec=1,206,829
iter_num=470: train_lossf=5.6525, dt=0.376s, mfu=16.09%, tokens_per_sec=1,306,934
iter_num=471: train_lossf=5.7475, dt=0.375s, mfu=16.28%, tokens_per_sec=1,312,184
iter_num=472: train_lossf=5.7481, dt=0.821s, mfu=15.48%, tokens_per_sec=598,790
iter_num=473: train_lossf=5.8319, dt=0.374s, mfu=15.74%, tokens_per_sec=1,314,654
iter_num=474: train_lossf=5.7725, dt=0.592s, mfu=15.31%, tokens_per_sec=830,344
iter_num=475: train_lossf=5.8505, dt=0.445s, mfu=15.30%, tokens_per_sec=1,103,679
iter_num=476: train_lossf=5.9357, dt=0.397s, mfu=15.47%, tokens_per_sec=1,236,893
iter_num=477: train_lossf=5.7582, dt=0.386s, mfu=15.67%, tokens_per_sec=1,273,001
iter_num=478: train_lossf=5.7808, dt=0.396s, mfu=15.81%, tokens_per_sec=1,240,169
iter_num=479: train_lossf=6.0089, dt=0.370s, mfu=16.05%, tokens_per_sec=1,326,826
iter_num=480: train_lossf=5.7886, dt=0.421s, mfu=16.06%, tokens_per_sec=1,167,216
iter_num=481: train_lossf=5.7881, dt=0.361s, mfu=16.32%, tokens_per_sec=1,362,776
iter_num=482: train_lossf=5.9314, dt=0.413s, mfu=16.33%, tokens_per_sec=1,190,861
iter_num=483: train_lossf=6.0095, dt=0.388s, mfu=16.44%, tokens_per_sec=1,265,766
iter_num=484: train_lossf=5.7151, dt=0.411s, mfu=16.44%, tokens_per_sec=1,197,016
iter_num=485: train_lossf=5.6674, dt=0.432s, mfu=16.36%, tokens_per_sec=1,137,680
iter_num=486: train_lossf=5.7105, dt=0.400s, mfu=16.42%, tokens_per_sec=1,228,144
iter_num=487: train_lossf=5.7836, dt=0.419s, mfu=16.39%, tokens_per_sec=1,173,834
iter_num=488: train_lossf=5.8740, dt=0.372s, mfu=16.57%, tokens_per_sec=1,322,459
iter_num=489: train_lossf=5.5924, dt=0.444s, mfu=16.44%, tokens_per_sec=1,107,497
iter_num=490: train_lossf=5.6897, dt=0.391s, mfu=16.52%, tokens_per_sec=1,258,264
iter_num=491: train_lossf=5.6537, dt=0.362s, mfu=16.74%, tokens_per_sec=1,359,202
iter_num=492: train_lossf=5.9967, dt=0.413s, mfu=16.71%, tokens_per_sec=1,191,445
iter_num=493: train_lossf=5.6596, dt=0.415s, mfu=16.66%, tokens_per_sec=1,184,343
iter_num=494: train_lossf=5.7649, dt=0.426s, mfu=16.59%, tokens_per_sec=1,154,861
iter_num=495: train_lossf=5.7245, dt=0.653s, mfu=15.96%, tokens_per_sec=752,168
iter_num=496: train_lossf=5.4999, dt=0.614s, mfu=15.47%, tokens_per_sec=800,278
iter_num=497: train_lossf=5.7629, dt=0.367s, mfu=15.76%, tokens_per_sec=1,337,976
iter_num=498: train_lossf=5.7522, dt=0.367s, mfu=16.03%, tokens_per_sec=1,338,298
iter_num=499: train_lossf=5.6667, dt=0.379s, mfu=16.21%, tokens_per_sec=1,297,469
iter_num=500: train_lossf=5.5620, dt=0.450s, mfu=16.09%, tokens_per_sec=1,091,362
iter_num=501: train_lossf=5.8750, dt=0.383s, mfu=16.25%, tokens_per_sec=1,284,968
iter_num=502: train_lossf=5.8573, dt=0.387s, mfu=16.37%, tokens_per_sec=1,270,162
iter_num=503: train_lossf=5.9416, dt=0.423s, mfu=16.33%, tokens_per_sec=1,160,627
iter_num=504: train_lossf=5.9195, dt=0.408s, mfu=16.35%, tokens_per_sec=1,203,609
iter_num=505: train_lossf=5.6752, dt=0.449s, mfu=16.22%, tokens_per_sec=1,094,872
iter_num=506: train_lossf=5.6588, dt=0.427s, mfu=16.18%, tokens_per_sec=1,151,049
iter_num=507: train_lossf=5.9369, dt=0.377s, mfu=16.36%, tokens_per_sec=1,303,718
iter_num=508: train_lossf=5.9600, dt=0.385s, mfu=16.48%, tokens_per_sec=1,276,155
iter_num=509: train_lossf=5.6909, dt=0.408s, mfu=16.49%, tokens_per_sec=1,205,003
iter_num=510: train_lossf=5.7167, dt=0.636s, mfu=15.90%, tokens_per_sec=772,595
iter_num=511: train_lossf=5.5275, dt=0.399s, mfu=16.01%, tokens_per_sec=1,232,684
iter_num=512: train_lossf=5.9758, dt=0.382s, mfu=16.18%, tokens_per_sec=1,286,850
iter_num=513: train_lossf=5.7232, dt=0.384s, mfu=16.32%, tokens_per_sec=1,278,720
iter_num=514: train_lossf=5.6150, dt=0.566s, mfu=15.88%, tokens_per_sec=868,387
iter_num=515: train_lossf=5.4698, dt=0.385s, mfu=16.05%, tokens_per_sec=1,275,296
iter_num=516: train_lossf=5.7039, dt=0.367s, mfu=16.29%, tokens_per_sec=1,340,524
iter_num=517: train_lossf=5.6557, dt=0.375s, mfu=16.46%, tokens_per_sec=1,310,618
iter_num=518: train_lossf=5.6539, dt=0.558s, mfu=16.03%, tokens_per_sec=881,229
iter_num=519: train_lossf=5.6993, dt=0.410s, mfu=16.07%, tokens_per_sec=1,197,549
iter_num=520: train_lossf=5.5810, dt=0.366s, mfu=16.31%, tokens_per_sec=1,341,378
iter_num=521: train_lossf=5.8039, dt=0.381s, mfu=16.45%, tokens_per_sec=1,290,643
iter_num=522: train_lossf=5.6512, dt=0.370s, mfu=16.63%, tokens_per_sec=1,327,233
iter_num=523: train_lossf=5.9397, dt=0.382s, mfu=16.74%, tokens_per_sec=1,285,036
iter_num=524: train_lossf=5.6667, dt=0.393s, mfu=16.78%, tokens_per_sec=1,249,614
iter_num=525: train_lossf=5.6650, dt=0.586s, mfu=16.26%, tokens_per_sec=838,602
iter_num=526: train_lossf=5.6041, dt=0.371s, mfu=16.46%, tokens_per_sec=1,324,815
iter_num=527: train_lossf=5.6443, dt=0.441s, mfu=16.34%, tokens_per_sec=1,113,644
iter_num=528: train_lossf=5.5100, dt=0.423s, mfu=16.31%, tokens_per_sec=1,162,062
iter_num=529: train_lossf=5.6674, dt=0.413s, mfu=16.31%, tokens_per_sec=1,191,348
iter_num=530: train_lossf=5.5749, dt=0.377s, mfu=16.48%, tokens_per_sec=1,303,840
iter_num=531: train_lossf=5.5535, dt=0.392s, mfu=16.55%, tokens_per_sec=1,253,028
iter_num=532: train_lossf=5.5664, dt=0.588s, mfu=16.05%, tokens_per_sec=835,375
iter_num=533: train_lossf=5.5932, dt=0.377s, mfu=16.23%, tokens_per_sec=1,302,536
iter_num=534: train_lossf=5.5439, dt=0.371s, mfu=16.43%, tokens_per_sec=1,325,756
iter_num=535: train_lossf=5.9816, dt=0.355s, mfu=16.70%, tokens_per_sec=1,384,959
iter_num=536: train_lossf=5.7125, dt=0.380s, mfu=16.81%, tokens_per_sec=1,293,979
iter_num=537: train_lossf=5.8262, dt=0.382s, mfu=16.89%, tokens_per_sec=1,285,427
iter_num=538: train_lossf=5.4194, dt=0.421s, mfu=16.81%, tokens_per_sec=1,168,830
iter_num=539: train_lossf=5.6453, dt=0.377s, mfu=16.93%, tokens_per_sec=1,304,382
iter_num=540: train_lossf=5.7909, dt=0.364s, mfu=17.09%, tokens_per_sec=1,351,946
iter_num=541: train_lossf=5.6466, dt=0.365s, mfu=17.24%, tokens_per_sec=1,348,411
iter_num=542: train_lossf=5.5980, dt=0.376s, mfu=17.31%, tokens_per_sec=1,306,924
iter_num=543: train_lossf=5.6361, dt=0.368s, mfu=17.42%, tokens_per_sec=1,336,176
iter_num=544: train_lossf=5.5225, dt=0.382s, mfu=17.45%, tokens_per_sec=1,287,357
iter_num=545: train_lossf=5.4698, dt=0.371s, mfu=17.53%, tokens_per_sec=1,325,817
iter_num=546: train_lossf=5.9051, dt=0.534s, mfu=17.04%, tokens_per_sec=920,957
iter_num=547: train_lossf=5.6331, dt=0.371s, mfu=17.16%, tokens_per_sec=1,324,178
iter_num=548: train_lossf=5.5794, dt=0.567s, mfu=16.64%, tokens_per_sec=866,896
iter_num=549: train_lossf=5.5129, dt=0.401s, mfu=16.66%, tokens_per_sec=1,224,387
iter_num=550: train_lossf=5.6940, dt=0.588s, mfu=16.14%, tokens_per_sec=836,332
iter_num=551: train_lossf=5.7373, dt=0.379s, mfu=16.31%, tokens_per_sec=1,297,301
iter_num=552: train_lossf=5.4923, dt=0.625s, mfu=15.76%, tokens_per_sec=786,029
iter_num=553: train_lossf=5.6503, dt=0.362s, mfu=16.05%, tokens_per_sec=1,358,245
iter_num=554: train_lossf=5.7260, dt=0.366s, mfu=16.30%, tokens_per_sec=1,344,491
iter_num=555: train_lossf=5.5580, dt=0.398s, mfu=16.37%, tokens_per_sec=1,234,513
iter_num=556: train_lossf=5.7442, dt=0.454s, mfu=16.22%, tokens_per_sec=1,083,212
iter_num=557: train_lossf=5.5395, dt=0.380s, mfu=16.38%, tokens_per_sec=1,294,231
iter_num=558: train_lossf=5.4975, dt=0.384s, mfu=16.50%, tokens_per_sec=1,280,529
iter_num=559: train_lossf=5.4360, dt=0.394s, mfu=16.57%, tokens_per_sec=1,247,354
iter_num=560: train_lossf=5.5123, dt=0.544s, mfu=16.15%, tokens_per_sec=903,826
iter_num=561: train_lossf=5.8253, dt=0.383s, mfu=16.31%, tokens_per_sec=1,284,107
iter_num=562: train_lossf=5.5985, dt=0.373s, mfu=16.49%, tokens_per_sec=1,317,208
iter_num=563: train_lossf=5.8196, dt=0.385s, mfu=16.59%, tokens_per_sec=1,277,136
iter_num=564: train_lossf=5.5519, dt=0.367s, mfu=16.78%, tokens_per_sec=1,338,008
iter_num=565: train_lossf=5.4407, dt=0.389s, mfu=16.84%, tokens_per_sec=1,264,069
iter_num=566: train_lossf=5.5851, dt=0.383s, mfu=16.92%, tokens_per_sec=1,282,332
iter_num=567: train_lossf=5.5932, dt=0.380s, mfu=17.00%, tokens_per_sec=1,292,194
iter_num=568: train_lossf=5.5839, dt=0.353s, mfu=17.22%, tokens_per_sec=1,391,930
iter_num=569: train_lossf=5.5533, dt=0.400s, mfu=17.18%, tokens_per_sec=1,227,718
iter_num=570: train_lossf=5.4578, dt=0.376s, mfu=17.26%, tokens_per_sec=1,305,920
iter_num=571: train_lossf=5.4848, dt=0.639s, mfu=16.59%, tokens_per_sec=769,140
iter_num=572: train_lossf=5.5568, dt=0.375s, mfu=16.74%, tokens_per_sec=1,310,971
iter_num=573: train_lossf=5.6183, dt=0.578s, mfu=16.23%, tokens_per_sec=849,897
iter_num=574: train_lossf=5.5054, dt=0.369s, mfu=16.44%, tokens_per_sec=1,332,580
iter_num=575: train_lossf=5.5440, dt=0.390s, mfu=16.53%, tokens_per_sec=1,261,677
iter_num=576: train_lossf=5.5262, dt=0.392s, mfu=16.60%, tokens_per_sec=1,252,713
iter_num=577: train_lossf=5.8080, dt=0.377s, mfu=16.74%, tokens_per_sec=1,303,877
iter_num=578: train_lossf=5.7441, dt=0.369s, mfu=16.90%, tokens_per_sec=1,333,342
iter_num=579: train_lossf=5.5318, dt=0.392s, mfu=16.93%, tokens_per_sec=1,254,948
iter_num=580: train_lossf=5.4619, dt=0.376s, mfu=17.04%, tokens_per_sec=1,305,909
iter_num=581: train_lossf=5.6445, dt=0.389s, mfu=17.07%, tokens_per_sec=1,262,754
iter_num=582: train_lossf=5.5629, dt=0.376s, mfu=17.16%, tokens_per_sec=1,306,621
iter_num=583: train_lossf=5.6765, dt=0.585s, mfu=16.60%, tokens_per_sec=839,602
iter_num=584: train_lossf=5.6255, dt=0.375s, mfu=16.74%, tokens_per_sec=1,310,567
iter_num=585: train_lossf=5.6304, dt=0.392s, mfu=16.79%, tokens_per_sec=1,253,358
iter_num=586: train_lossf=5.2547, dt=0.411s, mfu=16.76%, tokens_per_sec=1,196,429
iter_num=587: train_lossf=5.4063, dt=0.427s, mfu=16.67%, tokens_per_sec=1,151,279
iter_num=588: train_lossf=5.4201, dt=0.407s, mfu=16.66%, tokens_per_sec=1,206,434
iter_num=589: train_lossf=5.5136, dt=0.601s, mfu=16.12%, tokens_per_sec=818,279
iter_num=590: train_lossf=5.5391, dt=0.593s, mfu=15.65%, tokens_per_sec=828,850
iter_num=591: train_lossf=5.7918, dt=0.384s, mfu=15.85%, tokens_per_sec=1,280,894
iter_num=592: train_lossf=5.6337, dt=0.553s, mfu=15.48%, tokens_per_sec=888,512
iter_num=593: train_lossf=5.5342, dt=0.395s, mfu=15.65%, tokens_per_sec=1,243,916
iter_num=594: train_lossf=5.5193, dt=0.386s, mfu=15.83%, tokens_per_sec=1,272,357
iter_num=595: train_lossf=5.5478, dt=0.762s, mfu=15.14%, tokens_per_sec=645,169
iter_num=596: train_lossf=5.2199, dt=0.388s, mfu=15.36%, tokens_per_sec=1,265,429
iter_num=597: train_lossf=5.2976, dt=0.542s, mfu=15.08%, tokens_per_sec=907,701
iter_num=598: train_lossf=5.4550, dt=0.374s, mfu=15.38%, tokens_per_sec=1,314,919
iter_num=599: train_lossf=5.6317, dt=0.384s, mfu=15.60%, tokens_per_sec=1,280,116
iter_num=600: train_lossf=5.4430, dt=0.374s, mfu=15.85%, tokens_per_sec=1,315,458
iter_num=601: train_lossf=5.5502, dt=0.415s, mfu=15.89%, tokens_per_sec=1,183,041
iter_num=602: train_lossf=5.5918, dt=0.374s, mfu=16.11%, tokens_per_sec=1,313,944
iter_num=603: train_lossf=5.5186, dt=0.369s, mfu=16.33%, tokens_per_sec=1,331,278
iter_num=604: train_lossf=5.3476, dt=0.631s, mfu=15.77%, tokens_per_sec=778,703
iter_num=605: train_lossf=5.3309, dt=0.417s, mfu=15.81%, tokens_per_sec=1,178,541
iter_num=606: train_lossf=5.5222, dt=0.414s, mfu=15.86%, tokens_per_sec=1,186,051
iter_num=607: train_lossf=5.4484, dt=0.415s, mfu=15.91%, tokens_per_sec=1,185,304
iter_num=608: train_lossf=5.6200, dt=0.429s, mfu=15.89%, tokens_per_sec=1,146,407
iter_num=609: train_lossf=5.6347, dt=0.361s, mfu=16.18%, tokens_per_sec=1,361,484
iter_num=610: train_lossf=5.3862, dt=0.440s, mfu=16.10%, tokens_per_sec=1,116,475
iter_num=611: train_lossf=5.4384, dt=0.418s, mfu=16.10%, tokens_per_sec=1,176,119
iter_num=612: train_lossf=5.3983, dt=0.375s, mfu=16.30%, tokens_per_sec=1,311,506
iter_num=613: train_lossf=5.3562, dt=0.384s, mfu=16.43%, tokens_per_sec=1,281,428
iter_num=614: train_lossf=5.4123, dt=0.366s, mfu=16.64%, tokens_per_sec=1,344,283
iter_num=615: train_lossf=5.7541, dt=0.374s, mfu=16.78%, tokens_per_sec=1,314,618
iter_num=616: train_lossf=5.4674, dt=0.389s, mfu=16.84%, tokens_per_sec=1,262,751
iter_num=617: train_lossf=5.5267, dt=0.408s, mfu=16.81%, tokens_per_sec=1,204,251
iter_num=618: train_lossf=5.3486, dt=0.633s, mfu=16.20%, tokens_per_sec=776,609
iter_num=619: train_lossf=5.8105, dt=0.377s, mfu=16.37%, tokens_per_sec=1,303,235
iter_num=620: train_lossf=5.6454, dt=0.611s, mfu=15.84%, tokens_per_sec=804,053
iter_num=621: train_lossf=5.4763, dt=0.838s, mfu=15.06%, tokens_per_sec=586,359
iter_num=622: train_lossf=5.3732, dt=0.849s, mfu=14.35%, tokens_per_sec=579,125
iter_num=623: train_lossf=5.7945, dt=0.375s, mfu=14.72%, tokens_per_sec=1,309,763
iter_num=624: train_lossf=5.5202, dt=0.371s, mfu=15.07%, tokens_per_sec=1,324,301
iter_num=625: train_lossf=5.2769, dt=0.532s, mfu=14.83%, tokens_per_sec=924,284
iter_num=626: train_lossf=5.4839, dt=0.604s, mfu=14.47%, tokens_per_sec=813,773
iter_num=627: train_lossf=5.4948, dt=0.631s, mfu=14.10%, tokens_per_sec=779,033
iter_num=628: train_lossf=5.6901, dt=0.396s, mfu=14.39%, tokens_per_sec=1,241,676
iter_num=629: train_lossf=5.2717, dt=0.418s, mfu=14.57%, tokens_per_sec=1,175,281
iter_num=630: train_lossf=5.4714, dt=0.389s, mfu=14.85%, tokens_per_sec=1,263,628
iter_num=631: train_lossf=5.4953, dt=0.571s, mfu=14.55%, tokens_per_sec=860,983
iter_num=632: train_lossf=5.5497, dt=0.567s, mfu=14.29%, tokens_per_sec=866,213
iter_num=633: train_lossf=5.4134, dt=0.408s, mfu=14.52%, tokens_per_sec=1,204,690
iter_num=634: train_lossf=5.5657, dt=0.388s, mfu=14.81%, tokens_per_sec=1,265,301
iter_num=635: train_lossf=5.5931, dt=0.386s, mfu=15.07%, tokens_per_sec=1,272,277
iter_num=636: train_lossf=5.5778, dt=0.414s, mfu=15.20%, tokens_per_sec=1,186,046
iter_num=637: train_lossf=5.4507, dt=0.586s, mfu=14.83%, tokens_per_sec=838,273
iter_num=638: train_lossf=5.2725, dt=0.424s, mfu=14.94%, tokens_per_sec=1,159,382
iter_num=639: train_lossf=5.7568, dt=0.416s, mfu=15.08%, tokens_per_sec=1,182,858
iter_num=640: train_lossf=5.4834, dt=0.816s, mfu=14.40%, tokens_per_sec=602,611
iter_num=641: train_lossf=5.3850, dt=0.602s, mfu=14.08%, tokens_per_sec=816,497
iter_num=642: train_lossf=5.4905, dt=0.387s, mfu=14.42%, tokens_per_sec=1,270,933
iter_num=643: train_lossf=5.4668, dt=0.579s, mfu=14.15%, tokens_per_sec=849,529
iter_num=644: train_lossf=5.3242, dt=0.540s, mfu=13.98%, tokens_per_sec=909,778
iter_num=645: train_lossf=5.2794, dt=0.375s, mfu=14.39%, tokens_per_sec=1,309,980
iter_num=646: train_lossf=5.4263, dt=0.412s, mfu=14.59%, tokens_per_sec=1,191,862
iter_num=647: train_lossf=5.4660, dt=0.382s, mfu=14.90%, tokens_per_sec=1,287,127
iter_num=648: train_lossf=5.6662, dt=0.396s, mfu=15.12%, tokens_per_sec=1,242,187
iter_num=649: train_lossf=5.4445, dt=0.409s, mfu=15.26%, tokens_per_sec=1,201,884
iter_num=650: train_lossf=5.2905, dt=0.386s, mfu=15.49%, tokens_per_sec=1,273,919
iter_num=651: train_lossf=5.6259, dt=0.383s, mfu=15.70%, tokens_per_sec=1,282,617
iter_num=652: train_lossf=5.5161, dt=0.392s, mfu=15.86%, tokens_per_sec=1,253,365
iter_num=653: train_lossf=5.6187, dt=0.405s, mfu=15.94%, tokens_per_sec=1,213,340
iter_num=654: train_lossf=5.2104, dt=0.615s, mfu=15.45%, tokens_per_sec=799,192
iter_num=655: train_lossf=5.4698, dt=0.358s, mfu=15.79%, tokens_per_sec=1,374,182
iter_num=656: train_lossf=5.2353, dt=0.371s, mfu=16.04%, tokens_per_sec=1,325,596
iter_num=657: train_lossf=5.4752, dt=0.392s, mfu=16.16%, tokens_per_sec=1,255,369
iter_num=658: train_lossf=5.4370, dt=0.385s, mfu=16.30%, tokens_per_sec=1,277,639
iter_num=659: train_lossf=5.2584, dt=0.369s, mfu=16.50%, tokens_per_sec=1,331,954
iter_num=660: train_lossf=5.3130, dt=0.372s, mfu=16.67%, tokens_per_sec=1,320,327
iter_num=661: train_lossf=5.2847, dt=0.390s, mfu=16.74%, tokens_per_sec=1,260,787
iter_num=662: train_lossf=5.4191, dt=0.398s, mfu=16.76%, tokens_per_sec=1,234,786
iter_num=663: train_lossf=5.3731, dt=0.372s, mfu=16.90%, tokens_per_sec=1,322,805
iter_num=664: train_lossf=5.4653, dt=0.608s, mfu=16.33%, tokens_per_sec=807,897
iter_num=665: train_lossf=5.3503, dt=0.400s, mfu=16.38%, tokens_per_sec=1,228,578
iter_num=666: train_lossf=5.4805, dt=0.806s, mfu=15.58%, tokens_per_sec=609,630
iter_num=667: train_lossf=5.4069, dt=0.387s, mfu=15.77%, tokens_per_sec=1,270,422
iter_num=668: train_lossf=5.4437, dt=0.373s, mfu=16.01%, tokens_per_sec=1,318,593
iter_num=669: train_lossf=5.3971, dt=0.375s, mfu=16.21%, tokens_per_sec=1,309,028
iter_num=670: train_lossf=5.3031, dt=0.406s, mfu=16.25%, tokens_per_sec=1,210,796
iter_num=671: train_lossf=5.1786, dt=0.392s, mfu=16.35%, tokens_per_sec=1,252,959
iter_num=672: train_lossf=5.1334, dt=0.382s, mfu=16.49%, tokens_per_sec=1,287,335
iter_num=673: train_lossf=5.6913, dt=0.365s, mfu=16.69%, tokens_per_sec=1,348,029
iter_num=674: train_lossf=5.3267, dt=0.371s, mfu=16.85%, tokens_per_sec=1,323,786
iter_num=675: train_lossf=5.2847, dt=0.572s, mfu=16.34%, tokens_per_sec=859,960
iter_num=676: train_lossf=5.4746, dt=0.388s, mfu=16.45%, tokens_per_sec=1,266,982
iter_num=677: train_lossf=5.4485, dt=0.415s, mfu=16.44%, tokens_per_sec=1,185,273
iter_num=678: train_lossf=5.4443, dt=0.377s, mfu=16.59%, tokens_per_sec=1,304,170
iter_num=679: train_lossf=5.3431, dt=0.362s, mfu=16.79%, tokens_per_sec=1,356,317
iter_num=680: train_lossf=5.3192, dt=0.390s, mfu=16.85%, tokens_per_sec=1,260,445
iter_num=681: train_lossf=5.4198, dt=0.366s, mfu=17.01%, tokens_per_sec=1,342,298
iter_num=682: train_lossf=5.5063, dt=0.580s, mfu=16.47%, tokens_per_sec=847,006
iter_num=683: train_lossf=5.4208, dt=0.392s, mfu=16.55%, tokens_per_sec=1,253,468
iter_num=684: train_lossf=5.0853, dt=0.751s, mfu=15.80%, tokens_per_sec=654,211
iter_num=685: train_lossf=5.3159, dt=0.383s, mfu=15.98%, tokens_per_sec=1,283,654
iter_num=686: train_lossf=5.3503, dt=0.362s, mfu=16.25%, tokens_per_sec=1,357,147
iter_num=687: train_lossf=5.3356, dt=0.366s, mfu=16.48%, tokens_per_sec=1,344,145
iter_num=688: train_lossf=5.3046, dt=0.374s, mfu=16.63%, tokens_per_sec=1,312,961
iter_num=689: train_lossf=5.3575, dt=0.374s, mfu=16.78%, tokens_per_sec=1,314,356
iter_num=690: train_lossf=5.4687, dt=0.389s, mfu=16.84%, tokens_per_sec=1,265,043
iter_num=691: train_lossf=5.2958, dt=0.367s, mfu=17.00%, tokens_per_sec=1,339,618
iter_num=692: train_lossf=5.4264, dt=0.390s, mfu=17.03%, tokens_per_sec=1,259,239
iter_num=693: train_lossf=5.1645, dt=0.361s, mfu=17.20%, tokens_per_sec=1,361,500
iter_num=694: train_lossf=5.2834, dt=0.365s, mfu=17.33%, tokens_per_sec=1,346,265
iter_num=695: train_lossf=5.1900, dt=0.395s, mfu=17.31%, tokens_per_sec=1,244,361
iter_num=696: train_lossf=5.2724, dt=0.360s, mfu=17.46%, tokens_per_sec=1,363,838
iter_num=697: train_lossf=5.5346, dt=0.370s, mfu=17.54%, tokens_per_sec=1,329,031
iter_num=698: train_lossf=5.1975, dt=0.372s, mfu=17.60%, tokens_per_sec=1,322,662
iter_num=699: train_lossf=5.5579, dt=0.365s, mfu=17.69%, tokens_per_sec=1,344,980
iter_num=700: train_lossf=5.3323, dt=0.378s, mfu=17.71%, tokens_per_sec=1,300,893
iter_num=701: train_lossf=5.1849, dt=0.402s, mfu=17.63%, tokens_per_sec=1,223,406
iter_num=702: train_lossf=5.4934, dt=0.541s, mfu=17.11%, tokens_per_sec=908,158
iter_num=703: train_lossf=5.2209, dt=0.419s, mfu=17.02%, tokens_per_sec=1,173,872
iter_num=704: train_lossf=5.1040, dt=0.393s, mfu=17.03%, tokens_per_sec=1,249,570
iter_num=705: train_lossf=5.4322, dt=0.357s, mfu=17.23%, tokens_per_sec=1,377,963
iter_num=706: train_lossf=5.4247, dt=0.378s, mfu=17.29%, tokens_per_sec=1,299,833
iter_num=707: train_lossf=5.1441, dt=0.361s, mfu=17.43%, tokens_per_sec=1,360,861
iter_num=708: train_lossf=5.2643, dt=0.396s, mfu=17.40%, tokens_per_sec=1,240,607
iter_num=709: train_lossf=5.3357, dt=0.357s, mfu=17.55%, tokens_per_sec=1,378,034
iter_num=710: train_lossf=5.3846, dt=0.369s, mfu=17.63%, tokens_per_sec=1,333,260
iter_num=711: train_lossf=5.2618, dt=0.366s, mfu=17.71%, tokens_per_sec=1,341,138
iter_num=712: train_lossf=5.1265, dt=0.581s, mfu=17.11%, tokens_per_sec=845,773
iter_num=713: train_lossf=5.4213, dt=0.425s, mfu=16.99%, tokens_per_sec=1,156,891
iter_num=714: train_lossf=5.2839, dt=0.567s, mfu=16.48%, tokens_per_sec=867,547
iter_num=715: train_lossf=5.5783, dt=0.369s, mfu=16.67%, tokens_per_sec=1,331,681
iter_num=716: train_lossf=5.4989, dt=0.389s, mfu=16.74%, tokens_per_sec=1,263,120
iter_num=717: train_lossf=5.3552, dt=0.376s, mfu=16.86%, tokens_per_sec=1,306,997
iter_num=718: train_lossf=5.4160, dt=0.568s, mfu=16.37%, tokens_per_sec=865,501
iter_num=719: train_lossf=5.2333, dt=0.390s, mfu=16.46%, tokens_per_sec=1,261,189
iter_num=720: train_lossf=5.3700, dt=0.598s, mfu=15.95%, tokens_per_sec=821,720
iter_num=721: train_lossf=5.2953, dt=0.400s, mfu=16.04%, tokens_per_sec=1,227,919
iter_num=722: train_lossf=5.2196, dt=0.575s, mfu=15.61%, tokens_per_sec=854,375
iter_num=723: train_lossf=5.3990, dt=0.364s, mfu=15.91%, tokens_per_sec=1,349,222
iter_num=724: train_lossf=5.0014, dt=0.368s, mfu=16.15%, tokens_per_sec=1,335,283
iter_num=725: train_lossf=5.1551, dt=0.363s, mfu=16.40%, tokens_per_sec=1,354,959
iter_num=726: train_lossf=5.4226, dt=0.370s, mfu=16.59%, tokens_per_sec=1,327,391
iter_num=727: train_lossf=5.2934, dt=0.370s, mfu=16.76%, tokens_per_sec=1,329,067
iter_num=728: train_lossf=5.2761, dt=0.360s, mfu=16.96%, tokens_per_sec=1,365,311
iter_num=729: train_lossf=5.4878, dt=0.362s, mfu=17.13%, tokens_per_sec=1,356,396
iter_num=730: train_lossf=5.2917, dt=0.372s, mfu=17.23%, tokens_per_sec=1,320,639
iter_num=731: train_lossf=5.1905, dt=0.359s, mfu=17.39%, tokens_per_sec=1,368,408
iter_num=732: train_lossf=5.1033, dt=0.358s, mfu=17.54%, tokens_per_sec=1,373,536
iter_num=733: train_lossf=5.3003, dt=0.375s, mfu=17.59%, tokens_per_sec=1,309,925
iter_num=734: train_lossf=5.3300, dt=0.365s, mfu=17.68%, tokens_per_sec=1,346,928
iter_num=735: train_lossf=5.0540, dt=0.361s, mfu=17.79%, tokens_per_sec=1,360,955
iter_num=736: train_lossf=5.1057, dt=0.592s, mfu=17.15%, tokens_per_sec=830,565
iter_num=737: train_lossf=5.3165, dt=0.362s, mfu=17.30%, tokens_per_sec=1,357,340
iter_num=738: train_lossf=5.2374, dt=0.362s, mfu=17.44%, tokens_per_sec=1,358,946
iter_num=739: train_lossf=5.0012, dt=0.374s, mfu=17.51%, tokens_per_sec=1,315,645
iter_num=740: train_lossf=5.1796, dt=0.369s, mfu=17.59%, tokens_per_sec=1,330,776
iter_num=741: train_lossf=5.5475, dt=0.362s, mfu=17.70%, tokens_per_sec=1,356,773
iter_num=742: train_lossf=5.2784, dt=0.371s, mfu=17.75%, tokens_per_sec=1,326,454
iter_num=743: train_lossf=5.3913, dt=0.364s, mfu=17.83%, tokens_per_sec=1,350,543
iter_num=744: train_lossf=4.9877, dt=0.385s, mfu=17.81%, tokens_per_sec=1,278,008
iter_num=745: train_lossf=5.3137, dt=0.419s, mfu=17.64%, tokens_per_sec=1,172,183
iter_num=746: train_lossf=5.1101, dt=0.386s, mfu=17.63%, tokens_per_sec=1,272,194
iter_num=747: train_lossf=5.1492, dt=0.405s, mfu=17.53%, tokens_per_sec=1,212,732
iter_num=748: train_lossf=4.9681, dt=0.396s, mfu=17.48%, tokens_per_sec=1,239,708
iter_num=749: train_lossf=5.1252, dt=0.385s, mfu=17.49%, tokens_per_sec=1,275,707
iter_num=750: train_lossf=5.2292, dt=0.361s, mfu=17.61%, tokens_per_sec=1,360,106
iter_num=751: train_lossf=5.2994, dt=0.370s, mfu=17.68%, tokens_per_sec=1,326,913
iter_num=752: train_lossf=5.1771, dt=0.360s, mfu=17.79%, tokens_per_sec=1,366,617
iter_num=753: train_lossf=5.3874, dt=0.386s, mfu=17.76%, tokens_per_sec=1,274,197
iter_num=754: train_lossf=5.1811, dt=0.357s, mfu=17.88%, tokens_per_sec=1,378,041
iter_num=755: train_lossf=5.2311, dt=0.410s, mfu=17.74%, tokens_per_sec=1,199,158
iter_num=756: train_lossf=5.4015, dt=0.858s, mfu=16.76%, tokens_per_sec=573,114
iter_num=757: train_lossf=5.2251, dt=0.622s, mfu=16.17%, tokens_per_sec=789,638
iter_num=758: train_lossf=5.2927, dt=0.395s, mfu=16.26%, tokens_per_sec=1,244,257
iter_num=759: train_lossf=5.2462, dt=0.370s, mfu=16.47%, tokens_per_sec=1,329,772
iter_num=760: train_lossf=5.3072, dt=0.388s, mfu=16.56%, tokens_per_sec=1,266,238
iter_num=761: train_lossf=5.0686, dt=0.376s, mfu=16.70%, tokens_per_sec=1,306,105
iter_num=762: train_lossf=5.0795, dt=0.375s, mfu=16.83%, tokens_per_sec=1,310,208
iter_num=763: train_lossf=5.3275, dt=0.571s, mfu=16.33%, tokens_per_sec=860,141
iter_num=764: train_lossf=5.2513, dt=0.603s, mfu=15.82%, tokens_per_sec=814,757
iter_num=765: train_lossf=5.2911, dt=0.388s, mfu=15.98%, tokens_per_sec=1,268,055
iter_num=766: train_lossf=5.1175, dt=0.611s, mfu=15.49%, tokens_per_sec=804,866
iter_num=767: train_lossf=5.0270, dt=0.394s, mfu=15.66%, tokens_per_sec=1,247,531
iter_num=768: train_lossf=5.2478, dt=0.372s, mfu=15.91%, tokens_per_sec=1,321,831
iter_num=769: train_lossf=5.2322, dt=0.574s, mfu=15.50%, tokens_per_sec=856,537
iter_num=770: train_lossf=5.1091, dt=0.369s, mfu=15.78%, tokens_per_sec=1,333,534
iter_num=771: train_lossf=5.1996, dt=0.403s, mfu=15.88%, tokens_per_sec=1,219,975
iter_num=772: train_lossf=5.3004, dt=0.401s, mfu=15.98%, tokens_per_sec=1,225,946
iter_num=773: train_lossf=5.2166, dt=0.369s, mfu=16.22%, tokens_per_sec=1,332,989
iter_num=774: train_lossf=4.9385, dt=0.358s, mfu=16.49%, tokens_per_sec=1,374,605
iter_num=775: train_lossf=5.1774, dt=0.368s, mfu=16.68%, tokens_per_sec=1,337,364
iter_num=776: train_lossf=5.1318, dt=0.374s, mfu=16.82%, tokens_per_sec=1,314,612
iter_num=777: train_lossf=5.2106, dt=0.388s, mfu=16.88%, tokens_per_sec=1,268,338
iter_num=778: train_lossf=5.4294, dt=0.393s, mfu=16.91%, tokens_per_sec=1,250,316
iter_num=779: train_lossf=5.0853, dt=0.379s, mfu=17.01%, tokens_per_sec=1,297,513
iter_num=780: train_lossf=5.0747, dt=0.384s, mfu=17.07%, tokens_per_sec=1,280,084
iter_num=781: train_lossf=5.2243, dt=0.383s, mfu=17.12%, tokens_per_sec=1,282,686
iter_num=782: train_lossf=5.2308, dt=0.417s, mfu=17.03%, tokens_per_sec=1,178,588
iter_num=783: train_lossf=4.9833, dt=0.387s, mfu=17.08%, tokens_per_sec=1,270,566
iter_num=784: train_lossf=5.1362, dt=0.600s, mfu=16.50%, tokens_per_sec=819,491
iter_num=785: train_lossf=5.2613, dt=0.377s, mfu=16.64%, tokens_per_sec=1,305,436
iter_num=786: train_lossf=5.2284, dt=0.370s, mfu=16.81%, tokens_per_sec=1,328,704
iter_num=787: train_lossf=5.1775, dt=0.379s, mfu=16.91%, tokens_per_sec=1,296,484
iter_num=788: train_lossf=5.2520, dt=0.369s, mfu=17.05%, tokens_per_sec=1,333,465
iter_num=789: train_lossf=5.2090, dt=0.363s, mfu=17.21%, tokens_per_sec=1,352,675
iter_num=790: train_lossf=5.0820, dt=0.362s, mfu=17.36%, tokens_per_sec=1,359,458
iter_num=791: train_lossf=5.1263, dt=0.381s, mfu=17.40%, tokens_per_sec=1,290,961
iter_num=792: train_lossf=5.2819, dt=0.352s, mfu=17.58%, tokens_per_sec=1,397,956
iter_num=793: train_lossf=5.2490, dt=0.370s, mfu=17.65%, tokens_per_sec=1,326,670
iter_num=794: train_lossf=5.0871, dt=0.356s, mfu=17.78%, tokens_per_sec=1,380,885
iter_num=795: train_lossf=5.2300, dt=0.380s, mfu=17.79%, tokens_per_sec=1,294,430
iter_num=796: train_lossf=5.0712, dt=0.365s, mfu=17.86%, tokens_per_sec=1,345,918
iter_num=797: train_lossf=5.1669, dt=0.354s, mfu=17.98%, tokens_per_sec=1,390,158
iter_num=798: train_lossf=5.2201, dt=0.362s, mfu=18.05%, tokens_per_sec=1,355,930
iter_num=799: train_lossf=5.0740, dt=0.375s, mfu=18.05%, tokens_per_sec=1,312,260
iter_num=800: train_lossf=5.1209, dt=0.603s, mfu=17.37%, tokens_per_sec=814,554
iter_num=801: train_lossf=5.0320, dt=0.375s, mfu=17.44%, tokens_per_sec=1,312,189
iter_num=802: train_lossf=5.0998, dt=0.566s, mfu=16.89%, tokens_per_sec=868,246
iter_num=803: train_lossf=5.3040, dt=0.366s, mfu=17.05%, tokens_per_sec=1,344,327
iter_num=804: train_lossf=5.0842, dt=0.358s, mfu=17.23%, tokens_per_sec=1,374,180
iter_num=805: train_lossf=5.0844, dt=0.356s, mfu=17.41%, tokens_per_sec=1,380,610
iter_num=806: train_lossf=5.1885, dt=0.560s, mfu=16.88%, tokens_per_sec=878,253
iter_num=807: train_lossf=4.9555, dt=0.757s, mfu=16.08%, tokens_per_sec=649,536
iter_num=808: train_lossf=5.0298, dt=0.385s, mfu=16.23%, tokens_per_sec=1,276,335
iter_num=809: train_lossf=5.1207, dt=0.369s, mfu=16.44%, tokens_per_sec=1,331,676
iter_num=810: train_lossf=5.1893, dt=0.774s, mfu=15.67%, tokens_per_sec=635,325
iter_num=811: train_lossf=5.1413, dt=0.409s, mfu=15.75%, tokens_per_sec=1,200,511
iter_num=812: train_lossf=5.1784, dt=0.605s, mfu=15.30%, tokens_per_sec=812,852
iter_num=813: train_lossf=4.8318, dt=0.353s, mfu=15.68%, tokens_per_sec=1,392,806
iter_num=814: train_lossf=5.0499, dt=0.591s, mfu=15.26%, tokens_per_sec=831,522
iter_num=815: train_lossf=5.0399, dt=0.450s, mfu=15.24%, tokens_per_sec=1,093,014
iter_num=816: train_lossf=5.2622, dt=0.370s, mfu=15.54%, tokens_per_sec=1,327,077
iter_num=817: train_lossf=5.3409, dt=0.353s, mfu=15.90%, tokens_per_sec=1,391,927
iter_num=818: train_lossf=4.9533, dt=0.362s, mfu=16.18%, tokens_per_sec=1,357,494
iter_num=819: train_lossf=5.0614, dt=0.358s, mfu=16.45%, tokens_per_sec=1,373,961
iter_num=820: train_lossf=5.2488, dt=0.405s, mfu=16.48%, tokens_per_sec=1,214,965
iter_num=821: train_lossf=5.0798, dt=0.359s, mfu=16.71%, tokens_per_sec=1,368,795
iter_num=822: train_lossf=5.2449, dt=0.384s, mfu=16.80%, tokens_per_sec=1,279,692
iter_num=823: train_lossf=5.0961, dt=0.366s, mfu=16.97%, tokens_per_sec=1,344,408
iter_num=824: train_lossf=4.9916, dt=0.422s, mfu=16.88%, tokens_per_sec=1,165,195
iter_num=825: train_lossf=5.0109, dt=0.385s, mfu=16.95%, tokens_per_sec=1,278,317
iter_num=826: train_lossf=5.1106, dt=0.374s, mfu=17.06%, tokens_per_sec=1,313,987
iter_num=827: train_lossf=5.2614, dt=0.352s, mfu=17.27%, tokens_per_sec=1,395,791
iter_num=828: train_lossf=5.0760, dt=0.572s, mfu=16.73%, tokens_per_sec=859,191
iter_num=829: train_lossf=5.1407, dt=0.370s, mfu=16.88%, tokens_per_sec=1,328,765
iter_num=830: train_lossf=4.8317, dt=0.547s, mfu=16.43%, tokens_per_sec=898,767
iter_num=831: train_lossf=4.8585, dt=0.408s, mfu=16.44%, tokens_per_sec=1,204,332
iter_num=832: train_lossf=5.0329, dt=0.383s, mfu=16.57%, tokens_per_sec=1,284,660
iter_num=833: train_lossf=5.2472, dt=0.425s, mfu=16.50%, tokens_per_sec=1,155,470
iter_num=834: train_lossf=5.1586, dt=0.387s, mfu=16.60%, tokens_per_sec=1,268,594
iter_num=835: train_lossf=4.9490, dt=0.382s, mfu=16.71%, tokens_per_sec=1,287,821
iter_num=836: train_lossf=5.0641, dt=0.372s, mfu=16.86%, tokens_per_sec=1,322,003
iter_num=837: train_lossf=5.0997, dt=0.363s, mfu=17.03%, tokens_per_sec=1,352,613
iter_num=838: train_lossf=5.0244, dt=0.366s, mfu=17.17%, tokens_per_sec=1,341,285
iter_num=839: train_lossf=5.0671, dt=0.382s, mfu=17.23%, tokens_per_sec=1,287,796
iter_num=840: train_lossf=5.3343, dt=0.393s, mfu=17.23%, tokens_per_sec=1,251,552
iter_num=841: train_lossf=5.0886, dt=0.397s, mfu=17.21%, tokens_per_sec=1,239,165
iter_num=842: train_lossf=5.0559, dt=0.413s, mfu=17.13%, tokens_per_sec=1,191,507
iter_num=843: train_lossf=5.0658, dt=0.376s, mfu=17.21%, tokens_per_sec=1,305,858
iter_num=844: train_lossf=5.1144, dt=0.378s, mfu=17.28%, tokens_per_sec=1,298,807
iter_num=845: train_lossf=4.8328, dt=0.400s, mfu=17.24%, tokens_per_sec=1,227,567
iter_num=846: train_lossf=4.9169, dt=0.369s, mfu=17.34%, tokens_per_sec=1,331,327
iter_num=847: train_lossf=5.0169, dt=0.375s, mfu=17.41%, tokens_per_sec=1,311,142
iter_num=848: train_lossf=5.0056, dt=0.370s, mfu=17.50%, tokens_per_sec=1,329,677
iter_num=849: train_lossf=5.1201, dt=0.379s, mfu=17.54%, tokens_per_sec=1,298,161
iter_num=850: train_lossf=5.1065, dt=0.411s, mfu=17.43%, tokens_per_sec=1,195,432
iter_num=851: train_lossf=5.1755, dt=0.376s, mfu=17.48%, tokens_per_sec=1,305,746
iter_num=852: train_lossf=4.9526, dt=0.376s, mfu=17.53%, tokens_per_sec=1,306,909
iter_num=853: train_lossf=5.0127, dt=0.359s, mfu=17.66%, tokens_per_sec=1,367,476
iter_num=854: train_lossf=5.1891, dt=0.365s, mfu=17.74%, tokens_per_sec=1,345,724
iter_num=855: train_lossf=5.1711, dt=0.382s, mfu=17.74%, tokens_per_sec=1,285,314
iter_num=856: train_lossf=4.8237, dt=0.568s, mfu=17.15%, tokens_per_sec=865,658
iter_num=857: train_lossf=5.1879, dt=0.379s, mfu=17.22%, tokens_per_sec=1,297,699
iter_num=858: train_lossf=5.0149, dt=0.374s, mfu=17.31%, tokens_per_sec=1,314,327
iter_num=859: train_lossf=5.0248, dt=0.382s, mfu=17.35%, tokens_per_sec=1,286,557
iter_num=860: train_lossf=5.0828, dt=0.366s, mfu=17.46%, tokens_per_sec=1,344,687
iter_num=861: train_lossf=5.1052, dt=0.543s, mfu=16.96%, tokens_per_sec=905,366
iter_num=862: train_lossf=5.0083, dt=0.363s, mfu=17.13%, tokens_per_sec=1,355,492
iter_num=863: train_lossf=5.1745, dt=0.369s, mfu=17.25%, tokens_per_sec=1,331,547
iter_num=864: train_lossf=5.1507, dt=0.372s, mfu=17.34%, tokens_per_sec=1,321,301
iter_num=865: train_lossf=4.9100, dt=0.772s, mfu=16.48%, tokens_per_sec=636,299
iter_num=866: train_lossf=5.0046, dt=0.379s, mfu=16.62%, tokens_per_sec=1,296,412
iter_num=867: train_lossf=5.2185, dt=0.400s, mfu=16.65%, tokens_per_sec=1,229,377
iter_num=868: train_lossf=4.9341, dt=0.378s, mfu=16.77%, tokens_per_sec=1,298,938
iter_num=869: train_lossf=5.2713, dt=0.569s, mfu=16.28%, tokens_per_sec=864,147
iter_num=870: train_lossf=4.8122, dt=0.541s, mfu=15.90%, tokens_per_sec=908,946
iter_num=871: train_lossf=5.0431, dt=0.367s, mfu=16.16%, tokens_per_sec=1,339,443
iter_num=872: train_lossf=4.7984, dt=0.373s, mfu=16.36%, tokens_per_sec=1,319,244
iter_num=873: train_lossf=5.1580, dt=0.608s, mfu=15.83%, tokens_per_sec=808,089
iter_num=874: train_lossf=4.9940, dt=0.585s, mfu=15.40%, tokens_per_sec=839,907
iter_num=875: train_lossf=5.0090, dt=0.583s, mfu=15.02%, tokens_per_sec=842,936
iter_num=876: train_lossf=4.9963, dt=0.362s, mfu=15.39%, tokens_per_sec=1,356,593
iter_num=877: train_lossf=5.1165, dt=0.359s, mfu=15.73%, tokens_per_sec=1,369,334
iter_num=878: train_lossf=4.9050, dt=0.356s, mfu=16.06%, tokens_per_sec=1,381,680
iter_num=879: train_lossf=4.9655, dt=0.362s, mfu=16.32%, tokens_per_sec=1,357,420
iter_num=880: train_lossf=4.9342, dt=0.395s, mfu=16.40%, tokens_per_sec=1,245,501
iter_num=881: train_lossf=5.1099, dt=0.582s, mfu=15.92%, tokens_per_sec=844,415
iter_num=882: train_lossf=4.9826, dt=0.362s, mfu=16.20%, tokens_per_sec=1,355,983
iter_num=883: train_lossf=5.0969, dt=0.371s, mfu=16.40%, tokens_per_sec=1,325,478
iter_num=884: train_lossf=4.7970, dt=0.381s, mfu=16.53%, tokens_per_sec=1,289,272
iter_num=885: train_lossf=4.9848, dt=0.410s, mfu=16.53%, tokens_per_sec=1,197,626
iter_num=886: train_lossf=5.0231, dt=0.374s, mfu=16.68%, tokens_per_sec=1,313,078
iter_num=887: train_lossf=4.8392, dt=0.358s, mfu=16.90%, tokens_per_sec=1,371,798
iter_num=888: train_lossf=4.8386, dt=0.365s, mfu=17.06%, tokens_per_sec=1,346,410
iter_num=889: train_lossf=5.0711, dt=0.367s, mfu=17.20%, tokens_per_sec=1,338,059
iter_num=890: train_lossf=5.0328, dt=0.360s, mfu=17.35%, tokens_per_sec=1,364,953
iter_num=891: train_lossf=5.0985, dt=0.390s, mfu=17.35%, tokens_per_sec=1,260,942
iter_num=892: train_lossf=4.7679, dt=0.367s, mfu=17.46%, tokens_per_sec=1,339,585
iter_num=893: train_lossf=4.8625, dt=0.605s, mfu=16.83%, tokens_per_sec=812,713
iter_num=894: train_lossf=4.9148, dt=0.566s, mfu=16.34%, tokens_per_sec=868,436
iter_num=895: train_lossf=5.0138, dt=0.394s, mfu=16.43%, tokens_per_sec=1,247,947
iter_num=896: train_lossf=5.2046, dt=0.390s, mfu=16.52%, tokens_per_sec=1,261,896
iter_num=897: train_lossf=4.9587, dt=0.356s, mfu=16.77%, tokens_per_sec=1,381,801
iter_num=898: train_lossf=5.0400, dt=0.359s, mfu=16.98%, tokens_per_sec=1,370,845
iter_num=899: train_lossf=5.0352, dt=0.388s, mfu=17.02%, tokens_per_sec=1,265,437
iter_num=900: train_lossf=4.9203, dt=0.367s, mfu=17.16%, tokens_per_sec=1,339,204
iter_num=901: train_lossf=5.1499, dt=0.382s, mfu=17.22%, tokens_per_sec=1,288,265
iter_num=902: train_lossf=4.8988, dt=0.383s, mfu=17.26%, tokens_per_sec=1,281,886
iter_num=903: train_lossf=4.8822, dt=0.369s, mfu=17.37%, tokens_per_sec=1,332,660
iter_num=904: train_lossf=4.8968, dt=0.603s, mfu=16.75%, tokens_per_sec=815,599
iter_num=905: train_lossf=4.8467, dt=0.412s, mfu=16.72%, tokens_per_sec=1,192,559
iter_num=906: train_lossf=4.9989, dt=0.367s, mfu=16.89%, tokens_per_sec=1,339,234
iter_num=907: train_lossf=5.0246, dt=0.555s, mfu=16.42%, tokens_per_sec=885,804
iter_num=908: train_lossf=5.1259, dt=0.361s, mfu=16.65%, tokens_per_sec=1,363,322
iter_num=909: train_lossf=5.0471, dt=0.389s, mfu=16.72%, tokens_per_sec=1,262,935
iter_num=910: train_lossf=4.9316, dt=0.372s, mfu=16.87%, tokens_per_sec=1,321,623
iter_num=911: train_lossf=5.0285, dt=0.368s, mfu=17.02%, tokens_per_sec=1,335,873
iter_num=912: train_lossf=4.9617, dt=0.352s, mfu=17.24%, tokens_per_sec=1,395,636
iter_num=913: train_lossf=5.0325, dt=0.367s, mfu=17.36%, tokens_per_sec=1,340,027
iter_num=914: train_lossf=5.0203, dt=0.379s, mfu=17.41%, tokens_per_sec=1,296,704
iter_num=915: train_lossf=4.8627, dt=0.596s, mfu=16.80%, tokens_per_sec=824,082
iter_num=916: train_lossf=5.0184, dt=0.367s, mfu=16.96%, tokens_per_sec=1,339,027
iter_num=917: train_lossf=4.9771, dt=0.594s, mfu=16.40%, tokens_per_sec=826,813
iter_num=918: train_lossf=5.0317, dt=0.380s, mfu=16.54%, tokens_per_sec=1,293,079
iter_num=919: train_lossf=5.0625, dt=0.374s, mfu=16.70%, tokens_per_sec=1,315,133
iter_num=920: train_lossf=4.8756, dt=0.392s, mfu=16.75%, tokens_per_sec=1,254,605
iter_num=921: train_lossf=4.8500, dt=0.359s, mfu=16.96%, tokens_per_sec=1,370,167
iter_num=922: train_lossf=5.0529, dt=0.358s, mfu=17.15%, tokens_per_sec=1,372,162
iter_num=923: train_lossf=4.8327, dt=0.400s, mfu=17.13%, tokens_per_sec=1,229,254
iter_num=924: train_lossf=4.9143, dt=0.384s, mfu=17.17%, tokens_per_sec=1,278,915
iter_num=925: train_lossf=4.8668, dt=0.599s, mfu=16.59%, tokens_per_sec=821,158
iter_num=926: train_lossf=5.0673, dt=0.459s, mfu=16.40%, tokens_per_sec=1,070,808
iter_num=927: train_lossf=5.0173, dt=0.576s, mfu=15.93%, tokens_per_sec=853,124
iter_num=928: train_lossf=4.9315, dt=0.367s, mfu=16.18%, tokens_per_sec=1,340,017
iter_num=929: train_lossf=5.1009, dt=0.378s, mfu=16.35%, tokens_per_sec=1,299,784
iter_num=930: train_lossf=5.0166, dt=0.359s, mfu=16.60%, tokens_per_sec=1,368,721
iter_num=931: train_lossf=4.8914, dt=0.364s, mfu=16.80%, tokens_per_sec=1,349,176
iter_num=932: train_lossf=4.8466, dt=0.403s, mfu=16.80%, tokens_per_sec=1,220,066
iter_num=933: train_lossf=4.9450, dt=0.403s, mfu=16.80%, tokens_per_sec=1,220,577
iter_num=934: train_lossf=4.7820, dt=0.383s, mfu=16.88%, tokens_per_sec=1,281,966
iter_num=935: train_lossf=5.1982, dt=0.357s, mfu=17.09%, tokens_per_sec=1,378,163
iter_num=936: train_lossf=5.0335, dt=0.368s, mfu=17.22%, tokens_per_sec=1,336,663
iter_num=937: train_lossf=4.8536, dt=0.370s, mfu=17.32%, tokens_per_sec=1,329,699
iter_num=938: train_lossf=4.8931, dt=0.400s, mfu=17.28%, tokens_per_sec=1,227,600
iter_num=939: train_lossf=4.8242, dt=0.404s, mfu=17.23%, tokens_per_sec=1,216,101
iter_num=940: train_lossf=4.9454, dt=0.381s, mfu=17.28%, tokens_per_sec=1,289,858
iter_num=941: train_lossf=5.1555, dt=0.358s, mfu=17.44%, tokens_per_sec=1,372,288
iter_num=942: train_lossf=5.0359, dt=0.580s, mfu=16.86%, tokens_per_sec=847,970
iter_num=943: train_lossf=5.2046, dt=0.364s, mfu=17.03%, tokens_per_sec=1,350,046
iter_num=944: train_lossf=4.9887, dt=0.561s, mfu=16.53%, tokens_per_sec=876,284
iter_num=945: train_lossf=4.9152, dt=0.392s, mfu=16.61%, tokens_per_sec=1,255,286
iter_num=946: train_lossf=4.8919, dt=0.371s, mfu=16.77%, tokens_per_sec=1,324,641
iter_num=947: train_lossf=5.0179, dt=0.385s, mfu=16.85%, tokens_per_sec=1,277,543
iter_num=948: train_lossf=4.8512, dt=0.369s, mfu=17.00%, tokens_per_sec=1,333,717
iter_num=949: train_lossf=4.7513, dt=0.400s, mfu=16.99%, tokens_per_sec=1,227,530
iter_num=950: train_lossf=4.9639, dt=0.421s, mfu=16.90%, tokens_per_sec=1,168,497
iter_num=951: train_lossf=4.9838, dt=0.370s, mfu=17.03%, tokens_per_sec=1,326,777
iter_num=952: train_lossf=4.8602, dt=0.364s, mfu=17.19%, tokens_per_sec=1,349,585
iter_num=953: train_lossf=4.9762, dt=0.559s, mfu=16.68%, tokens_per_sec=879,777
iter_num=954: train_lossf=4.9447, dt=0.586s, mfu=16.16%, tokens_per_sec=838,655
iter_num=955: train_lossf=4.9200, dt=0.370s, mfu=16.37%, tokens_per_sec=1,328,141
iter_num=956: train_lossf=4.9950, dt=0.366s, mfu=16.58%, tokens_per_sec=1,343,139
iter_num=957: train_lossf=4.7704, dt=0.567s, mfu=16.12%, tokens_per_sec=866,857
iter_num=958: train_lossf=4.8584, dt=0.363s, mfu=16.37%, tokens_per_sec=1,352,321
iter_num=959: train_lossf=4.9991, dt=0.391s, mfu=16.46%, tokens_per_sec=1,258,688
iter_num=960: train_lossf=4.6615, dt=0.407s, mfu=16.48%, tokens_per_sec=1,208,779
iter_num=961: train_lossf=4.8950, dt=0.757s, mfu=15.72%, tokens_per_sec=648,881
iter_num=962: train_lossf=4.8403, dt=0.424s, mfu=15.74%, tokens_per_sec=1,158,183
iter_num=963: train_lossf=4.8467, dt=0.373s, mfu=15.98%, tokens_per_sec=1,317,239
iter_num=964: train_lossf=5.0239, dt=0.374s, mfu=16.19%, tokens_per_sec=1,313,137
iter_num=965: train_lossf=5.0933, dt=0.415s, mfu=16.20%, tokens_per_sec=1,185,523
iter_num=966: train_lossf=4.5892, dt=0.362s, mfu=16.45%, tokens_per_sec=1,357,136
iter_num=967: train_lossf=4.8275, dt=0.571s, mfu=15.99%, tokens_per_sec=860,162
iter_num=968: train_lossf=5.0061, dt=0.378s, mfu=16.18%, tokens_per_sec=1,301,468
iter_num=969: train_lossf=5.0240, dt=0.419s, mfu=16.18%, tokens_per_sec=1,174,205
iter_num=970: train_lossf=4.9717, dt=0.454s, mfu=16.05%, tokens_per_sec=1,082,594
iter_num=971: train_lossf=4.8414, dt=0.626s, mfu=15.52%, tokens_per_sec=784,574
iter_num=972: train_lossf=4.9615, dt=0.579s, mfu=15.14%, tokens_per_sec=848,465
iter_num=973: train_lossf=4.7215, dt=0.385s, mfu=15.38%, tokens_per_sec=1,275,604
iter_num=974: train_lossf=4.8769, dt=0.395s, mfu=15.55%, tokens_per_sec=1,243,345
iter_num=975: train_lossf=4.8369, dt=0.359s, mfu=15.88%, tokens_per_sec=1,368,267
iter_num=976: train_lossf=4.8101, dt=0.376s, mfu=16.09%, tokens_per_sec=1,305,722
iter_num=977: train_lossf=4.7837, dt=0.388s, mfu=16.22%, tokens_per_sec=1,267,247
iter_num=978: train_lossf=4.9071, dt=0.374s, mfu=16.40%, tokens_per_sec=1,312,841
iter_num=979: train_lossf=4.8467, dt=0.365s, mfu=16.61%, tokens_per_sec=1,344,844
iter_num=980: train_lossf=4.6664, dt=0.430s, mfu=16.53%, tokens_per_sec=1,143,446
iter_num=981: train_lossf=4.7831, dt=0.366s, mfu=16.72%, tokens_per_sec=1,341,796
iter_num=982: train_lossf=4.8036, dt=0.540s, mfu=16.30%, tokens_per_sec=910,225
iter_num=983: train_lossf=4.7934, dt=0.369s, mfu=16.50%, tokens_per_sec=1,330,813
iter_num=984: train_lossf=4.6592, dt=0.356s, mfu=16.75%, tokens_per_sec=1,379,803
iter_num=985: train_lossf=4.8229, dt=0.364s, mfu=16.93%, tokens_per_sec=1,351,568
iter_num=986: train_lossf=5.0452, dt=0.578s, mfu=16.41%, tokens_per_sec=849,723
iter_num=987: train_lossf=4.9369, dt=0.406s, mfu=16.43%, tokens_per_sec=1,210,039
iter_num=988: train_lossf=4.7147, dt=0.379s, mfu=16.57%, tokens_per_sec=1,295,608
iter_num=989: train_lossf=4.5610, dt=0.379s, mfu=16.70%, tokens_per_sec=1,296,628
iter_num=990: train_lossf=4.9502, dt=0.551s, mfu=16.25%, tokens_per_sec=891,689
iter_num=991: train_lossf=4.8223, dt=0.567s, mfu=15.82%, tokens_per_sec=866,358
iter_num=992: train_lossf=4.7218, dt=0.416s, mfu=15.86%, tokens_per_sec=1,181,600
iter_num=993: train_lossf=4.7956, dt=0.365s, mfu=16.13%, tokens_per_sec=1,347,384
iter_num=994: train_lossf=4.9467, dt=0.365s, mfu=16.37%, tokens_per_sec=1,345,160
iter_num=995: train_lossf=4.7631, dt=0.365s, mfu=16.58%, tokens_per_sec=1,345,624
iter_num=996: train_lossf=4.7601, dt=0.381s, mfu=16.70%, tokens_per_sec=1,288,389
iter_num=997: train_lossf=4.8685, dt=0.361s, mfu=16.90%, tokens_per_sec=1,363,263
iter_num=998: train_lossf=4.7134, dt=0.390s, mfu=16.95%, tokens_per_sec=1,260,537
iter_num=999: train_lossf=4.7020, dt=0.360s, mfu=17.13%, tokens_per_sec=1,365,628
iter_num=1000: train_lossf=5.0373, dt=0.360s, mfu=17.29%, tokens_per_sec=1,364,222
step 1001: train loss 4.8036, val loss 4.8048
saving checkpoint to out/width_256_lr_0.00390625/
iter_num=1001: train_lossf=4.8162, dt=7.170s, mfu=15.66%, tokens_per_sec=68,555
