Running with width=2048, lr=0.00390625
----------------------------------
SLURM_JOB_NODELIST: jrc0196
MASTER_ADDR:MASTER_PORT=10.14.1.206:9469
----------------------------------
[2024-12-10 18:56:37,464] torch.distributed.run: [WARNING] master_addr is only used for static rdzv_backend and when rdzv_endpoint is not specified.
[2024-12-10 18:56:37,464] torch.distributed.run: [WARNING] 
[2024-12-10 18:56:37,464] torch.distributed.run: [WARNING] *****************************************
[2024-12-10 18:56:37,464] torch.distributed.run: [WARNING] Setting OMP_NUM_THREADS environment variable for each process to be 1 in default, to avoid your system being overloaded, please further tune the variable for optimal performance in your application as needed. 
[2024-12-10 18:56:37,464] torch.distributed.run: [WARNING] *****************************************
[W socket.cpp:436] [c10d] The server socket cannot be initialized on [::]:9469 (errno: 97 - Address family not supported by protocol).
[W socket.cpp:663] [c10d] The client socket cannot be initialized to connect to [jrc0196i.jureca]:9469 (errno: 97 - Address family not supported by protocol).
Overriding: out_dir = out/width_2048_lr_0.00390625/
Overriding: n_head = 32
Overriding: n_embd = 2048
Overriding: learning_rate = 0.00390625
[W socket.cpp:663] [c10d] The client socket cannot be initialized to connect to [jrc0196.jureca]:42047 (errno: 97 - Address family not supported by protocol).
Overriding: out_dir = out/width_2048_lr_0.00390625/
Overriding: n_head = 32
Overriding: n_embd = 2048
Overriding: learning_rate = 0.00390625
[W socket.cpp:663] [c10d] The client socket cannot be initialized to connect to [jrc0196.jureca]:42047 (errno: 97 - Address family not supported by protocol).
Overriding: out_dir = out/width_2048_lr_0.00390625/
Overriding: n_head = 32
Overriding: n_embd = 2048
Overriding: learning_rate = 0.00390625
[W socket.cpp:663] [c10d] The client socket cannot be initialized to connect to [jrc0196.jureca]:42047 (errno: 97 - Address family not supported by protocol).
Overriding: out_dir = out/width_2048_lr_0.00390625/
Overriding: n_head = 32
Overriding: n_embd = 2048
Overriding: learning_rate = 0.00390625
[W socket.cpp:436] [c10d] The server socket cannot be initialized on [::]:42047 (errno: 97 - Address family not supported by protocol).
[W socket.cpp:663] [c10d] The client socket cannot be initialized to connect to [jrc0196.jureca]:42047 (errno: 97 - Address family not supported by protocol).
tokens per iteration will be: 491,520
Initializing a new model from scratch
defaulting to vocab_size of GPT-2 to 50304 (50257 rounded up for efficiency)
tokens per iteration will be: 491,520
Initializing a new model from scratch
defaulting to vocab_size of GPT-2 to 50304 (50257 rounded up for efficiency)
tokens per iteration will be: 491,520
tokens per iteration will be: 491,520
Initializing a new model from scratch
defaulting to vocab_size of GPT-2 to 50304 (50257 rounded up for efficiency)
Initializing a new model from scratch
defaulting to vocab_size of GPT-2 to 50304 (50257 rounded up for efficiency)
number of parameters: 707.05M
number of parameters: 707.05M
number of parameters: 707.05M
num decayed parameter tensors: 50, with 709,099,520 parameters
num non-decayed parameter tensors: 25, with 51,200 parameters
using fused AdamW: True
compiling the model... (takes a ~minute)
num decayed parameter tensors: 50, with 709,099,520 parameters
num non-decayed parameter tensors: 25, with 51,200 parameters
using fused AdamW: True
compiling the model... (takes a ~minute)
num decayed parameter tensors: 50, with 709,099,520 parameters
num non-decayed parameter tensors: 25, with 51,200 parameters
using fused AdamW: True
compiling the model... (takes a ~minute)
number of parameters: 707.05M
num decayed parameter tensors: 50, with 709,099,520 parameters
num non-decayed parameter tensors: 25, with 51,200 parameters
using fused AdamW: True
compiling the model... (takes a ~minute)
step 0: train loss 11.1787, val loss 11.1779
iter_num=0: train_lossf=11.1482, dt=110.058s, mfu=0.00%, tokens_per_sec=4,466
iter_num=1: train_lossf=11.1672, dt=3.238s, mfu=0.00%, tokens_per_sec=151,774
iter_num=2: train_lossf=10.9250, dt=3.246s, mfu=0.00%, tokens_per_sec=151,412
iter_num=3: train_lossf=10.4490, dt=3.242s, mfu=0.00%, tokens_per_sec=151,617
iter_num=4: train_lossf=9.9086, dt=3.242s, mfu=0.00%, tokens_per_sec=151,619
iter_num=5: train_lossf=9.6544, dt=3.243s, mfu=0.00%, tokens_per_sec=151,577
iter_num=6: train_lossf=9.6687, dt=3.243s, mfu=0.00%, tokens_per_sec=151,560
iter_num=7: train_lossf=9.4182, dt=3.243s, mfu=0.00%, tokens_per_sec=151,569
iter_num=8: train_lossf=9.1892, dt=3.244s, mfu=0.00%, tokens_per_sec=151,497
iter_num=9: train_lossf=9.1311, dt=3.243s, mfu=0.00%, tokens_per_sec=151,577
iter_num=10: train_lossf=9.1241, dt=3.252s, mfu=0.00%, tokens_per_sec=151,158
iter_num=11: train_lossf=9.0408, dt=3.244s, mfu=55.18%, tokens_per_sec=151,533
iter_num=12: train_lossf=8.9240, dt=3.243s, mfu=55.18%, tokens_per_sec=151,586
iter_num=13: train_lossf=8.7416, dt=3.243s, mfu=55.18%, tokens_per_sec=151,551
iter_num=14: train_lossf=8.8724, dt=3.243s, mfu=55.18%, tokens_per_sec=151,586
iter_num=15: train_lossf=8.6403, dt=3.309s, mfu=55.07%, tokens_per_sec=148,532
iter_num=16: train_lossf=8.9341, dt=3.242s, mfu=55.08%, tokens_per_sec=151,623
iter_num=17: train_lossf=8.6282, dt=3.369s, mfu=54.89%, tokens_per_sec=145,887
iter_num=18: train_lossf=8.5047, dt=3.242s, mfu=54.92%, tokens_per_sec=151,610
iter_num=19: train_lossf=8.4760, dt=3.247s, mfu=54.94%, tokens_per_sec=151,390
iter_num=20: train_lossf=8.5489, dt=3.245s, mfu=54.96%, tokens_per_sec=151,484
iter_num=21: train_lossf=8.2043, dt=3.246s, mfu=54.98%, tokens_per_sec=151,440
iter_num=22: train_lossf=8.4801, dt=3.245s, mfu=55.00%, tokens_per_sec=151,469
iter_num=23: train_lossf=8.4587, dt=3.245s, mfu=55.01%, tokens_per_sec=151,449
iter_num=24: train_lossf=8.2525, dt=3.247s, mfu=55.02%, tokens_per_sec=151,383
iter_num=25: train_lossf=8.4334, dt=3.247s, mfu=55.03%, tokens_per_sec=151,355
iter_num=26: train_lossf=8.1990, dt=3.248s, mfu=55.04%, tokens_per_sec=151,327
iter_num=27: train_lossf=8.0041, dt=3.248s, mfu=55.05%, tokens_per_sec=151,332
iter_num=28: train_lossf=8.2654, dt=3.248s, mfu=55.05%, tokens_per_sec=151,325
iter_num=29: train_lossf=7.9782, dt=3.381s, mfu=54.84%, tokens_per_sec=145,365
iter_num=30: train_lossf=8.1839, dt=3.262s, mfu=54.84%, tokens_per_sec=150,672
iter_num=31: train_lossf=7.8414, dt=3.248s, mfu=54.87%, tokens_per_sec=151,320
iter_num=32: train_lossf=7.8824, dt=3.251s, mfu=54.89%, tokens_per_sec=151,208
iter_num=33: train_lossf=7.8052, dt=3.249s, mfu=54.91%, tokens_per_sec=151,295
iter_num=34: train_lossf=7.8543, dt=3.323s, mfu=54.80%, tokens_per_sec=147,903
iter_num=35: train_lossf=7.7862, dt=3.247s, mfu=54.83%, tokens_per_sec=151,389
iter_num=36: train_lossf=7.8264, dt=3.247s, mfu=54.86%, tokens_per_sec=151,373
iter_num=37: train_lossf=7.7104, dt=3.246s, mfu=54.89%, tokens_per_sec=151,430
iter_num=38: train_lossf=7.5754, dt=3.247s, mfu=54.91%, tokens_per_sec=151,396
iter_num=39: train_lossf=7.7428, dt=3.247s, mfu=54.94%, tokens_per_sec=151,399
iter_num=40: train_lossf=7.6541, dt=3.246s, mfu=54.96%, tokens_per_sec=151,437
iter_num=41: train_lossf=7.5466, dt=3.247s, mfu=54.97%, tokens_per_sec=151,385
iter_num=42: train_lossf=7.6200, dt=3.247s, mfu=54.99%, tokens_per_sec=151,392
iter_num=43: train_lossf=7.3251, dt=3.246s, mfu=55.00%, tokens_per_sec=151,407
iter_num=44: train_lossf=7.5047, dt=3.246s, mfu=55.02%, tokens_per_sec=151,419
iter_num=45: train_lossf=7.2646, dt=3.249s, mfu=55.02%, tokens_per_sec=151,285
iter_num=46: train_lossf=7.4507, dt=3.248s, mfu=55.03%, tokens_per_sec=151,347
iter_num=47: train_lossf=7.2436, dt=3.247s, mfu=55.04%, tokens_per_sec=151,355
iter_num=48: train_lossf=7.3967, dt=3.247s, mfu=55.05%, tokens_per_sec=151,388
iter_num=49: train_lossf=7.5373, dt=3.250s, mfu=55.05%, tokens_per_sec=151,243
iter_num=50: train_lossf=7.2329, dt=3.248s, mfu=55.06%, tokens_per_sec=151,319
iter_num=51: train_lossf=7.1389, dt=3.248s, mfu=55.06%, tokens_per_sec=151,345
iter_num=52: train_lossf=7.2654, dt=3.251s, mfu=55.06%, tokens_per_sec=151,211
iter_num=53: train_lossf=7.0711, dt=3.251s, mfu=55.06%, tokens_per_sec=151,212
iter_num=54: train_lossf=6.9968, dt=3.250s, mfu=55.06%, tokens_per_sec=151,220
iter_num=55: train_lossf=6.8747, dt=3.251s, mfu=55.06%, tokens_per_sec=151,192
iter_num=56: train_lossf=7.2278, dt=3.251s, mfu=55.06%, tokens_per_sec=151,213
iter_num=57: train_lossf=6.9106, dt=3.250s, mfu=55.06%, tokens_per_sec=151,239
iter_num=58: train_lossf=6.9605, dt=3.254s, mfu=55.06%, tokens_per_sec=151,071
iter_num=59: train_lossf=7.4001, dt=3.253s, mfu=55.05%, tokens_per_sec=151,083
iter_num=60: train_lossf=6.9186, dt=3.252s, mfu=55.05%, tokens_per_sec=151,144
iter_num=61: train_lossf=7.1302, dt=3.254s, mfu=55.05%, tokens_per_sec=151,062
iter_num=62: train_lossf=7.0589, dt=3.253s, mfu=55.04%, tokens_per_sec=151,092
iter_num=63: train_lossf=6.9580, dt=3.254s, mfu=55.04%, tokens_per_sec=151,045
iter_num=64: train_lossf=6.8652, dt=3.254s, mfu=55.03%, tokens_per_sec=151,042
iter_num=65: train_lossf=6.8394, dt=3.257s, mfu=55.03%, tokens_per_sec=150,920
iter_num=66: train_lossf=6.8603, dt=3.256s, mfu=55.02%, tokens_per_sec=150,943
iter_num=67: train_lossf=6.8147, dt=3.258s, mfu=55.01%, tokens_per_sec=150,864
iter_num=68: train_lossf=6.8434, dt=3.261s, mfu=55.00%, tokens_per_sec=150,711
iter_num=69: train_lossf=6.9530, dt=3.260s, mfu=54.99%, tokens_per_sec=150,765
iter_num=70: train_lossf=7.3056, dt=3.261s, mfu=54.98%, tokens_per_sec=150,745
iter_num=71: train_lossf=6.6802, dt=3.259s, mfu=54.97%, tokens_per_sec=150,818
iter_num=72: train_lossf=7.0052, dt=3.261s, mfu=54.96%, tokens_per_sec=150,716
iter_num=73: train_lossf=6.9482, dt=3.262s, mfu=54.95%, tokens_per_sec=150,694
iter_num=74: train_lossf=6.8537, dt=3.261s, mfu=54.95%, tokens_per_sec=150,715
iter_num=75: train_lossf=6.8822, dt=3.261s, mfu=54.94%, tokens_per_sec=150,731
iter_num=76: train_lossf=6.8572, dt=3.261s, mfu=54.93%, tokens_per_sec=150,728
iter_num=77: train_lossf=6.7188, dt=3.262s, mfu=54.93%, tokens_per_sec=150,675
iter_num=78: train_lossf=6.6897, dt=3.262s, mfu=54.92%, tokens_per_sec=150,689
iter_num=79: train_lossf=6.8684, dt=3.263s, mfu=54.91%, tokens_per_sec=150,639
iter_num=80: train_lossf=6.9502, dt=3.261s, mfu=54.91%, tokens_per_sec=150,749
iter_num=81: train_lossf=6.9435, dt=3.262s, mfu=54.91%, tokens_per_sec=150,678
iter_num=82: train_lossf=6.4770, dt=3.487s, mfu=54.55%, tokens_per_sec=140,949
iter_num=83: train_lossf=7.0215, dt=3.259s, mfu=54.59%, tokens_per_sec=150,798
iter_num=84: train_lossf=6.6209, dt=3.260s, mfu=54.62%, tokens_per_sec=150,788
iter_num=85: train_lossf=6.6021, dt=3.258s, mfu=54.65%, tokens_per_sec=150,876
iter_num=86: train_lossf=6.5890, dt=3.256s, mfu=54.68%, tokens_per_sec=150,944
iter_num=87: train_lossf=6.5689, dt=3.426s, mfu=54.44%, tokens_per_sec=143,458
iter_num=88: train_lossf=6.6157, dt=3.255s, mfu=54.49%, tokens_per_sec=151,015
iter_num=89: train_lossf=6.3913, dt=3.257s, mfu=54.54%, tokens_per_sec=150,922
iter_num=90: train_lossf=6.6089, dt=3.258s, mfu=54.58%, tokens_per_sec=150,847
iter_num=91: train_lossf=6.5954, dt=3.259s, mfu=54.61%, tokens_per_sec=150,819
iter_num=92: train_lossf=6.6771, dt=3.257s, mfu=54.65%, tokens_per_sec=150,931
iter_num=93: train_lossf=6.4754, dt=3.256s, mfu=54.68%, tokens_per_sec=150,980
iter_num=94: train_lossf=6.4515, dt=3.282s, mfu=54.66%, tokens_per_sec=149,741
iter_num=95: train_lossf=6.2168, dt=3.255s, mfu=54.70%, tokens_per_sec=151,006
iter_num=96: train_lossf=6.5062, dt=3.255s, mfu=54.72%, tokens_per_sec=151,010
iter_num=97: train_lossf=6.4198, dt=3.255s, mfu=54.75%, tokens_per_sec=150,992
iter_num=98: train_lossf=6.6066, dt=3.255s, mfu=54.77%, tokens_per_sec=151,007
iter_num=99: train_lossf=6.4164, dt=3.255s, mfu=54.80%, tokens_per_sec=151,017
iter_num=100: train_lossf=6.3687, dt=3.254s, mfu=54.82%, tokens_per_sec=151,070
iter_num=101: train_lossf=6.2211, dt=3.269s, mfu=54.81%, tokens_per_sec=150,357
iter_num=102: train_lossf=6.4500, dt=3.254s, mfu=54.83%, tokens_per_sec=151,068
iter_num=103: train_lossf=6.4176, dt=3.254s, mfu=54.85%, tokens_per_sec=151,030
iter_num=104: train_lossf=6.3017, dt=3.254s, mfu=54.86%, tokens_per_sec=151,031
iter_num=105: train_lossf=6.0023, dt=3.255s, mfu=54.87%, tokens_per_sec=150,985
iter_num=106: train_lossf=6.5856, dt=3.257s, mfu=54.88%, tokens_per_sec=150,900
iter_num=107: train_lossf=6.3311, dt=3.258s, mfu=54.88%, tokens_per_sec=150,851
iter_num=108: train_lossf=6.5349, dt=3.257s, mfu=54.89%, tokens_per_sec=150,911
iter_num=109: train_lossf=6.5034, dt=3.258s, mfu=54.90%, tokens_per_sec=150,882
iter_num=110: train_lossf=6.1204, dt=3.388s, mfu=54.69%, tokens_per_sec=145,073
iter_num=111: train_lossf=6.3967, dt=3.258s, mfu=54.71%, tokens_per_sec=150,881
iter_num=112: train_lossf=6.5051, dt=3.260s, mfu=54.73%, tokens_per_sec=150,761
iter_num=113: train_lossf=6.4394, dt=3.260s, mfu=54.75%, tokens_per_sec=150,753
iter_num=114: train_lossf=6.2633, dt=3.262s, mfu=54.76%, tokens_per_sec=150,678
iter_num=115: train_lossf=6.2425, dt=3.262s, mfu=54.77%, tokens_per_sec=150,671
iter_num=116: train_lossf=6.1815, dt=3.262s, mfu=54.78%, tokens_per_sec=150,680
iter_num=117: train_lossf=6.5512, dt=3.262s, mfu=54.79%, tokens_per_sec=150,670
iter_num=118: train_lossf=6.3658, dt=3.263s, mfu=54.80%, tokens_per_sec=150,649
iter_num=119: train_lossf=6.2709, dt=3.263s, mfu=54.80%, tokens_per_sec=150,632
iter_num=120: train_lossf=6.3041, dt=3.264s, mfu=54.80%, tokens_per_sec=150,611
iter_num=121: train_lossf=6.2142, dt=3.469s, mfu=54.48%, tokens_per_sec=141,670
iter_num=122: train_lossf=6.1649, dt=3.262s, mfu=54.52%, tokens_per_sec=150,682
iter_num=123: train_lossf=6.1903, dt=3.263s, mfu=54.55%, tokens_per_sec=150,653
iter_num=124: train_lossf=6.1214, dt=3.261s, mfu=54.59%, tokens_per_sec=150,739
iter_num=125: train_lossf=6.1347, dt=3.263s, mfu=54.61%, tokens_per_sec=150,639
iter_num=126: train_lossf=6.3422, dt=3.263s, mfu=54.64%, tokens_per_sec=150,625
iter_num=127: train_lossf=6.4416, dt=3.263s, mfu=54.66%, tokens_per_sec=150,626
iter_num=128: train_lossf=6.0118, dt=3.264s, mfu=54.68%, tokens_per_sec=150,606
iter_num=129: train_lossf=6.0886, dt=3.264s, mfu=54.69%, tokens_per_sec=150,580
iter_num=130: train_lossf=6.5470, dt=3.264s, mfu=54.71%, tokens_per_sec=150,582
iter_num=131: train_lossf=6.1207, dt=3.264s, mfu=54.72%, tokens_per_sec=150,609
iter_num=132: train_lossf=6.0820, dt=3.264s, mfu=54.73%, tokens_per_sec=150,594
iter_num=133: train_lossf=6.2589, dt=3.263s, mfu=54.74%, tokens_per_sec=150,630
iter_num=134: train_lossf=6.1295, dt=3.263s, mfu=54.75%, tokens_per_sec=150,652
iter_num=135: train_lossf=6.0235, dt=3.264s, mfu=54.76%, tokens_per_sec=150,588
iter_num=136: train_lossf=5.8515, dt=3.263s, mfu=54.77%, tokens_per_sec=150,641
iter_num=137: train_lossf=6.1618, dt=3.263s, mfu=54.78%, tokens_per_sec=150,649
iter_num=138: train_lossf=6.1623, dt=3.263s, mfu=54.79%, tokens_per_sec=150,651
iter_num=139: train_lossf=6.0552, dt=3.264s, mfu=54.79%, tokens_per_sec=150,596
iter_num=140: train_lossf=6.0264, dt=3.262s, mfu=54.80%, tokens_per_sec=150,669
iter_num=141: train_lossf=5.7963, dt=3.262s, mfu=54.81%, tokens_per_sec=150,694
iter_num=142: train_lossf=6.0370, dt=3.263s, mfu=54.81%, tokens_per_sec=150,657
iter_num=143: train_lossf=5.9796, dt=3.261s, mfu=54.82%, tokens_per_sec=150,711
iter_num=144: train_lossf=6.0986, dt=3.260s, mfu=54.83%, tokens_per_sec=150,777
iter_num=145: train_lossf=6.0196, dt=3.262s, mfu=54.83%, tokens_per_sec=150,684
iter_num=146: train_lossf=6.2193, dt=3.260s, mfu=54.84%, tokens_per_sec=150,778
iter_num=147: train_lossf=6.1120, dt=3.259s, mfu=54.85%, tokens_per_sec=150,840
iter_num=148: train_lossf=5.9275, dt=3.261s, mfu=54.85%, tokens_per_sec=150,726
iter_num=149: train_lossf=5.8827, dt=3.262s, mfu=54.85%, tokens_per_sec=150,690
iter_num=150: train_lossf=6.2453, dt=3.260s, mfu=54.86%, tokens_per_sec=150,793
iter_num=151: train_lossf=6.0581, dt=3.260s, mfu=54.86%, tokens_per_sec=150,765
iter_num=152: train_lossf=6.4024, dt=3.259s, mfu=54.87%, tokens_per_sec=150,810
iter_num=153: train_lossf=6.0279, dt=3.260s, mfu=54.87%, tokens_per_sec=150,794
iter_num=154: train_lossf=6.1012, dt=3.259s, mfu=54.88%, tokens_per_sec=150,805
iter_num=155: train_lossf=6.2531, dt=3.400s, mfu=54.65%, tokens_per_sec=144,582
iter_num=156: train_lossf=5.9424, dt=3.260s, mfu=54.68%, tokens_per_sec=150,794
iter_num=157: train_lossf=5.9689, dt=3.397s, mfu=54.48%, tokens_per_sec=144,686
iter_num=158: train_lossf=6.0657, dt=3.261s, mfu=54.52%, tokens_per_sec=150,729
iter_num=159: train_lossf=5.9598, dt=3.358s, mfu=54.40%, tokens_per_sec=146,358
iter_num=160: train_lossf=6.0463, dt=3.262s, mfu=54.44%, tokens_per_sec=150,700
iter_num=161: train_lossf=6.1267, dt=3.262s, mfu=54.49%, tokens_per_sec=150,678
iter_num=162: train_lossf=6.0376, dt=3.263s, mfu=54.52%, tokens_per_sec=150,653
iter_num=163: train_lossf=6.0949, dt=3.264s, mfu=54.56%, tokens_per_sec=150,604
iter_num=164: train_lossf=5.8885, dt=3.263s, mfu=54.58%, tokens_per_sec=150,616
iter_num=165: train_lossf=5.7659, dt=3.263s, mfu=54.61%, tokens_per_sec=150,641
iter_num=166: train_lossf=6.1015, dt=3.265s, mfu=54.63%, tokens_per_sec=150,540
iter_num=167: train_lossf=6.0084, dt=3.265s, mfu=54.65%, tokens_per_sec=150,544
iter_num=168: train_lossf=5.9282, dt=3.265s, mfu=54.67%, tokens_per_sec=150,549
iter_num=169: train_lossf=5.9376, dt=3.265s, mfu=54.68%, tokens_per_sec=150,564
iter_num=170: train_lossf=5.9373, dt=3.266s, mfu=54.69%, tokens_per_sec=150,497
iter_num=171: train_lossf=6.1010, dt=3.265s, mfu=54.71%, tokens_per_sec=150,521
iter_num=172: train_lossf=6.1850, dt=3.265s, mfu=54.72%, tokens_per_sec=150,540
iter_num=173: train_lossf=5.9717, dt=3.266s, mfu=54.73%, tokens_per_sec=150,509
iter_num=174: train_lossf=5.8098, dt=3.266s, mfu=54.73%, tokens_per_sec=150,493
iter_num=175: train_lossf=5.9023, dt=3.268s, mfu=54.74%, tokens_per_sec=150,416
iter_num=176: train_lossf=6.0085, dt=3.265s, mfu=54.74%, tokens_per_sec=150,524
iter_num=177: train_lossf=6.0915, dt=3.268s, mfu=54.75%, tokens_per_sec=150,411
iter_num=178: train_lossf=5.8576, dt=3.268s, mfu=54.75%, tokens_per_sec=150,387
iter_num=179: train_lossf=6.0942, dt=3.267s, mfu=54.75%, tokens_per_sec=150,445
iter_num=180: train_lossf=5.8912, dt=3.267s, mfu=54.75%, tokens_per_sec=150,459
iter_num=181: train_lossf=6.0984, dt=3.276s, mfu=54.74%, tokens_per_sec=150,040
iter_num=182: train_lossf=5.9861, dt=3.396s, mfu=54.54%, tokens_per_sec=144,746
iter_num=183: train_lossf=5.9038, dt=3.266s, mfu=54.56%, tokens_per_sec=150,488
iter_num=184: train_lossf=5.8388, dt=3.266s, mfu=54.59%, tokens_per_sec=150,494
iter_num=185: train_lossf=6.0764, dt=3.264s, mfu=54.61%, tokens_per_sec=150,581
iter_num=186: train_lossf=5.9254, dt=3.286s, mfu=54.60%, tokens_per_sec=149,591
iter_num=187: train_lossf=5.8406, dt=3.264s, mfu=54.62%, tokens_per_sec=150,607
iter_num=188: train_lossf=5.9139, dt=3.263s, mfu=54.65%, tokens_per_sec=150,653
iter_num=189: train_lossf=5.9342, dt=3.262s, mfu=54.67%, tokens_per_sec=150,664
iter_num=190: train_lossf=5.9157, dt=3.263s, mfu=54.69%, tokens_per_sec=150,620
iter_num=191: train_lossf=5.8780, dt=3.262s, mfu=54.70%, tokens_per_sec=150,681
iter_num=192: train_lossf=5.7681, dt=3.264s, mfu=54.72%, tokens_per_sec=150,608
iter_num=193: train_lossf=5.9393, dt=3.262s, mfu=54.73%, tokens_per_sec=150,695
iter_num=194: train_lossf=5.8451, dt=3.261s, mfu=54.75%, tokens_per_sec=150,718
iter_num=195: train_lossf=5.7411, dt=3.260s, mfu=54.76%, tokens_per_sec=150,772
iter_num=196: train_lossf=6.0945, dt=3.261s, mfu=54.77%, tokens_per_sec=150,725
iter_num=197: train_lossf=5.8897, dt=3.262s, mfu=54.78%, tokens_per_sec=150,667
iter_num=198: train_lossf=6.0156, dt=3.558s, mfu=54.33%, tokens_per_sec=138,130
iter_num=199: train_lossf=5.8461, dt=3.255s, mfu=54.40%, tokens_per_sec=151,001
iter_num=200: train_lossf=5.7034, dt=3.256s, mfu=54.46%, tokens_per_sec=150,949
iter_num=201: train_lossf=5.9234, dt=3.258s, mfu=54.50%, tokens_per_sec=150,848
iter_num=202: train_lossf=5.7280, dt=3.257s, mfu=54.55%, tokens_per_sec=150,933
iter_num=203: train_lossf=5.9662, dt=3.258s, mfu=54.59%, tokens_per_sec=150,873
iter_num=204: train_lossf=5.8835, dt=3.258s, mfu=54.62%, tokens_per_sec=150,863
iter_num=205: train_lossf=6.1128, dt=3.258s, mfu=54.65%, tokens_per_sec=150,856
iter_num=206: train_lossf=6.0365, dt=3.258s, mfu=54.68%, tokens_per_sec=150,848
iter_num=207: train_lossf=5.9339, dt=3.260s, mfu=54.70%, tokens_per_sec=150,780
iter_num=208: train_lossf=5.8624, dt=3.260s, mfu=54.72%, tokens_per_sec=150,765
iter_num=209: train_lossf=5.9848, dt=3.260s, mfu=54.74%, tokens_per_sec=150,781
iter_num=210: train_lossf=5.7491, dt=3.260s, mfu=54.76%, tokens_per_sec=150,783
iter_num=211: train_lossf=5.8386, dt=3.259s, mfu=54.77%, tokens_per_sec=150,831
iter_num=212: train_lossf=5.8917, dt=3.262s, mfu=54.78%, tokens_per_sec=150,686
iter_num=213: train_lossf=5.8991, dt=3.263s, mfu=54.79%, tokens_per_sec=150,642
iter_num=214: train_lossf=5.7428, dt=3.262s, mfu=54.80%, tokens_per_sec=150,693
iter_num=215: train_lossf=5.6880, dt=3.378s, mfu=54.62%, tokens_per_sec=145,523
iter_num=216: train_lossf=5.9805, dt=3.259s, mfu=54.65%, tokens_per_sec=150,805
iter_num=217: train_lossf=5.8868, dt=3.263s, mfu=54.67%, tokens_per_sec=150,649
iter_num=218: train_lossf=5.7553, dt=3.262s, mfu=54.69%, tokens_per_sec=150,679
iter_num=219: train_lossf=5.7191, dt=3.264s, mfu=54.70%, tokens_per_sec=150,596
iter_num=220: train_lossf=5.9217, dt=3.263s, mfu=54.72%, tokens_per_sec=150,627
iter_num=221: train_lossf=5.8431, dt=3.264s, mfu=54.73%, tokens_per_sec=150,580
iter_num=222: train_lossf=5.7066, dt=3.263s, mfu=54.74%, tokens_per_sec=150,626
iter_num=223: train_lossf=5.7365, dt=3.264s, mfu=54.75%, tokens_per_sec=150,587
iter_num=224: train_lossf=5.9291, dt=3.265s, mfu=54.76%, tokens_per_sec=150,532
iter_num=225: train_lossf=5.4436, dt=3.415s, mfu=54.52%, tokens_per_sec=143,934
iter_num=226: train_lossf=5.5755, dt=3.264s, mfu=54.55%, tokens_per_sec=150,597
iter_num=227: train_lossf=5.6310, dt=3.265s, mfu=54.58%, tokens_per_sec=150,555
iter_num=228: train_lossf=5.8700, dt=3.266s, mfu=54.60%, tokens_per_sec=150,515
iter_num=229: train_lossf=5.6161, dt=3.265s, mfu=54.62%, tokens_per_sec=150,550
iter_num=230: train_lossf=5.8820, dt=3.265s, mfu=54.64%, tokens_per_sec=150,546
iter_num=231: train_lossf=5.6845, dt=3.266s, mfu=54.66%, tokens_per_sec=150,476
iter_num=232: train_lossf=5.5447, dt=3.264s, mfu=54.68%, tokens_per_sec=150,610
iter_num=233: train_lossf=5.7476, dt=3.264s, mfu=54.69%, tokens_per_sec=150,586
iter_num=234: train_lossf=5.7337, dt=3.263s, mfu=54.71%, tokens_per_sec=150,611
iter_num=235: train_lossf=5.7908, dt=3.265s, mfu=54.72%, tokens_per_sec=150,522
iter_num=236: train_lossf=5.4812, dt=3.266s, mfu=54.73%, tokens_per_sec=150,514
iter_num=237: train_lossf=5.6808, dt=3.263s, mfu=54.74%, tokens_per_sec=150,622
iter_num=238: train_lossf=5.4903, dt=3.262s, mfu=54.75%, tokens_per_sec=150,671
iter_num=239: train_lossf=5.7309, dt=3.261s, mfu=54.76%, tokens_per_sec=150,724
iter_num=240: train_lossf=5.7854, dt=3.264s, mfu=54.77%, tokens_per_sec=150,594
iter_num=241: train_lossf=5.8223, dt=3.262s, mfu=54.78%, tokens_per_sec=150,698
iter_num=242: train_lossf=5.8056, dt=3.260s, mfu=54.79%, tokens_per_sec=150,769
iter_num=243: train_lossf=5.8963, dt=3.267s, mfu=54.79%, tokens_per_sec=150,447
iter_num=244: train_lossf=5.8372, dt=3.274s, mfu=54.78%, tokens_per_sec=150,108
iter_num=245: train_lossf=5.8132, dt=3.262s, mfu=54.79%, tokens_per_sec=150,699
iter_num=246: train_lossf=5.6188, dt=3.262s, mfu=54.80%, tokens_per_sec=150,680
iter_num=247: train_lossf=5.6363, dt=3.259s, mfu=54.81%, tokens_per_sec=150,821
iter_num=248: train_lossf=5.5609, dt=3.259s, mfu=54.82%, tokens_per_sec=150,829
iter_num=249: train_lossf=5.8166, dt=3.259s, mfu=54.83%, tokens_per_sec=150,827
iter_num=250: train_lossf=5.6460, dt=3.259s, mfu=54.84%, tokens_per_sec=150,807
iter_num=251: train_lossf=5.7358, dt=3.260s, mfu=54.84%, tokens_per_sec=150,760
iter_num=252: train_lossf=5.7414, dt=3.260s, mfu=54.85%, tokens_per_sec=150,753
iter_num=253: train_lossf=5.6194, dt=3.259s, mfu=54.86%, tokens_per_sec=150,813
iter_num=254: train_lossf=5.6974, dt=3.260s, mfu=54.86%, tokens_per_sec=150,760
iter_num=255: train_lossf=5.8933, dt=3.260s, mfu=54.86%, tokens_per_sec=150,755
iter_num=256: train_lossf=5.6043, dt=3.262s, mfu=54.86%, tokens_per_sec=150,703
iter_num=257: train_lossf=5.9120, dt=3.263s, mfu=54.86%, tokens_per_sec=150,642
iter_num=258: train_lossf=5.5848, dt=3.262s, mfu=54.86%, tokens_per_sec=150,698
iter_num=259: train_lossf=5.6268, dt=3.263s, mfu=54.86%, tokens_per_sec=150,627
iter_num=260: train_lossf=5.5901, dt=3.263s, mfu=54.86%, tokens_per_sec=150,645
iter_num=261: train_lossf=5.6524, dt=3.265s, mfu=54.86%, tokens_per_sec=150,552
iter_num=262: train_lossf=5.7114, dt=3.264s, mfu=54.85%, tokens_per_sec=150,583
iter_num=263: train_lossf=5.7268, dt=3.263s, mfu=54.85%, tokens_per_sec=150,621
iter_num=264: train_lossf=5.7411, dt=3.264s, mfu=54.85%, tokens_per_sec=150,571
iter_num=265: train_lossf=5.4017, dt=3.265s, mfu=54.85%, tokens_per_sec=150,554
iter_num=266: train_lossf=5.3731, dt=3.267s, mfu=54.84%, tokens_per_sec=150,444
iter_num=267: train_lossf=5.6338, dt=3.266s, mfu=54.84%, tokens_per_sec=150,499
iter_num=268: train_lossf=5.7228, dt=3.267s, mfu=54.83%, tokens_per_sec=150,458
iter_num=269: train_lossf=5.5975, dt=3.266s, mfu=54.83%, tokens_per_sec=150,490
iter_num=270: train_lossf=5.4334, dt=3.265s, mfu=54.83%, tokens_per_sec=150,526
iter_num=271: train_lossf=5.5792, dt=3.266s, mfu=54.82%, tokens_per_sec=150,476
iter_num=272: train_lossf=5.5883, dt=3.266s, mfu=54.82%, tokens_per_sec=150,492
iter_num=273: train_lossf=5.4797, dt=3.267s, mfu=54.82%, tokens_per_sec=150,435
iter_num=274: train_lossf=5.5701, dt=3.268s, mfu=54.81%, tokens_per_sec=150,383
iter_num=275: train_lossf=5.7941, dt=3.267s, mfu=54.81%, tokens_per_sec=150,441
iter_num=276: train_lossf=5.6844, dt=3.269s, mfu=54.80%, tokens_per_sec=150,356
iter_num=277: train_lossf=5.6141, dt=3.268s, mfu=54.80%, tokens_per_sec=150,384
iter_num=278: train_lossf=5.4035, dt=3.269s, mfu=54.79%, tokens_per_sec=150,364
iter_num=279: train_lossf=5.4288, dt=3.269s, mfu=54.79%, tokens_per_sec=150,349
iter_num=280: train_lossf=5.5933, dt=3.268s, mfu=54.79%, tokens_per_sec=150,418
iter_num=281: train_lossf=5.9051, dt=3.268s, mfu=54.79%, tokens_per_sec=150,423
iter_num=282: train_lossf=5.4166, dt=3.269s, mfu=54.78%, tokens_per_sec=150,368
iter_num=283: train_lossf=5.5149, dt=3.267s, mfu=54.78%, tokens_per_sec=150,451
iter_num=284: train_lossf=5.7519, dt=3.267s, mfu=54.78%, tokens_per_sec=150,466
iter_num=285: train_lossf=5.7415, dt=3.267s, mfu=54.78%, tokens_per_sec=150,464
iter_num=286: train_lossf=5.5641, dt=3.267s, mfu=54.78%, tokens_per_sec=150,455
iter_num=287: train_lossf=5.6173, dt=3.265s, mfu=54.79%, tokens_per_sec=150,527
iter_num=288: train_lossf=5.4735, dt=3.266s, mfu=54.79%, tokens_per_sec=150,494
iter_num=289: train_lossf=5.5784, dt=3.264s, mfu=54.79%, tokens_per_sec=150,565
iter_num=290: train_lossf=5.4350, dt=3.262s, mfu=54.80%, tokens_per_sec=150,664
iter_num=291: train_lossf=5.6516, dt=3.261s, mfu=54.81%, tokens_per_sec=150,705
iter_num=292: train_lossf=5.6302, dt=3.261s, mfu=54.81%, tokens_per_sec=150,739
iter_num=293: train_lossf=5.4242, dt=3.261s, mfu=54.82%, tokens_per_sec=150,721
iter_num=294: train_lossf=5.5860, dt=3.261s, mfu=54.83%, tokens_per_sec=150,734
iter_num=295: train_lossf=5.3011, dt=3.259s, mfu=54.84%, tokens_per_sec=150,801
iter_num=296: train_lossf=5.5276, dt=3.260s, mfu=54.84%, tokens_per_sec=150,788
iter_num=297: train_lossf=5.5783, dt=3.259s, mfu=54.85%, tokens_per_sec=150,828
iter_num=298: train_lossf=5.5339, dt=3.256s, mfu=54.86%, tokens_per_sec=150,969
iter_num=299: train_lossf=5.5436, dt=3.258s, mfu=54.87%, tokens_per_sec=150,876
iter_num=300: train_lossf=5.4808, dt=3.375s, mfu=54.69%, tokens_per_sec=145,617
iter_num=301: train_lossf=5.4373, dt=3.376s, mfu=54.52%, tokens_per_sec=145,571
iter_num=302: train_lossf=5.4571, dt=3.257s, mfu=54.56%, tokens_per_sec=150,893
iter_num=303: train_lossf=5.4313, dt=3.257s, mfu=54.60%, tokens_per_sec=150,898
iter_num=304: train_lossf=5.5625, dt=3.258s, mfu=54.63%, tokens_per_sec=150,853
iter_num=305: train_lossf=5.4460, dt=3.258s, mfu=54.66%, tokens_per_sec=150,849
iter_num=306: train_lossf=5.3679, dt=3.258s, mfu=54.69%, tokens_per_sec=150,870
iter_num=307: train_lossf=5.3178, dt=3.259s, mfu=54.71%, tokens_per_sec=150,796
iter_num=308: train_lossf=5.3491, dt=3.260s, mfu=54.73%, tokens_per_sec=150,782
iter_num=309: train_lossf=5.5596, dt=3.264s, mfu=54.74%, tokens_per_sec=150,567
iter_num=310: train_lossf=5.3538, dt=3.261s, mfu=54.75%, tokens_per_sec=150,742
iter_num=311: train_lossf=5.3389, dt=3.368s, mfu=54.59%, tokens_per_sec=145,930
iter_num=312: train_lossf=5.6127, dt=3.262s, mfu=54.62%, tokens_per_sec=150,698
iter_num=313: train_lossf=5.6150, dt=3.263s, mfu=54.64%, tokens_per_sec=150,644
iter_num=314: train_lossf=5.4303, dt=3.288s, mfu=54.62%, tokens_per_sec=149,497
iter_num=315: train_lossf=5.4850, dt=3.329s, mfu=54.54%, tokens_per_sec=147,632
iter_num=316: train_lossf=5.5563, dt=3.263s, mfu=54.57%, tokens_per_sec=150,619
iter_num=317: train_lossf=5.3997, dt=3.287s, mfu=54.56%, tokens_per_sec=149,512
iter_num=318: train_lossf=5.4094, dt=3.457s, mfu=54.28%, tokens_per_sec=142,181
iter_num=319: train_lossf=5.3007, dt=3.260s, mfu=54.34%, tokens_per_sec=150,763
iter_num=320: train_lossf=5.3333, dt=3.270s, mfu=54.38%, tokens_per_sec=150,304
iter_num=321: train_lossf=5.4177, dt=3.264s, mfu=54.42%, tokens_per_sec=150,584
iter_num=322: train_lossf=5.5116, dt=3.265s, mfu=54.46%, tokens_per_sec=150,527
iter_num=323: train_lossf=5.4338, dt=3.264s, mfu=54.50%, tokens_per_sec=150,572
iter_num=324: train_lossf=5.3618, dt=3.274s, mfu=54.52%, tokens_per_sec=150,136
iter_num=325: train_lossf=5.3926, dt=3.267s, mfu=54.54%, tokens_per_sec=150,468
iter_num=326: train_lossf=5.4267, dt=3.266s, mfu=54.57%, tokens_per_sec=150,500
iter_num=327: train_lossf=5.3063, dt=3.267s, mfu=54.59%, tokens_per_sec=150,442
iter_num=328: train_lossf=5.2970, dt=3.268s, mfu=54.61%, tokens_per_sec=150,388
iter_num=329: train_lossf=5.2933, dt=3.270s, mfu=54.62%, tokens_per_sec=150,329
iter_num=330: train_lossf=5.3790, dt=3.270s, mfu=54.63%, tokens_per_sec=150,299
iter_num=331: train_lossf=5.3671, dt=3.269s, mfu=54.64%, tokens_per_sec=150,354
iter_num=332: train_lossf=5.3912, dt=3.269s, mfu=54.65%, tokens_per_sec=150,369
iter_num=333: train_lossf=5.2710, dt=3.270s, mfu=54.66%, tokens_per_sec=150,321
iter_num=334: train_lossf=5.3142, dt=3.270s, mfu=54.67%, tokens_per_sec=150,328
iter_num=335: train_lossf=5.3147, dt=3.268s, mfu=54.68%, tokens_per_sec=150,388
iter_num=336: train_lossf=5.5308, dt=3.268s, mfu=54.69%, tokens_per_sec=150,419
iter_num=337: train_lossf=5.3344, dt=3.268s, mfu=54.70%, tokens_per_sec=150,402
iter_num=338: train_lossf=5.4389, dt=3.267s, mfu=54.70%, tokens_per_sec=150,433
iter_num=339: train_lossf=5.5624, dt=3.446s, mfu=54.43%, tokens_per_sec=142,633
iter_num=340: train_lossf=5.4198, dt=3.264s, mfu=54.47%, tokens_per_sec=150,574
iter_num=341: train_lossf=5.4496, dt=3.263s, mfu=54.51%, tokens_per_sec=150,654
iter_num=342: train_lossf=5.2574, dt=3.263s, mfu=54.54%, tokens_per_sec=150,642
iter_num=343: train_lossf=5.2716, dt=3.263s, mfu=54.57%, tokens_per_sec=150,625
iter_num=344: train_lossf=5.4648, dt=3.262s, mfu=54.60%, tokens_per_sec=150,702
iter_num=345: train_lossf=5.1580, dt=3.260s, mfu=54.63%, tokens_per_sec=150,762
iter_num=346: train_lossf=5.4304, dt=3.261s, mfu=54.66%, tokens_per_sec=150,715
iter_num=347: train_lossf=5.4507, dt=3.260s, mfu=54.68%, tokens_per_sec=150,763
iter_num=348: train_lossf=5.4530, dt=3.261s, mfu=54.70%, tokens_per_sec=150,743
iter_num=349: train_lossf=5.1954, dt=3.260s, mfu=54.72%, tokens_per_sec=150,783
iter_num=350: train_lossf=5.2007, dt=3.330s, mfu=54.62%, tokens_per_sec=147,592
iter_num=351: train_lossf=5.4751, dt=3.258s, mfu=54.65%, tokens_per_sec=150,863
iter_num=352: train_lossf=5.3968, dt=3.260s, mfu=54.68%, tokens_per_sec=150,792
iter_num=353: train_lossf=5.2955, dt=3.260s, mfu=54.70%, tokens_per_sec=150,779
iter_num=354: train_lossf=5.1934, dt=3.259s, mfu=54.72%, tokens_per_sec=150,811
iter_num=355: train_lossf=5.1953, dt=3.259s, mfu=54.74%, tokens_per_sec=150,801
iter_num=356: train_lossf=5.2970, dt=3.258s, mfu=54.76%, tokens_per_sec=150,879
iter_num=357: train_lossf=5.0817, dt=3.260s, mfu=54.78%, tokens_per_sec=150,759
iter_num=358: train_lossf=5.0558, dt=3.258s, mfu=54.79%, tokens_per_sec=150,850
iter_num=359: train_lossf=5.1040, dt=3.260s, mfu=54.80%, tokens_per_sec=150,758
iter_num=360: train_lossf=5.3148, dt=3.261s, mfu=54.81%, tokens_per_sec=150,747
iter_num=361: train_lossf=5.2077, dt=3.260s, mfu=54.82%, tokens_per_sec=150,762
iter_num=362: train_lossf=5.2179, dt=3.260s, mfu=54.83%, tokens_per_sec=150,751
iter_num=363: train_lossf=5.3662, dt=3.262s, mfu=54.83%, tokens_per_sec=150,692
iter_num=364: train_lossf=5.2001, dt=3.261s, mfu=54.84%, tokens_per_sec=150,745
iter_num=365: train_lossf=5.2781, dt=3.261s, mfu=54.84%, tokens_per_sec=150,725
iter_num=366: train_lossf=5.4935, dt=3.262s, mfu=54.84%, tokens_per_sec=150,666
iter_num=367: train_lossf=5.1887, dt=4.268s, mfu=53.55%, tokens_per_sec=115,171
iter_num=368: train_lossf=5.4432, dt=3.252s, mfu=53.70%, tokens_per_sec=151,145
iter_num=369: train_lossf=5.1911, dt=3.262s, mfu=53.82%, tokens_per_sec=150,671
iter_num=370: train_lossf=5.3920, dt=3.265s, mfu=53.92%, tokens_per_sec=150,537
iter_num=371: train_lossf=5.1046, dt=3.265s, mfu=54.01%, tokens_per_sec=150,542
iter_num=372: train_lossf=5.1781, dt=3.264s, mfu=54.09%, tokens_per_sec=150,607
iter_num=373: train_lossf=5.2979, dt=3.265s, mfu=54.16%, tokens_per_sec=150,525
iter_num=374: train_lossf=5.1536, dt=3.267s, mfu=54.22%, tokens_per_sec=150,457
iter_num=375: train_lossf=5.3392, dt=3.266s, mfu=54.28%, tokens_per_sec=150,516
iter_num=376: train_lossf=5.0879, dt=3.267s, mfu=54.33%, tokens_per_sec=150,454
iter_num=377: train_lossf=5.0308, dt=3.266s, mfu=54.38%, tokens_per_sec=150,512
iter_num=378: train_lossf=5.1011, dt=3.266s, mfu=54.42%, tokens_per_sec=150,504
iter_num=379: train_lossf=5.1403, dt=3.268s, mfu=54.46%, tokens_per_sec=150,390
iter_num=380: train_lossf=5.2418, dt=3.267s, mfu=54.49%, tokens_per_sec=150,470
iter_num=381: train_lossf=5.0193, dt=3.267s, mfu=54.52%, tokens_per_sec=150,467
iter_num=382: train_lossf=5.2930, dt=3.267s, mfu=54.55%, tokens_per_sec=150,433
iter_num=383: train_lossf=5.0720, dt=3.268s, mfu=54.57%, tokens_per_sec=150,400
iter_num=384: train_lossf=5.2886, dt=3.268s, mfu=54.59%, tokens_per_sec=150,403
iter_num=385: train_lossf=5.1942, dt=3.285s, mfu=54.58%, tokens_per_sec=149,606
iter_num=386: train_lossf=5.1144, dt=3.265s, mfu=54.60%, tokens_per_sec=150,519
iter_num=387: train_lossf=5.1592, dt=3.673s, mfu=54.01%, tokens_per_sec=133,823
iter_num=388: train_lossf=5.2418, dt=4.028s, mfu=53.05%, tokens_per_sec=122,029
iter_num=389: train_lossf=5.2509, dt=3.268s, mfu=53.23%, tokens_per_sec=150,396
iter_num=390: train_lossf=5.2726, dt=3.264s, mfu=53.39%, tokens_per_sec=150,587
iter_num=391: train_lossf=5.3246, dt=3.265s, mfu=53.53%, tokens_per_sec=150,560
iter_num=392: train_lossf=5.0602, dt=3.340s, mfu=53.54%, tokens_per_sec=147,156
iter_num=393: train_lossf=4.9925, dt=3.694s, mfu=53.03%, tokens_per_sec=133,070
iter_num=394: train_lossf=4.9649, dt=3.732s, mfu=52.52%, tokens_per_sec=131,706
iter_num=395: train_lossf=4.9384, dt=3.256s, mfu=52.76%, tokens_per_sec=150,951
iter_num=396: train_lossf=5.1067, dt=3.259s, mfu=52.98%, tokens_per_sec=150,809
iter_num=397: train_lossf=5.1009, dt=3.259s, mfu=53.17%, tokens_per_sec=150,816
iter_num=398: train_lossf=5.1600, dt=3.260s, mfu=53.35%, tokens_per_sec=150,788
iter_num=399: train_lossf=4.9716, dt=3.259s, mfu=53.50%, tokens_per_sec=150,799
iter_num=400: train_lossf=5.0625, dt=3.259s, mfu=53.64%, tokens_per_sec=150,813
iter_num=401: train_lossf=5.1524, dt=3.258s, mfu=53.77%, tokens_per_sec=150,846
iter_num=402: train_lossf=5.0759, dt=3.258s, mfu=53.89%, tokens_per_sec=150,873
iter_num=403: train_lossf=4.8838, dt=3.258s, mfu=53.99%, tokens_per_sec=150,858
iter_num=404: train_lossf=5.0186, dt=3.258s, mfu=54.09%, tokens_per_sec=150,879
iter_num=405: train_lossf=4.9378, dt=3.440s, mfu=53.88%, tokens_per_sec=142,880
iter_num=406: train_lossf=4.8529, dt=3.258s, mfu=53.99%, tokens_per_sec=150,872
iter_num=407: train_lossf=5.0628, dt=3.256s, mfu=54.08%, tokens_per_sec=150,942
iter_num=408: train_lossf=4.9888, dt=3.258s, mfu=54.17%, tokens_per_sec=150,874
iter_num=409: train_lossf=5.0157, dt=3.258s, mfu=54.25%, tokens_per_sec=150,861
iter_num=410: train_lossf=5.0624, dt=3.258s, mfu=54.31%, tokens_per_sec=150,864
iter_num=411: train_lossf=4.8786, dt=3.257s, mfu=54.38%, tokens_per_sec=150,919
iter_num=412: train_lossf=5.0574, dt=3.259s, mfu=54.43%, tokens_per_sec=150,817
iter_num=413: train_lossf=5.1652, dt=3.260s, mfu=54.48%, tokens_per_sec=150,779
iter_num=414: train_lossf=5.0155, dt=3.258s, mfu=54.53%, tokens_per_sec=150,864
iter_num=415: train_lossf=4.9572, dt=3.258s, mfu=54.57%, tokens_per_sec=150,854
iter_num=416: train_lossf=4.8651, dt=3.259s, mfu=54.60%, tokens_per_sec=150,799
iter_num=417: train_lossf=5.0927, dt=3.259s, mfu=54.63%, tokens_per_sec=150,811
iter_num=418: train_lossf=4.8613, dt=3.260s, mfu=54.66%, tokens_per_sec=150,768
iter_num=419: train_lossf=4.8418, dt=3.259s, mfu=54.68%, tokens_per_sec=150,811
iter_num=420: train_lossf=5.0595, dt=3.263s, mfu=54.70%, tokens_per_sec=150,633
iter_num=421: train_lossf=5.0203, dt=3.262s, mfu=54.72%, tokens_per_sec=150,688
iter_num=422: train_lossf=4.9707, dt=3.263s, mfu=54.73%, tokens_per_sec=150,642
iter_num=423: train_lossf=5.0709, dt=3.263s, mfu=54.74%, tokens_per_sec=150,615
iter_num=424: train_lossf=4.7317, dt=3.368s, mfu=54.58%, tokens_per_sec=145,928
iter_num=425: train_lossf=4.9744, dt=3.262s, mfu=54.61%, tokens_per_sec=150,679
iter_num=426: train_lossf=4.9097, dt=3.264s, mfu=54.63%, tokens_per_sec=150,596
iter_num=427: train_lossf=5.0110, dt=3.263s, mfu=54.65%, tokens_per_sec=150,616
iter_num=428: train_lossf=4.9054, dt=3.265s, mfu=54.67%, tokens_per_sec=150,564
iter_num=429: train_lossf=4.7226, dt=3.264s, mfu=54.69%, tokens_per_sec=150,583
iter_num=430: train_lossf=5.0108, dt=3.264s, mfu=54.70%, tokens_per_sec=150,609
iter_num=431: train_lossf=4.9055, dt=3.264s, mfu=54.72%, tokens_per_sec=150,597
iter_num=432: train_lossf=5.0115, dt=3.264s, mfu=54.73%, tokens_per_sec=150,603
iter_num=433: train_lossf=4.9918, dt=3.265s, mfu=54.74%, tokens_per_sec=150,542
iter_num=434: train_lossf=4.8759, dt=3.265s, mfu=54.74%, tokens_per_sec=150,541
iter_num=435: train_lossf=5.0181, dt=3.267s, mfu=54.75%, tokens_per_sec=150,449
iter_num=436: train_lossf=4.9519, dt=3.267s, mfu=54.75%, tokens_per_sec=150,472
iter_num=437: train_lossf=5.0060, dt=3.268s, mfu=54.75%, tokens_per_sec=150,395
iter_num=438: train_lossf=5.1671, dt=3.268s, mfu=54.75%, tokens_per_sec=150,401
iter_num=439: train_lossf=4.9633, dt=3.268s, mfu=54.76%, tokens_per_sec=150,391
iter_num=440: train_lossf=4.9224, dt=3.269s, mfu=54.76%, tokens_per_sec=150,380
iter_num=441: train_lossf=4.7140, dt=3.332s, mfu=54.65%, tokens_per_sec=147,517
iter_num=442: train_lossf=4.9176, dt=3.269s, mfu=54.66%, tokens_per_sec=150,372
iter_num=443: train_lossf=4.9638, dt=3.268s, mfu=54.67%, tokens_per_sec=150,402
iter_num=444: train_lossf=4.7871, dt=3.269s, mfu=54.68%, tokens_per_sec=150,373
iter_num=445: train_lossf=4.7943, dt=3.416s, mfu=54.45%, tokens_per_sec=143,902
iter_num=446: train_lossf=5.0035, dt=3.265s, mfu=54.49%, tokens_per_sec=150,549
iter_num=447: train_lossf=4.9705, dt=3.267s, mfu=54.52%, tokens_per_sec=150,456
iter_num=448: train_lossf=4.6983, dt=3.267s, mfu=54.55%, tokens_per_sec=150,465
iter_num=449: train_lossf=4.9973, dt=3.266s, mfu=54.57%, tokens_per_sec=150,478
iter_num=450: train_lossf=4.9850, dt=3.266s, mfu=54.59%, tokens_per_sec=150,519
iter_num=451: train_lossf=4.9020, dt=3.389s, mfu=54.42%, tokens_per_sec=145,044
iter_num=452: train_lossf=4.8891, dt=3.266s, mfu=54.45%, tokens_per_sec=150,506
iter_num=453: train_lossf=4.9403, dt=3.265s, mfu=54.49%, tokens_per_sec=150,554
iter_num=454: train_lossf=4.8091, dt=3.263s, mfu=54.53%, tokens_per_sec=150,636
iter_num=455: train_lossf=4.7588, dt=3.263s, mfu=54.56%, tokens_per_sec=150,613
iter_num=456: train_lossf=4.9977, dt=3.263s, mfu=54.59%, tokens_per_sec=150,613
iter_num=457: train_lossf=4.8030, dt=3.260s, mfu=54.62%, tokens_per_sec=150,755
iter_num=458: train_lossf=4.8861, dt=3.263s, mfu=54.64%, tokens_per_sec=150,651
iter_num=459: train_lossf=4.9310, dt=3.262s, mfu=54.66%, tokens_per_sec=150,696
iter_num=460: train_lossf=4.9831, dt=3.263s, mfu=54.68%, tokens_per_sec=150,652
iter_num=461: train_lossf=4.7358, dt=3.261s, mfu=54.70%, tokens_per_sec=150,709
iter_num=462: train_lossf=4.8878, dt=3.262s, mfu=54.72%, tokens_per_sec=150,685
iter_num=463: train_lossf=4.9524, dt=3.264s, mfu=54.73%, tokens_per_sec=150,611
iter_num=464: train_lossf=4.7268, dt=3.261s, mfu=54.75%, tokens_per_sec=150,721
iter_num=465: train_lossf=4.7538, dt=3.262s, mfu=54.76%, tokens_per_sec=150,663
iter_num=466: train_lossf=4.9083, dt=3.262s, mfu=54.77%, tokens_per_sec=150,696
iter_num=467: train_lossf=4.7470, dt=3.262s, mfu=54.78%, tokens_per_sec=150,701
iter_num=468: train_lossf=4.7569, dt=3.263s, mfu=54.79%, tokens_per_sec=150,652
iter_num=469: train_lossf=5.0436, dt=3.459s, mfu=54.48%, tokens_per_sec=142,104
iter_num=470: train_lossf=4.7422, dt=3.260s, mfu=54.52%, tokens_per_sec=150,752
iter_num=471: train_lossf=4.7889, dt=3.261s, mfu=54.56%, tokens_per_sec=150,739
iter_num=472: train_lossf=4.7549, dt=3.264s, mfu=54.59%, tokens_per_sec=150,603
iter_num=473: train_lossf=4.9452, dt=3.263s, mfu=54.62%, tokens_per_sec=150,653
iter_num=474: train_lossf=4.7889, dt=3.356s, mfu=54.49%, tokens_per_sec=146,475
iter_num=475: train_lossf=4.7613, dt=3.264s, mfu=54.52%, tokens_per_sec=150,609
iter_num=476: train_lossf=4.7720, dt=3.264s, mfu=54.55%, tokens_per_sec=150,580
iter_num=477: train_lossf=4.7260, dt=3.264s, mfu=54.58%, tokens_per_sec=150,571
iter_num=478: train_lossf=4.7092, dt=3.266s, mfu=54.60%, tokens_per_sec=150,504
iter_num=479: train_lossf=4.7745, dt=3.265s, mfu=54.62%, tokens_per_sec=150,546
iter_num=480: train_lossf=4.9545, dt=3.425s, mfu=54.39%, tokens_per_sec=143,497
iter_num=481: train_lossf=4.6334, dt=3.261s, mfu=54.44%, tokens_per_sec=150,733
iter_num=482: train_lossf=4.6220, dt=3.265s, mfu=54.48%, tokens_per_sec=150,559
iter_num=483: train_lossf=4.6759, dt=3.265s, mfu=54.51%, tokens_per_sec=150,531
iter_num=484: train_lossf=4.7637, dt=3.266s, mfu=54.54%, tokens_per_sec=150,509
iter_num=485: train_lossf=4.6013, dt=3.266s, mfu=54.56%, tokens_per_sec=150,493
iter_num=486: train_lossf=4.6869, dt=3.297s, mfu=54.54%, tokens_per_sec=149,068
iter_num=487: train_lossf=4.9496, dt=3.266s, mfu=54.56%, tokens_per_sec=150,509
iter_num=488: train_lossf=4.9508, dt=3.267s, mfu=54.58%, tokens_per_sec=150,436
iter_num=489: train_lossf=4.7469, dt=3.270s, mfu=54.60%, tokens_per_sec=150,313
iter_num=490: train_lossf=4.7868, dt=3.269s, mfu=54.61%, tokens_per_sec=150,350
iter_num=491: train_lossf=4.7331, dt=3.597s, mfu=54.13%, tokens_per_sec=136,652
iter_num=492: train_lossf=4.7350, dt=3.269s, mfu=54.19%, tokens_per_sec=150,381
iter_num=493: train_lossf=4.7091, dt=3.267s, mfu=54.25%, tokens_per_sec=150,466
iter_num=494: train_lossf=4.7919, dt=3.268s, mfu=54.30%, tokens_per_sec=150,394
iter_num=495: train_lossf=4.7566, dt=3.269s, mfu=54.35%, tokens_per_sec=150,338
iter_num=496: train_lossf=4.8030, dt=3.269s, mfu=54.39%, tokens_per_sec=150,337
iter_num=497: train_lossf=4.7101, dt=3.270s, mfu=54.42%, tokens_per_sec=150,331
iter_num=498: train_lossf=4.6653, dt=3.270s, mfu=54.45%, tokens_per_sec=150,306
iter_num=499: train_lossf=4.6932, dt=3.268s, mfu=54.48%, tokens_per_sec=150,394
iter_num=500: train_lossf=4.7681, dt=3.269s, mfu=54.51%, tokens_per_sec=150,380
iter_num=501: train_lossf=4.7852, dt=3.269s, mfu=54.53%, tokens_per_sec=150,368
iter_num=502: train_lossf=4.5992, dt=3.269s, mfu=54.56%, tokens_per_sec=150,380
iter_num=503: train_lossf=4.5922, dt=3.268s, mfu=54.58%, tokens_per_sec=150,383
iter_num=504: train_lossf=4.5105, dt=3.267s, mfu=54.60%, tokens_per_sec=150,456
iter_num=505: train_lossf=4.6377, dt=3.267s, mfu=54.62%, tokens_per_sec=150,444
iter_num=506: train_lossf=4.7051, dt=3.267s, mfu=54.63%, tokens_per_sec=150,468
iter_num=507: train_lossf=4.7590, dt=3.267s, mfu=54.65%, tokens_per_sec=150,450
iter_num=508: train_lossf=4.7021, dt=3.264s, mfu=54.67%, tokens_per_sec=150,600
iter_num=509: train_lossf=4.5928, dt=3.263s, mfu=54.69%, tokens_per_sec=150,629
iter_num=510: train_lossf=4.6513, dt=3.262s, mfu=54.70%, tokens_per_sec=150,659
iter_num=511: train_lossf=4.5921, dt=3.263s, mfu=54.72%, tokens_per_sec=150,646
iter_num=512: train_lossf=4.7878, dt=3.262s, mfu=54.73%, tokens_per_sec=150,667
iter_num=513: train_lossf=4.8140, dt=3.262s, mfu=54.75%, tokens_per_sec=150,669
iter_num=514: train_lossf=4.6365, dt=3.263s, mfu=54.76%, tokens_per_sec=150,636
iter_num=515: train_lossf=4.3459, dt=3.263s, mfu=54.77%, tokens_per_sec=150,653
iter_num=516: train_lossf=4.5496, dt=3.262s, mfu=54.78%, tokens_per_sec=150,679
iter_num=517: train_lossf=4.4827, dt=3.261s, mfu=54.79%, tokens_per_sec=150,704
iter_num=518: train_lossf=4.5318, dt=3.259s, mfu=54.80%, tokens_per_sec=150,815
iter_num=519: train_lossf=4.4891, dt=3.416s, mfu=54.56%, tokens_per_sec=143,890
iter_num=520: train_lossf=4.5879, dt=3.258s, mfu=54.60%, tokens_per_sec=150,845
iter_num=521: train_lossf=4.5065, dt=3.260s, mfu=54.63%, tokens_per_sec=150,790
iter_num=522: train_lossf=4.2446, dt=3.261s, mfu=54.65%, tokens_per_sec=150,716
iter_num=523: train_lossf=4.6270, dt=3.258s, mfu=54.68%, tokens_per_sec=150,846
iter_num=524: train_lossf=4.5714, dt=3.261s, mfu=54.70%, tokens_per_sec=150,737
iter_num=525: train_lossf=4.5879, dt=3.392s, mfu=54.51%, tokens_per_sec=144,895
iter_num=526: train_lossf=4.5276, dt=3.260s, mfu=54.55%, tokens_per_sec=150,790
iter_num=527: train_lossf=4.5139, dt=3.262s, mfu=54.58%, tokens_per_sec=150,689
iter_num=528: train_lossf=4.7176, dt=3.260s, mfu=54.61%, tokens_per_sec=150,752
iter_num=529: train_lossf=4.5377, dt=3.263s, mfu=54.63%, tokens_per_sec=150,633
iter_num=530: train_lossf=4.6969, dt=3.264s, mfu=54.65%, tokens_per_sec=150,602
iter_num=531: train_lossf=4.4396, dt=3.262s, mfu=54.68%, tokens_per_sec=150,692
iter_num=532: train_lossf=4.4940, dt=3.263s, mfu=54.69%, tokens_per_sec=150,627
iter_num=533: train_lossf=4.6844, dt=3.263s, mfu=54.71%, tokens_per_sec=150,657
iter_num=534: train_lossf=4.4940, dt=3.263s, mfu=54.72%, tokens_per_sec=150,622
iter_num=535: train_lossf=4.5733, dt=3.263s, mfu=54.74%, tokens_per_sec=150,644
iter_num=536: train_lossf=4.6535, dt=3.265s, mfu=54.74%, tokens_per_sec=150,520
iter_num=537: train_lossf=4.6319, dt=3.265s, mfu=54.75%, tokens_per_sec=150,544
iter_num=538: train_lossf=4.6006, dt=3.265s, mfu=54.76%, tokens_per_sec=150,538
iter_num=539: train_lossf=4.5668, dt=3.264s, mfu=54.76%, tokens_per_sec=150,581
iter_num=540: train_lossf=4.5671, dt=3.411s, mfu=54.54%, tokens_per_sec=144,107
iter_num=541: train_lossf=4.5000, dt=3.265s, mfu=54.56%, tokens_per_sec=150,558
iter_num=542: train_lossf=4.6882, dt=3.324s, mfu=54.49%, tokens_per_sec=147,871
iter_num=543: train_lossf=4.6059, dt=3.265s, mfu=54.52%, tokens_per_sec=150,540
iter_num=544: train_lossf=4.5754, dt=3.266s, mfu=54.55%, tokens_per_sec=150,508
iter_num=545: train_lossf=4.3201, dt=3.266s, mfu=54.58%, tokens_per_sec=150,485
iter_num=546: train_lossf=4.4585, dt=3.266s, mfu=54.60%, tokens_per_sec=150,488
iter_num=547: train_lossf=4.6564, dt=3.268s, mfu=54.62%, tokens_per_sec=150,418
iter_num=548: train_lossf=4.7018, dt=3.267s, mfu=54.63%, tokens_per_sec=150,438
iter_num=549: train_lossf=4.6360, dt=3.267s, mfu=54.65%, tokens_per_sec=150,428
iter_num=550: train_lossf=4.5914, dt=3.268s, mfu=54.66%, tokens_per_sec=150,414
iter_num=551: train_lossf=4.5662, dt=3.269s, mfu=54.67%, tokens_per_sec=150,347
iter_num=552: train_lossf=4.4039, dt=3.267s, mfu=54.68%, tokens_per_sec=150,455
iter_num=553: train_lossf=4.4388, dt=3.268s, mfu=54.69%, tokens_per_sec=150,396
iter_num=554: train_lossf=4.4533, dt=3.268s, mfu=54.70%, tokens_per_sec=150,397
iter_num=555: train_lossf=4.6664, dt=3.267s, mfu=54.70%, tokens_per_sec=150,454
iter_num=556: train_lossf=4.4363, dt=3.268s, mfu=54.71%, tokens_per_sec=150,421
iter_num=557: train_lossf=4.5764, dt=3.327s, mfu=54.62%, tokens_per_sec=147,745
iter_num=558: train_lossf=4.5476, dt=3.266s, mfu=54.64%, tokens_per_sec=150,492
iter_num=559: train_lossf=4.4217, dt=3.268s, mfu=54.65%, tokens_per_sec=150,390
iter_num=560: train_lossf=4.5625, dt=3.267s, mfu=54.66%, tokens_per_sec=150,465
iter_num=561: train_lossf=4.4848, dt=3.265s, mfu=54.68%, tokens_per_sec=150,544
iter_num=562: train_lossf=4.4803, dt=3.267s, mfu=54.69%, tokens_per_sec=150,467
iter_num=563: train_lossf=4.6127, dt=3.266s, mfu=54.70%, tokens_per_sec=150,515
iter_num=564: train_lossf=4.4677, dt=3.266s, mfu=54.71%, tokens_per_sec=150,517
iter_num=565: train_lossf=4.5223, dt=3.265s, mfu=54.72%, tokens_per_sec=150,527
iter_num=566: train_lossf=4.5329, dt=3.264s, mfu=54.73%, tokens_per_sec=150,595
iter_num=567: train_lossf=4.3218, dt=3.264s, mfu=54.74%, tokens_per_sec=150,591
iter_num=568: train_lossf=4.3664, dt=3.263s, mfu=54.75%, tokens_per_sec=150,615
iter_num=569: train_lossf=4.4029, dt=3.262s, mfu=54.76%, tokens_per_sec=150,665
iter_num=570: train_lossf=4.4841, dt=3.304s, mfu=54.71%, tokens_per_sec=148,778
iter_num=571: train_lossf=4.5251, dt=3.262s, mfu=54.72%, tokens_per_sec=150,663
iter_num=572: train_lossf=4.4666, dt=3.262s, mfu=54.74%, tokens_per_sec=150,692
iter_num=573: train_lossf=4.3917, dt=3.376s, mfu=54.56%, tokens_per_sec=145,573
iter_num=574: train_lossf=4.4702, dt=3.260s, mfu=54.60%, tokens_per_sec=150,780
iter_num=575: train_lossf=4.2892, dt=3.261s, mfu=54.63%, tokens_per_sec=150,725
iter_num=576: train_lossf=4.4216, dt=3.261s, mfu=54.65%, tokens_per_sec=150,738
iter_num=577: train_lossf=4.4672, dt=3.260s, mfu=54.68%, tokens_per_sec=150,793
iter_num=578: train_lossf=4.4531, dt=3.261s, mfu=54.70%, tokens_per_sec=150,711
iter_num=579: train_lossf=4.2012, dt=3.262s, mfu=54.72%, tokens_per_sec=150,702
iter_num=580: train_lossf=4.3706, dt=3.260s, mfu=54.73%, tokens_per_sec=150,762
iter_num=581: train_lossf=4.3223, dt=3.261s, mfu=54.75%, tokens_per_sec=150,712
iter_num=582: train_lossf=4.5300, dt=3.260s, mfu=54.76%, tokens_per_sec=150,776
iter_num=583: train_lossf=4.4642, dt=3.263s, mfu=54.77%, tokens_per_sec=150,639
iter_num=584: train_lossf=4.2526, dt=3.393s, mfu=54.57%, tokens_per_sec=144,848
iter_num=585: train_lossf=4.2473, dt=3.262s, mfu=54.60%, tokens_per_sec=150,697
iter_num=586: train_lossf=4.2236, dt=3.264s, mfu=54.62%, tokens_per_sec=150,602
iter_num=587: train_lossf=4.3046, dt=3.263s, mfu=54.65%, tokens_per_sec=150,632
iter_num=588: train_lossf=4.2345, dt=3.264s, mfu=54.66%, tokens_per_sec=150,579
iter_num=589: train_lossf=4.2239, dt=3.264s, mfu=54.68%, tokens_per_sec=150,593
iter_num=590: train_lossf=4.3406, dt=3.264s, mfu=54.70%, tokens_per_sec=150,571
iter_num=591: train_lossf=4.3897, dt=3.264s, mfu=54.71%, tokens_per_sec=150,584
iter_num=592: train_lossf=4.3303, dt=3.265s, mfu=54.72%, tokens_per_sec=150,522
iter_num=593: train_lossf=4.3664, dt=3.265s, mfu=54.73%, tokens_per_sec=150,541
iter_num=594: train_lossf=4.3682, dt=3.266s, mfu=54.74%, tokens_per_sec=150,489
iter_num=595: train_lossf=4.4990, dt=3.525s, mfu=54.34%, tokens_per_sec=139,450
iter_num=596: train_lossf=4.4367, dt=3.262s, mfu=54.39%, tokens_per_sec=150,678
iter_num=597: train_lossf=4.2548, dt=3.267s, mfu=54.43%, tokens_per_sec=150,464
iter_num=598: train_lossf=4.4354, dt=3.265s, mfu=54.47%, tokens_per_sec=150,548
iter_num=599: train_lossf=4.3095, dt=3.267s, mfu=54.50%, tokens_per_sec=150,470
iter_num=600: train_lossf=4.3627, dt=3.269s, mfu=54.53%, tokens_per_sec=150,380
iter_num=601: train_lossf=4.2345, dt=3.269s, mfu=54.55%, tokens_per_sec=150,348
iter_num=602: train_lossf=4.1452, dt=3.269s, mfu=54.57%, tokens_per_sec=150,376
iter_num=603: train_lossf=4.2941, dt=3.268s, mfu=54.59%, tokens_per_sec=150,395
iter_num=604: train_lossf=4.1962, dt=3.270s, mfu=54.60%, tokens_per_sec=150,329
iter_num=605: train_lossf=4.2185, dt=3.271s, mfu=54.62%, tokens_per_sec=150,283
iter_num=606: train_lossf=4.4051, dt=3.312s, mfu=54.56%, tokens_per_sec=148,421
iter_num=607: train_lossf=4.3512, dt=3.269s, mfu=54.58%, tokens_per_sec=150,340
iter_num=608: train_lossf=4.3800, dt=3.270s, mfu=54.59%, tokens_per_sec=150,326
iter_num=609: train_lossf=4.3160, dt=3.271s, mfu=54.61%, tokens_per_sec=150,269
iter_num=610: train_lossf=4.4393, dt=3.271s, mfu=54.62%, tokens_per_sec=150,252
iter_num=611: train_lossf=4.2468, dt=3.271s, mfu=54.63%, tokens_per_sec=150,272
iter_num=612: train_lossf=4.3322, dt=3.270s, mfu=54.64%, tokens_per_sec=150,301
iter_num=613: train_lossf=4.1233, dt=3.271s, mfu=54.64%, tokens_per_sec=150,269
iter_num=614: train_lossf=4.3994, dt=3.271s, mfu=54.65%, tokens_per_sec=150,273
iter_num=615: train_lossf=4.4173, dt=3.271s, mfu=54.66%, tokens_per_sec=150,273
iter_num=616: train_lossf=4.2809, dt=3.272s, mfu=54.66%, tokens_per_sec=150,241
iter_num=617: train_lossf=4.3407, dt=3.270s, mfu=54.67%, tokens_per_sec=150,334
iter_num=618: train_lossf=4.3691, dt=3.268s, mfu=54.68%, tokens_per_sec=150,391
iter_num=619: train_lossf=4.4033, dt=3.268s, mfu=54.69%, tokens_per_sec=150,388
iter_num=620: train_lossf=4.1680, dt=3.270s, mfu=54.69%, tokens_per_sec=150,319
iter_num=621: train_lossf=4.2360, dt=3.269s, mfu=54.70%, tokens_per_sec=150,372
iter_num=622: train_lossf=4.2370, dt=3.268s, mfu=54.71%, tokens_per_sec=150,421
iter_num=623: train_lossf=4.2103, dt=3.266s, mfu=54.72%, tokens_per_sec=150,501
iter_num=624: train_lossf=4.0085, dt=3.402s, mfu=54.50%, tokens_per_sec=144,469
iter_num=625: train_lossf=4.2129, dt=3.265s, mfu=54.54%, tokens_per_sec=150,552
iter_num=626: train_lossf=4.3594, dt=3.265s, mfu=54.56%, tokens_per_sec=150,520
iter_num=627: train_lossf=4.2497, dt=3.264s, mfu=54.59%, tokens_per_sec=150,574
iter_num=628: train_lossf=4.2321, dt=3.265s, mfu=54.61%, tokens_per_sec=150,533
iter_num=629: train_lossf=4.3481, dt=3.264s, mfu=54.63%, tokens_per_sec=150,579
iter_num=630: train_lossf=4.0709, dt=3.264s, mfu=54.65%, tokens_per_sec=150,587
iter_num=631: train_lossf=4.2086, dt=3.265s, mfu=54.67%, tokens_per_sec=150,543
iter_num=632: train_lossf=4.1349, dt=3.264s, mfu=54.69%, tokens_per_sec=150,580
iter_num=633: train_lossf=3.9778, dt=3.264s, mfu=54.70%, tokens_per_sec=150,591
iter_num=634: train_lossf=4.2552, dt=3.263s, mfu=54.72%, tokens_per_sec=150,641
iter_num=635: train_lossf=4.3199, dt=3.265s, mfu=54.73%, tokens_per_sec=150,547
iter_num=636: train_lossf=4.2760, dt=3.264s, mfu=54.74%, tokens_per_sec=150,567
iter_num=637: train_lossf=4.2351, dt=3.263s, mfu=54.75%, tokens_per_sec=150,634
iter_num=638: train_lossf=4.3283, dt=3.265s, mfu=54.75%, tokens_per_sec=150,541
iter_num=639: train_lossf=4.2400, dt=3.264s, mfu=54.76%, tokens_per_sec=150,599
iter_num=640: train_lossf=4.2491, dt=3.265s, mfu=54.77%, tokens_per_sec=150,538
iter_num=641: train_lossf=4.2030, dt=3.422s, mfu=54.52%, tokens_per_sec=143,629
iter_num=642: train_lossf=4.3187, dt=3.562s, mfu=54.09%, tokens_per_sec=138,006
iter_num=643: train_lossf=4.0693, dt=3.264s, mfu=54.17%, tokens_per_sec=150,604
iter_num=644: train_lossf=4.2362, dt=3.265s, mfu=54.23%, tokens_per_sec=150,555
iter_num=645: train_lossf=4.3413, dt=3.263s, mfu=54.30%, tokens_per_sec=150,631
iter_num=646: train_lossf=4.0251, dt=3.265s, mfu=54.35%, tokens_per_sec=150,530
iter_num=647: train_lossf=4.1176, dt=3.265s, mfu=54.39%, tokens_per_sec=150,523
iter_num=648: train_lossf=3.9399, dt=3.265s, mfu=54.44%, tokens_per_sec=150,530
iter_num=649: train_lossf=4.1319, dt=3.265s, mfu=54.47%, tokens_per_sec=150,534
iter_num=650: train_lossf=4.2150, dt=3.265s, mfu=54.51%, tokens_per_sec=150,549
iter_num=651: train_lossf=4.3119, dt=3.265s, mfu=54.54%, tokens_per_sec=150,549
iter_num=652: train_lossf=4.1443, dt=3.508s, mfu=54.19%, tokens_per_sec=140,130
iter_num=653: train_lossf=4.2370, dt=3.266s, mfu=54.25%, tokens_per_sec=150,517
iter_num=654: train_lossf=4.1740, dt=3.267s, mfu=54.30%, tokens_per_sec=150,455
iter_num=655: train_lossf=4.2070, dt=3.267s, mfu=54.35%, tokens_per_sec=150,454
iter_num=656: train_lossf=4.2884, dt=3.267s, mfu=54.39%, tokens_per_sec=150,448
iter_num=657: train_lossf=4.3748, dt=3.409s, mfu=54.20%, tokens_per_sec=144,166
iter_num=658: train_lossf=4.1866, dt=3.264s, mfu=54.27%, tokens_per_sec=150,577
iter_num=659: train_lossf=4.1629, dt=3.268s, mfu=54.32%, tokens_per_sec=150,401
iter_num=660: train_lossf=4.2205, dt=3.268s, mfu=54.36%, tokens_per_sec=150,408
iter_num=661: train_lossf=4.3309, dt=3.267s, mfu=54.40%, tokens_per_sec=150,468
iter_num=662: train_lossf=4.3437, dt=3.270s, mfu=54.44%, tokens_per_sec=150,309
iter_num=663: train_lossf=4.2786, dt=3.269s, mfu=54.47%, tokens_per_sec=150,355
iter_num=664: train_lossf=4.2327, dt=3.268s, mfu=54.50%, tokens_per_sec=150,391
iter_num=665: train_lossf=4.1247, dt=3.269s, mfu=54.52%, tokens_per_sec=150,357
iter_num=666: train_lossf=4.2523, dt=3.269s, mfu=54.55%, tokens_per_sec=150,361
iter_num=667: train_lossf=4.1246, dt=3.269s, mfu=54.57%, tokens_per_sec=150,375
iter_num=668: train_lossf=4.3013, dt=3.269s, mfu=54.58%, tokens_per_sec=150,340
iter_num=669: train_lossf=4.3853, dt=3.270s, mfu=54.60%, tokens_per_sec=150,325
iter_num=670: train_lossf=4.1822, dt=3.300s, mfu=54.56%, tokens_per_sec=148,966
iter_num=671: train_lossf=4.2991, dt=3.267s, mfu=54.59%, tokens_per_sec=150,435
iter_num=672: train_lossf=4.4092, dt=3.267s, mfu=54.60%, tokens_per_sec=150,449
iter_num=673: train_lossf=4.0363, dt=3.268s, mfu=54.62%, tokens_per_sec=150,421
iter_num=674: train_lossf=4.1899, dt=3.266s, mfu=54.64%, tokens_per_sec=150,494
iter_num=675: train_lossf=4.2486, dt=3.268s, mfu=54.65%, tokens_per_sec=150,405
iter_num=676: train_lossf=4.1401, dt=3.274s, mfu=54.65%, tokens_per_sec=150,119
iter_num=677: train_lossf=4.2607, dt=3.267s, mfu=54.67%, tokens_per_sec=150,453
iter_num=678: train_lossf=4.0450, dt=3.266s, mfu=54.68%, tokens_per_sec=150,485
iter_num=679: train_lossf=4.0640, dt=3.267s, mfu=54.69%, tokens_per_sec=150,431
iter_num=680: train_lossf=4.0826, dt=3.266s, mfu=54.70%, tokens_per_sec=150,515
iter_num=681: train_lossf=4.1226, dt=3.265s, mfu=54.71%, tokens_per_sec=150,530
iter_num=682: train_lossf=4.0258, dt=3.445s, mfu=54.44%, tokens_per_sec=142,691
iter_num=683: train_lossf=4.1366, dt=3.267s, mfu=54.47%, tokens_per_sec=150,461
iter_num=684: train_lossf=4.0882, dt=3.267s, mfu=54.50%, tokens_per_sec=150,466
iter_num=685: train_lossf=4.2027, dt=3.266s, mfu=54.53%, tokens_per_sec=150,489
iter_num=686: train_lossf=4.1892, dt=3.266s, mfu=54.56%, tokens_per_sec=150,501
iter_num=687: train_lossf=3.8986, dt=3.266s, mfu=54.58%, tokens_per_sec=150,487
iter_num=688: train_lossf=4.3875, dt=3.379s, mfu=54.42%, tokens_per_sec=145,482
iter_num=689: train_lossf=3.9805, dt=3.266s, mfu=54.46%, tokens_per_sec=150,503
iter_num=690: train_lossf=4.1689, dt=3.265s, mfu=54.50%, tokens_per_sec=150,559
iter_num=691: train_lossf=3.9775, dt=3.266s, mfu=54.53%, tokens_per_sec=150,484
iter_num=692: train_lossf=4.0845, dt=3.265s, mfu=54.56%, tokens_per_sec=150,562
iter_num=693: train_lossf=4.1135, dt=3.267s, mfu=54.58%, tokens_per_sec=150,464
iter_num=694: train_lossf=3.8783, dt=3.265s, mfu=54.60%, tokens_per_sec=150,530
iter_num=695: train_lossf=4.1615, dt=3.430s, mfu=54.36%, tokens_per_sec=143,319
iter_num=696: train_lossf=4.1483, dt=4.282s, mfu=53.10%, tokens_per_sec=114,784
iter_num=697: train_lossf=4.1519, dt=3.260s, mfu=53.28%, tokens_per_sec=150,788
iter_num=698: train_lossf=4.1763, dt=3.265s, mfu=53.44%, tokens_per_sec=150,546
iter_num=699: train_lossf=4.1000, dt=3.266s, mfu=53.57%, tokens_per_sec=150,506
iter_num=700: train_lossf=4.1128, dt=3.265s, mfu=53.70%, tokens_per_sec=150,528
iter_num=701: train_lossf=3.9003, dt=3.265s, mfu=53.81%, tokens_per_sec=150,530
iter_num=702: train_lossf=4.1347, dt=3.266s, mfu=53.91%, tokens_per_sec=150,486
iter_num=703: train_lossf=4.1469, dt=3.475s, mfu=53.67%, tokens_per_sec=141,432
iter_num=704: train_lossf=4.1135, dt=3.262s, mfu=53.79%, tokens_per_sec=150,678
iter_num=705: train_lossf=4.2736, dt=3.267s, mfu=53.89%, tokens_per_sec=150,461
iter_num=706: train_lossf=4.1883, dt=3.268s, mfu=53.98%, tokens_per_sec=150,405
iter_num=707: train_lossf=4.4214, dt=3.267s, mfu=54.06%, tokens_per_sec=150,428
iter_num=708: train_lossf=4.1286, dt=3.391s, mfu=53.93%, tokens_per_sec=144,952
iter_num=709: train_lossf=4.2055, dt=3.308s, mfu=53.95%, tokens_per_sec=148,607
iter_num=710: train_lossf=4.1155, dt=3.268s, mfu=54.03%, tokens_per_sec=150,385
iter_num=711: train_lossf=3.9651, dt=3.284s, mfu=54.08%, tokens_per_sec=149,682
iter_num=712: train_lossf=4.0137, dt=3.267s, mfu=54.15%, tokens_per_sec=150,472
iter_num=713: train_lossf=3.9815, dt=3.268s, mfu=54.21%, tokens_per_sec=150,398
iter_num=714: train_lossf=4.3643, dt=3.267s, mfu=54.27%, tokens_per_sec=150,458
iter_num=715: train_lossf=4.1179, dt=3.269s, mfu=54.31%, tokens_per_sec=150,344
iter_num=716: train_lossf=4.2009, dt=3.270s, mfu=54.36%, tokens_per_sec=150,311
iter_num=717: train_lossf=4.1291, dt=3.270s, mfu=54.39%, tokens_per_sec=150,332
iter_num=718: train_lossf=4.0662, dt=3.271s, mfu=54.43%, tokens_per_sec=150,250
iter_num=719: train_lossf=4.0067, dt=3.271s, mfu=54.46%, tokens_per_sec=150,272
iter_num=720: train_lossf=4.2111, dt=3.271s, mfu=54.48%, tokens_per_sec=150,275
iter_num=721: train_lossf=4.0541, dt=3.270s, mfu=54.51%, tokens_per_sec=150,306
iter_num=722: train_lossf=4.1248, dt=3.272s, mfu=54.53%, tokens_per_sec=150,241
iter_num=723: train_lossf=4.0639, dt=3.271s, mfu=54.55%, tokens_per_sec=150,284
iter_num=724: train_lossf=4.1328, dt=3.271s, mfu=54.56%, tokens_per_sec=150,272
iter_num=725: train_lossf=4.3847, dt=3.269s, mfu=54.58%, tokens_per_sec=150,363
iter_num=726: train_lossf=4.0449, dt=3.270s, mfu=54.60%, tokens_per_sec=150,318
iter_num=727: train_lossf=4.0033, dt=3.270s, mfu=54.61%, tokens_per_sec=150,315
iter_num=728: train_lossf=4.0546, dt=3.269s, mfu=54.62%, tokens_per_sec=150,351
iter_num=729: train_lossf=4.1366, dt=3.267s, mfu=54.64%, tokens_per_sec=150,439
iter_num=730: train_lossf=4.0409, dt=3.268s, mfu=54.65%, tokens_per_sec=150,422
iter_num=731: train_lossf=4.0649, dt=3.275s, mfu=54.65%, tokens_per_sec=150,067
iter_num=732: train_lossf=4.1715, dt=3.269s, mfu=54.66%, tokens_per_sec=150,373
iter_num=733: train_lossf=3.9565, dt=3.267s, mfu=54.67%, tokens_per_sec=150,437
iter_num=734: train_lossf=4.0540, dt=3.268s, mfu=54.68%, tokens_per_sec=150,395
iter_num=735: train_lossf=4.0887, dt=3.264s, mfu=54.70%, tokens_per_sec=150,586
iter_num=736: train_lossf=3.9955, dt=3.263s, mfu=54.71%, tokens_per_sec=150,617
iter_num=737: train_lossf=4.0163, dt=3.264s, mfu=54.72%, tokens_per_sec=150,584
iter_num=738: train_lossf=4.1604, dt=3.263s, mfu=54.74%, tokens_per_sec=150,622
iter_num=739: train_lossf=3.9378, dt=3.264s, mfu=54.75%, tokens_per_sec=150,607
iter_num=740: train_lossf=4.0394, dt=3.264s, mfu=54.76%, tokens_per_sec=150,576
iter_num=741: train_lossf=4.0220, dt=3.264s, mfu=54.76%, tokens_per_sec=150,608
iter_num=742: train_lossf=4.1247, dt=3.263s, mfu=54.77%, tokens_per_sec=150,615
iter_num=743: train_lossf=4.1140, dt=3.265s, mfu=54.78%, tokens_per_sec=150,549
iter_num=744: train_lossf=4.1409, dt=3.691s, mfu=54.15%, tokens_per_sec=133,151
iter_num=745: train_lossf=3.8084, dt=3.258s, mfu=54.23%, tokens_per_sec=150,880
iter_num=746: train_lossf=4.0618, dt=3.262s, mfu=54.29%, tokens_per_sec=150,660
iter_num=747: train_lossf=3.9971, dt=3.265s, mfu=54.34%, tokens_per_sec=150,537
iter_num=748: train_lossf=4.0969, dt=3.265s, mfu=54.39%, tokens_per_sec=150,527
iter_num=749: train_lossf=3.9713, dt=3.267s, mfu=54.43%, tokens_per_sec=150,473
iter_num=750: train_lossf=4.0211, dt=3.301s, mfu=54.41%, tokens_per_sec=148,894
iter_num=751: train_lossf=4.1883, dt=3.266s, mfu=54.45%, tokens_per_sec=150,493
iter_num=752: train_lossf=3.7593, dt=3.267s, mfu=54.48%, tokens_per_sec=150,433
iter_num=753: train_lossf=4.1876, dt=3.267s, mfu=54.51%, tokens_per_sec=150,429
iter_num=754: train_lossf=4.0249, dt=3.269s, mfu=54.53%, tokens_per_sec=150,368
iter_num=755: train_lossf=3.9980, dt=3.267s, mfu=54.56%, tokens_per_sec=150,468
iter_num=756: train_lossf=3.8691, dt=3.391s, mfu=54.38%, tokens_per_sec=144,932
iter_num=757: train_lossf=3.9897, dt=3.269s, mfu=54.42%, tokens_per_sec=150,374
iter_num=758: train_lossf=4.1185, dt=3.267s, mfu=54.45%, tokens_per_sec=150,439
iter_num=759: train_lossf=4.1795, dt=3.268s, mfu=54.49%, tokens_per_sec=150,408
iter_num=760: train_lossf=4.0354, dt=3.268s, mfu=54.51%, tokens_per_sec=150,392
iter_num=761: train_lossf=4.0425, dt=3.269s, mfu=54.54%, tokens_per_sec=150,360
iter_num=762: train_lossf=3.9092, dt=3.269s, mfu=54.56%, tokens_per_sec=150,350
iter_num=763: train_lossf=4.2016, dt=3.270s, mfu=54.58%, tokens_per_sec=150,323
iter_num=764: train_lossf=3.9060, dt=3.268s, mfu=54.59%, tokens_per_sec=150,393
iter_num=765: train_lossf=4.0426, dt=3.270s, mfu=54.61%, tokens_per_sec=150,301
iter_num=766: train_lossf=4.0770, dt=3.271s, mfu=54.62%, tokens_per_sec=150,288
iter_num=767: train_lossf=3.8911, dt=3.270s, mfu=54.63%, tokens_per_sec=150,298
iter_num=768: train_lossf=4.1077, dt=3.272s, mfu=54.64%, tokens_per_sec=150,226
iter_num=769: train_lossf=4.1822, dt=3.272s, mfu=54.64%, tokens_per_sec=150,235
iter_num=770: train_lossf=4.0966, dt=3.272s, mfu=54.65%, tokens_per_sec=150,238
iter_num=771: train_lossf=3.9950, dt=3.271s, mfu=54.66%, tokens_per_sec=150,245
iter_num=772: train_lossf=4.0015, dt=3.271s, mfu=54.66%, tokens_per_sec=150,283
iter_num=773: train_lossf=4.0921, dt=3.272s, mfu=54.67%, tokens_per_sec=150,221
iter_num=774: train_lossf=4.1122, dt=3.372s, mfu=54.51%, tokens_per_sec=145,745
iter_num=775: train_lossf=3.9390, dt=3.269s, mfu=54.53%, tokens_per_sec=150,358
iter_num=776: train_lossf=4.1807, dt=3.271s, mfu=54.55%, tokens_per_sec=150,281
iter_num=777: train_lossf=3.8888, dt=3.270s, mfu=54.57%, tokens_per_sec=150,322
iter_num=778: train_lossf=4.2291, dt=3.271s, mfu=54.58%, tokens_per_sec=150,260
iter_num=779: train_lossf=3.8951, dt=3.271s, mfu=54.60%, tokens_per_sec=150,273
iter_num=780: train_lossf=4.0120, dt=3.269s, mfu=54.61%, tokens_per_sec=150,344
iter_num=781: train_lossf=3.9580, dt=3.270s, mfu=54.62%, tokens_per_sec=150,304
iter_num=782: train_lossf=3.9363, dt=3.271s, mfu=54.63%, tokens_per_sec=150,274
iter_num=783: train_lossf=4.1145, dt=3.270s, mfu=54.64%, tokens_per_sec=150,290
iter_num=784: train_lossf=4.0446, dt=3.269s, mfu=54.65%, tokens_per_sec=150,353
iter_num=785: train_lossf=3.8304, dt=3.268s, mfu=54.66%, tokens_per_sec=150,389
iter_num=786: train_lossf=4.0810, dt=3.269s, mfu=54.67%, tokens_per_sec=150,378
iter_num=787: train_lossf=4.0303, dt=3.267s, mfu=54.68%, tokens_per_sec=150,452
iter_num=788: train_lossf=4.1621, dt=3.267s, mfu=54.69%, tokens_per_sec=150,471
iter_num=789: train_lossf=3.9541, dt=3.267s, mfu=54.70%, tokens_per_sec=150,455
iter_num=790: train_lossf=4.0101, dt=3.267s, mfu=54.71%, tokens_per_sec=150,432
iter_num=791: train_lossf=3.8327, dt=3.269s, mfu=54.72%, tokens_per_sec=150,371
iter_num=792: train_lossf=3.9145, dt=3.270s, mfu=54.72%, tokens_per_sec=150,297
iter_num=793: train_lossf=4.1126, dt=3.267s, mfu=54.72%, tokens_per_sec=150,455
iter_num=794: train_lossf=4.0877, dt=3.267s, mfu=54.73%, tokens_per_sec=150,461
iter_num=795: train_lossf=4.1423, dt=3.268s, mfu=54.73%, tokens_per_sec=150,423
iter_num=796: train_lossf=4.0447, dt=3.267s, mfu=54.74%, tokens_per_sec=150,437
iter_num=797: train_lossf=3.9442, dt=3.267s, mfu=54.74%, tokens_per_sec=150,455
iter_num=798: train_lossf=3.8443, dt=3.268s, mfu=54.75%, tokens_per_sec=150,408
iter_num=799: train_lossf=3.9244, dt=3.267s, mfu=54.75%, tokens_per_sec=150,440
iter_num=800: train_lossf=4.0515, dt=3.267s, mfu=54.75%, tokens_per_sec=150,436
iter_num=801: train_lossf=3.9881, dt=3.270s, mfu=54.75%, tokens_per_sec=150,327
iter_num=802: train_lossf=4.0902, dt=3.267s, mfu=54.75%, tokens_per_sec=150,463
iter_num=803: train_lossf=3.9496, dt=3.266s, mfu=54.76%, tokens_per_sec=150,473
iter_num=804: train_lossf=4.0751, dt=3.268s, mfu=54.76%, tokens_per_sec=150,384
iter_num=805: train_lossf=4.0472, dt=3.267s, mfu=54.76%, tokens_per_sec=150,456
iter_num=806: train_lossf=3.9706, dt=3.269s, mfu=54.76%, tokens_per_sec=150,352
iter_num=807: train_lossf=3.8814, dt=3.269s, mfu=54.76%, tokens_per_sec=150,353
iter_num=808: train_lossf=3.8170, dt=3.269s, mfu=54.76%, tokens_per_sec=150,352
iter_num=809: train_lossf=3.9973, dt=3.269s, mfu=54.76%, tokens_per_sec=150,343
iter_num=810: train_lossf=4.0597, dt=3.269s, mfu=54.75%, tokens_per_sec=150,340
iter_num=811: train_lossf=4.1399, dt=3.270s, mfu=54.75%, tokens_per_sec=150,327
iter_num=812: train_lossf=3.9036, dt=3.271s, mfu=54.75%, tokens_per_sec=150,289
iter_num=813: train_lossf=3.9347, dt=3.270s, mfu=54.75%, tokens_per_sec=150,296
iter_num=814: train_lossf=4.1624, dt=3.271s, mfu=54.74%, tokens_per_sec=150,277
iter_num=815: train_lossf=4.0558, dt=3.271s, mfu=54.74%, tokens_per_sec=150,253
iter_num=816: train_lossf=4.0601, dt=3.272s, mfu=54.74%, tokens_per_sec=150,212
iter_num=817: train_lossf=3.8975, dt=3.272s, mfu=54.73%, tokens_per_sec=150,220
iter_num=818: train_lossf=3.8778, dt=3.272s, mfu=54.73%, tokens_per_sec=150,242
iter_num=819: train_lossf=3.9162, dt=3.272s, mfu=54.73%, tokens_per_sec=150,200
iter_num=820: train_lossf=3.9062, dt=3.272s, mfu=54.72%, tokens_per_sec=150,213
iter_num=821: train_lossf=3.9341, dt=3.273s, mfu=54.72%, tokens_per_sec=150,187
iter_num=822: train_lossf=3.9529, dt=3.271s, mfu=54.72%, tokens_per_sec=150,260
iter_num=823: train_lossf=3.9574, dt=3.271s, mfu=54.72%, tokens_per_sec=150,283
iter_num=824: train_lossf=3.9031, dt=3.271s, mfu=54.72%, tokens_per_sec=150,250
iter_num=825: train_lossf=3.9132, dt=3.272s, mfu=54.72%, tokens_per_sec=150,230
iter_num=826: train_lossf=3.8686, dt=3.272s, mfu=54.72%, tokens_per_sec=150,237
iter_num=827: train_lossf=3.8770, dt=3.272s, mfu=54.71%, tokens_per_sec=150,218
iter_num=828: train_lossf=4.0312, dt=3.270s, mfu=54.72%, tokens_per_sec=150,310
iter_num=829: train_lossf=3.9665, dt=3.271s, mfu=54.72%, tokens_per_sec=150,263
iter_num=830: train_lossf=3.9933, dt=3.269s, mfu=54.72%, tokens_per_sec=150,361
iter_num=831: train_lossf=3.9794, dt=3.269s, mfu=54.72%, tokens_per_sec=150,364
iter_num=832: train_lossf=3.9802, dt=3.270s, mfu=54.72%, tokens_per_sec=150,329
iter_num=833: train_lossf=3.9469, dt=3.268s, mfu=54.73%, tokens_per_sec=150,421
iter_num=834: train_lossf=3.9993, dt=3.268s, mfu=54.73%, tokens_per_sec=150,422
iter_num=835: train_lossf=3.9774, dt=3.268s, mfu=54.74%, tokens_per_sec=150,411
iter_num=836: train_lossf=3.8960, dt=3.268s, mfu=54.74%, tokens_per_sec=150,420
iter_num=837: train_lossf=3.9355, dt=3.267s, mfu=54.75%, tokens_per_sec=150,467
iter_num=838: train_lossf=3.9219, dt=3.268s, mfu=54.75%, tokens_per_sec=150,388
iter_num=839: train_lossf=3.9993, dt=3.266s, mfu=54.75%, tokens_per_sec=150,488
iter_num=840: train_lossf=4.1138, dt=3.264s, mfu=54.76%, tokens_per_sec=150,596
iter_num=841: train_lossf=3.9276, dt=3.265s, mfu=54.77%, tokens_per_sec=150,541
iter_num=842: train_lossf=3.8842, dt=3.264s, mfu=54.77%, tokens_per_sec=150,594
iter_num=843: train_lossf=3.9835, dt=3.264s, mfu=54.78%, tokens_per_sec=150,569
iter_num=844: train_lossf=3.8538, dt=3.266s, mfu=54.78%, tokens_per_sec=150,514
iter_num=845: train_lossf=4.0541, dt=3.266s, mfu=54.78%, tokens_per_sec=150,500
iter_num=846: train_lossf=4.0089, dt=3.264s, mfu=54.79%, tokens_per_sec=150,568
iter_num=847: train_lossf=3.9945, dt=3.265s, mfu=54.79%, tokens_per_sec=150,542
iter_num=848: train_lossf=3.9383, dt=3.263s, mfu=54.80%, tokens_per_sec=150,645
iter_num=849: train_lossf=3.8812, dt=3.264s, mfu=54.80%, tokens_per_sec=150,581
iter_num=850: train_lossf=4.0900, dt=3.502s, mfu=54.43%, tokens_per_sec=140,336
iter_num=851: train_lossf=3.9074, dt=3.263s, mfu=54.47%, tokens_per_sec=150,639
iter_num=852: train_lossf=3.7709, dt=3.266s, mfu=54.51%, tokens_per_sec=150,506
iter_num=853: train_lossf=3.7958, dt=3.266s, mfu=54.53%, tokens_per_sec=150,489
iter_num=854: train_lossf=3.7734, dt=3.266s, mfu=54.56%, tokens_per_sec=150,511
iter_num=855: train_lossf=3.8872, dt=3.266s, mfu=54.59%, tokens_per_sec=150,499
iter_num=856: train_lossf=4.0069, dt=3.265s, mfu=54.61%, tokens_per_sec=150,554
iter_num=857: train_lossf=3.8910, dt=3.265s, mfu=54.63%, tokens_per_sec=150,561
iter_num=858: train_lossf=3.8004, dt=3.266s, mfu=54.65%, tokens_per_sec=150,505
iter_num=859: train_lossf=3.9769, dt=3.265s, mfu=54.66%, tokens_per_sec=150,520
iter_num=860: train_lossf=3.8565, dt=3.267s, mfu=54.68%, tokens_per_sec=150,470
iter_num=861: train_lossf=3.8233, dt=3.268s, mfu=54.69%, tokens_per_sec=150,423
iter_num=862: train_lossf=3.9649, dt=3.268s, mfu=54.69%, tokens_per_sec=150,397
iter_num=863: train_lossf=3.8089, dt=3.268s, mfu=54.70%, tokens_per_sec=150,421
iter_num=864: train_lossf=4.1251, dt=3.267s, mfu=54.71%, tokens_per_sec=150,428
iter_num=865: train_lossf=3.8880, dt=3.268s, mfu=54.72%, tokens_per_sec=150,419
iter_num=866: train_lossf=4.1029, dt=3.269s, mfu=54.72%, tokens_per_sec=150,376
iter_num=867: train_lossf=3.7903, dt=3.270s, mfu=54.72%, tokens_per_sec=150,304
iter_num=868: train_lossf=4.0884, dt=3.269s, mfu=54.72%, tokens_per_sec=150,364
iter_num=869: train_lossf=4.0999, dt=3.269s, mfu=54.73%, tokens_per_sec=150,338
iter_num=870: train_lossf=4.0755, dt=3.269s, mfu=54.73%, tokens_per_sec=150,358
iter_num=871: train_lossf=3.8954, dt=3.271s, mfu=54.73%, tokens_per_sec=150,274
iter_num=872: train_lossf=3.6998, dt=3.271s, mfu=54.73%, tokens_per_sec=150,273
iter_num=873: train_lossf=4.0725, dt=3.270s, mfu=54.73%, tokens_per_sec=150,301
iter_num=874: train_lossf=3.9053, dt=3.269s, mfu=54.73%, tokens_per_sec=150,337
iter_num=875: train_lossf=3.8957, dt=3.270s, mfu=54.73%, tokens_per_sec=150,318
iter_num=876: train_lossf=3.9318, dt=3.270s, mfu=54.73%, tokens_per_sec=150,295
iter_num=877: train_lossf=4.0470, dt=3.270s, mfu=54.73%, tokens_per_sec=150,294
iter_num=878: train_lossf=3.9785, dt=3.271s, mfu=54.73%, tokens_per_sec=150,285
iter_num=879: train_lossf=3.6821, dt=3.269s, mfu=54.73%, tokens_per_sec=150,373
iter_num=880: train_lossf=4.1947, dt=3.269s, mfu=54.73%, tokens_per_sec=150,376
iter_num=881: train_lossf=3.7854, dt=3.268s, mfu=54.74%, tokens_per_sec=150,401
iter_num=882: train_lossf=3.9118, dt=3.270s, mfu=54.74%, tokens_per_sec=150,320
iter_num=883: train_lossf=3.9675, dt=3.268s, mfu=54.74%, tokens_per_sec=150,388
iter_num=884: train_lossf=3.9133, dt=3.269s, mfu=54.74%, tokens_per_sec=150,359
iter_num=885: train_lossf=3.8870, dt=3.269s, mfu=54.74%, tokens_per_sec=150,373
iter_num=886: train_lossf=3.7243, dt=3.267s, mfu=54.75%, tokens_per_sec=150,458
iter_num=887: train_lossf=3.8886, dt=3.267s, mfu=54.75%, tokens_per_sec=150,473
iter_num=888: train_lossf=3.8393, dt=3.267s, mfu=54.75%, tokens_per_sec=150,447
iter_num=889: train_lossf=4.0870, dt=3.265s, mfu=54.76%, tokens_per_sec=150,537
iter_num=890: train_lossf=4.0094, dt=3.296s, mfu=54.71%, tokens_per_sec=149,128
iter_num=891: train_lossf=3.7959, dt=3.795s, mfu=53.96%, tokens_per_sec=129,513
iter_num=892: train_lossf=3.8066, dt=3.265s, mfu=54.04%, tokens_per_sec=150,556
iter_num=893: train_lossf=3.8841, dt=3.262s, mfu=54.13%, tokens_per_sec=150,671
iter_num=894: train_lossf=3.8421, dt=3.265s, mfu=54.20%, tokens_per_sec=150,546
iter_num=895: train_lossf=3.9155, dt=3.265s, mfu=54.26%, tokens_per_sec=150,529
iter_num=896: train_lossf=3.9442, dt=3.264s, mfu=54.32%, tokens_per_sec=150,604
iter_num=897: train_lossf=4.0168, dt=3.264s, mfu=54.37%, tokens_per_sec=150,584
iter_num=898: train_lossf=4.0032, dt=3.265s, mfu=54.41%, tokens_per_sec=150,548
iter_num=899: train_lossf=3.9893, dt=3.265s, mfu=54.45%, tokens_per_sec=150,542
iter_num=900: train_lossf=4.0462, dt=3.266s, mfu=54.49%, tokens_per_sec=150,504
iter_num=901: train_lossf=3.8183, dt=3.265s, mfu=54.52%, tokens_per_sec=150,532
iter_num=902: train_lossf=3.8781, dt=3.266s, mfu=54.55%, tokens_per_sec=150,477
iter_num=903: train_lossf=3.9156, dt=3.266s, mfu=54.57%, tokens_per_sec=150,514
iter_num=904: train_lossf=3.8452, dt=3.266s, mfu=54.60%, tokens_per_sec=150,487
iter_num=905: train_lossf=3.8255, dt=3.267s, mfu=54.61%, tokens_per_sec=150,457
iter_num=906: train_lossf=3.8663, dt=3.268s, mfu=54.63%, tokens_per_sec=150,389
iter_num=907: train_lossf=3.7062, dt=3.267s, mfu=54.65%, tokens_per_sec=150,463
iter_num=908: train_lossf=3.9016, dt=3.268s, mfu=54.66%, tokens_per_sec=150,409
iter_num=909: train_lossf=3.8884, dt=3.269s, mfu=54.67%, tokens_per_sec=150,372
iter_num=910: train_lossf=3.7160, dt=3.268s, mfu=54.68%, tokens_per_sec=150,396
iter_num=911: train_lossf=3.9881, dt=3.267s, mfu=54.69%, tokens_per_sec=150,468
iter_num=912: train_lossf=4.0347, dt=3.269s, mfu=54.69%, tokens_per_sec=150,367
iter_num=913: train_lossf=3.9444, dt=3.270s, mfu=54.70%, tokens_per_sec=150,326
iter_num=914: train_lossf=4.0422, dt=3.270s, mfu=54.70%, tokens_per_sec=150,323
iter_num=915: train_lossf=3.7816, dt=3.270s, mfu=54.70%, tokens_per_sec=150,296
iter_num=916: train_lossf=3.9723, dt=3.270s, mfu=54.71%, tokens_per_sec=150,290
iter_num=917: train_lossf=3.8431, dt=3.271s, mfu=54.71%, tokens_per_sec=150,286
iter_num=918: train_lossf=3.9977, dt=3.270s, mfu=54.71%, tokens_per_sec=150,306
iter_num=919: train_lossf=3.9343, dt=3.271s, mfu=54.71%, tokens_per_sec=150,256
iter_num=920: train_lossf=3.5357, dt=3.271s, mfu=54.71%, tokens_per_sec=150,283
iter_num=921: train_lossf=3.9182, dt=3.271s, mfu=54.71%, tokens_per_sec=150,252
iter_num=922: train_lossf=3.9132, dt=3.273s, mfu=54.71%, tokens_per_sec=150,179
iter_num=923: train_lossf=3.8767, dt=3.272s, mfu=54.71%, tokens_per_sec=150,216
iter_num=924: train_lossf=3.8641, dt=3.272s, mfu=54.71%, tokens_per_sec=150,214
iter_num=925: train_lossf=3.8723, dt=3.272s, mfu=54.71%, tokens_per_sec=150,231
iter_num=926: train_lossf=3.8389, dt=3.273s, mfu=54.70%, tokens_per_sec=150,163
iter_num=927: train_lossf=3.7501, dt=3.272s, mfu=54.70%, tokens_per_sec=150,206
iter_num=928: train_lossf=3.8518, dt=3.273s, mfu=54.70%, tokens_per_sec=150,181
iter_num=929: train_lossf=3.7780, dt=3.271s, mfu=54.70%, tokens_per_sec=150,254
iter_num=930: train_lossf=3.6425, dt=3.271s, mfu=54.70%, tokens_per_sec=150,246
iter_num=931: train_lossf=3.8340, dt=3.270s, mfu=54.71%, tokens_per_sec=150,330
iter_num=932: train_lossf=4.0040, dt=3.271s, mfu=54.71%, tokens_per_sec=150,260
iter_num=933: train_lossf=3.9369, dt=3.271s, mfu=54.71%, tokens_per_sec=150,250
iter_num=934: train_lossf=4.0771, dt=3.268s, mfu=54.71%, tokens_per_sec=150,421
iter_num=935: train_lossf=3.7871, dt=3.270s, mfu=54.72%, tokens_per_sec=150,310
iter_num=936: train_lossf=3.6293, dt=3.270s, mfu=54.72%, tokens_per_sec=150,330
iter_num=937: train_lossf=3.8634, dt=3.268s, mfu=54.72%, tokens_per_sec=150,421
iter_num=938: train_lossf=3.8195, dt=3.269s, mfu=54.73%, tokens_per_sec=150,378
iter_num=939: train_lossf=3.9849, dt=3.266s, mfu=54.73%, tokens_per_sec=150,503
iter_num=940: train_lossf=3.8220, dt=3.266s, mfu=54.74%, tokens_per_sec=150,500
iter_num=941: train_lossf=3.8535, dt=3.266s, mfu=54.75%, tokens_per_sec=150,478
iter_num=942: train_lossf=3.8327, dt=3.266s, mfu=54.75%, tokens_per_sec=150,502
iter_num=943: train_lossf=3.9110, dt=3.266s, mfu=54.76%, tokens_per_sec=150,501
iter_num=944: train_lossf=4.0048, dt=3.265s, mfu=54.76%, tokens_per_sec=150,547
iter_num=945: train_lossf=3.8385, dt=3.264s, mfu=54.77%, tokens_per_sec=150,578
iter_num=946: train_lossf=3.9566, dt=3.265s, mfu=54.77%, tokens_per_sec=150,553
iter_num=947: train_lossf=3.9556, dt=3.264s, mfu=54.78%, tokens_per_sec=150,579
iter_num=948: train_lossf=3.8725, dt=3.264s, mfu=54.78%, tokens_per_sec=150,571
iter_num=949: train_lossf=3.9105, dt=3.263s, mfu=54.79%, tokens_per_sec=150,613
iter_num=950: train_lossf=3.6754, dt=3.263s, mfu=54.80%, tokens_per_sec=150,639
iter_num=951: train_lossf=3.8826, dt=3.264s, mfu=54.80%, tokens_per_sec=150,608
iter_num=952: train_lossf=3.8327, dt=3.264s, mfu=54.81%, tokens_per_sec=150,611
iter_num=953: train_lossf=3.6799, dt=3.265s, mfu=54.81%, tokens_per_sec=150,544
iter_num=954: train_lossf=3.5184, dt=3.264s, mfu=54.81%, tokens_per_sec=150,573
iter_num=955: train_lossf=3.9855, dt=3.265s, mfu=54.81%, tokens_per_sec=150,542
iter_num=956: train_lossf=3.9262, dt=3.391s, mfu=54.61%, tokens_per_sec=144,931
iter_num=957: train_lossf=3.9408, dt=3.265s, mfu=54.63%, tokens_per_sec=150,530
iter_num=958: train_lossf=3.8121, dt=3.269s, mfu=54.64%, tokens_per_sec=150,350
iter_num=959: train_lossf=3.7974, dt=3.268s, mfu=54.65%, tokens_per_sec=150,398
iter_num=960: train_lossf=3.8477, dt=3.380s, mfu=54.48%, tokens_per_sec=145,403
iter_num=961: train_lossf=3.9063, dt=3.266s, mfu=54.51%, tokens_per_sec=150,497
iter_num=962: train_lossf=3.7522, dt=3.268s, mfu=54.54%, tokens_per_sec=150,413
iter_num=963: train_lossf=3.8466, dt=3.268s, mfu=54.56%, tokens_per_sec=150,391
iter_num=964: train_lossf=3.9144, dt=3.270s, mfu=54.58%, tokens_per_sec=150,293
iter_num=965: train_lossf=3.8086, dt=3.390s, mfu=54.40%, tokens_per_sec=145,012
iter_num=966: train_lossf=3.8325, dt=3.269s, mfu=54.43%, tokens_per_sec=150,368
iter_num=967: train_lossf=3.6997, dt=3.269s, mfu=54.47%, tokens_per_sec=150,341
iter_num=968: train_lossf=3.9432, dt=3.270s, mfu=54.49%, tokens_per_sec=150,318
iter_num=969: train_lossf=3.8880, dt=3.360s, mfu=54.37%, tokens_per_sec=146,293
iter_num=970: train_lossf=3.8730, dt=3.269s, mfu=54.41%, tokens_per_sec=150,335
iter_num=971: train_lossf=3.9977, dt=3.271s, mfu=54.44%, tokens_per_sec=150,272
iter_num=972: train_lossf=4.0222, dt=3.388s, mfu=54.28%, tokens_per_sec=145,095
iter_num=973: train_lossf=3.8567, dt=3.269s, mfu=54.32%, tokens_per_sec=150,342
iter_num=974: train_lossf=3.7196, dt=3.272s, mfu=54.36%, tokens_per_sec=150,241
iter_num=975: train_lossf=3.9273, dt=3.271s, mfu=54.40%, tokens_per_sec=150,257
iter_num=976: train_lossf=3.6181, dt=3.272s, mfu=54.43%, tokens_per_sec=150,205
iter_num=977: train_lossf=3.9557, dt=3.271s, mfu=54.46%, tokens_per_sec=150,248
iter_num=978: train_lossf=3.8639, dt=3.271s, mfu=54.48%, tokens_per_sec=150,288
iter_num=979: train_lossf=3.7315, dt=3.271s, mfu=54.51%, tokens_per_sec=150,262
iter_num=980: train_lossf=3.7195, dt=3.271s, mfu=54.53%, tokens_per_sec=150,278
iter_num=981: train_lossf=3.8032, dt=3.270s, mfu=54.55%, tokens_per_sec=150,315
iter_num=982: train_lossf=3.7531, dt=3.386s, mfu=54.38%, tokens_per_sec=145,142
iter_num=983: train_lossf=3.6978, dt=3.269s, mfu=54.41%, tokens_per_sec=150,349
iter_num=984: train_lossf=3.9518, dt=3.268s, mfu=54.45%, tokens_per_sec=150,420
iter_num=985: train_lossf=3.8719, dt=3.268s, mfu=54.48%, tokens_per_sec=150,411
iter_num=986: train_lossf=3.8881, dt=3.270s, mfu=54.51%, tokens_per_sec=150,318
iter_num=987: train_lossf=3.8426, dt=3.268s, mfu=54.53%, tokens_per_sec=150,419
iter_num=988: train_lossf=3.7021, dt=3.445s, mfu=54.28%, tokens_per_sec=142,675
iter_num=989: train_lossf=4.0530, dt=3.267s, mfu=54.33%, tokens_per_sec=150,465
iter_num=990: train_lossf=3.7196, dt=3.267s, mfu=54.37%, tokens_per_sec=150,459
iter_num=991: train_lossf=3.8399, dt=3.266s, mfu=54.42%, tokens_per_sec=150,483
iter_num=992: train_lossf=4.0063, dt=3.267s, mfu=54.45%, tokens_per_sec=150,470
iter_num=993: train_lossf=3.7084, dt=3.264s, mfu=54.49%, tokens_per_sec=150,588
iter_num=994: train_lossf=3.7229, dt=3.264s, mfu=54.52%, tokens_per_sec=150,570
iter_num=995: train_lossf=4.0526, dt=3.264s, mfu=54.56%, tokens_per_sec=150,592
iter_num=996: train_lossf=3.8827, dt=3.262s, mfu=54.59%, tokens_per_sec=150,670
iter_num=997: train_lossf=3.6740, dt=3.264s, mfu=54.61%, tokens_per_sec=150,600
iter_num=998: train_lossf=3.8720, dt=3.264s, mfu=54.63%, tokens_per_sec=150,603
iter_num=999: train_lossf=3.8076, dt=3.264s, mfu=54.65%, tokens_per_sec=150,607
iter_num=1000: train_lossf=3.9301, dt=3.262s, mfu=54.68%, tokens_per_sec=150,659
step 1001: train loss 3.7781, val loss 3.7886
saving checkpoint to out/width_2048_lr_0.00390625/
iter_num=1001: train_lossf=3.9049, dt=54.103s, mfu=49.54%, tokens_per_sec=9,085
