Running with width=1024, lr=0.00390625
----------------------------------
SLURM_JOB_NODELIST: jrc0332
MASTER_ADDR:MASTER_PORT=10.14.3.22:9469
----------------------------------
[2024-12-10 18:52:32,828] torch.distributed.run: [WARNING] master_addr is only used for static rdzv_backend and when rdzv_endpoint is not specified.
[2024-12-10 18:52:32,829] torch.distributed.run: [WARNING] 
[2024-12-10 18:52:32,829] torch.distributed.run: [WARNING] *****************************************
[2024-12-10 18:52:32,829] torch.distributed.run: [WARNING] Setting OMP_NUM_THREADS environment variable for each process to be 1 in default, to avoid your system being overloaded, please further tune the variable for optimal performance in your application as needed. 
[2024-12-10 18:52:32,829] torch.distributed.run: [WARNING] *****************************************
[W socket.cpp:436] [c10d] The server socket cannot be initialized on [::]:9469 (errno: 97 - Address family not supported by protocol).
[W socket.cpp:663] [c10d] The client socket cannot be initialized to connect to [jrc0332i.jureca]:9469 (errno: 97 - Address family not supported by protocol).
Overriding: out_dir = out/width_1024_lr_0.00390625/
Overriding: n_head = 16
Overriding: n_embd = 1024
Overriding: learning_rate = 0.00390625
[W socket.cpp:663] [c10d] The client socket cannot be initialized to connect to [jrc0332.jureca]:37621 (errno: 97 - Address family not supported by protocol).
Overriding: out_dir = out/width_1024_lr_0.00390625/
Overriding: n_head = 16
Overriding: n_embd = 1024
Overriding: learning_rate = 0.00390625
[W socket.cpp:663] [c10d] The client socket cannot be initialized to connect to [jrc0332.jureca]:37621 (errno: 97 - Address family not supported by protocol).
Overriding: out_dir = out/width_1024_lr_0.00390625/
Overriding: n_head = 16
Overriding: n_embd = 1024
Overriding: learning_rate = 0.00390625
[W socket.cpp:663] [c10d] The client socket cannot be initialized to connect to [jrc0332.jureca]:37621 (errno: 97 - Address family not supported by protocol).
Overriding: out_dir = out/width_1024_lr_0.00390625/
Overriding: n_head = 16
Overriding: n_embd = 1024
Overriding: learning_rate = 0.00390625
[W socket.cpp:436] [c10d] The server socket cannot be initialized on [::]:37621 (errno: 97 - Address family not supported by protocol).
[W socket.cpp:663] [c10d] The client socket cannot be initialized to connect to [jrc0332.jureca]:37621 (errno: 97 - Address family not supported by protocol).
tokens per iteration will be: 491,520
Initializing a new model from scratch
defaulting to vocab_size of GPT-2 to 50304 (50257 rounded up for efficiency)
tokens per iteration will be: 491,520
Initializing a new model from scratch
defaulting to vocab_size of GPT-2 to 50304 (50257 rounded up for efficiency)
tokens per iteration will be: 491,520
tokens per iteration will be: 491,520
Initializing a new model from scratch
defaulting to vocab_size of GPT-2 to 50304 (50257 rounded up for efficiency)
Initializing a new model from scratch
defaulting to vocab_size of GPT-2 to 50304 (50257 rounded up for efficiency)
number of parameters: 202.53M
number of parameters: 202.53M
number of parameters: 202.53M
number of parameters: 202.53M
num decayed parameter tensors: 50, with 203,554,816 parameters
num non-decayed parameter tensors: 25, with 25,600 parameters
using fused AdamW: True
compiling the model... (takes a ~minute)
num decayed parameter tensors: 50, with 203,554,816 parameters
num non-decayed parameter tensors: 25, with 25,600 parameters
using fused AdamW: True
compiling the model... (takes a ~minute)
num decayed parameter tensors: 50, with 203,554,816 parameters
num non-decayed parameter tensors: 25, with 25,600 parameters
using fused AdamW: True
compiling the model... (takes a ~minute)
num decayed parameter tensors: 50, with 203,554,816 parameters
num non-decayed parameter tensors: 25, with 25,600 parameters
using fused AdamW: True
compiling the model... (takes a ~minute)
step 0: train loss 10.9897, val loss 10.9901
iter_num=0: train_lossf=10.9685, dt=93.654s, mfu=0.00%, tokens_per_sec=5,248
iter_num=1: train_lossf=10.9895, dt=1.237s, mfu=0.00%, tokens_per_sec=397,376
iter_num=2: train_lossf=10.8915, dt=1.187s, mfu=0.00%, tokens_per_sec=414,179
iter_num=3: train_lossf=10.7388, dt=1.182s, mfu=0.00%, tokens_per_sec=416,011
iter_num=4: train_lossf=10.4879, dt=1.184s, mfu=0.00%, tokens_per_sec=414,975
iter_num=5: train_lossf=10.2434, dt=1.183s, mfu=0.00%, tokens_per_sec=415,481
iter_num=6: train_lossf=10.1374, dt=1.182s, mfu=0.00%, tokens_per_sec=415,913
iter_num=7: train_lossf=10.0147, dt=1.182s, mfu=0.00%, tokens_per_sec=415,710
iter_num=8: train_lossf=9.8523, dt=1.182s, mfu=0.00%, tokens_per_sec=415,941
iter_num=9: train_lossf=9.7633, dt=1.211s, mfu=0.00%, tokens_per_sec=405,886
iter_num=10: train_lossf=9.6419, dt=1.181s, mfu=0.00%, tokens_per_sec=416,266
iter_num=11: train_lossf=9.6146, dt=1.181s, mfu=45.42%, tokens_per_sec=416,292
iter_num=12: train_lossf=9.4677, dt=1.181s, mfu=45.44%, tokens_per_sec=416,352
iter_num=13: train_lossf=9.4682, dt=1.204s, mfu=45.36%, tokens_per_sec=408,314
iter_num=14: train_lossf=9.2514, dt=1.180s, mfu=45.39%, tokens_per_sec=416,443
iter_num=15: train_lossf=9.2843, dt=1.185s, mfu=45.39%, tokens_per_sec=414,721
iter_num=16: train_lossf=9.2648, dt=1.180s, mfu=45.41%, tokens_per_sec=416,541
iter_num=17: train_lossf=9.2660, dt=1.181s, mfu=45.42%, tokens_per_sec=416,204
iter_num=18: train_lossf=9.1924, dt=1.181s, mfu=45.44%, tokens_per_sec=416,349
iter_num=19: train_lossf=9.2082, dt=1.198s, mfu=45.39%, tokens_per_sec=410,296
iter_num=20: train_lossf=9.3057, dt=1.180s, mfu=45.41%, tokens_per_sec=416,447
iter_num=21: train_lossf=9.1395, dt=1.181s, mfu=45.42%, tokens_per_sec=416,194
iter_num=22: train_lossf=9.1684, dt=1.180s, mfu=45.44%, tokens_per_sec=416,465
iter_num=23: train_lossf=9.0033, dt=1.180s, mfu=45.45%, tokens_per_sec=416,471
iter_num=24: train_lossf=8.9461, dt=1.182s, mfu=45.46%, tokens_per_sec=415,885
iter_num=25: train_lossf=8.9674, dt=1.533s, mfu=44.43%, tokens_per_sec=320,621
iter_num=26: train_lossf=9.1764, dt=1.180s, mfu=44.54%, tokens_per_sec=416,712
iter_num=27: train_lossf=8.8638, dt=1.181s, mfu=44.65%, tokens_per_sec=416,241
iter_num=28: train_lossf=8.6184, dt=1.233s, mfu=44.55%, tokens_per_sec=398,585
iter_num=29: train_lossf=8.9996, dt=1.225s, mfu=44.48%, tokens_per_sec=401,278
iter_num=30: train_lossf=8.7120, dt=1.182s, mfu=44.59%, tokens_per_sec=415,949
iter_num=31: train_lossf=8.7107, dt=1.238s, mfu=44.48%, tokens_per_sec=397,041
iter_num=32: train_lossf=8.6643, dt=1.182s, mfu=44.58%, tokens_per_sec=415,923
iter_num=33: train_lossf=8.7269, dt=1.181s, mfu=44.68%, tokens_per_sec=416,070
iter_num=34: train_lossf=8.6853, dt=1.212s, mfu=44.65%, tokens_per_sec=405,577
iter_num=35: train_lossf=8.4643, dt=1.181s, mfu=44.74%, tokens_per_sec=416,204
iter_num=36: train_lossf=8.6214, dt=1.190s, mfu=44.79%, tokens_per_sec=413,021
iter_num=37: train_lossf=8.4132, dt=1.233s, mfu=44.67%, tokens_per_sec=398,669
iter_num=38: train_lossf=8.4275, dt=1.222s, mfu=44.61%, tokens_per_sec=402,124
iter_num=39: train_lossf=8.2813, dt=1.288s, mfu=44.33%, tokens_per_sec=381,735
iter_num=40: train_lossf=8.6825, dt=1.180s, mfu=44.45%, tokens_per_sec=416,367
iter_num=41: train_lossf=8.3254, dt=1.385s, mfu=43.89%, tokens_per_sec=354,866
iter_num=42: train_lossf=8.1630, dt=1.214s, mfu=43.93%, tokens_per_sec=404,807
iter_num=43: train_lossf=8.2598, dt=1.185s, mfu=44.08%, tokens_per_sec=414,640
iter_num=44: train_lossf=8.1411, dt=1.189s, mfu=44.20%, tokens_per_sec=413,227
iter_num=45: train_lossf=8.1048, dt=1.181s, mfu=44.33%, tokens_per_sec=416,224
iter_num=46: train_lossf=8.1426, dt=1.181s, mfu=44.45%, tokens_per_sec=416,170
iter_num=47: train_lossf=7.9763, dt=1.448s, mfu=43.72%, tokens_per_sec=339,413
iter_num=48: train_lossf=8.0196, dt=1.219s, mfu=43.77%, tokens_per_sec=403,135
iter_num=49: train_lossf=7.9657, dt=1.181s, mfu=43.94%, tokens_per_sec=416,138
iter_num=50: train_lossf=8.0487, dt=1.213s, mfu=43.99%, tokens_per_sec=405,246
iter_num=51: train_lossf=7.7600, dt=1.284s, mfu=43.78%, tokens_per_sec=382,742
iter_num=52: train_lossf=7.6947, dt=1.483s, mfu=43.03%, tokens_per_sec=331,345
iter_num=53: train_lossf=7.7472, dt=1.560s, mfu=42.17%, tokens_per_sec=315,020
iter_num=54: train_lossf=7.7709, dt=1.180s, mfu=42.51%, tokens_per_sec=416,395
iter_num=55: train_lossf=7.7049, dt=1.264s, mfu=42.52%, tokens_per_sec=388,776
iter_num=56: train_lossf=7.7946, dt=1.181s, mfu=42.82%, tokens_per_sec=416,237
iter_num=57: train_lossf=7.7772, dt=1.182s, mfu=43.09%, tokens_per_sec=415,958
iter_num=58: train_lossf=7.5630, dt=1.235s, mfu=43.14%, tokens_per_sec=397,902
iter_num=59: train_lossf=7.7605, dt=1.181s, mfu=43.38%, tokens_per_sec=416,085
iter_num=60: train_lossf=7.6840, dt=1.184s, mfu=43.59%, tokens_per_sec=415,257
iter_num=61: train_lossf=7.4175, dt=1.203s, mfu=43.70%, tokens_per_sec=408,688
iter_num=62: train_lossf=7.4551, dt=1.189s, mfu=43.86%, tokens_per_sec=413,283
iter_num=63: train_lossf=7.4168, dt=1.182s, mfu=44.02%, tokens_per_sec=415,895
iter_num=64: train_lossf=7.5810, dt=1.182s, mfu=44.17%, tokens_per_sec=415,714
iter_num=65: train_lossf=7.5950, dt=1.230s, mfu=44.13%, tokens_per_sec=399,529
iter_num=66: train_lossf=7.3021, dt=1.183s, mfu=44.27%, tokens_per_sec=415,556
iter_num=67: train_lossf=7.2622, dt=1.183s, mfu=44.39%, tokens_per_sec=415,616
iter_num=68: train_lossf=7.2532, dt=1.183s, mfu=44.50%, tokens_per_sec=415,424
iter_num=69: train_lossf=7.1179, dt=1.184s, mfu=44.59%, tokens_per_sec=415,160
iter_num=70: train_lossf=7.0096, dt=1.183s, mfu=44.68%, tokens_per_sec=415,451
iter_num=71: train_lossf=7.2193, dt=1.190s, mfu=44.73%, tokens_per_sec=412,887
iter_num=72: train_lossf=7.1827, dt=1.238s, mfu=44.60%, tokens_per_sec=396,867
iter_num=73: train_lossf=7.1202, dt=1.191s, mfu=44.66%, tokens_per_sec=412,551
iter_num=74: train_lossf=7.0376, dt=1.183s, mfu=44.74%, tokens_per_sec=415,477
iter_num=75: train_lossf=7.1471, dt=1.183s, mfu=44.82%, tokens_per_sec=415,397
iter_num=76: train_lossf=6.9087, dt=1.381s, mfu=44.23%, tokens_per_sec=356,010
iter_num=77: train_lossf=7.0730, dt=1.219s, mfu=44.22%, tokens_per_sec=403,111
iter_num=78: train_lossf=7.1488, dt=1.183s, mfu=44.35%, tokens_per_sec=415,494
iter_num=79: train_lossf=6.8882, dt=1.183s, mfu=44.46%, tokens_per_sec=415,459
iter_num=80: train_lossf=6.9670, dt=1.224s, mfu=44.41%, tokens_per_sec=401,716
iter_num=81: train_lossf=6.9894, dt=1.183s, mfu=44.52%, tokens_per_sec=415,340
iter_num=82: train_lossf=6.8127, dt=1.184s, mfu=44.61%, tokens_per_sec=415,246
iter_num=83: train_lossf=6.8275, dt=1.185s, mfu=44.69%, tokens_per_sec=414,673
iter_num=84: train_lossf=6.9953, dt=1.215s, mfu=44.65%, tokens_per_sec=404,686
iter_num=85: train_lossf=7.0846, dt=1.185s, mfu=44.73%, tokens_per_sec=414,893
iter_num=86: train_lossf=6.8039, dt=1.185s, mfu=44.80%, tokens_per_sec=414,875
iter_num=87: train_lossf=6.6776, dt=1.185s, mfu=44.86%, tokens_per_sec=414,882
iter_num=88: train_lossf=6.7777, dt=1.185s, mfu=44.91%, tokens_per_sec=414,722
iter_num=89: train_lossf=7.1004, dt=1.185s, mfu=44.96%, tokens_per_sec=414,912
iter_num=90: train_lossf=6.8932, dt=1.211s, mfu=44.91%, tokens_per_sec=405,859
iter_num=91: train_lossf=6.8087, dt=1.185s, mfu=44.96%, tokens_per_sec=414,619
iter_num=92: train_lossf=6.7647, dt=1.199s, mfu=44.95%, tokens_per_sec=409,927
iter_num=93: train_lossf=6.8950, dt=1.185s, mfu=44.99%, tokens_per_sec=414,713
iter_num=94: train_lossf=6.7137, dt=1.226s, mfu=44.88%, tokens_per_sec=400,915
iter_num=95: train_lossf=6.8486, dt=1.389s, mfu=44.27%, tokens_per_sec=353,751
iter_num=96: train_lossf=6.9716, dt=1.186s, mfu=44.38%, tokens_per_sec=414,336
iter_num=97: train_lossf=6.6610, dt=1.279s, mfu=44.15%, tokens_per_sec=384,291
iter_num=98: train_lossf=6.4167, dt=1.226s, mfu=44.12%, tokens_per_sec=401,068
iter_num=99: train_lossf=6.5391, dt=1.191s, mfu=44.23%, tokens_per_sec=412,650
iter_num=100: train_lossf=6.5862, dt=1.265s, mfu=44.06%, tokens_per_sec=388,608
iter_num=101: train_lossf=6.6050, dt=1.228s, mfu=44.03%, tokens_per_sec=400,140
iter_num=102: train_lossf=6.5479, dt=1.186s, mfu=44.17%, tokens_per_sec=414,401
iter_num=103: train_lossf=6.5098, dt=1.186s, mfu=44.29%, tokens_per_sec=414,412
iter_num=104: train_lossf=6.8059, dt=1.186s, mfu=44.39%, tokens_per_sec=414,306
iter_num=105: train_lossf=6.6396, dt=1.186s, mfu=44.49%, tokens_per_sec=414,576
iter_num=106: train_lossf=6.7589, dt=1.186s, mfu=44.58%, tokens_per_sec=414,425
iter_num=107: train_lossf=6.6486, dt=1.223s, mfu=44.52%, tokens_per_sec=402,053
iter_num=108: train_lossf=6.5706, dt=1.185s, mfu=44.61%, tokens_per_sec=414,662
iter_num=109: train_lossf=6.6680, dt=1.186s, mfu=44.68%, tokens_per_sec=414,349
iter_num=110: train_lossf=6.7475, dt=1.186s, mfu=44.75%, tokens_per_sec=414,351
iter_num=111: train_lossf=6.4575, dt=1.186s, mfu=44.81%, tokens_per_sec=414,276
iter_num=112: train_lossf=6.7472, dt=1.186s, mfu=44.87%, tokens_per_sec=414,307
iter_num=113: train_lossf=6.6262, dt=1.186s, mfu=44.91%, tokens_per_sec=414,272
iter_num=114: train_lossf=6.6591, dt=1.197s, mfu=44.92%, tokens_per_sec=410,566
iter_num=115: train_lossf=6.4156, dt=1.188s, mfu=44.96%, tokens_per_sec=413,840
iter_num=116: train_lossf=6.6750, dt=1.193s, mfu=44.97%, tokens_per_sec=411,876
iter_num=117: train_lossf=6.2118, dt=1.188s, mfu=45.00%, tokens_per_sec=413,644
iter_num=118: train_lossf=6.2803, dt=1.188s, mfu=45.03%, tokens_per_sec=413,620
iter_num=119: train_lossf=6.5628, dt=1.188s, mfu=45.05%, tokens_per_sec=413,673
iter_num=120: train_lossf=6.5570, dt=1.188s, mfu=45.08%, tokens_per_sec=413,579
iter_num=121: train_lossf=6.7118, dt=1.188s, mfu=45.10%, tokens_per_sec=413,579
iter_num=122: train_lossf=6.3951, dt=1.188s, mfu=45.12%, tokens_per_sec=413,745
iter_num=123: train_lossf=6.6148, dt=1.193s, mfu=45.11%, tokens_per_sec=411,847
iter_num=124: train_lossf=6.3427, dt=1.188s, mfu=45.13%, tokens_per_sec=413,631
iter_num=125: train_lossf=6.5359, dt=1.188s, mfu=45.14%, tokens_per_sec=413,617
iter_num=126: train_lossf=6.4370, dt=1.189s, mfu=45.16%, tokens_per_sec=413,470
iter_num=127: train_lossf=6.4673, dt=1.188s, mfu=45.17%, tokens_per_sec=413,721
iter_num=128: train_lossf=6.6289, dt=1.191s, mfu=45.17%, tokens_per_sec=412,554
iter_num=129: train_lossf=6.4517, dt=1.227s, mfu=45.04%, tokens_per_sec=400,714
iter_num=130: train_lossf=6.2986, dt=1.224s, mfu=44.93%, tokens_per_sec=401,665
iter_num=131: train_lossf=6.3277, dt=1.201s, mfu=44.92%, tokens_per_sec=409,367
iter_num=132: train_lossf=6.4925, dt=1.277s, mfu=44.64%, tokens_per_sec=384,971
iter_num=133: train_lossf=6.2339, dt=1.188s, mfu=44.71%, tokens_per_sec=413,720
iter_num=134: train_lossf=6.5478, dt=1.188s, mfu=44.76%, tokens_per_sec=413,613
iter_num=135: train_lossf=6.1650, dt=1.193s, mfu=44.80%, tokens_per_sec=412,175
iter_num=136: train_lossf=6.5025, dt=1.189s, mfu=44.85%, tokens_per_sec=413,452
iter_num=137: train_lossf=6.2468, dt=1.188s, mfu=44.89%, tokens_per_sec=413,663
iter_num=138: train_lossf=6.2681, dt=1.399s, mfu=44.25%, tokens_per_sec=351,403
iter_num=139: train_lossf=6.2234, dt=1.373s, mfu=43.74%, tokens_per_sec=358,119
iter_num=140: train_lossf=5.9818, dt=1.189s, mfu=43.89%, tokens_per_sec=413,294
iter_num=141: train_lossf=6.3673, dt=1.189s, mfu=44.03%, tokens_per_sec=413,546
iter_num=142: train_lossf=6.3870, dt=1.189s, mfu=44.15%, tokens_per_sec=413,493
iter_num=143: train_lossf=6.0710, dt=1.379s, mfu=43.64%, tokens_per_sec=356,362
iter_num=144: train_lossf=6.2897, dt=1.198s, mfu=43.77%, tokens_per_sec=410,265
iter_num=145: train_lossf=6.2051, dt=1.225s, mfu=43.78%, tokens_per_sec=401,389
iter_num=146: train_lossf=6.4591, dt=1.188s, mfu=43.93%, tokens_per_sec=413,579
iter_num=147: train_lossf=5.9780, dt=1.190s, mfu=44.06%, tokens_per_sec=413,010
iter_num=148: train_lossf=6.0691, dt=1.188s, mfu=44.18%, tokens_per_sec=413,602
iter_num=149: train_lossf=6.6958, dt=1.324s, mfu=43.83%, tokens_per_sec=371,222
iter_num=150: train_lossf=6.5237, dt=1.188s, mfu=43.98%, tokens_per_sec=413,766
iter_num=151: train_lossf=6.1228, dt=1.189s, mfu=44.10%, tokens_per_sec=413,457
iter_num=152: train_lossf=6.1808, dt=1.366s, mfu=43.63%, tokens_per_sec=359,928
iter_num=153: train_lossf=6.1361, dt=1.192s, mfu=43.79%, tokens_per_sec=412,517
iter_num=154: train_lossf=6.3436, dt=1.310s, mfu=43.51%, tokens_per_sec=375,130
iter_num=155: train_lossf=6.1543, dt=1.189s, mfu=43.69%, tokens_per_sec=413,496
iter_num=156: train_lossf=6.1466, dt=1.188s, mfu=43.85%, tokens_per_sec=413,644
iter_num=157: train_lossf=6.0169, dt=1.379s, mfu=43.37%, tokens_per_sec=356,475
iter_num=158: train_lossf=6.2853, dt=1.188s, mfu=43.56%, tokens_per_sec=413,906
iter_num=159: train_lossf=6.0568, dt=1.188s, mfu=43.73%, tokens_per_sec=413,810
iter_num=160: train_lossf=6.4187, dt=1.188s, mfu=43.89%, tokens_per_sec=413,887
iter_num=161: train_lossf=6.0806, dt=1.229s, mfu=43.88%, tokens_per_sec=399,814
iter_num=162: train_lossf=6.0881, dt=1.187s, mfu=44.02%, tokens_per_sec=413,953
iter_num=163: train_lossf=6.0782, dt=1.187s, mfu=44.15%, tokens_per_sec=414,040
iter_num=164: train_lossf=6.1918, dt=1.188s, mfu=44.27%, tokens_per_sec=413,720
iter_num=165: train_lossf=6.2193, dt=1.187s, mfu=44.37%, tokens_per_sec=414,012
iter_num=166: train_lossf=6.1001, dt=1.189s, mfu=44.46%, tokens_per_sec=413,252
iter_num=167: train_lossf=5.9787, dt=1.188s, mfu=44.54%, tokens_per_sec=413,904
iter_num=168: train_lossf=6.0667, dt=1.188s, mfu=44.62%, tokens_per_sec=413,825
iter_num=169: train_lossf=6.1170, dt=1.189s, mfu=44.68%, tokens_per_sec=413,535
iter_num=170: train_lossf=5.9156, dt=1.253s, mfu=44.51%, tokens_per_sec=392,304
iter_num=171: train_lossf=6.1659, dt=1.194s, mfu=44.57%, tokens_per_sec=411,752
iter_num=172: train_lossf=5.9653, dt=1.198s, mfu=44.60%, tokens_per_sec=410,339
iter_num=173: train_lossf=5.9545, dt=1.187s, mfu=44.67%, tokens_per_sec=413,925
iter_num=174: train_lossf=6.2005, dt=1.188s, mfu=44.74%, tokens_per_sec=413,866
iter_num=175: train_lossf=6.1238, dt=1.223s, mfu=44.66%, tokens_per_sec=401,920
iter_num=176: train_lossf=6.0581, dt=1.187s, mfu=44.73%, tokens_per_sec=414,027
iter_num=177: train_lossf=6.3205, dt=1.187s, mfu=44.79%, tokens_per_sec=413,987
iter_num=178: train_lossf=6.0994, dt=1.188s, mfu=44.84%, tokens_per_sec=413,808
iter_num=179: train_lossf=6.1884, dt=1.187s, mfu=44.89%, tokens_per_sec=414,077
iter_num=180: train_lossf=6.2997, dt=1.297s, mfu=44.55%, tokens_per_sec=378,870
iter_num=181: train_lossf=6.0065, dt=1.227s, mfu=44.48%, tokens_per_sec=400,748
iter_num=182: train_lossf=6.1866, dt=1.233s, mfu=44.40%, tokens_per_sec=398,673
iter_num=183: train_lossf=6.3001, dt=1.225s, mfu=44.35%, tokens_per_sec=401,380
iter_num=184: train_lossf=6.2477, dt=1.187s, mfu=44.45%, tokens_per_sec=414,037
iter_num=185: train_lossf=6.1177, dt=1.188s, mfu=44.53%, tokens_per_sec=413,643
iter_num=186: train_lossf=5.9937, dt=1.187s, mfu=44.61%, tokens_per_sec=414,210
iter_num=187: train_lossf=6.3643, dt=1.187s, mfu=44.68%, tokens_per_sec=414,184
iter_num=188: train_lossf=6.1156, dt=1.216s, mfu=44.64%, tokens_per_sec=404,094
iter_num=189: train_lossf=6.0822, dt=1.216s, mfu=44.60%, tokens_per_sec=404,181
iter_num=190: train_lossf=6.0203, dt=1.187s, mfu=44.67%, tokens_per_sec=414,172
iter_num=191: train_lossf=6.0574, dt=1.187s, mfu=44.74%, tokens_per_sec=414,055
iter_num=192: train_lossf=6.1897, dt=1.202s, mfu=44.74%, tokens_per_sec=408,885
iter_num=193: train_lossf=6.1272, dt=1.186s, mfu=44.80%, tokens_per_sec=414,299
iter_num=194: train_lossf=5.9416, dt=1.186s, mfu=44.86%, tokens_per_sec=414,429
iter_num=195: train_lossf=5.9498, dt=1.420s, mfu=44.16%, tokens_per_sec=346,059
iter_num=196: train_lossf=5.8792, dt=1.572s, mfu=43.17%, tokens_per_sec=312,653
iter_num=197: train_lossf=5.8659, dt=1.185s, mfu=43.39%, tokens_per_sec=414,852
iter_num=198: train_lossf=5.9422, dt=1.211s, mfu=43.50%, tokens_per_sec=405,800
iter_num=199: train_lossf=5.8546, dt=1.298s, mfu=43.29%, tokens_per_sec=378,717
iter_num=200: train_lossf=6.0068, dt=1.242s, mfu=43.30%, tokens_per_sec=395,783
iter_num=201: train_lossf=5.9411, dt=1.242s, mfu=43.30%, tokens_per_sec=395,777
iter_num=202: train_lossf=6.1150, dt=1.187s, mfu=43.50%, tokens_per_sec=414,078
iter_num=203: train_lossf=6.0505, dt=1.185s, mfu=43.69%, tokens_per_sec=414,784
iter_num=204: train_lossf=6.0309, dt=1.186s, mfu=43.86%, tokens_per_sec=414,520
iter_num=205: train_lossf=6.0021, dt=1.264s, mfu=43.73%, tokens_per_sec=388,759
iter_num=206: train_lossf=5.9301, dt=1.209s, mfu=43.81%, tokens_per_sec=406,476
iter_num=207: train_lossf=5.9922, dt=1.226s, mfu=43.81%, tokens_per_sec=400,777
iter_num=208: train_lossf=6.0014, dt=1.187s, mfu=43.96%, tokens_per_sec=413,978
iter_num=209: train_lossf=5.9719, dt=1.185s, mfu=44.11%, tokens_per_sec=414,865
iter_num=210: train_lossf=5.9468, dt=1.298s, mfu=43.84%, tokens_per_sec=378,743
iter_num=211: train_lossf=5.7466, dt=1.232s, mfu=43.83%, tokens_per_sec=398,891
iter_num=212: train_lossf=5.9262, dt=1.241s, mfu=43.78%, tokens_per_sec=396,024
iter_num=213: train_lossf=5.9001, dt=1.185s, mfu=43.94%, tokens_per_sec=414,736
iter_num=214: train_lossf=6.0573, dt=1.185s, mfu=44.09%, tokens_per_sec=414,702
iter_num=215: train_lossf=5.8184, dt=1.217s, mfu=44.10%, tokens_per_sec=403,848
iter_num=216: train_lossf=5.9559, dt=1.185s, mfu=44.23%, tokens_per_sec=414,758
iter_num=217: train_lossf=5.7855, dt=1.191s, mfu=44.32%, tokens_per_sec=412,534
iter_num=218: train_lossf=6.0475, dt=1.185s, mfu=44.43%, tokens_per_sec=414,682
iter_num=219: train_lossf=5.8906, dt=1.185s, mfu=44.53%, tokens_per_sec=414,780
iter_num=220: train_lossf=5.9419, dt=1.186s, mfu=44.61%, tokens_per_sec=414,563
iter_num=221: train_lossf=5.7794, dt=1.185s, mfu=44.69%, tokens_per_sec=414,697
iter_num=222: train_lossf=5.7259, dt=1.185s, mfu=44.76%, tokens_per_sec=414,661
iter_num=223: train_lossf=5.9821, dt=1.185s, mfu=44.83%, tokens_per_sec=414,711
iter_num=224: train_lossf=5.8005, dt=1.185s, mfu=44.88%, tokens_per_sec=414,630
iter_num=225: train_lossf=5.9287, dt=1.187s, mfu=44.93%, tokens_per_sec=414,138
iter_num=226: train_lossf=5.8433, dt=1.185s, mfu=44.97%, tokens_per_sec=414,615
iter_num=227: train_lossf=5.7824, dt=1.186s, mfu=45.01%, tokens_per_sec=414,601
iter_num=228: train_lossf=5.8246, dt=1.186s, mfu=45.05%, tokens_per_sec=414,547
iter_num=229: train_lossf=5.8484, dt=1.186s, mfu=45.08%, tokens_per_sec=414,437
iter_num=230: train_lossf=5.7984, dt=1.186s, mfu=45.11%, tokens_per_sec=414,545
iter_num=231: train_lossf=5.5993, dt=1.262s, mfu=44.87%, tokens_per_sec=389,553
iter_num=232: train_lossf=5.6534, dt=1.186s, mfu=44.92%, tokens_per_sec=414,524
iter_num=233: train_lossf=5.7564, dt=1.186s, mfu=44.96%, tokens_per_sec=414,591
iter_num=234: train_lossf=6.0942, dt=1.186s, mfu=45.00%, tokens_per_sec=414,447
iter_num=235: train_lossf=5.7071, dt=1.186s, mfu=45.04%, tokens_per_sec=414,320
iter_num=236: train_lossf=5.8453, dt=1.237s, mfu=44.89%, tokens_per_sec=397,356
iter_num=237: train_lossf=5.8285, dt=1.515s, mfu=43.95%, tokens_per_sec=324,454
iter_num=238: train_lossf=5.9602, dt=1.185s, mfu=44.09%, tokens_per_sec=414,640
iter_num=239: train_lossf=5.7736, dt=1.382s, mfu=43.58%, tokens_per_sec=355,592
iter_num=240: train_lossf=5.8292, dt=1.186s, mfu=43.75%, tokens_per_sec=414,375
iter_num=241: train_lossf=5.9719, dt=1.186s, mfu=43.92%, tokens_per_sec=414,410
iter_num=242: train_lossf=5.6366, dt=1.187s, mfu=44.06%, tokens_per_sec=414,136
iter_num=243: train_lossf=5.7570, dt=1.189s, mfu=44.18%, tokens_per_sec=413,518
iter_num=244: train_lossf=5.7487, dt=1.191s, mfu=44.28%, tokens_per_sec=412,867
iter_num=245: train_lossf=5.9113, dt=1.201s, mfu=44.33%, tokens_per_sec=409,393
iter_num=246: train_lossf=6.0312, dt=1.187s, mfu=44.43%, tokens_per_sec=414,054
iter_num=247: train_lossf=5.7164, dt=1.187s, mfu=44.52%, tokens_per_sec=414,109
iter_num=248: train_lossf=5.6559, dt=1.187s, mfu=44.60%, tokens_per_sec=414,177
iter_num=249: train_lossf=5.6308, dt=1.187s, mfu=44.68%, tokens_per_sec=414,032
iter_num=250: train_lossf=6.0750, dt=1.187s, mfu=44.74%, tokens_per_sec=413,921
iter_num=251: train_lossf=5.8767, dt=1.187s, mfu=44.80%, tokens_per_sec=414,087
iter_num=252: train_lossf=5.9109, dt=1.188s, mfu=44.85%, tokens_per_sec=413,781
iter_num=253: train_lossf=5.8370, dt=1.197s, mfu=44.86%, tokens_per_sec=410,718
iter_num=254: train_lossf=5.8459, dt=1.187s, mfu=44.91%, tokens_per_sec=414,037
iter_num=255: train_lossf=5.7741, dt=1.187s, mfu=44.95%, tokens_per_sec=413,934
iter_num=256: train_lossf=5.7913, dt=1.188s, mfu=44.98%, tokens_per_sec=413,907
iter_num=257: train_lossf=5.7439, dt=1.187s, mfu=45.02%, tokens_per_sec=414,024
iter_num=258: train_lossf=5.8230, dt=1.188s, mfu=45.05%, tokens_per_sec=413,909
iter_num=259: train_lossf=5.9873, dt=1.188s, mfu=45.07%, tokens_per_sec=413,823
iter_num=260: train_lossf=5.7760, dt=1.188s, mfu=45.09%, tokens_per_sec=413,695
iter_num=261: train_lossf=5.8323, dt=1.188s, mfu=45.11%, tokens_per_sec=413,764
iter_num=262: train_lossf=5.6108, dt=1.190s, mfu=45.12%, tokens_per_sec=412,930
iter_num=263: train_lossf=5.8709, dt=1.187s, mfu=45.14%, tokens_per_sec=413,917
iter_num=264: train_lossf=5.7247, dt=1.189s, mfu=45.15%, tokens_per_sec=413,401
iter_num=265: train_lossf=5.8444, dt=1.189s, mfu=45.16%, tokens_per_sec=413,252
iter_num=266: train_lossf=5.7609, dt=1.188s, mfu=45.18%, tokens_per_sec=413,839
iter_num=267: train_lossf=5.8258, dt=1.193s, mfu=45.17%, tokens_per_sec=412,099
iter_num=268: train_lossf=5.6072, dt=1.191s, mfu=45.17%, tokens_per_sec=412,851
iter_num=269: train_lossf=5.8349, dt=1.194s, mfu=45.16%, tokens_per_sec=411,691
iter_num=270: train_lossf=5.7128, dt=1.188s, mfu=45.18%, tokens_per_sec=413,800
iter_num=271: train_lossf=6.0010, dt=1.189s, mfu=45.18%, tokens_per_sec=413,487
iter_num=272: train_lossf=5.7713, dt=1.188s, mfu=45.20%, tokens_per_sec=413,788
iter_num=273: train_lossf=5.8990, dt=1.188s, mfu=45.21%, tokens_per_sec=413,835
iter_num=274: train_lossf=5.7029, dt=1.189s, mfu=45.21%, tokens_per_sec=413,476
iter_num=275: train_lossf=5.7532, dt=1.188s, mfu=45.22%, tokens_per_sec=413,676
iter_num=276: train_lossf=5.5619, dt=1.187s, mfu=45.23%, tokens_per_sec=413,941
iter_num=277: train_lossf=5.5812, dt=1.224s, mfu=45.10%, tokens_per_sec=401,598
iter_num=278: train_lossf=5.7636, dt=1.188s, mfu=45.12%, tokens_per_sec=413,672
iter_num=279: train_lossf=5.5370, dt=1.188s, mfu=45.14%, tokens_per_sec=413,729
iter_num=280: train_lossf=5.5156, dt=1.228s, mfu=45.00%, tokens_per_sec=400,129
iter_num=281: train_lossf=5.7354, dt=1.232s, mfu=44.87%, tokens_per_sec=399,005
iter_num=282: train_lossf=5.6494, dt=1.188s, mfu=44.91%, tokens_per_sec=413,699
iter_num=283: train_lossf=5.7489, dt=1.189s, mfu=44.95%, tokens_per_sec=413,539
iter_num=284: train_lossf=5.5721, dt=1.198s, mfu=44.94%, tokens_per_sec=410,227
iter_num=285: train_lossf=5.6027, dt=1.377s, mfu=44.36%, tokens_per_sec=356,840
iter_num=286: train_lossf=5.6513, dt=1.188s, mfu=44.45%, tokens_per_sec=413,896
iter_num=287: train_lossf=5.6635, dt=1.188s, mfu=44.54%, tokens_per_sec=413,864
iter_num=288: train_lossf=5.5251, dt=1.189s, mfu=44.61%, tokens_per_sec=413,547
iter_num=289: train_lossf=5.8571, dt=1.237s, mfu=44.50%, tokens_per_sec=397,256
iter_num=290: train_lossf=5.6502, dt=1.188s, mfu=44.58%, tokens_per_sec=413,702
iter_num=291: train_lossf=5.6319, dt=1.189s, mfu=44.64%, tokens_per_sec=413,312
iter_num=292: train_lossf=5.8246, dt=1.189s, mfu=44.71%, tokens_per_sec=413,547
iter_num=293: train_lossf=5.6215, dt=1.187s, mfu=44.77%, tokens_per_sec=414,013
iter_num=294: train_lossf=5.3343, dt=1.230s, mfu=44.67%, tokens_per_sec=399,570
iter_num=295: train_lossf=5.5069, dt=1.362s, mfu=44.15%, tokens_per_sec=360,775
iter_num=296: train_lossf=5.6847, dt=1.188s, mfu=44.26%, tokens_per_sec=413,613
iter_num=297: train_lossf=5.5017, dt=1.188s, mfu=44.37%, tokens_per_sec=413,803
iter_num=298: train_lossf=5.5091, dt=1.202s, mfu=44.40%, tokens_per_sec=408,809
iter_num=299: train_lossf=5.6321, dt=1.189s, mfu=44.49%, tokens_per_sec=413,401
iter_num=300: train_lossf=5.6337, dt=1.360s, mfu=44.00%, tokens_per_sec=361,497
iter_num=301: train_lossf=5.6460, dt=1.188s, mfu=44.13%, tokens_per_sec=413,850
iter_num=302: train_lossf=5.5292, dt=1.190s, mfu=44.24%, tokens_per_sec=413,092
iter_num=303: train_lossf=5.5345, dt=1.187s, mfu=44.35%, tokens_per_sec=414,103
iter_num=304: train_lossf=5.7285, dt=1.187s, mfu=44.44%, tokens_per_sec=413,940
iter_num=305: train_lossf=5.5873, dt=1.188s, mfu=44.53%, tokens_per_sec=413,679
iter_num=306: train_lossf=5.7100, dt=1.222s, mfu=44.48%, tokens_per_sec=402,365
iter_num=307: train_lossf=5.4713, dt=1.206s, mfu=44.49%, tokens_per_sec=407,573
iter_num=308: train_lossf=5.5457, dt=1.187s, mfu=44.58%, tokens_per_sec=414,143
iter_num=309: train_lossf=5.5341, dt=1.189s, mfu=44.64%, tokens_per_sec=413,348
iter_num=310: train_lossf=5.5807, dt=1.187s, mfu=44.71%, tokens_per_sec=414,012
iter_num=311: train_lossf=5.6855, dt=1.187s, mfu=44.78%, tokens_per_sec=414,218
iter_num=312: train_lossf=5.5240, dt=1.187s, mfu=44.83%, tokens_per_sec=413,972
iter_num=313: train_lossf=5.6522, dt=1.234s, mfu=44.71%, tokens_per_sec=398,185
iter_num=314: train_lossf=5.8157, dt=1.188s, mfu=44.76%, tokens_per_sec=413,769
iter_num=315: train_lossf=5.5961, dt=1.188s, mfu=44.82%, tokens_per_sec=413,728
iter_num=316: train_lossf=5.6357, dt=1.187s, mfu=44.87%, tokens_per_sec=414,068
iter_num=317: train_lossf=5.6853, dt=1.221s, mfu=44.79%, tokens_per_sec=402,418
iter_num=318: train_lossf=5.6084, dt=1.234s, mfu=44.67%, tokens_per_sec=398,272
iter_num=319: train_lossf=5.4153, dt=1.241s, mfu=44.54%, tokens_per_sec=395,914
iter_num=320: train_lossf=5.5300, dt=1.186s, mfu=44.62%, tokens_per_sec=414,275
iter_num=321: train_lossf=5.5843, dt=1.187s, mfu=44.69%, tokens_per_sec=414,169
iter_num=322: train_lossf=5.5274, dt=1.195s, mfu=44.72%, tokens_per_sec=411,270
iter_num=323: train_lossf=5.3260, dt=1.187s, mfu=44.78%, tokens_per_sec=414,183
iter_num=324: train_lossf=5.6557, dt=1.187s, mfu=44.84%, tokens_per_sec=414,212
iter_num=325: train_lossf=5.4933, dt=1.187s, mfu=44.89%, tokens_per_sec=414,188
iter_num=326: train_lossf=5.4245, dt=1.187s, mfu=44.93%, tokens_per_sec=414,134
iter_num=327: train_lossf=5.4547, dt=1.187s, mfu=44.98%, tokens_per_sec=414,238
iter_num=328: train_lossf=5.4297, dt=1.221s, mfu=44.89%, tokens_per_sec=402,687
iter_num=329: train_lossf=5.3154, dt=1.186s, mfu=44.94%, tokens_per_sec=414,523
iter_num=330: train_lossf=5.5073, dt=1.227s, mfu=44.83%, tokens_per_sec=400,542
iter_num=331: train_lossf=5.4972, dt=1.227s, mfu=44.73%, tokens_per_sec=400,732
iter_num=332: train_lossf=5.6194, dt=1.186s, mfu=44.79%, tokens_per_sec=414,415
iter_num=333: train_lossf=5.4115, dt=1.186s, mfu=44.85%, tokens_per_sec=414,401
iter_num=334: train_lossf=5.5740, dt=1.186s, mfu=44.90%, tokens_per_sec=414,266
iter_num=335: train_lossf=5.4555, dt=1.187s, mfu=44.94%, tokens_per_sec=414,153
iter_num=336: train_lossf=5.4657, dt=1.186s, mfu=44.99%, tokens_per_sec=414,374
iter_num=337: train_lossf=5.5049, dt=1.186s, mfu=45.02%, tokens_per_sec=414,394
iter_num=338: train_lossf=5.4214, dt=1.186s, mfu=45.06%, tokens_per_sec=414,394
iter_num=339: train_lossf=5.4331, dt=1.188s, mfu=45.08%, tokens_per_sec=413,880
iter_num=340: train_lossf=5.5358, dt=1.186s, mfu=45.11%, tokens_per_sec=414,340
iter_num=341: train_lossf=5.4399, dt=1.187s, mfu=45.13%, tokens_per_sec=414,240
iter_num=342: train_lossf=5.5286, dt=1.186s, mfu=45.16%, tokens_per_sec=414,385
iter_num=343: train_lossf=5.5909, dt=1.186s, mfu=45.18%, tokens_per_sec=414,445
iter_num=344: train_lossf=5.3906, dt=1.186s, mfu=45.20%, tokens_per_sec=414,492
iter_num=345: train_lossf=5.3204, dt=1.220s, mfu=45.09%, tokens_per_sec=402,817
iter_num=346: train_lossf=5.6161, dt=1.186s, mfu=45.12%, tokens_per_sec=414,426
iter_num=347: train_lossf=5.5007, dt=1.186s, mfu=45.14%, tokens_per_sec=414,467
iter_num=348: train_lossf=5.5518, dt=1.186s, mfu=45.16%, tokens_per_sec=414,513
iter_num=349: train_lossf=5.3755, dt=1.218s, mfu=45.07%, tokens_per_sec=403,463
iter_num=350: train_lossf=5.2899, dt=1.188s, mfu=45.09%, tokens_per_sec=413,712
iter_num=351: train_lossf=5.4138, dt=1.208s, mfu=45.03%, tokens_per_sec=406,896
iter_num=352: train_lossf=5.4452, dt=1.186s, mfu=45.07%, tokens_per_sec=414,592
iter_num=353: train_lossf=5.5592, dt=1.195s, mfu=45.06%, tokens_per_sec=411,338
iter_num=354: train_lossf=5.4762, dt=1.213s, mfu=45.00%, tokens_per_sec=405,374
iter_num=355: train_lossf=5.4440, dt=1.189s, mfu=45.02%, tokens_per_sec=413,234
iter_num=356: train_lossf=5.2929, dt=1.194s, mfu=45.02%, tokens_per_sec=411,689
iter_num=357: train_lossf=5.4059, dt=1.187s, mfu=45.06%, tokens_per_sec=414,245
iter_num=358: train_lossf=5.3529, dt=1.230s, mfu=44.92%, tokens_per_sec=399,533
iter_num=359: train_lossf=5.3616, dt=1.225s, mfu=44.83%, tokens_per_sec=401,304
iter_num=360: train_lossf=5.1964, dt=1.207s, mfu=44.80%, tokens_per_sec=407,096
iter_num=361: train_lossf=5.2888, dt=1.193s, mfu=44.83%, tokens_per_sec=412,170
iter_num=362: train_lossf=5.5110, dt=1.192s, mfu=44.86%, tokens_per_sec=412,220
iter_num=363: train_lossf=5.3074, dt=1.223s, mfu=44.77%, tokens_per_sec=401,880
iter_num=364: train_lossf=5.2894, dt=1.246s, mfu=44.61%, tokens_per_sec=394,357
iter_num=365: train_lossf=5.4141, dt=1.203s, mfu=44.62%, tokens_per_sec=408,554
iter_num=366: train_lossf=5.3889, dt=1.187s, mfu=44.70%, tokens_per_sec=414,210
iter_num=367: train_lossf=5.3502, dt=1.190s, mfu=44.75%, tokens_per_sec=413,096
iter_num=368: train_lossf=5.4150, dt=1.187s, mfu=44.81%, tokens_per_sec=414,194
iter_num=369: train_lossf=5.3756, dt=1.201s, mfu=44.81%, tokens_per_sec=409,226
iter_num=370: train_lossf=5.3499, dt=1.186s, mfu=44.86%, tokens_per_sec=414,344
iter_num=371: train_lossf=5.3299, dt=1.227s, mfu=44.76%, tokens_per_sec=400,720
iter_num=372: train_lossf=5.2564, dt=1.190s, mfu=44.81%, tokens_per_sec=413,065
iter_num=373: train_lossf=5.4256, dt=1.193s, mfu=44.84%, tokens_per_sec=412,031
iter_num=374: train_lossf=5.4206, dt=1.187s, mfu=44.89%, tokens_per_sec=414,116
iter_num=375: train_lossf=5.3874, dt=1.410s, mfu=44.22%, tokens_per_sec=348,713
iter_num=376: train_lossf=5.4381, dt=1.231s, mfu=44.17%, tokens_per_sec=399,375
iter_num=377: train_lossf=5.1097, dt=1.187s, mfu=44.28%, tokens_per_sec=414,255
iter_num=378: train_lossf=5.3291, dt=1.230s, mfu=44.23%, tokens_per_sec=399,633
iter_num=379: train_lossf=5.1247, dt=1.187s, mfu=44.34%, tokens_per_sec=414,220
iter_num=380: train_lossf=5.7150, dt=1.197s, mfu=44.40%, tokens_per_sec=410,574
iter_num=381: train_lossf=5.3485, dt=1.187s, mfu=44.50%, tokens_per_sec=414,071
iter_num=382: train_lossf=5.2981, dt=1.187s, mfu=44.58%, tokens_per_sec=413,985
iter_num=383: train_lossf=5.4130, dt=1.187s, mfu=44.65%, tokens_per_sec=413,995
iter_num=384: train_lossf=5.2753, dt=1.207s, mfu=44.64%, tokens_per_sec=407,134
iter_num=385: train_lossf=5.5393, dt=1.189s, mfu=44.70%, tokens_per_sec=413,333
iter_num=386: train_lossf=5.2769, dt=1.231s, mfu=44.60%, tokens_per_sec=399,284
iter_num=387: train_lossf=5.3903, dt=1.193s, mfu=44.65%, tokens_per_sec=411,956
iter_num=388: train_lossf=5.2810, dt=1.187s, mfu=44.72%, tokens_per_sec=414,170
iter_num=389: train_lossf=5.2666, dt=1.190s, mfu=44.77%, tokens_per_sec=413,086
iter_num=390: train_lossf=5.4336, dt=1.220s, mfu=44.70%, tokens_per_sec=402,850
iter_num=391: train_lossf=5.5177, dt=1.193s, mfu=44.74%, tokens_per_sec=411,910
iter_num=392: train_lossf=5.2092, dt=1.188s, mfu=44.80%, tokens_per_sec=413,904
iter_num=393: train_lossf=5.2950, dt=1.187s, mfu=44.85%, tokens_per_sec=413,930
iter_num=394: train_lossf=5.2732, dt=1.188s, mfu=44.90%, tokens_per_sec=413,779
iter_num=395: train_lossf=5.1884, dt=1.188s, mfu=44.94%, tokens_per_sec=413,853
iter_num=396: train_lossf=5.3728, dt=1.187s, mfu=44.97%, tokens_per_sec=413,956
iter_num=397: train_lossf=5.1828, dt=1.187s, mfu=45.01%, tokens_per_sec=413,979
iter_num=398: train_lossf=5.3341, dt=1.226s, mfu=44.90%, tokens_per_sec=400,883
iter_num=399: train_lossf=5.3321, dt=1.187s, mfu=44.94%, tokens_per_sec=414,019
iter_num=400: train_lossf=5.4491, dt=1.188s, mfu=44.98%, tokens_per_sec=413,846
iter_num=401: train_lossf=5.2612, dt=1.189s, mfu=45.00%, tokens_per_sec=413,375
iter_num=402: train_lossf=5.1485, dt=1.189s, mfu=45.03%, tokens_per_sec=413,387
iter_num=403: train_lossf=5.1617, dt=1.192s, mfu=45.04%, tokens_per_sec=412,472
iter_num=404: train_lossf=5.1649, dt=1.188s, mfu=45.07%, tokens_per_sec=413,673
iter_num=405: train_lossf=5.2163, dt=1.229s, mfu=44.94%, tokens_per_sec=399,925
iter_num=406: train_lossf=5.2817, dt=1.187s, mfu=44.98%, tokens_per_sec=414,107
iter_num=407: train_lossf=5.2450, dt=1.188s, mfu=45.01%, tokens_per_sec=413,891
iter_num=408: train_lossf=5.2232, dt=1.216s, mfu=44.93%, tokens_per_sec=404,165
iter_num=409: train_lossf=5.3394, dt=1.188s, mfu=44.97%, tokens_per_sec=413,625
iter_num=410: train_lossf=5.1115, dt=1.188s, mfu=45.00%, tokens_per_sec=413,741
iter_num=411: train_lossf=5.4389, dt=1.198s, mfu=44.99%, tokens_per_sec=410,436
iter_num=412: train_lossf=5.1194, dt=1.194s, mfu=45.00%, tokens_per_sec=411,722
iter_num=413: train_lossf=5.1303, dt=1.188s, mfu=45.03%, tokens_per_sec=413,721
iter_num=414: train_lossf=5.3123, dt=1.292s, mfu=44.69%, tokens_per_sec=380,500
iter_num=415: train_lossf=5.2776, dt=1.189s, mfu=44.75%, tokens_per_sec=413,536
iter_num=416: train_lossf=5.2410, dt=1.188s, mfu=44.80%, tokens_per_sec=413,673
iter_num=417: train_lossf=5.1418, dt=1.214s, mfu=44.75%, tokens_per_sec=404,808
iter_num=418: train_lossf=5.1491, dt=1.188s, mfu=44.81%, tokens_per_sec=413,764
iter_num=419: train_lossf=5.1886, dt=1.189s, mfu=44.85%, tokens_per_sec=413,557
iter_num=420: train_lossf=5.2189, dt=1.188s, mfu=44.90%, tokens_per_sec=413,589
iter_num=421: train_lossf=5.2151, dt=1.188s, mfu=44.93%, tokens_per_sec=413,596
iter_num=422: train_lossf=5.1200, dt=1.188s, mfu=44.97%, tokens_per_sec=413,636
iter_num=423: train_lossf=5.1382, dt=1.188s, mfu=45.00%, tokens_per_sec=413,681
iter_num=424: train_lossf=5.1134, dt=1.189s, mfu=45.03%, tokens_per_sec=413,498
iter_num=425: train_lossf=5.1588, dt=1.209s, mfu=44.97%, tokens_per_sec=406,487
iter_num=426: train_lossf=5.2055, dt=1.194s, mfu=44.98%, tokens_per_sec=411,726
iter_num=427: train_lossf=5.2242, dt=1.188s, mfu=45.01%, tokens_per_sec=413,591
iter_num=428: train_lossf=5.0715, dt=1.318s, mfu=44.59%, tokens_per_sec=372,924
iter_num=429: train_lossf=5.1198, dt=1.195s, mfu=44.64%, tokens_per_sec=411,301
iter_num=430: train_lossf=5.2828, dt=1.189s, mfu=44.70%, tokens_per_sec=413,510
iter_num=431: train_lossf=5.2493, dt=1.188s, mfu=44.76%, tokens_per_sec=413,689
iter_num=432: train_lossf=5.1466, dt=1.188s, mfu=44.81%, tokens_per_sec=413,767
iter_num=433: train_lossf=5.1173, dt=1.189s, mfu=44.86%, tokens_per_sec=413,351
iter_num=434: train_lossf=4.8130, dt=1.188s, mfu=44.90%, tokens_per_sec=413,830
iter_num=435: train_lossf=5.1953, dt=1.188s, mfu=44.94%, tokens_per_sec=413,602
iter_num=436: train_lossf=5.1655, dt=1.189s, mfu=44.97%, tokens_per_sec=413,540
iter_num=437: train_lossf=5.2278, dt=1.188s, mfu=45.01%, tokens_per_sec=413,894
iter_num=438: train_lossf=5.1462, dt=1.188s, mfu=45.03%, tokens_per_sec=413,667
iter_num=439: train_lossf=5.2985, dt=1.206s, mfu=44.99%, tokens_per_sec=407,540
iter_num=440: train_lossf=5.0967, dt=1.220s, mfu=44.90%, tokens_per_sec=402,961
iter_num=441: train_lossf=5.2580, dt=1.187s, mfu=44.94%, tokens_per_sec=413,917
iter_num=442: train_lossf=5.2627, dt=1.207s, mfu=44.91%, tokens_per_sec=407,384
iter_num=443: train_lossf=5.0115, dt=1.187s, mfu=44.95%, tokens_per_sec=414,242
iter_num=444: train_lossf=5.0134, dt=1.233s, mfu=44.82%, tokens_per_sec=398,647
iter_num=445: train_lossf=4.8284, dt=1.188s, mfu=44.87%, tokens_per_sec=413,881
iter_num=446: train_lossf=4.9925, dt=1.187s, mfu=44.92%, tokens_per_sec=414,171
iter_num=447: train_lossf=5.1023, dt=1.188s, mfu=44.96%, tokens_per_sec=413,870
iter_num=448: train_lossf=5.1462, dt=1.188s, mfu=44.99%, tokens_per_sec=413,782
iter_num=449: train_lossf=5.1393, dt=1.322s, mfu=44.56%, tokens_per_sec=371,851
iter_num=450: train_lossf=4.8662, dt=1.238s, mfu=44.45%, tokens_per_sec=397,139
iter_num=451: train_lossf=4.9929, dt=1.187s, mfu=44.54%, tokens_per_sec=414,018
iter_num=452: train_lossf=4.9879, dt=1.187s, mfu=44.62%, tokens_per_sec=414,142
iter_num=453: train_lossf=5.0745, dt=1.186s, mfu=44.69%, tokens_per_sec=414,347
iter_num=454: train_lossf=4.9362, dt=1.216s, mfu=44.65%, tokens_per_sec=404,092
iter_num=455: train_lossf=5.0353, dt=1.187s, mfu=44.72%, tokens_per_sec=414,154
iter_num=456: train_lossf=5.2102, dt=1.221s, mfu=44.65%, tokens_per_sec=402,495
iter_num=457: train_lossf=5.0806, dt=1.186s, mfu=44.72%, tokens_per_sec=414,340
iter_num=458: train_lossf=5.0382, dt=1.187s, mfu=44.78%, tokens_per_sec=414,073
iter_num=459: train_lossf=4.8850, dt=1.186s, mfu=44.84%, tokens_per_sec=414,325
iter_num=460: train_lossf=5.0370, dt=1.370s, mfu=44.28%, tokens_per_sec=358,678
iter_num=461: train_lossf=5.2592, dt=1.186s, mfu=44.39%, tokens_per_sec=414,398
iter_num=462: train_lossf=5.2923, dt=1.186s, mfu=44.49%, tokens_per_sec=414,441
iter_num=463: train_lossf=5.1510, dt=1.240s, mfu=44.38%, tokens_per_sec=396,520
iter_num=464: train_lossf=5.0703, dt=1.186s, mfu=44.48%, tokens_per_sec=414,352
iter_num=465: train_lossf=5.2035, dt=1.189s, mfu=44.55%, tokens_per_sec=413,219
iter_num=466: train_lossf=4.8994, dt=1.234s, mfu=44.46%, tokens_per_sec=398,399
iter_num=467: train_lossf=5.0520, dt=1.186s, mfu=44.55%, tokens_per_sec=414,570
iter_num=468: train_lossf=5.0009, dt=1.186s, mfu=44.63%, tokens_per_sec=414,430
iter_num=469: train_lossf=5.1574, dt=1.186s, mfu=44.71%, tokens_per_sec=414,542
iter_num=470: train_lossf=5.1888, dt=1.186s, mfu=44.77%, tokens_per_sec=414,437
iter_num=471: train_lossf=5.1131, dt=1.194s, mfu=44.80%, tokens_per_sec=411,553
iter_num=472: train_lossf=5.0763, dt=1.319s, mfu=44.40%, tokens_per_sec=372,545
iter_num=473: train_lossf=4.9015, dt=1.185s, mfu=44.50%, tokens_per_sec=414,636
iter_num=474: train_lossf=5.0148, dt=1.186s, mfu=44.59%, tokens_per_sec=414,548
iter_num=475: train_lossf=4.9943, dt=1.318s, mfu=44.21%, tokens_per_sec=373,005
iter_num=476: train_lossf=5.0594, dt=1.248s, mfu=44.10%, tokens_per_sec=393,689
iter_num=477: train_lossf=5.0617, dt=1.186s, mfu=44.23%, tokens_per_sec=414,434
iter_num=478: train_lossf=4.9120, dt=1.185s, mfu=44.34%, tokens_per_sec=414,664
iter_num=479: train_lossf=4.9673, dt=1.189s, mfu=44.43%, tokens_per_sec=413,219
iter_num=480: train_lossf=5.0074, dt=1.186s, mfu=44.53%, tokens_per_sec=414,355
iter_num=481: train_lossf=4.9974, dt=1.191s, mfu=44.59%, tokens_per_sec=412,677
iter_num=482: train_lossf=4.8722, dt=1.186s, mfu=44.67%, tokens_per_sec=414,427
iter_num=483: train_lossf=5.0962, dt=1.442s, mfu=43.93%, tokens_per_sec=340,954
iter_num=484: train_lossf=4.9846, dt=1.185s, mfu=44.08%, tokens_per_sec=414,773
iter_num=485: train_lossf=5.0460, dt=1.185s, mfu=44.21%, tokens_per_sec=414,877
iter_num=486: train_lossf=5.0085, dt=1.190s, mfu=44.32%, tokens_per_sec=413,177
iter_num=487: train_lossf=4.9040, dt=1.187s, mfu=44.42%, tokens_per_sec=413,990
iter_num=488: train_lossf=4.9581, dt=1.185s, mfu=44.51%, tokens_per_sec=414,636
iter_num=489: train_lossf=5.0273, dt=1.185s, mfu=44.60%, tokens_per_sec=414,616
iter_num=490: train_lossf=4.9439, dt=1.186s, mfu=44.68%, tokens_per_sec=414,448
iter_num=491: train_lossf=4.7942, dt=1.321s, mfu=44.28%, tokens_per_sec=372,135
iter_num=492: train_lossf=4.9040, dt=1.185s, mfu=44.40%, tokens_per_sec=414,710
iter_num=493: train_lossf=4.8891, dt=1.186s, mfu=44.49%, tokens_per_sec=414,570
iter_num=494: train_lossf=5.1576, dt=1.186s, mfu=44.58%, tokens_per_sec=414,595
iter_num=495: train_lossf=4.9871, dt=1.185s, mfu=44.66%, tokens_per_sec=414,717
iter_num=496: train_lossf=4.8796, dt=1.185s, mfu=44.74%, tokens_per_sec=414,636
iter_num=497: train_lossf=4.8778, dt=1.185s, mfu=44.80%, tokens_per_sec=414,699
iter_num=498: train_lossf=4.9685, dt=1.185s, mfu=44.86%, tokens_per_sec=414,637
iter_num=499: train_lossf=4.9594, dt=1.186s, mfu=44.91%, tokens_per_sec=414,593
iter_num=500: train_lossf=4.9658, dt=1.192s, mfu=44.94%, tokens_per_sec=412,223
iter_num=501: train_lossf=4.8239, dt=1.187s, mfu=44.98%, tokens_per_sec=414,109
iter_num=502: train_lossf=4.7368, dt=1.186s, mfu=45.02%, tokens_per_sec=414,591
iter_num=503: train_lossf=4.8392, dt=1.223s, mfu=44.92%, tokens_per_sec=402,050
iter_num=504: train_lossf=5.0862, dt=1.280s, mfu=44.63%, tokens_per_sec=384,013
iter_num=505: train_lossf=4.8952, dt=1.185s, mfu=44.71%, tokens_per_sec=414,790
iter_num=506: train_lossf=5.0435, dt=1.401s, mfu=44.08%, tokens_per_sec=350,899
iter_num=507: train_lossf=4.8952, dt=1.186s, mfu=44.20%, tokens_per_sec=414,286
iter_num=508: train_lossf=5.3032, dt=1.414s, mfu=43.59%, tokens_per_sec=347,498
iter_num=509: train_lossf=4.9409, dt=1.186s, mfu=43.77%, tokens_per_sec=414,544
iter_num=510: train_lossf=5.0376, dt=1.189s, mfu=43.92%, tokens_per_sec=413,485
iter_num=511: train_lossf=4.7869, dt=1.186s, mfu=44.06%, tokens_per_sec=414,407
iter_num=512: train_lossf=4.9417, dt=1.245s, mfu=43.98%, tokens_per_sec=394,670
iter_num=513: train_lossf=5.0634, dt=1.186s, mfu=44.12%, tokens_per_sec=414,507
iter_num=514: train_lossf=4.8429, dt=1.187s, mfu=44.24%, tokens_per_sec=413,927
iter_num=515: train_lossf=4.8702, dt=1.186s, mfu=44.35%, tokens_per_sec=414,570
iter_num=516: train_lossf=4.8169, dt=1.222s, mfu=44.32%, tokens_per_sec=402,076
iter_num=517: train_lossf=4.9714, dt=1.206s, mfu=44.35%, tokens_per_sec=407,563
iter_num=518: train_lossf=5.0371, dt=1.186s, mfu=44.45%, tokens_per_sec=414,579
iter_num=519: train_lossf=5.0445, dt=1.229s, mfu=44.38%, tokens_per_sec=399,790
iter_num=520: train_lossf=4.8454, dt=1.186s, mfu=44.48%, tokens_per_sec=414,444
iter_num=521: train_lossf=4.9473, dt=1.187s, mfu=44.57%, tokens_per_sec=414,134
iter_num=522: train_lossf=4.9479, dt=1.187s, mfu=44.64%, tokens_per_sec=414,221
iter_num=523: train_lossf=4.7910, dt=1.186s, mfu=44.72%, tokens_per_sec=414,380
iter_num=524: train_lossf=4.7268, dt=1.332s, mfu=44.29%, tokens_per_sec=369,145
iter_num=525: train_lossf=4.8448, dt=1.186s, mfu=44.39%, tokens_per_sec=414,417
iter_num=526: train_lossf=4.9538, dt=1.222s, mfu=44.36%, tokens_per_sec=402,163
iter_num=527: train_lossf=4.8565, dt=1.187s, mfu=44.46%, tokens_per_sec=414,258
iter_num=528: train_lossf=4.7422, dt=1.187s, mfu=44.54%, tokens_per_sec=414,142
iter_num=529: train_lossf=4.9626, dt=1.186s, mfu=44.63%, tokens_per_sec=414,336
iter_num=530: train_lossf=4.8554, dt=1.186s, mfu=44.70%, tokens_per_sec=414,315
iter_num=531: train_lossf=4.6221, dt=1.374s, mfu=44.14%, tokens_per_sec=357,611
iter_num=532: train_lossf=4.7738, dt=1.187s, mfu=44.26%, tokens_per_sec=414,100
iter_num=533: train_lossf=4.7216, dt=1.186s, mfu=44.37%, tokens_per_sec=414,278
iter_num=534: train_lossf=5.0245, dt=1.187s, mfu=44.47%, tokens_per_sec=414,065
iter_num=535: train_lossf=4.8199, dt=1.186s, mfu=44.56%, tokens_per_sec=414,292
iter_num=536: train_lossf=4.9624, dt=1.215s, mfu=44.53%, tokens_per_sec=404,601
iter_num=537: train_lossf=4.8240, dt=1.187s, mfu=44.61%, tokens_per_sec=414,249
iter_num=538: train_lossf=4.8998, dt=1.187s, mfu=44.68%, tokens_per_sec=414,011
iter_num=539: train_lossf=4.8821, dt=1.203s, mfu=44.69%, tokens_per_sec=408,510
iter_num=540: train_lossf=4.9119, dt=1.187s, mfu=44.75%, tokens_per_sec=414,221
iter_num=541: train_lossf=4.6242, dt=1.198s, mfu=44.77%, tokens_per_sec=410,285
iter_num=542: train_lossf=4.7892, dt=1.187s, mfu=44.82%, tokens_per_sec=414,070
iter_num=543: train_lossf=4.8163, dt=1.187s, mfu=44.87%, tokens_per_sec=413,991
iter_num=544: train_lossf=4.9474, dt=1.213s, mfu=44.82%, tokens_per_sec=405,205
iter_num=545: train_lossf=5.1034, dt=1.187s, mfu=44.87%, tokens_per_sec=414,070
iter_num=546: train_lossf=4.7869, dt=1.187s, mfu=44.92%, tokens_per_sec=414,194
iter_num=547: train_lossf=4.9603, dt=1.190s, mfu=44.95%, tokens_per_sec=412,947
iter_num=548: train_lossf=4.7265, dt=1.258s, mfu=44.73%, tokens_per_sec=390,715
iter_num=549: train_lossf=4.9076, dt=1.237s, mfu=44.61%, tokens_per_sec=397,252
iter_num=550: train_lossf=4.7801, dt=1.260s, mfu=44.42%, tokens_per_sec=390,078
iter_num=551: train_lossf=4.4201, dt=1.187s, mfu=44.51%, tokens_per_sec=414,227
iter_num=552: train_lossf=5.1054, dt=1.210s, mfu=44.50%, tokens_per_sec=406,230
iter_num=553: train_lossf=4.9139, dt=1.187s, mfu=44.59%, tokens_per_sec=414,112
iter_num=554: train_lossf=4.8453, dt=1.197s, mfu=44.62%, tokens_per_sec=410,696
iter_num=555: train_lossf=4.8273, dt=1.217s, mfu=44.58%, tokens_per_sec=403,797
iter_num=556: train_lossf=4.9749, dt=1.340s, mfu=44.14%, tokens_per_sec=366,762
iter_num=557: train_lossf=4.9920, dt=1.248s, mfu=44.04%, tokens_per_sec=393,762
iter_num=558: train_lossf=4.3456, dt=1.204s, mfu=44.10%, tokens_per_sec=408,144
iter_num=559: train_lossf=4.7009, dt=1.188s, mfu=44.22%, tokens_per_sec=413,677
iter_num=560: train_lossf=4.9634, dt=1.224s, mfu=44.19%, tokens_per_sec=401,586
iter_num=561: train_lossf=4.7975, dt=1.188s, mfu=44.30%, tokens_per_sec=413,679
iter_num=562: train_lossf=4.8561, dt=1.189s, mfu=44.40%, tokens_per_sec=413,538
iter_num=563: train_lossf=4.7981, dt=1.236s, mfu=44.31%, tokens_per_sec=397,541
iter_num=564: train_lossf=4.6255, dt=1.192s, mfu=44.39%, tokens_per_sec=412,310
iter_num=565: train_lossf=4.6256, dt=1.217s, mfu=44.38%, tokens_per_sec=403,881
iter_num=566: train_lossf=4.7181, dt=1.189s, mfu=44.46%, tokens_per_sec=413,240
iter_num=567: train_lossf=4.9324, dt=1.189s, mfu=44.54%, tokens_per_sec=413,393
iter_num=568: train_lossf=4.9097, dt=1.211s, mfu=44.53%, tokens_per_sec=406,026
iter_num=569: train_lossf=4.6803, dt=1.189s, mfu=44.61%, tokens_per_sec=413,521
iter_num=570: train_lossf=4.6778, dt=1.188s, mfu=44.67%, tokens_per_sec=413,643
iter_num=571: train_lossf=4.6722, dt=1.236s, mfu=44.56%, tokens_per_sec=397,734
iter_num=572: train_lossf=4.7228, dt=1.194s, mfu=44.61%, tokens_per_sec=411,795
iter_num=573: train_lossf=4.5821, dt=1.189s, mfu=44.68%, tokens_per_sec=413,450
iter_num=574: train_lossf=4.8092, dt=1.409s, mfu=44.03%, tokens_per_sec=348,802
iter_num=575: train_lossf=4.5696, dt=1.213s, mfu=44.06%, tokens_per_sec=405,315
iter_num=576: train_lossf=4.7607, dt=1.206s, mfu=44.12%, tokens_per_sec=407,448
iter_num=577: train_lossf=4.5086, dt=1.188s, mfu=44.23%, tokens_per_sec=413,808
iter_num=578: train_lossf=4.5513, dt=1.188s, mfu=44.34%, tokens_per_sec=413,853
iter_num=579: train_lossf=4.6919, dt=1.188s, mfu=44.44%, tokens_per_sec=413,784
iter_num=580: train_lossf=4.6343, dt=1.220s, mfu=44.40%, tokens_per_sec=403,007
iter_num=581: train_lossf=4.4423, dt=1.188s, mfu=44.49%, tokens_per_sec=413,645
iter_num=582: train_lossf=4.8275, dt=1.219s, mfu=44.46%, tokens_per_sec=403,161
iter_num=583: train_lossf=4.6734, dt=1.204s, mfu=44.48%, tokens_per_sec=408,312
iter_num=584: train_lossf=4.5796, dt=1.201s, mfu=44.51%, tokens_per_sec=409,331
iter_num=585: train_lossf=4.7092, dt=1.188s, mfu=44.59%, tokens_per_sec=413,681
iter_num=586: train_lossf=4.5149, dt=1.474s, mfu=43.78%, tokens_per_sec=333,396
iter_num=587: train_lossf=4.7832, dt=1.188s, mfu=43.93%, tokens_per_sec=413,702
iter_num=588: train_lossf=4.7432, dt=1.189s, mfu=44.06%, tokens_per_sec=413,406
iter_num=589: train_lossf=4.6525, dt=1.195s, mfu=44.16%, tokens_per_sec=411,344
iter_num=590: train_lossf=4.6611, dt=1.212s, mfu=44.18%, tokens_per_sec=405,479
iter_num=591: train_lossf=4.6761, dt=1.188s, mfu=44.30%, tokens_per_sec=413,828
iter_num=592: train_lossf=4.5551, dt=1.189s, mfu=44.39%, tokens_per_sec=413,277
iter_num=593: train_lossf=4.8717, dt=1.373s, mfu=43.87%, tokens_per_sec=357,928
iter_num=594: train_lossf=4.6736, dt=1.188s, mfu=44.01%, tokens_per_sec=413,899
iter_num=595: train_lossf=4.5469, dt=1.187s, mfu=44.14%, tokens_per_sec=414,084
iter_num=596: train_lossf=4.5774, dt=1.187s, mfu=44.26%, tokens_per_sec=413,955
iter_num=597: train_lossf=4.6468, dt=1.188s, mfu=44.37%, tokens_per_sec=413,782
iter_num=598: train_lossf=4.7127, dt=1.188s, mfu=44.46%, tokens_per_sec=413,827
iter_num=599: train_lossf=4.6681, dt=1.229s, mfu=44.39%, tokens_per_sec=399,962
iter_num=600: train_lossf=4.7797, dt=1.187s, mfu=44.48%, tokens_per_sec=414,035
iter_num=601: train_lossf=4.6318, dt=1.187s, mfu=44.57%, tokens_per_sec=413,936
iter_num=602: train_lossf=4.6154, dt=1.187s, mfu=44.64%, tokens_per_sec=414,138
iter_num=603: train_lossf=4.6470, dt=1.346s, mfu=44.18%, tokens_per_sec=365,045
iter_num=604: train_lossf=4.5838, dt=1.266s, mfu=44.01%, tokens_per_sec=388,096
iter_num=605: train_lossf=4.7262, dt=1.187s, mfu=44.14%, tokens_per_sec=414,155
iter_num=606: train_lossf=4.6760, dt=1.187s, mfu=44.26%, tokens_per_sec=413,967
iter_num=607: train_lossf=4.5205, dt=1.230s, mfu=44.21%, tokens_per_sec=399,598
iter_num=608: train_lossf=4.7953, dt=1.186s, mfu=44.32%, tokens_per_sec=414,299
iter_num=609: train_lossf=4.6185, dt=1.195s, mfu=44.39%, tokens_per_sec=411,321
iter_num=610: train_lossf=4.7905, dt=1.187s, mfu=44.48%, tokens_per_sec=413,980
iter_num=611: train_lossf=4.5555, dt=1.228s, mfu=44.42%, tokens_per_sec=400,392
iter_num=612: train_lossf=4.4840, dt=1.186s, mfu=44.51%, tokens_per_sec=414,378
iter_num=613: train_lossf=4.6006, dt=1.219s, mfu=44.48%, tokens_per_sec=403,169
iter_num=614: train_lossf=4.3715, dt=1.245s, mfu=44.35%, tokens_per_sec=394,805
iter_num=615: train_lossf=4.5874, dt=1.221s, mfu=44.32%, tokens_per_sec=402,462
iter_num=616: train_lossf=4.4542, dt=1.187s, mfu=44.42%, tokens_per_sec=414,140
iter_num=617: train_lossf=4.6218, dt=1.245s, mfu=44.30%, tokens_per_sec=394,730
iter_num=618: train_lossf=4.5545, dt=1.232s, mfu=44.24%, tokens_per_sec=398,897
iter_num=619: train_lossf=4.7519, dt=1.275s, mfu=44.03%, tokens_per_sec=385,531
iter_num=620: train_lossf=4.5112, dt=1.261s, mfu=43.90%, tokens_per_sec=389,908
iter_num=621: train_lossf=4.3662, dt=1.222s, mfu=43.91%, tokens_per_sec=402,337
iter_num=622: train_lossf=4.5681, dt=1.254s, mfu=43.81%, tokens_per_sec=391,917
iter_num=623: train_lossf=4.5328, dt=1.450s, mfu=43.14%, tokens_per_sec=338,936
iter_num=624: train_lossf=4.4491, dt=1.233s, mfu=43.19%, tokens_per_sec=398,684
iter_num=625: train_lossf=4.4606, dt=1.296s, mfu=43.02%, tokens_per_sec=379,179
iter_num=626: train_lossf=4.5230, dt=1.249s, mfu=43.03%, tokens_per_sec=393,518
iter_num=627: train_lossf=4.4010, dt=1.376s, mfu=42.64%, tokens_per_sec=357,196
iter_num=628: train_lossf=4.5738, dt=1.223s, mfu=42.77%, tokens_per_sec=401,743
iter_num=629: train_lossf=4.6138, dt=1.186s, mfu=43.03%, tokens_per_sec=414,274
iter_num=630: train_lossf=4.5767, dt=1.376s, mfu=42.64%, tokens_per_sec=357,281
iter_num=631: train_lossf=4.6197, dt=1.239s, mfu=42.72%, tokens_per_sec=396,758
iter_num=632: train_lossf=4.5203, dt=1.196s, mfu=42.95%, tokens_per_sec=411,101
iter_num=633: train_lossf=4.8278, dt=1.230s, mfu=43.02%, tokens_per_sec=399,490
iter_num=634: train_lossf=4.5853, dt=1.368s, mfu=42.65%, tokens_per_sec=359,235
iter_num=635: train_lossf=4.5536, dt=1.231s, mfu=42.76%, tokens_per_sec=399,236
iter_num=636: train_lossf=4.7269, dt=1.186s, mfu=43.02%, tokens_per_sec=414,389
iter_num=637: train_lossf=4.5209, dt=1.275s, mfu=42.94%, tokens_per_sec=385,494
iter_num=638: train_lossf=4.3422, dt=1.225s, mfu=43.04%, tokens_per_sec=401,135
iter_num=639: train_lossf=4.7174, dt=1.187s, mfu=43.26%, tokens_per_sec=413,926
iter_num=640: train_lossf=4.4908, dt=1.187s, mfu=43.47%, tokens_per_sec=414,181
iter_num=641: train_lossf=4.4221, dt=1.209s, mfu=43.57%, tokens_per_sec=406,620
iter_num=642: train_lossf=4.5610, dt=1.191s, mfu=43.74%, tokens_per_sec=412,779
iter_num=643: train_lossf=4.4518, dt=1.196s, mfu=43.86%, tokens_per_sec=410,813
iter_num=644: train_lossf=4.4756, dt=1.187s, mfu=44.01%, tokens_per_sec=414,070
iter_num=645: train_lossf=4.4670, dt=1.187s, mfu=44.14%, tokens_per_sec=414,195
iter_num=646: train_lossf=4.4188, dt=1.222s, mfu=44.13%, tokens_per_sec=402,196
iter_num=647: train_lossf=4.3364, dt=1.193s, mfu=44.23%, tokens_per_sec=412,071
iter_num=648: train_lossf=4.5699, dt=1.215s, mfu=44.23%, tokens_per_sec=404,645
iter_num=649: train_lossf=4.4564, dt=1.186s, mfu=44.35%, tokens_per_sec=414,321
iter_num=650: train_lossf=4.5404, dt=1.187s, mfu=44.45%, tokens_per_sec=414,253
iter_num=651: train_lossf=4.4904, dt=1.195s, mfu=44.50%, tokens_per_sec=411,222
iter_num=652: train_lossf=4.4488, dt=1.187s, mfu=44.58%, tokens_per_sec=413,941
iter_num=653: train_lossf=4.4912, dt=1.269s, mfu=44.37%, tokens_per_sec=387,329
iter_num=654: train_lossf=4.6197, dt=1.247s, mfu=44.25%, tokens_per_sec=394,318
iter_num=655: train_lossf=4.4836, dt=1.187s, mfu=44.35%, tokens_per_sec=414,086
iter_num=656: train_lossf=4.4604, dt=1.188s, mfu=44.45%, tokens_per_sec=413,755
iter_num=657: train_lossf=4.5072, dt=1.212s, mfu=44.44%, tokens_per_sec=405,661
iter_num=658: train_lossf=4.6236, dt=1.187s, mfu=44.53%, tokens_per_sec=413,989
iter_num=659: train_lossf=4.3870, dt=1.193s, mfu=44.59%, tokens_per_sec=412,052
iter_num=660: train_lossf=4.2570, dt=1.261s, mfu=44.40%, tokens_per_sec=389,750
iter_num=661: train_lossf=4.4168, dt=1.397s, mfu=43.81%, tokens_per_sec=351,825
iter_num=662: train_lossf=4.5624, dt=1.188s, mfu=43.96%, tokens_per_sec=413,862
iter_num=663: train_lossf=4.4145, dt=1.190s, mfu=44.08%, tokens_per_sec=413,043
iter_num=664: train_lossf=4.3389, dt=1.192s, mfu=44.19%, tokens_per_sec=412,244
iter_num=665: train_lossf=4.4082, dt=1.188s, mfu=44.30%, tokens_per_sec=413,881
iter_num=666: train_lossf=4.4213, dt=1.193s, mfu=44.38%, tokens_per_sec=411,940
iter_num=667: train_lossf=4.3726, dt=1.237s, mfu=44.29%, tokens_per_sec=397,492
iter_num=668: train_lossf=4.4001, dt=1.198s, mfu=44.36%, tokens_per_sec=410,387
iter_num=669: train_lossf=4.3076, dt=1.188s, mfu=44.45%, tokens_per_sec=413,825
iter_num=670: train_lossf=4.4738, dt=1.187s, mfu=44.54%, tokens_per_sec=414,167
iter_num=671: train_lossf=4.3269, dt=1.220s, mfu=44.50%, tokens_per_sec=402,835
iter_num=672: train_lossf=4.3302, dt=1.383s, mfu=43.94%, tokens_per_sec=355,335
iter_num=673: train_lossf=4.3141, dt=1.214s, mfu=43.98%, tokens_per_sec=405,021
iter_num=674: train_lossf=4.4192, dt=1.229s, mfu=43.96%, tokens_per_sec=400,091
iter_num=675: train_lossf=4.4411, dt=1.235s, mfu=43.92%, tokens_per_sec=398,100
iter_num=676: train_lossf=4.5083, dt=1.267s, mfu=43.77%, tokens_per_sec=387,891
iter_num=677: train_lossf=4.5017, dt=1.231s, mfu=43.77%, tokens_per_sec=399,349
iter_num=678: train_lossf=4.4291, dt=1.188s, mfu=43.92%, tokens_per_sec=413,894
iter_num=679: train_lossf=4.4730, dt=1.237s, mfu=43.88%, tokens_per_sec=397,295
iter_num=680: train_lossf=4.4203, dt=1.216s, mfu=43.92%, tokens_per_sec=404,080
iter_num=681: train_lossf=4.5758, dt=1.202s, mfu=44.00%, tokens_per_sec=408,886
iter_num=682: train_lossf=4.4496, dt=1.385s, mfu=43.49%, tokens_per_sec=354,970
iter_num=683: train_lossf=4.3979, dt=1.214s, mfu=43.57%, tokens_per_sec=404,746
iter_num=684: train_lossf=4.4324, dt=1.239s, mfu=43.55%, tokens_per_sec=396,797
iter_num=685: train_lossf=4.4198, dt=1.450s, mfu=42.91%, tokens_per_sec=338,915
iter_num=686: train_lossf=4.4084, dt=1.293s, mfu=42.78%, tokens_per_sec=380,132
iter_num=687: train_lossf=4.5434, dt=1.272s, mfu=42.73%, tokens_per_sec=386,557
iter_num=688: train_lossf=4.6036, dt=1.188s, mfu=42.99%, tokens_per_sec=413,566
iter_num=689: train_lossf=4.3968, dt=1.212s, mfu=43.13%, tokens_per_sec=405,378
iter_num=690: train_lossf=4.3925, dt=1.188s, mfu=43.34%, tokens_per_sec=413,611
iter_num=691: train_lossf=4.3003, dt=1.241s, mfu=43.34%, tokens_per_sec=396,223
iter_num=692: train_lossf=4.5197, dt=1.192s, mfu=43.52%, tokens_per_sec=412,258
iter_num=693: train_lossf=4.3749, dt=1.248s, mfu=43.48%, tokens_per_sec=393,953
iter_num=694: train_lossf=4.4769, dt=1.208s, mfu=43.59%, tokens_per_sec=406,809
iter_num=695: train_lossf=4.3309, dt=1.192s, mfu=43.74%, tokens_per_sec=412,467
iter_num=696: train_lossf=4.3395, dt=1.225s, mfu=43.76%, tokens_per_sec=401,347
iter_num=697: train_lossf=4.3271, dt=1.188s, mfu=43.92%, tokens_per_sec=413,704
iter_num=698: train_lossf=4.1707, dt=1.188s, mfu=44.05%, tokens_per_sec=413,598
iter_num=699: train_lossf=4.3148, dt=1.194s, mfu=44.15%, tokens_per_sec=411,733
iter_num=700: train_lossf=4.3100, dt=1.346s, mfu=43.74%, tokens_per_sec=365,058
iter_num=701: train_lossf=4.4121, dt=1.569s, mfu=42.79%, tokens_per_sec=313,201
iter_num=702: train_lossf=4.1576, dt=1.236s, mfu=42.86%, tokens_per_sec=397,527
iter_num=703: train_lossf=4.4840, dt=1.189s, mfu=43.10%, tokens_per_sec=413,540
iter_num=704: train_lossf=4.2159, dt=1.262s, mfu=43.06%, tokens_per_sec=389,520
iter_num=705: train_lossf=3.9964, dt=1.338s, mfu=42.77%, tokens_per_sec=367,427
iter_num=706: train_lossf=4.2253, dt=1.188s, mfu=43.03%, tokens_per_sec=413,765
iter_num=707: train_lossf=4.3183, dt=1.201s, mfu=43.20%, tokens_per_sec=409,350
iter_num=708: train_lossf=4.3848, dt=1.631s, mfu=42.18%, tokens_per_sec=301,430
iter_num=709: train_lossf=4.4423, dt=1.230s, mfu=42.34%, tokens_per_sec=399,483
iter_num=710: train_lossf=4.2733, dt=1.219s, mfu=42.52%, tokens_per_sec=403,273
iter_num=711: train_lossf=4.3911, dt=1.188s, mfu=42.80%, tokens_per_sec=413,710
iter_num=712: train_lossf=4.1465, dt=1.189s, mfu=43.04%, tokens_per_sec=413,350
iter_num=713: train_lossf=4.1699, dt=1.189s, mfu=43.26%, tokens_per_sec=413,322
iter_num=714: train_lossf=4.3463, dt=1.190s, mfu=43.46%, tokens_per_sec=413,132
iter_num=715: train_lossf=4.3323, dt=1.234s, mfu=43.47%, tokens_per_sec=398,292
iter_num=716: train_lossf=4.3560, dt=1.317s, mfu=43.21%, tokens_per_sec=373,346
iter_num=717: train_lossf=4.2128, dt=1.291s, mfu=43.06%, tokens_per_sec=380,668
iter_num=718: train_lossf=4.2533, dt=1.258s, mfu=43.03%, tokens_per_sec=390,747
iter_num=719: train_lossf=4.3715, dt=1.209s, mfu=43.18%, tokens_per_sec=406,447
iter_num=720: train_lossf=4.2133, dt=1.217s, mfu=43.28%, tokens_per_sec=404,030
iter_num=721: train_lossf=4.1709, dt=1.198s, mfu=43.45%, tokens_per_sec=410,290
iter_num=722: train_lossf=4.1154, dt=1.190s, mfu=43.62%, tokens_per_sec=413,155
iter_num=723: train_lossf=4.2995, dt=1.188s, mfu=43.79%, tokens_per_sec=413,759
iter_num=724: train_lossf=4.1908, dt=1.374s, mfu=43.33%, tokens_per_sec=357,628
iter_num=725: train_lossf=4.1628, dt=1.256s, mfu=43.28%, tokens_per_sec=391,256
iter_num=726: train_lossf=4.4783, dt=1.188s, mfu=43.48%, tokens_per_sec=413,714
iter_num=727: train_lossf=4.1754, dt=1.188s, mfu=43.66%, tokens_per_sec=413,659
iter_num=728: train_lossf=4.3049, dt=1.189s, mfu=43.82%, tokens_per_sec=413,531
iter_num=729: train_lossf=4.4727, dt=1.189s, mfu=43.96%, tokens_per_sec=413,515
iter_num=730: train_lossf=3.7433, dt=1.261s, mfu=43.83%, tokens_per_sec=389,707
iter_num=731: train_lossf=4.2845, dt=1.230s, mfu=43.83%, tokens_per_sec=399,640
iter_num=732: train_lossf=4.5002, dt=1.188s, mfu=43.97%, tokens_per_sec=413,747
iter_num=733: train_lossf=4.3702, dt=1.362s, mfu=43.52%, tokens_per_sec=360,813
iter_num=734: train_lossf=4.3636, dt=1.228s, mfu=43.56%, tokens_per_sec=400,380
iter_num=735: train_lossf=4.2872, dt=1.223s, mfu=43.60%, tokens_per_sec=401,751
iter_num=736: train_lossf=4.2298, dt=1.193s, mfu=43.75%, tokens_per_sec=411,877
iter_num=737: train_lossf=4.2697, dt=1.188s, mfu=43.90%, tokens_per_sec=413,733
iter_num=738: train_lossf=4.3330, dt=1.191s, mfu=44.03%, tokens_per_sec=412,697
iter_num=739: train_lossf=4.3907, dt=1.218s, mfu=44.04%, tokens_per_sec=403,602
iter_num=740: train_lossf=4.5089, dt=1.187s, mfu=44.17%, tokens_per_sec=413,912
iter_num=741: train_lossf=4.2452, dt=1.188s, mfu=44.28%, tokens_per_sec=413,846
iter_num=742: train_lossf=4.2782, dt=1.209s, mfu=44.31%, tokens_per_sec=406,499
iter_num=743: train_lossf=4.1703, dt=1.202s, mfu=44.35%, tokens_per_sec=409,055
iter_num=744: train_lossf=4.0642, dt=1.221s, mfu=44.33%, tokens_per_sec=402,621
iter_num=745: train_lossf=4.2633, dt=1.188s, mfu=44.42%, tokens_per_sec=413,831
iter_num=746: train_lossf=4.3706, dt=1.214s, mfu=44.41%, tokens_per_sec=404,737
iter_num=747: train_lossf=4.3405, dt=1.193s, mfu=44.48%, tokens_per_sec=411,979
iter_num=748: train_lossf=4.2703, dt=1.202s, mfu=44.51%, tokens_per_sec=408,910
iter_num=749: train_lossf=4.2593, dt=1.188s, mfu=44.59%, tokens_per_sec=413,837
iter_num=750: train_lossf=4.1193, dt=1.219s, mfu=44.54%, tokens_per_sec=403,077
iter_num=751: train_lossf=4.1836, dt=1.187s, mfu=44.62%, tokens_per_sec=413,948
iter_num=752: train_lossf=4.2596, dt=1.187s, mfu=44.69%, tokens_per_sec=414,065
iter_num=753: train_lossf=4.2572, dt=1.188s, mfu=44.75%, tokens_per_sec=413,839
iter_num=754: train_lossf=4.4444, dt=1.215s, mfu=44.70%, tokens_per_sec=404,515
iter_num=755: train_lossf=4.1412, dt=1.229s, mfu=44.61%, tokens_per_sec=399,960
iter_num=756: train_lossf=4.3220, dt=1.391s, mfu=44.02%, tokens_per_sec=353,397
iter_num=757: train_lossf=4.1241, dt=1.186s, mfu=44.15%, tokens_per_sec=414,482
iter_num=758: train_lossf=4.3384, dt=1.187s, mfu=44.27%, tokens_per_sec=414,120
iter_num=759: train_lossf=4.4646, dt=1.187s, mfu=44.38%, tokens_per_sec=413,998
iter_num=760: train_lossf=4.2441, dt=1.241s, mfu=44.27%, tokens_per_sec=396,007
iter_num=761: train_lossf=4.2034, dt=1.231s, mfu=44.22%, tokens_per_sec=399,407
iter_num=762: train_lossf=4.0419, dt=1.188s, mfu=44.33%, tokens_per_sec=413,872
iter_num=763: train_lossf=4.2683, dt=1.193s, mfu=44.40%, tokens_per_sec=411,847
iter_num=764: train_lossf=4.4224, dt=1.188s, mfu=44.49%, tokens_per_sec=413,823
iter_num=765: train_lossf=4.2327, dt=1.191s, mfu=44.56%, tokens_per_sec=412,570
iter_num=766: train_lossf=4.2095, dt=1.188s, mfu=44.64%, tokens_per_sec=413,900
iter_num=767: train_lossf=4.2999, dt=1.356s, mfu=44.14%, tokens_per_sec=362,598
iter_num=768: train_lossf=4.2553, dt=1.198s, mfu=44.22%, tokens_per_sec=410,239
iter_num=769: train_lossf=4.3074, dt=1.199s, mfu=44.28%, tokens_per_sec=409,830
iter_num=770: train_lossf=4.2002, dt=1.187s, mfu=44.39%, tokens_per_sec=413,935
iter_num=771: train_lossf=4.4169, dt=1.188s, mfu=44.48%, tokens_per_sec=413,898
iter_num=772: train_lossf=4.0897, dt=1.196s, mfu=44.53%, tokens_per_sec=410,893
iter_num=773: train_lossf=4.1138, dt=1.188s, mfu=44.60%, tokens_per_sec=413,704
iter_num=774: train_lossf=4.3011, dt=1.188s, mfu=44.67%, tokens_per_sec=413,888
iter_num=775: train_lossf=4.2849, dt=1.188s, mfu=44.74%, tokens_per_sec=413,792
iter_num=776: train_lossf=4.2176, dt=1.281s, mfu=44.46%, tokens_per_sec=383,643
iter_num=777: train_lossf=3.9843, dt=1.310s, mfu=44.13%, tokens_per_sec=375,331
iter_num=778: train_lossf=4.1442, dt=1.187s, mfu=44.24%, tokens_per_sec=413,926
iter_num=779: train_lossf=4.0267, dt=3.692s, mfu=41.28%, tokens_per_sec=133,123
iter_num=780: train_lossf=4.2758, dt=1.219s, mfu=41.56%, tokens_per_sec=403,341
iter_num=781: train_lossf=4.0890, dt=1.185s, mfu=41.95%, tokens_per_sec=414,663
iter_num=782: train_lossf=4.2063, dt=1.185s, mfu=42.29%, tokens_per_sec=414,634
iter_num=783: train_lossf=4.1104, dt=1.187s, mfu=42.60%, tokens_per_sec=414,173
iter_num=784: train_lossf=4.3014, dt=1.213s, mfu=42.77%, tokens_per_sec=405,044
iter_num=785: train_lossf=4.2698, dt=1.187s, mfu=43.03%, tokens_per_sec=414,005
iter_num=786: train_lossf=4.1721, dt=1.216s, mfu=43.15%, tokens_per_sec=404,331
iter_num=787: train_lossf=4.1926, dt=1.187s, mfu=43.37%, tokens_per_sec=414,153
iter_num=788: train_lossf=3.9360, dt=1.216s, mfu=43.46%, tokens_per_sec=404,321
iter_num=789: train_lossf=4.3366, dt=1.222s, mfu=43.51%, tokens_per_sec=402,139
iter_num=790: train_lossf=4.2112, dt=1.187s, mfu=43.69%, tokens_per_sec=413,951
iter_num=791: train_lossf=4.2978, dt=1.188s, mfu=43.86%, tokens_per_sec=413,881
iter_num=792: train_lossf=4.1657, dt=1.255s, mfu=43.76%, tokens_per_sec=391,540
iter_num=793: train_lossf=4.1271, dt=1.386s, mfu=43.26%, tokens_per_sec=354,756
iter_num=794: train_lossf=3.9477, dt=1.188s, mfu=43.47%, tokens_per_sec=413,670
iter_num=795: train_lossf=4.1285, dt=1.188s, mfu=43.65%, tokens_per_sec=413,693
iter_num=796: train_lossf=3.9061, dt=1.187s, mfu=43.81%, tokens_per_sec=413,944
iter_num=797: train_lossf=4.1548, dt=1.223s, mfu=43.83%, tokens_per_sec=401,993
iter_num=798: train_lossf=4.1996, dt=1.188s, mfu=43.98%, tokens_per_sec=413,805
iter_num=799: train_lossf=4.2265, dt=1.285s, mfu=43.77%, tokens_per_sec=382,406
iter_num=800: train_lossf=4.1974, dt=1.194s, mfu=43.90%, tokens_per_sec=411,511
iter_num=801: train_lossf=4.3163, dt=1.221s, mfu=43.91%, tokens_per_sec=402,572
iter_num=802: train_lossf=4.1065, dt=1.358s, mfu=43.48%, tokens_per_sec=361,848
iter_num=803: train_lossf=4.3191, dt=1.188s, mfu=43.67%, tokens_per_sec=413,796
iter_num=804: train_lossf=4.2490, dt=1.188s, mfu=43.83%, tokens_per_sec=413,764
iter_num=805: train_lossf=4.4186, dt=1.235s, mfu=43.80%, tokens_per_sec=397,964
iter_num=806: train_lossf=4.2931, dt=1.199s, mfu=43.91%, tokens_per_sec=409,820
iter_num=807: train_lossf=4.2137, dt=1.200s, mfu=44.00%, tokens_per_sec=409,697
iter_num=808: train_lossf=4.0228, dt=1.192s, mfu=44.12%, tokens_per_sec=412,452
iter_num=809: train_lossf=4.2453, dt=1.327s, mfu=43.76%, tokens_per_sec=370,511
iter_num=810: train_lossf=4.2851, dt=1.188s, mfu=43.91%, tokens_per_sec=413,636
iter_num=811: train_lossf=4.0950, dt=1.188s, mfu=44.05%, tokens_per_sec=413,572
iter_num=812: train_lossf=4.0942, dt=1.225s, mfu=44.04%, tokens_per_sec=401,391
iter_num=813: train_lossf=4.1224, dt=1.188s, mfu=44.16%, tokens_per_sec=413,783
iter_num=814: train_lossf=4.2666, dt=1.191s, mfu=44.27%, tokens_per_sec=412,721
iter_num=815: train_lossf=4.1134, dt=1.189s, mfu=44.37%, tokens_per_sec=413,557
iter_num=816: train_lossf=4.2834, dt=1.189s, mfu=44.46%, tokens_per_sec=413,440
iter_num=817: train_lossf=4.3102, dt=1.189s, mfu=44.54%, tokens_per_sec=413,380
iter_num=818: train_lossf=4.1436, dt=1.189s, mfu=44.61%, tokens_per_sec=413,364
iter_num=819: train_lossf=4.3338, dt=1.188s, mfu=44.68%, tokens_per_sec=413,714
iter_num=820: train_lossf=4.1898, dt=1.220s, mfu=44.62%, tokens_per_sec=403,014
iter_num=821: train_lossf=4.2424, dt=1.223s, mfu=44.56%, tokens_per_sec=401,872
iter_num=822: train_lossf=4.0909, dt=1.189s, mfu=44.63%, tokens_per_sec=413,421
iter_num=823: train_lossf=4.2029, dt=1.189s, mfu=44.69%, tokens_per_sec=413,416
iter_num=824: train_lossf=4.1068, dt=1.218s, mfu=44.64%, tokens_per_sec=403,652
iter_num=825: train_lossf=3.9652, dt=1.193s, mfu=44.69%, tokens_per_sec=412,084
iter_num=826: train_lossf=4.2812, dt=1.528s, mfu=43.74%, tokens_per_sec=321,762
iter_num=827: train_lossf=3.9748, dt=1.188s, mfu=43.90%, tokens_per_sec=413,837
iter_num=828: train_lossf=4.1360, dt=1.189s, mfu=44.03%, tokens_per_sec=413,471
iter_num=829: train_lossf=4.3142, dt=1.189s, mfu=44.16%, tokens_per_sec=413,542
iter_num=830: train_lossf=3.9638, dt=1.193s, mfu=44.25%, tokens_per_sec=411,863
iter_num=831: train_lossf=4.1294, dt=1.189s, mfu=44.35%, tokens_per_sec=413,222
iter_num=832: train_lossf=4.1129, dt=1.238s, mfu=44.26%, tokens_per_sec=397,119
iter_num=833: train_lossf=4.1504, dt=1.188s, mfu=44.36%, tokens_per_sec=413,718
iter_num=834: train_lossf=4.0639, dt=1.190s, mfu=44.45%, tokens_per_sec=413,152
iter_num=835: train_lossf=4.1801, dt=1.189s, mfu=44.53%, tokens_per_sec=413,406
iter_num=836: train_lossf=4.2244, dt=1.188s, mfu=44.61%, tokens_per_sec=413,712
iter_num=837: train_lossf=3.9884, dt=1.189s, mfu=44.67%, tokens_per_sec=413,468
iter_num=838: train_lossf=4.0798, dt=1.216s, mfu=44.63%, tokens_per_sec=404,128
iter_num=839: train_lossf=4.0623, dt=1.190s, mfu=44.69%, tokens_per_sec=413,090
iter_num=840: train_lossf=3.9575, dt=1.188s, mfu=44.75%, tokens_per_sec=413,589
iter_num=841: train_lossf=4.0515, dt=1.188s, mfu=44.80%, tokens_per_sec=413,577
iter_num=842: train_lossf=3.9746, dt=1.219s, mfu=44.74%, tokens_per_sec=403,358
iter_num=843: train_lossf=4.1176, dt=1.202s, mfu=44.74%, tokens_per_sec=409,014
iter_num=844: train_lossf=4.0033, dt=1.194s, mfu=44.77%, tokens_per_sec=411,586
iter_num=845: train_lossf=4.3624, dt=1.189s, mfu=44.82%, tokens_per_sec=413,519
iter_num=846: train_lossf=4.1932, dt=1.217s, mfu=44.76%, tokens_per_sec=403,863
iter_num=847: train_lossf=4.0000, dt=1.192s, mfu=44.80%, tokens_per_sec=412,294
iter_num=848: train_lossf=4.0928, dt=1.224s, mfu=44.71%, tokens_per_sec=401,480
iter_num=849: train_lossf=4.0957, dt=1.341s, mfu=44.25%, tokens_per_sec=366,599
iter_num=850: train_lossf=3.8772, dt=1.188s, mfu=44.36%, tokens_per_sec=413,835
iter_num=851: train_lossf=4.0378, dt=1.188s, mfu=44.45%, tokens_per_sec=413,757
iter_num=852: train_lossf=4.2862, dt=1.190s, mfu=44.53%, tokens_per_sec=413,150
iter_num=853: train_lossf=4.0552, dt=1.188s, mfu=44.61%, tokens_per_sec=413,714
iter_num=854: train_lossf=4.0378, dt=1.188s, mfu=44.67%, tokens_per_sec=413,697
iter_num=855: train_lossf=3.9495, dt=1.188s, mfu=44.73%, tokens_per_sec=413,602
iter_num=856: train_lossf=4.0015, dt=1.188s, mfu=44.79%, tokens_per_sec=413,901
iter_num=857: train_lossf=4.1643, dt=1.189s, mfu=44.84%, tokens_per_sec=413,553
iter_num=858: train_lossf=4.2693, dt=1.188s, mfu=44.88%, tokens_per_sec=413,581
iter_num=859: train_lossf=4.0513, dt=1.189s, mfu=44.92%, tokens_per_sec=413,469
iter_num=860: train_lossf=4.0235, dt=1.188s, mfu=44.96%, tokens_per_sec=413,654
iter_num=861: train_lossf=3.9937, dt=1.188s, mfu=44.99%, tokens_per_sec=413,798
iter_num=862: train_lossf=4.1167, dt=1.193s, mfu=45.00%, tokens_per_sec=412,052
iter_num=863: train_lossf=4.0887, dt=1.410s, mfu=44.32%, tokens_per_sec=348,600
iter_num=864: train_lossf=4.3460, dt=1.187s, mfu=44.42%, tokens_per_sec=414,102
iter_num=865: train_lossf=4.1406, dt=1.188s, mfu=44.51%, tokens_per_sec=413,834
iter_num=866: train_lossf=4.0226, dt=1.187s, mfu=44.59%, tokens_per_sec=414,045
iter_num=867: train_lossf=4.1557, dt=1.187s, mfu=44.66%, tokens_per_sec=413,945
iter_num=868: train_lossf=3.9727, dt=1.345s, mfu=44.20%, tokens_per_sec=365,387
iter_num=869: train_lossf=4.1195, dt=1.187s, mfu=44.31%, tokens_per_sec=414,107
iter_num=870: train_lossf=4.3998, dt=1.209s, mfu=44.33%, tokens_per_sec=406,485
iter_num=871: train_lossf=4.0748, dt=1.190s, mfu=44.42%, tokens_per_sec=412,980
iter_num=872: train_lossf=4.1254, dt=1.187s, mfu=44.51%, tokens_per_sec=414,094
iter_num=873: train_lossf=4.0010, dt=1.239s, mfu=44.40%, tokens_per_sec=396,691
iter_num=874: train_lossf=4.0483, dt=1.187s, mfu=44.49%, tokens_per_sec=413,955
iter_num=875: train_lossf=4.1293, dt=1.188s, mfu=44.57%, tokens_per_sec=413,848
iter_num=876: train_lossf=4.1445, dt=1.290s, mfu=44.29%, tokens_per_sec=380,994
iter_num=877: train_lossf=4.0362, dt=1.186s, mfu=44.39%, tokens_per_sec=414,314
iter_num=878: train_lossf=4.0744, dt=1.186s, mfu=44.49%, tokens_per_sec=414,389
iter_num=879: train_lossf=4.1658, dt=1.194s, mfu=44.55%, tokens_per_sec=411,636
iter_num=880: train_lossf=4.0476, dt=1.189s, mfu=44.62%, tokens_per_sec=413,236
iter_num=881: train_lossf=4.0119, dt=1.220s, mfu=44.56%, tokens_per_sec=402,855
iter_num=882: train_lossf=4.0070, dt=1.186s, mfu=44.64%, tokens_per_sec=414,307
iter_num=883: train_lossf=4.2465, dt=1.188s, mfu=44.71%, tokens_per_sec=413,796
iter_num=884: train_lossf=4.1335, dt=1.193s, mfu=44.75%, tokens_per_sec=411,993
iter_num=885: train_lossf=4.0533, dt=1.187s, mfu=44.80%, tokens_per_sec=413,951
iter_num=886: train_lossf=4.1807, dt=1.236s, mfu=44.68%, tokens_per_sec=397,675
iter_num=887: train_lossf=4.2456, dt=1.205s, mfu=44.68%, tokens_per_sec=408,028
iter_num=888: train_lossf=4.0734, dt=1.187s, mfu=44.74%, tokens_per_sec=413,921
iter_num=889: train_lossf=4.3221, dt=1.221s, mfu=44.67%, tokens_per_sec=402,395
iter_num=890: train_lossf=4.1006, dt=1.339s, mfu=44.22%, tokens_per_sec=366,951
iter_num=891: train_lossf=4.0569, dt=1.222s, mfu=44.20%, tokens_per_sec=402,197
iter_num=892: train_lossf=3.9085, dt=1.226s, mfu=44.17%, tokens_per_sec=400,924
iter_num=893: train_lossf=4.0595, dt=1.225s, mfu=44.15%, tokens_per_sec=401,331
iter_num=894: train_lossf=4.1196, dt=1.187s, mfu=44.27%, tokens_per_sec=414,121
iter_num=895: train_lossf=4.0361, dt=1.187s, mfu=44.37%, tokens_per_sec=414,174
iter_num=896: train_lossf=4.0655, dt=1.187s, mfu=44.47%, tokens_per_sec=414,006
iter_num=897: train_lossf=3.9623, dt=1.190s, mfu=44.54%, tokens_per_sec=413,207
iter_num=898: train_lossf=4.0567, dt=1.187s, mfu=44.62%, tokens_per_sec=414,142
iter_num=899: train_lossf=4.1219, dt=1.186s, mfu=44.70%, tokens_per_sec=414,303
iter_num=900: train_lossf=4.0483, dt=1.188s, mfu=44.76%, tokens_per_sec=413,767
iter_num=901: train_lossf=4.0634, dt=1.188s, mfu=44.81%, tokens_per_sec=413,744
iter_num=902: train_lossf=3.9956, dt=1.187s, mfu=44.86%, tokens_per_sec=414,182
iter_num=903: train_lossf=3.9159, dt=1.350s, mfu=44.36%, tokens_per_sec=364,162
iter_num=904: train_lossf=4.1727, dt=1.186s, mfu=44.46%, tokens_per_sec=414,432
iter_num=905: train_lossf=4.0580, dt=1.187s, mfu=44.55%, tokens_per_sec=413,963
iter_num=906: train_lossf=4.0273, dt=1.187s, mfu=44.63%, tokens_per_sec=413,998
iter_num=907: train_lossf=3.9697, dt=1.262s, mfu=44.43%, tokens_per_sec=389,404
iter_num=908: train_lossf=3.9848, dt=1.187s, mfu=44.52%, tokens_per_sec=414,207
iter_num=909: train_lossf=4.0876, dt=1.188s, mfu=44.60%, tokens_per_sec=413,753
iter_num=910: train_lossf=4.3710, dt=1.188s, mfu=44.66%, tokens_per_sec=413,713
iter_num=911: train_lossf=3.8867, dt=1.188s, mfu=44.73%, tokens_per_sec=413,744
iter_num=912: train_lossf=4.1920, dt=1.188s, mfu=44.78%, tokens_per_sec=413,763
iter_num=913: train_lossf=4.0133, dt=1.188s, mfu=44.84%, tokens_per_sec=413,843
iter_num=914: train_lossf=4.1176, dt=1.188s, mfu=44.88%, tokens_per_sec=413,905
iter_num=915: train_lossf=4.2030, dt=1.189s, mfu=44.92%, tokens_per_sec=413,438
iter_num=916: train_lossf=3.9737, dt=1.188s, mfu=44.96%, tokens_per_sec=413,889
iter_num=917: train_lossf=4.0422, dt=1.188s, mfu=44.99%, tokens_per_sec=413,789
iter_num=918: train_lossf=4.0649, dt=1.188s, mfu=45.02%, tokens_per_sec=413,862
iter_num=919: train_lossf=3.8573, dt=1.188s, mfu=45.05%, tokens_per_sec=413,903
iter_num=920: train_lossf=4.1902, dt=1.188s, mfu=45.08%, tokens_per_sec=413,890
iter_num=921: train_lossf=4.0606, dt=1.188s, mfu=45.10%, tokens_per_sec=413,569
iter_num=922: train_lossf=4.0472, dt=1.188s, mfu=45.12%, tokens_per_sec=413,611
iter_num=923: train_lossf=3.9052, dt=1.188s, mfu=45.14%, tokens_per_sec=413,910
iter_num=924: train_lossf=4.1397, dt=1.188s, mfu=45.15%, tokens_per_sec=413,743
iter_num=925: train_lossf=4.0865, dt=1.189s, mfu=45.16%, tokens_per_sec=413,407
iter_num=926: train_lossf=4.0435, dt=1.221s, mfu=45.05%, tokens_per_sec=402,625
iter_num=927: train_lossf=4.1789, dt=1.189s, mfu=45.07%, tokens_per_sec=413,525
iter_num=928: train_lossf=4.0031, dt=1.189s, mfu=45.09%, tokens_per_sec=413,440
iter_num=929: train_lossf=4.1312, dt=1.188s, mfu=45.11%, tokens_per_sec=413,638
iter_num=930: train_lossf=3.9754, dt=1.189s, mfu=45.13%, tokens_per_sec=413,419
iter_num=931: train_lossf=3.8586, dt=1.188s, mfu=45.14%, tokens_per_sec=413,582
iter_num=932: train_lossf=4.2144, dt=1.293s, mfu=44.79%, tokens_per_sec=380,047
iter_num=933: train_lossf=3.9562, dt=1.188s, mfu=44.84%, tokens_per_sec=413,847
iter_num=934: train_lossf=4.0134, dt=1.189s, mfu=44.88%, tokens_per_sec=413,350
iter_num=935: train_lossf=4.0246, dt=1.188s, mfu=44.92%, tokens_per_sec=413,578
iter_num=936: train_lossf=4.0688, dt=1.188s, mfu=44.96%, tokens_per_sec=413,586
iter_num=937: train_lossf=4.1588, dt=1.243s, mfu=44.79%, tokens_per_sec=395,475
iter_num=938: train_lossf=4.0574, dt=1.215s, mfu=44.74%, tokens_per_sec=404,436
iter_num=939: train_lossf=3.8717, dt=1.190s, mfu=44.78%, tokens_per_sec=412,925
iter_num=940: train_lossf=3.9654, dt=1.286s, mfu=44.49%, tokens_per_sec=382,093
iter_num=941: train_lossf=3.8902, dt=1.188s, mfu=44.57%, tokens_per_sec=413,771
iter_num=942: train_lossf=3.9874, dt=1.189s, mfu=44.64%, tokens_per_sec=413,286
iter_num=943: train_lossf=3.9612, dt=1.196s, mfu=44.67%, tokens_per_sec=410,861
iter_num=944: train_lossf=3.7986, dt=1.189s, mfu=44.73%, tokens_per_sec=413,384
iter_num=945: train_lossf=3.9813, dt=1.189s, mfu=44.78%, tokens_per_sec=413,376
iter_num=946: train_lossf=3.7925, dt=1.189s, mfu=44.83%, tokens_per_sec=413,557
iter_num=947: train_lossf=4.0260, dt=1.190s, mfu=44.87%, tokens_per_sec=413,184
iter_num=948: train_lossf=3.9535, dt=1.190s, mfu=44.91%, tokens_per_sec=413,181
iter_num=949: train_lossf=3.8041, dt=1.189s, mfu=44.94%, tokens_per_sec=413,296
iter_num=950: train_lossf=4.0696, dt=1.233s, mfu=44.81%, tokens_per_sec=398,610
iter_num=951: train_lossf=4.0193, dt=1.189s, mfu=44.85%, tokens_per_sec=413,411
iter_num=952: train_lossf=3.9559, dt=1.189s, mfu=44.89%, tokens_per_sec=413,416
iter_num=953: train_lossf=4.0156, dt=1.219s, mfu=44.82%, tokens_per_sec=403,184
iter_num=954: train_lossf=4.0456, dt=1.218s, mfu=44.76%, tokens_per_sec=403,669
iter_num=955: train_lossf=3.9805, dt=1.194s, mfu=44.79%, tokens_per_sec=411,584
iter_num=956: train_lossf=4.0219, dt=1.191s, mfu=44.82%, tokens_per_sec=412,527
iter_num=957: train_lossf=3.9533, dt=1.219s, mfu=44.76%, tokens_per_sec=403,340
iter_num=958: train_lossf=3.9605, dt=1.190s, mfu=44.80%, tokens_per_sec=413,156
iter_num=959: train_lossf=4.0358, dt=1.189s, mfu=44.85%, tokens_per_sec=413,470
iter_num=960: train_lossf=3.9764, dt=1.189s, mfu=44.89%, tokens_per_sec=413,250
iter_num=961: train_lossf=4.0273, dt=1.190s, mfu=44.92%, tokens_per_sec=413,121
iter_num=962: train_lossf=4.0103, dt=1.189s, mfu=44.96%, tokens_per_sec=413,407
iter_num=963: train_lossf=4.0377, dt=1.190s, mfu=44.98%, tokens_per_sec=413,112
iter_num=964: train_lossf=4.1009, dt=1.190s, mfu=45.01%, tokens_per_sec=413,040
iter_num=965: train_lossf=3.8397, dt=1.190s, mfu=45.03%, tokens_per_sec=413,146
iter_num=966: train_lossf=4.1245, dt=1.316s, mfu=44.61%, tokens_per_sec=373,460
iter_num=967: train_lossf=3.9804, dt=1.188s, mfu=44.68%, tokens_per_sec=413,650
iter_num=968: train_lossf=4.0173, dt=1.192s, mfu=44.73%, tokens_per_sec=412,280
iter_num=969: train_lossf=3.9736, dt=1.191s, mfu=44.77%, tokens_per_sec=412,569
iter_num=970: train_lossf=4.1309, dt=1.200s, mfu=44.78%, tokens_per_sec=409,695
iter_num=971: train_lossf=3.9828, dt=1.263s, mfu=44.56%, tokens_per_sec=389,188
iter_num=972: train_lossf=3.9044, dt=1.189s, mfu=44.63%, tokens_per_sec=413,425
iter_num=973: train_lossf=3.9838, dt=1.337s, mfu=44.19%, tokens_per_sec=367,722
iter_num=974: train_lossf=3.9509, dt=1.217s, mfu=44.19%, tokens_per_sec=403,898
iter_num=975: train_lossf=3.9382, dt=1.190s, mfu=44.30%, tokens_per_sec=413,066
iter_num=976: train_lossf=3.8367, dt=1.235s, mfu=44.22%, tokens_per_sec=397,952
iter_num=977: train_lossf=4.0828, dt=1.190s, mfu=44.32%, tokens_per_sec=413,126
iter_num=978: train_lossf=4.1178, dt=1.189s, mfu=44.42%, tokens_per_sec=413,260
iter_num=979: train_lossf=3.8959, dt=1.207s, mfu=44.43%, tokens_per_sec=407,296
iter_num=980: train_lossf=3.8758, dt=1.191s, mfu=44.51%, tokens_per_sec=412,803
iter_num=981: train_lossf=3.7992, dt=1.189s, mfu=44.58%, tokens_per_sec=413,278
iter_num=982: train_lossf=4.0222, dt=1.192s, mfu=44.64%, tokens_per_sec=412,238
iter_num=983: train_lossf=3.9698, dt=1.189s, mfu=44.70%, tokens_per_sec=413,505
iter_num=984: train_lossf=3.9305, dt=1.190s, mfu=44.75%, tokens_per_sec=413,090
iter_num=985: train_lossf=3.8266, dt=1.188s, mfu=44.80%, tokens_per_sec=413,619
iter_num=986: train_lossf=3.8369, dt=1.384s, mfu=44.21%, tokens_per_sec=355,225
iter_num=987: train_lossf=4.0069, dt=1.381s, mfu=43.69%, tokens_per_sec=355,840
iter_num=988: train_lossf=4.1217, dt=1.188s, mfu=43.85%, tokens_per_sec=413,661
iter_num=989: train_lossf=3.9845, dt=1.242s, mfu=43.79%, tokens_per_sec=395,739
iter_num=990: train_lossf=4.0941, dt=1.234s, mfu=43.78%, tokens_per_sec=398,360
iter_num=991: train_lossf=3.8671, dt=1.188s, mfu=43.93%, tokens_per_sec=413,738
iter_num=992: train_lossf=3.9042, dt=1.230s, mfu=43.91%, tokens_per_sec=399,531
iter_num=993: train_lossf=4.0152, dt=1.189s, mfu=44.04%, tokens_per_sec=413,470
iter_num=994: train_lossf=3.9181, dt=1.188s, mfu=44.17%, tokens_per_sec=413,657
iter_num=995: train_lossf=4.1201, dt=1.239s, mfu=44.09%, tokens_per_sec=396,556
iter_num=996: train_lossf=4.0244, dt=1.188s, mfu=44.21%, tokens_per_sec=413,775
iter_num=997: train_lossf=3.9642, dt=1.217s, mfu=44.21%, tokens_per_sec=403,827
iter_num=998: train_lossf=3.9596, dt=1.188s, mfu=44.32%, tokens_per_sec=413,695
iter_num=999: train_lossf=4.0220, dt=1.188s, mfu=44.42%, tokens_per_sec=413,819
iter_num=1000: train_lossf=3.9924, dt=1.188s, mfu=44.50%, tokens_per_sec=413,728
step 1001: train loss 3.9419, val loss 3.9350
saving checkpoint to out/width_1024_lr_0.00390625/
iter_num=1001: train_lossf=3.9112, dt=21.952s, mfu=40.30%, tokens_per_sec=22,391
